#
# There is insufficient memory for the Java Runtime Environment to continue.
# Native memory allocation (malloc) failed to allocate 929616 bytes for Chunk::new
# Possible reasons:
#   The system is out of physical RAM or swap space
#   The process is running with CompressedOops enabled, and the Java Heap may be blocking the growth of the native heap
# Possible solutions:
#   Reduce memory load on the system
#   Increase physical memory or swap space
#   Check if swap backing store is full
#   Decrease Java heap size (-Xmx/-Xms)
#   Decrease number of Java threads
#   Decrease Java thread stack sizes (-Xss)
#   Set larger code cache with -XX:ReservedCodeCacheSize=
#   JVM is running with Unscaled Compressed Oops mode in which the Java heap is
#     placed in the first 4GB address space. The Java Heap base address is the
#     maximum limit for the native heap growth. Please use -XX:HeapBaseMinAddress
#     to set the Java Heap base and to place the Java Heap above 4GB virtual address.
# This output file may be truncated or incomplete.
#
#  Out of Memory Error (./src/hotspot/share/memory/arena.cpp:197), pid=876, tid=2272
#
# JRE version: OpenJDK Runtime Environment JBR-11.0.13.7-1751.25-jcef (11.0.13+7) (build 11.0.13+7-b1751.25)
# Java VM: OpenJDK 64-Bit Server VM JBR-11.0.13.7-1751.25-jcef (11.0.13+7-b1751.25, mixed mode, tiered, compressed oops, g1 gc, windows-amd64)
# No core dump will be written. Minidumps are not enabled by default on client versions of Windows
#

---------------  S U M M A R Y ------------

Command Line: --add-opens=java.base/java.util=ALL-UNNAMED --add-opens=java.base/java.lang=ALL-UNNAMED --add-opens=java.base/java.lang.invoke=ALL-UNNAMED --add-opens=java.base/java.util=ALL-UNNAMED --add-opens=java.prefs/java.util.prefs=ALL-UNNAMED --add-opens=java.prefs/java.util.prefs=ALL-UNNAMED --add-opens=java.base/java.nio.charset=ALL-UNNAMED --add-opens=java.base/java.net=ALL-UNNAMED --add-opens=java.base/java.util.concurrent.atomic=ALL-UNNAMED -Xmx2048m -Dfile.encoding=UTF-8 -Duser.country=RU -Duser.language=ru -Duser.variant org.gradle.launcher.daemon.bootstrap.GradleDaemon 7.0.2

Host: AMD Athlon 300U with Radeon Vega Mobile Gfx    , 4 cores, 3G,  Windows 10 , 64 bit Build 19041 (10.0.19041.1889)
Time: Sun Oct 30 15:58:56 2022 RTZ 2 (зима) elapsed time: 90.211725 seconds (0d 0h 1m 30s)

---------------  T H R E A D  ---------------

Current thread (0x00000182da07f800):  JavaThread "C2 CompilerThread0" daemon [_thread_in_native, id=2272, stack(0x000000289a900000,0x000000289aa00000)]


Current CompileTask:
C2:  90212 13207 %     4       com.android.tools.r8.internal.T6::a @ 2410 (6044 bytes)

Stack: [0x000000289a900000,0x000000289aa00000]
Native frames: (J=compiled Java code, j=interpreted, Vv=VM code, C=native code)
V  [jvm.dll+0x613daa]
V  [jvm.dll+0x799b30]
V  [jvm.dll+0x79b14d]
V  [jvm.dll+0x79b823]
V  [jvm.dll+0x24c958]
V  [jvm.dll+0xc14dc]
V  [jvm.dll+0xc1a0c]
V  [jvm.dll+0x2c1f94]
V  [jvm.dll+0x5265ab]
V  [jvm.dll+0x2062d2]
V  [jvm.dll+0x203e92]
V  [jvm.dll+0x18b2a1]
V  [jvm.dll+0x212c3b]
V  [jvm.dll+0x211491]
V  [jvm.dll+0x760b9f]
V  [jvm.dll+0x759755]
V  [jvm.dll+0x612a16]
C  [ucrtbase.dll+0x21bb2]
C  [KERNEL32.DLL+0x17034]
C  [ntdll.dll+0x526a1]


---------------  P R O C E S S  ---------------

Threads class SMR info:
_java_thread_list=0x00000182dc9db030, length=47, elements={
0x00000182bf38a000, 0x00000182da013800, 0x00000182da01f800, 0x00000182da037000,
0x00000182da039000, 0x00000182da07e800, 0x00000182da07f800, 0x00000182da081800,
0x00000182da093800, 0x00000182da356000, 0x00000182dc46f000, 0x00000182db853800,
0x00000182db616800, 0x00000182dbc9a000, 0x00000182dad18000, 0x00000182db0ca800,
0x00000182dbb15000, 0x00000182dbb7d800, 0x00000182dbd23000, 0x00000182db557800,
0x00000182db55a000, 0x00000182db558800, 0x00000182db559800, 0x00000182dcecd800,
0x00000182dcec8800, 0x00000182dcec9800, 0x00000182dceca800, 0x00000182dcec8000,
0x00000182dcecc000, 0x00000182dcecf000, 0x00000182dced0000, 0x00000182dcecb000,
0x00000182dced2800, 0x00000182dcecc800, 0x00000182dced5000, 0x00000182dced3000,
0x00000182dced5800, 0x00000182dced6800, 0x00000182dced4000, 0x00000182de759800,
0x00000182de75a800, 0x00000182de761000, 0x00000182de75e800, 0x00000182de75f000,
0x00000182de75c800, 0x00000182de760000, 0x00000182de762800
}

Java Threads: ( => current thread )
  0x00000182bf38a000 JavaThread "main" [_thread_blocked, id=1600, stack(0x0000002899d00000,0x0000002899e00000)]
  0x00000182da013800 JavaThread "Reference Handler" daemon [_thread_blocked, id=6072, stack(0x000000289a400000,0x000000289a500000)]
  0x00000182da01f800 JavaThread "Finalizer" daemon [_thread_blocked, id=5980, stack(0x000000289a500000,0x000000289a600000)]
  0x00000182da037000 JavaThread "Signal Dispatcher" daemon [_thread_blocked, id=3052, stack(0x000000289a600000,0x000000289a700000)]
  0x00000182da039000 JavaThread "Attach Listener" daemon [_thread_blocked, id=6684, stack(0x000000289a700000,0x000000289a800000)]
  0x00000182da07e800 JavaThread "Service Thread" daemon [_thread_blocked, id=8152, stack(0x000000289a800000,0x000000289a900000)]
=>0x00000182da07f800 JavaThread "C2 CompilerThread0" daemon [_thread_in_native, id=2272, stack(0x000000289a900000,0x000000289aa00000)]
  0x00000182da081800 JavaThread "C1 CompilerThread0" daemon [_thread_blocked, id=11976, stack(0x000000289aa00000,0x000000289ab00000)]
  0x00000182da093800 JavaThread "Sweeper thread" daemon [_thread_blocked, id=4580, stack(0x000000289ab00000,0x000000289ac00000)]
  0x00000182da356000 JavaThread "Common-Cleaner" daemon [_thread_blocked, id=228, stack(0x000000289ac00000,0x000000289ad00000)]
  0x00000182dc46f000 JavaThread "Daemon health stats" [_thread_blocked, id=2904, stack(0x000000289af00000,0x000000289b000000)]
  0x00000182db853800 JavaThread "Incoming local TCP Connector on port 53145" [_thread_in_native, id=12164, stack(0x000000289b000000,0x000000289b100000)]
  0x00000182db616800 JavaThread "Daemon periodic checks" [_thread_blocked, id=7160, stack(0x000000289b100000,0x000000289b200000)]
  0x00000182dbc9a000 JavaThread "Daemon" [_thread_blocked, id=6832, stack(0x000000289b200000,0x000000289b300000)]
  0x00000182dad18000 JavaThread "Handler for socket connection from /127.0.0.1:53145 to /127.0.0.1:53146" [_thread_in_native, id=4704, stack(0x000000289b300000,0x000000289b400000)]
  0x00000182db0ca800 JavaThread "Cancel handler" [_thread_blocked, id=7956, stack(0x000000289b400000,0x000000289b500000)]
  0x00000182dbb15000 JavaThread "Daemon worker" [_thread_blocked, id=9440, stack(0x000000289b500000,0x000000289b600000)]
  0x00000182dbb7d800 JavaThread "Asynchronous log dispatcher for DefaultDaemonConnection: socket connection from /127.0.0.1:53145 to /127.0.0.1:53146" [_thread_blocked, id=3268, stack(0x000000289b600000,0x000000289b700000)]
  0x00000182dbd23000 JavaThread "Daemon client event forwarder" [_thread_blocked, id=1712, stack(0x000000289b800000,0x000000289b900000)]
  0x00000182db557800 JavaThread "Cache worker for file hash cache (C:\Users\trust\.gradle\caches\7.0.2\fileHashes)" [_thread_blocked, id=10912, stack(0x000000289bb00000,0x000000289bc00000)]
  0x00000182db55a000 JavaThread "File lock request listener" [_thread_in_native, id=4244, stack(0x000000289bc00000,0x000000289bd00000)]
  0x00000182db558800 JavaThread "Cache worker for journal cache (C:\Users\trust\.gradle\caches\journal-1)" [_thread_blocked, id=11580, stack(0x000000289bd00000,0x000000289be00000)]
  0x00000182db559800 JavaThread "Cache worker for file hash cache (C:\Users\trust\IdeaProjects\MyApplicationExcel1\.gradle\7.0.2\fileHashes)" [_thread_blocked, id=8936, stack(0x000000289be00000,0x000000289bf00000)]
  0x00000182dcecd800 JavaThread "File watcher server" daemon [_thread_in_native, id=10840, stack(0x000000289bf00000,0x000000289c000000)]
  0x00000182dcec8800 JavaThread "File watcher consumer" daemon [_thread_blocked, id=11652, stack(0x000000289c000000,0x000000289c100000)]
  0x00000182dcec9800 JavaThread "Cache worker for checksums cache (C:\Users\trust\IdeaProjects\MyApplicationExcel1\.gradle\checksums)" [_thread_blocked, id=3044, stack(0x000000289c100000,0x000000289c200000)]
  0x00000182dceca800 JavaThread "Cache worker for cache directory md-supplier (C:\Users\trust\.gradle\caches\7.0.2\md-supplier)" [_thread_blocked, id=10264, stack(0x000000289c200000,0x000000289c300000)]
  0x00000182dcec8000 JavaThread "Cache worker for cache directory md-rule (C:\Users\trust\.gradle\caches\7.0.2\md-rule)" [_thread_blocked, id=11788, stack(0x000000289c300000,0x000000289c400000)]
  0x00000182dcecc000 JavaThread "Cache worker for execution history cache (C:\Users\trust\.gradle\caches\7.0.2\executionHistory)" [_thread_blocked, id=2376, stack(0x000000289c400000,0x000000289c500000)]
  0x00000182dcecf000 JavaThread "jar transforms" [_thread_blocked, id=5212, stack(0x000000289c500000,0x000000289c600000)]
  0x00000182dced0000 JavaThread "jar transforms Thread 2" [_thread_blocked, id=9332, stack(0x000000289c600000,0x000000289c700000)]
  0x00000182dcecb000 JavaThread "Cache worker for file content cache (C:\Users\trust\.gradle\caches\7.0.2\fileContent)" [_thread_blocked, id=5112, stack(0x000000289c700000,0x000000289c800000)]
  0x00000182dced2800 JavaThread "Cache worker for dependencies-accessors (C:\Users\trust\IdeaProjects\MyApplicationExcel1\.gradle\7.0.2\dependencies-accessors)" [_thread_blocked, id=10304, stack(0x000000289c800000,0x000000289c900000)]
  0x00000182dcecc800 JavaThread "jar transforms Thread 3" [_thread_blocked, id=2260, stack(0x000000289c900000,0x000000289ca00000)]
  0x00000182dced5000 JavaThread "Cache worker for Build Output Cleanup Cache (C:\Users\trust\IdeaProjects\MyApplicationExcel1\.gradle\buildOutputCleanup)" [_thread_blocked, id=7764, stack(0x000000289ca00000,0x000000289cb00000)]
  0x00000182dced3000 JavaThread "Build operations" [_thread_in_vm, id=4876, stack(0x000000289cb00000,0x000000289cc00000)]
  0x00000182dced5800 JavaThread "Build operations Thread 2" [_thread_in_vm, id=6216, stack(0x000000289cc00000,0x000000289cd00000)]
  0x00000182dced6800 JavaThread "Build operations Thread 3" [_thread_in_Java, id=632, stack(0x000000289cd00000,0x000000289ce00000)]
  0x00000182dced4000 JavaThread "Build operations Thread 4" [_thread_in_vm, id=6620, stack(0x000000289ce00000,0x000000289cf00000)]
  0x00000182de759800 JavaThread "jar transforms Thread 4" [_thread_blocked, id=6260, stack(0x000000289cf00000,0x000000289d000000)]
  0x00000182de75a800 JavaThread "Memory manager" [_thread_blocked, id=8100, stack(0x000000289d000000,0x000000289d100000)]
  0x00000182de761000 JavaThread "build event listener" [_thread_blocked, id=8480, stack(0x000000289d300000,0x000000289d400000)]
  0x00000182de75e800 JavaThread "Execution worker for ':'" [_thread_blocked, id=10680, stack(0x000000289d400000,0x000000289d500000)]
  0x00000182de75f000 JavaThread "Execution worker for ':' Thread 2" [_thread_blocked, id=11312, stack(0x000000289d500000,0x000000289d600000)]
  0x00000182de75c800 JavaThread "Execution worker for ':' Thread 3" [_thread_blocked, id=2488, stack(0x000000289d600000,0x000000289d700000)]
  0x00000182de760000 JavaThread "Cache worker for execution history cache (C:\Users\trust\IdeaProjects\MyApplicationExcel1\.gradle\7.0.2\executionHistory)" [_thread_blocked, id=4108, stack(0x000000289d700000,0x000000289d800000)]
  0x00000182de762800 JavaThread "WorkerExecutor Queue" [_thread_blocked, id=8960, stack(0x0000002899a00000,0x0000002899b00000)]

Other Threads:
  0x00000182da011000 VMThread "VM Thread" [stack: 0x000000289a300000,0x000000289a400000] [id=12120]
  0x00000182da388800 WatcherThread [stack: 0x000000289ad00000,0x000000289ae00000] [id=11208]
  0x00000182bf3a3000 GCTaskThread "GC Thread#0" [stack: 0x0000002899e00000,0x0000002899f00000] [id=11116]
  0x00000182da908800 GCTaskThread "GC Thread#1" [stack: 0x000000289ae00000,0x000000289af00000] [id=12208]
  0x00000182dc407800 GCTaskThread "GC Thread#2" [stack: 0x000000289b900000,0x000000289ba00000] [id=10708]
  0x00000182da4f4000 GCTaskThread "GC Thread#3" [stack: 0x000000289ba00000,0x000000289bb00000] [id=8412]
  0x00000182bf3d5000 ConcurrentGCThread "G1 Main Marker" [stack: 0x0000002899f00000,0x000000289a000000] [id=5500]
  0x00000182bf3d7000 ConcurrentGCThread "G1 Conc#0" [stack: 0x000000289a000000,0x000000289a100000] [id=5432]
  0x00000182bf41e000 ConcurrentGCThread "G1 Refine#0" [stack: 0x000000289a100000,0x000000289a200000] [id=9760]
  0x00000182e25d8800 ConcurrentGCThread "G1 Refine#1" [stack: 0x0000002899b00000,0x0000002899c00000] [id=7732]
  0x00000182bf41f000 ConcurrentGCThread "G1 Young RemSet Sampling" [stack: 0x000000289a200000,0x000000289a300000] [id=11488]

Threads with active compile tasks:
C2 CompilerThread0  90351 13207 %     4       com.android.tools.r8.internal.T6::a @ 2410 (6044 bytes)

VM state:not at safepoint (normal execution)

VM Mutex/Monitor currently owned by a thread: None

Heap address: 0x0000000080000000, size: 2048 MB, Compressed Oops mode: 32-bit
Narrow klass base: 0x0000000000000000, Narrow klass shift: 3
Compressed class space size: 1073741824 Address: 0x0000000100000000

Heap:
 garbage-first heap   total 227328K, used 143377K [0x0000000080000000, 0x0000000100000000)
  region size 1024K, 24 young (24576K), 2 survivors (2048K)
 Metaspace       used 99942K, capacity 102493K, committed 102864K, reserved 1138688K
  class space    used 12846K, capacity 13831K, committed 13952K, reserved 1048576K
Heap Regions: E=young(eden), S=young(survivor), O=old, HS=humongous(starts), HC=humongous(continues), CS=collection set, F=free, A=archive, TAMS=top-at-mark-start (previous, next)
|   0|0x0000000080000000, 0x0000000080100000, 0x0000000080100000|100%| O|  |TAMS 0x0000000080100000, 0x0000000080000000| Untracked 
|   1|0x0000000080100000, 0x0000000080200000, 0x0000000080200000|100%| O|  |TAMS 0x0000000080200000, 0x0000000080100000| Untracked 
|   2|0x0000000080200000, 0x0000000080300000, 0x0000000080300000|100%| O|  |TAMS 0x0000000080300000, 0x0000000080200000| Untracked 
|   3|0x0000000080300000, 0x0000000080400000, 0x0000000080400000|100%|HS|  |TAMS 0x0000000080400000, 0x0000000080300000| Complete 
|   4|0x0000000080400000, 0x0000000080500000, 0x0000000080500000|100%|HC|  |TAMS 0x0000000080500000, 0x0000000080400000| Complete 
|   5|0x0000000080500000, 0x0000000080600000, 0x0000000080600000|100%|HC|  |TAMS 0x0000000080600000, 0x0000000080500000| Complete 
|   6|0x0000000080600000, 0x0000000080700000, 0x0000000080700000|100%| O|  |TAMS 0x0000000080700000, 0x0000000080600000| Untracked 
|   7|0x0000000080700000, 0x0000000080800000, 0x0000000080800000|100%| O|  |TAMS 0x0000000080800000, 0x0000000080700000| Untracked 
|   8|0x0000000080800000, 0x0000000080900000, 0x0000000080900000|100%| O|  |TAMS 0x0000000080900000, 0x0000000080800000| Untracked 
|   9|0x0000000080900000, 0x0000000080a00000, 0x0000000080a00000|100%| O|  |TAMS 0x0000000080a00000, 0x0000000080900000| Untracked 
|  10|0x0000000080a00000, 0x0000000080b00000, 0x0000000080b00000|100%| O|  |TAMS 0x0000000080b00000, 0x0000000080a00000| Untracked 
|  11|0x0000000080b00000, 0x0000000080c00000, 0x0000000080c00000|100%| O|  |TAMS 0x0000000080c00000, 0x0000000080b00000| Untracked 
|  12|0x0000000080c00000, 0x0000000080d00000, 0x0000000080d00000|100%| O|  |TAMS 0x0000000080d00000, 0x0000000080c00000| Untracked 
|  13|0x0000000080d00000, 0x0000000080e00000, 0x0000000080e00000|100%| O|  |TAMS 0x0000000080e00000, 0x0000000080d00000| Untracked 
|  14|0x0000000080e00000, 0x0000000080f00000, 0x0000000080f00000|100%| O|  |TAMS 0x0000000080f00000, 0x0000000080e00000| Untracked 
|  15|0x0000000080f00000, 0x0000000081000000, 0x0000000081000000|100%| O|  |TAMS 0x0000000081000000, 0x0000000080f00000| Untracked 
|  16|0x0000000081000000, 0x0000000081100000, 0x0000000081100000|100%| O|  |TAMS 0x0000000081100000, 0x0000000081000000| Untracked 
|  17|0x0000000081100000, 0x0000000081200000, 0x0000000081200000|100%| O|  |TAMS 0x0000000081200000, 0x0000000081100000| Untracked 
|  18|0x0000000081200000, 0x0000000081300000, 0x0000000081300000|100%| O|  |TAMS 0x0000000081300000, 0x0000000081200000| Untracked 
|  19|0x0000000081300000, 0x0000000081400000, 0x0000000081400000|100%| O|  |TAMS 0x0000000081400000, 0x0000000081300000| Untracked 
|  20|0x0000000081400000, 0x0000000081500000, 0x0000000081500000|100%| O|  |TAMS 0x0000000081500000, 0x0000000081400000| Untracked 
|  21|0x0000000081500000, 0x0000000081600000, 0x0000000081600000|100%| O|  |TAMS 0x0000000081600000, 0x0000000081500000| Untracked 
|  22|0x0000000081600000, 0x0000000081700000, 0x0000000081700000|100%| O|  |TAMS 0x0000000081700000, 0x0000000081600000| Untracked 
|  23|0x0000000081700000, 0x0000000081800000, 0x0000000081800000|100%| O|  |TAMS 0x0000000081800000, 0x0000000081700000| Untracked 
|  24|0x0000000081800000, 0x0000000081900000, 0x0000000081900000|100%| O|  |TAMS 0x0000000081900000, 0x0000000081800000| Untracked 
|  25|0x0000000081900000, 0x0000000081a00000, 0x0000000081a00000|100%| O|  |TAMS 0x0000000081a00000, 0x0000000081900000| Untracked 
|  26|0x0000000081a00000, 0x0000000081b00000, 0x0000000081b00000|100%| O|  |TAMS 0x0000000081b00000, 0x0000000081a00000| Untracked 
|  27|0x0000000081b00000, 0x0000000081c00000, 0x0000000081c00000|100%| O|  |TAMS 0x0000000081c00000, 0x0000000081b00000| Untracked 
|  28|0x0000000081c00000, 0x0000000081d00000, 0x0000000081d00000|100%| O|  |TAMS 0x0000000081d00000, 0x0000000081c00000| Untracked 
|  29|0x0000000081d00000, 0x0000000081e00000, 0x0000000081e00000|100%|HS|  |TAMS 0x0000000081e00000, 0x0000000081d00000| Complete 
|  30|0x0000000081e00000, 0x0000000081f00000, 0x0000000081f00000|100%| O|  |TAMS 0x0000000081f00000, 0x0000000081e00000| Untracked 
|  31|0x0000000081f00000, 0x0000000082000000, 0x0000000082000000|100%|HS|  |TAMS 0x0000000082000000, 0x0000000081f00000| Complete 
|  32|0x0000000082000000, 0x0000000082100000, 0x0000000082100000|100%| O|  |TAMS 0x0000000082100000, 0x0000000082000000| Untracked 
|  33|0x0000000082100000, 0x0000000082200000, 0x0000000082200000|100%|HS|  |TAMS 0x0000000082200000, 0x0000000082100000| Complete 
|  34|0x0000000082200000, 0x0000000082300000, 0x0000000082300000|100%| O|  |TAMS 0x0000000082300000, 0x0000000082200000| Untracked 
|  35|0x0000000082300000, 0x0000000082400000, 0x0000000082400000|100%| O|  |TAMS 0x0000000082400000, 0x0000000082300000| Untracked 
|  36|0x0000000082400000, 0x0000000082500000, 0x0000000082500000|100%|HS|  |TAMS 0x0000000082500000, 0x0000000082400000| Complete 
|  37|0x0000000082500000, 0x0000000082600000, 0x0000000082600000|100%|HC|  |TAMS 0x0000000082600000, 0x0000000082500000| Complete 
|  38|0x0000000082600000, 0x0000000082700000, 0x0000000082700000|100%|HC|  |TAMS 0x0000000082700000, 0x0000000082600000| Complete 
|  39|0x0000000082700000, 0x0000000082800000, 0x0000000082800000|100%|HC|  |TAMS 0x0000000082800000, 0x0000000082700000| Complete 
|  40|0x0000000082800000, 0x0000000082900000, 0x0000000082900000|100%| O|  |TAMS 0x0000000082900000, 0x0000000082800000| Untracked 
|  41|0x0000000082900000, 0x0000000082a00000, 0x0000000082a00000|100%| O|  |TAMS 0x0000000082a00000, 0x0000000082900000| Untracked 
|  42|0x0000000082a00000, 0x0000000082b00000, 0x0000000082b00000|100%|HS|  |TAMS 0x0000000082b00000, 0x0000000082a00000| Complete 
|  43|0x0000000082b00000, 0x0000000082c00000, 0x0000000082c00000|100%|HC|  |TAMS 0x0000000082c00000, 0x0000000082b00000| Complete 
|  44|0x0000000082c00000, 0x0000000082d00000, 0x0000000082d00000|100%| O|  |TAMS 0x0000000082d00000, 0x0000000082c00000| Untracked 
|  45|0x0000000082d00000, 0x0000000082e00000, 0x0000000082e00000|100%| O|  |TAMS 0x0000000082e00000, 0x0000000082d00000| Untracked 
|  46|0x0000000082e00000, 0x0000000082f00000, 0x0000000082f00000|100%| O|  |TAMS 0x0000000082f00000, 0x0000000082e00000| Untracked 
|  47|0x0000000082f00000, 0x0000000083000000, 0x0000000083000000|100%| O|  |TAMS 0x0000000083000000, 0x0000000082f00000| Untracked 
|  48|0x0000000083000000, 0x0000000083100000, 0x0000000083100000|100%| O|  |TAMS 0x0000000083100000, 0x0000000083000000| Untracked 
|  49|0x0000000083100000, 0x0000000083200000, 0x0000000083200000|100%| O|  |TAMS 0x0000000083200000, 0x0000000083100000| Untracked 
|  50|0x0000000083200000, 0x0000000083300000, 0x0000000083300000|100%| O|  |TAMS 0x0000000083300000, 0x0000000083200000| Untracked 
|  51|0x0000000083300000, 0x0000000083400000, 0x0000000083400000|100%| O|  |TAMS 0x0000000083400000, 0x0000000083300000| Untracked 
|  52|0x0000000083400000, 0x0000000083500000, 0x0000000083500000|100%| O|  |TAMS 0x0000000083500000, 0x0000000083400000| Untracked 
|  53|0x0000000083500000, 0x0000000083600000, 0x0000000083600000|100%| O|  |TAMS 0x0000000083600000, 0x0000000083500000| Untracked 
|  54|0x0000000083600000, 0x0000000083700000, 0x0000000083700000|100%| O|  |TAMS 0x0000000083700000, 0x0000000083600000| Untracked 
|  55|0x0000000083700000, 0x0000000083800000, 0x0000000083800000|100%| O|  |TAMS 0x0000000083800000, 0x0000000083700000| Untracked 
|  56|0x0000000083800000, 0x0000000083900000, 0x0000000083900000|100%| O|  |TAMS 0x0000000083900000, 0x0000000083800000| Untracked 
|  57|0x0000000083900000, 0x0000000083a00000, 0x0000000083a00000|100%| O|  |TAMS 0x0000000083a00000, 0x0000000083900000| Untracked 
|  58|0x0000000083a00000, 0x0000000083b00000, 0x0000000083b00000|100%| O|  |TAMS 0x0000000083b00000, 0x0000000083a00000| Untracked 
|  59|0x0000000083b00000, 0x0000000083c00000, 0x0000000083c00000|100%| O|  |TAMS 0x0000000083c00000, 0x0000000083b00000| Untracked 
|  60|0x0000000083c00000, 0x0000000083d00000, 0x0000000083d00000|100%| O|  |TAMS 0x0000000083d00000, 0x0000000083c00000| Untracked 
|  61|0x0000000083d00000, 0x0000000083e00000, 0x0000000083e00000|100%| O|  |TAMS 0x0000000083e00000, 0x0000000083d00000| Untracked 
|  62|0x0000000083e00000, 0x0000000083f00000, 0x0000000083f00000|100%| O|  |TAMS 0x0000000083f00000, 0x0000000083e00000| Untracked 
|  63|0x0000000083f00000, 0x0000000084000000, 0x0000000084000000|100%| O|  |TAMS 0x0000000084000000, 0x0000000083f00000| Untracked 
|  64|0x0000000084000000, 0x0000000084100000, 0x0000000084100000|100%| O|  |TAMS 0x0000000084100000, 0x0000000084000000| Untracked 
|  65|0x0000000084100000, 0x0000000084200000, 0x0000000084200000|100%| O|  |TAMS 0x0000000084200000, 0x0000000084100000| Untracked 
|  66|0x0000000084200000, 0x0000000084300000, 0x0000000084300000|100%| O|  |TAMS 0x0000000084300000, 0x0000000084200000| Untracked 
|  67|0x0000000084300000, 0x0000000084400000, 0x0000000084400000|100%| O|  |TAMS 0x0000000084400000, 0x0000000084300000| Untracked 
|  68|0x0000000084400000, 0x0000000084500000, 0x0000000084500000|100%| O|  |TAMS 0x0000000084500000, 0x0000000084400000| Untracked 
|  69|0x0000000084500000, 0x0000000084600000, 0x0000000084600000|100%| O|  |TAMS 0x0000000084600000, 0x0000000084500000| Untracked 
|  70|0x0000000084600000, 0x0000000084700000, 0x0000000084700000|100%| O|  |TAMS 0x0000000084700000, 0x0000000084600000| Untracked 
|  71|0x0000000084700000, 0x0000000084800000, 0x0000000084800000|100%| O|  |TAMS 0x0000000084800000, 0x0000000084700000| Untracked 
|  72|0x0000000084800000, 0x0000000084900000, 0x0000000084900000|100%| O|  |TAMS 0x0000000084900000, 0x0000000084800000| Untracked 
|  73|0x0000000084900000, 0x0000000084a00000, 0x0000000084a00000|100%| O|  |TAMS 0x0000000084a00000, 0x0000000084900000| Untracked 
|  74|0x0000000084a00000, 0x0000000084b00000, 0x0000000084b00000|100%| O|  |TAMS 0x0000000084b00000, 0x0000000084a00000| Untracked 
|  75|0x0000000084b00000, 0x0000000084c00000, 0x0000000084c00000|100%| O|  |TAMS 0x0000000084c00000, 0x0000000084b00000| Untracked 
|  76|0x0000000084c00000, 0x0000000084d00000, 0x0000000084d00000|100%| O|  |TAMS 0x0000000084d00000, 0x0000000084c00000| Untracked 
|  77|0x0000000084d00000, 0x0000000084e00000, 0x0000000084e00000|100%| O|  |TAMS 0x0000000084e00000, 0x0000000084d00000| Untracked 
|  78|0x0000000084e00000, 0x0000000084f00000, 0x0000000084f00000|100%| O|  |TAMS 0x0000000084f00000, 0x0000000084e00000| Untracked 
|  79|0x0000000084f00000, 0x0000000085000000, 0x0000000085000000|100%| O|  |TAMS 0x0000000085000000, 0x0000000084f00000| Untracked 
|  80|0x0000000085000000, 0x0000000085100000, 0x0000000085100000|100%| O|  |TAMS 0x0000000085100000, 0x0000000085000000| Untracked 
|  81|0x0000000085100000, 0x0000000085200000, 0x0000000085200000|100%| O|  |TAMS 0x0000000085200000, 0x0000000085100000| Untracked 
|  82|0x0000000085200000, 0x0000000085300000, 0x0000000085300000|100%| O|  |TAMS 0x0000000085300000, 0x0000000085200000| Untracked 
|  83|0x0000000085300000, 0x0000000085400000, 0x0000000085400000|100%| O|  |TAMS 0x0000000085400000, 0x0000000085300000| Untracked 
|  84|0x0000000085400000, 0x0000000085500000, 0x0000000085500000|100%| O|  |TAMS 0x0000000085500000, 0x0000000085400000| Untracked 
|  85|0x0000000085500000, 0x0000000085600000, 0x0000000085600000|100%| O|  |TAMS 0x0000000085600000, 0x0000000085500000| Untracked 
|  86|0x0000000085600000, 0x0000000085700000, 0x0000000085700000|100%| O|  |TAMS 0x0000000085700000, 0x0000000085600000| Untracked 
|  87|0x0000000085700000, 0x0000000085800000, 0x0000000085800000|100%| O|  |TAMS 0x0000000085800000, 0x0000000085700000| Untracked 
|  88|0x0000000085800000, 0x0000000085900000, 0x0000000085900000|100%| O|  |TAMS 0x0000000085900000, 0x0000000085800000| Untracked 
|  89|0x0000000085900000, 0x0000000085a00000, 0x0000000085a00000|100%| O|  |TAMS 0x0000000085a00000, 0x0000000085900000| Untracked 
|  90|0x0000000085a00000, 0x0000000085b00000, 0x0000000085b00000|100%| O|  |TAMS 0x0000000085b00000, 0x0000000085a00000| Untracked 
|  91|0x0000000085b00000, 0x0000000085c00000, 0x0000000085c00000|100%| O|  |TAMS 0x0000000085c00000, 0x0000000085b00000| Untracked 
|  92|0x0000000085c00000, 0x0000000085d00000, 0x0000000085d00000|100%| O|  |TAMS 0x0000000085d00000, 0x0000000085c00000| Untracked 
|  93|0x0000000085d00000, 0x0000000085e00000, 0x0000000085e00000|100%| O|  |TAMS 0x0000000085e00000, 0x0000000085d00000| Untracked 
|  94|0x0000000085e00000, 0x0000000085f00000, 0x0000000085f00000|100%| O|  |TAMS 0x0000000085f00000, 0x0000000085e00000| Untracked 
|  95|0x0000000085f00000, 0x0000000086000000, 0x0000000086000000|100%| O|  |TAMS 0x0000000086000000, 0x0000000085f00000| Untracked 
|  96|0x0000000086000000, 0x0000000086100000, 0x0000000086100000|100%| O|  |TAMS 0x0000000086100000, 0x0000000086000000| Untracked 
|  97|0x0000000086100000, 0x0000000086200000, 0x0000000086200000|100%| O|  |TAMS 0x0000000086200000, 0x0000000086100000| Untracked 
|  98|0x0000000086200000, 0x0000000086300000, 0x0000000086300000|100%| O|  |TAMS 0x0000000086300000, 0x0000000086200000| Untracked 
|  99|0x0000000086300000, 0x0000000086400000, 0x0000000086400000|100%| O|  |TAMS 0x0000000086400000, 0x0000000086300000| Untracked 
| 100|0x0000000086400000, 0x0000000086500000, 0x0000000086500000|100%| O|  |TAMS 0x0000000086500000, 0x0000000086400000| Untracked 
| 101|0x0000000086500000, 0x0000000086600000, 0x0000000086600000|100%| O|  |TAMS 0x0000000086600000, 0x0000000086500000| Untracked 
| 102|0x0000000086600000, 0x0000000086700000, 0x0000000086700000|100%| O|  |TAMS 0x0000000086700000, 0x0000000086600000| Untracked 
| 103|0x0000000086700000, 0x0000000086800000, 0x0000000086800000|100%| O|  |TAMS 0x0000000086800000, 0x0000000086700000| Untracked 
| 104|0x0000000086800000, 0x0000000086900000, 0x0000000086900000|100%| O|  |TAMS 0x0000000086900000, 0x0000000086800000| Untracked 
| 105|0x0000000086900000, 0x0000000086a00000, 0x0000000086a00000|100%| O|  |TAMS 0x0000000086a00000, 0x0000000086900000| Untracked 
| 106|0x0000000086a00000, 0x0000000086b00000, 0x0000000086b00000|100%| O|  |TAMS 0x0000000086b00000, 0x0000000086a00000| Untracked 
| 107|0x0000000086b00000, 0x0000000086c00000, 0x0000000086c00000|100%| O|  |TAMS 0x0000000086c00000, 0x0000000086b00000| Untracked 
| 108|0x0000000086c00000, 0x0000000086d00000, 0x0000000086d00000|100%| O|  |TAMS 0x0000000086d00000, 0x0000000086c00000| Untracked 
| 109|0x0000000086d00000, 0x0000000086e00000, 0x0000000086e00000|100%| O|  |TAMS 0x0000000086e00000, 0x0000000086d00000| Untracked 
| 110|0x0000000086e00000, 0x0000000086f00000, 0x0000000086f00000|100%| O|  |TAMS 0x0000000086f00000, 0x0000000086e00000| Untracked 
| 111|0x0000000086f00000, 0x0000000087000000, 0x0000000087000000|100%| O|  |TAMS 0x0000000087000000, 0x0000000086f00000| Untracked 
| 112|0x0000000087000000, 0x0000000087100000, 0x0000000087100000|100%| O|  |TAMS 0x0000000087100000, 0x0000000087000000| Untracked 
| 113|0x0000000087100000, 0x0000000087200000, 0x0000000087200000|100%| O|  |TAMS 0x0000000087200000, 0x0000000087100000| Untracked 
| 114|0x0000000087200000, 0x0000000087300000, 0x0000000087300000|100%| O|  |TAMS 0x0000000087200000, 0x0000000087200000| Untracked 
| 115|0x0000000087300000, 0x0000000087400000, 0x0000000087400000|100%| O|  |TAMS 0x0000000087300000, 0x0000000087300000| Untracked 
| 116|0x0000000087400000, 0x0000000087500000, 0x0000000087500000|100%| O|  |TAMS 0x0000000087400000, 0x0000000087400000| Untracked 
| 117|0x0000000087500000, 0x0000000087567800, 0x0000000087600000| 40%| O|  |TAMS 0x0000000087500000, 0x0000000087500000| Untracked 
| 118|0x0000000087600000, 0x0000000087600000, 0x0000000087700000|  0%| F|  |TAMS 0x0000000087600000, 0x0000000087600000| Untracked 
| 119|0x0000000087700000, 0x0000000087700000, 0x0000000087800000|  0%| F|  |TAMS 0x0000000087700000, 0x0000000087700000| Untracked 
| 120|0x0000000087800000, 0x0000000087800000, 0x0000000087900000|  0%| F|  |TAMS 0x0000000087800000, 0x0000000087800000| Untracked 
| 121|0x0000000087900000, 0x0000000087900000, 0x0000000087a00000|  0%| F|  |TAMS 0x0000000087900000, 0x0000000087900000| Untracked 
| 122|0x0000000087a00000, 0x0000000087a00000, 0x0000000087b00000|  0%| F|  |TAMS 0x0000000087a00000, 0x0000000087a00000| Untracked 
| 123|0x0000000087b00000, 0x0000000087b00000, 0x0000000087c00000|  0%| F|  |TAMS 0x0000000087b00000, 0x0000000087b00000| Untracked 
| 124|0x0000000087c00000, 0x0000000087c00000, 0x0000000087d00000|  0%| F|  |TAMS 0x0000000087c00000, 0x0000000087c00000| Untracked 
| 125|0x0000000087d00000, 0x0000000087d00000, 0x0000000087e00000|  0%| F|  |TAMS 0x0000000087d00000, 0x0000000087d00000| Untracked 
| 126|0x0000000087e00000, 0x0000000087e00000, 0x0000000087f00000|  0%| F|  |TAMS 0x0000000087e00000, 0x0000000087e00000| Untracked 
| 127|0x0000000087f00000, 0x0000000087f00000, 0x0000000088000000|  0%| F|  |TAMS 0x0000000087f00000, 0x0000000087f00000| Untracked 
| 128|0x0000000088000000, 0x0000000088000000, 0x0000000088100000|  0%| F|  |TAMS 0x0000000088000000, 0x0000000088000000| Untracked 
| 129|0x0000000088100000, 0x0000000088100000, 0x0000000088200000|  0%| F|  |TAMS 0x0000000088100000, 0x0000000088100000| Untracked 
| 130|0x0000000088200000, 0x0000000088200000, 0x0000000088300000|  0%| F|  |TAMS 0x0000000088200000, 0x0000000088200000| Untracked 
| 131|0x0000000088300000, 0x0000000088300000, 0x0000000088400000|  0%| F|  |TAMS 0x0000000088300000, 0x0000000088300000| Untracked 
| 132|0x0000000088400000, 0x0000000088400000, 0x0000000088500000|  0%| F|  |TAMS 0x0000000088400000, 0x0000000088400000| Untracked 
| 133|0x0000000088500000, 0x0000000088500000, 0x0000000088600000|  0%| F|  |TAMS 0x0000000088500000, 0x0000000088500000| Untracked 
| 134|0x0000000088600000, 0x0000000088600000, 0x0000000088700000|  0%| F|  |TAMS 0x0000000088600000, 0x0000000088600000| Untracked 
| 135|0x0000000088700000, 0x0000000088700000, 0x0000000088800000|  0%| F|  |TAMS 0x0000000088700000, 0x0000000088700000| Untracked 
| 136|0x0000000088800000, 0x0000000088800000, 0x0000000088900000|  0%| F|  |TAMS 0x0000000088800000, 0x0000000088800000| Untracked 
| 137|0x0000000088900000, 0x0000000088900000, 0x0000000088a00000|  0%| F|  |TAMS 0x0000000088900000, 0x0000000088900000| Untracked 
| 138|0x0000000088a00000, 0x0000000088a00000, 0x0000000088b00000|  0%| F|  |TAMS 0x0000000088a00000, 0x0000000088a00000| Untracked 
| 139|0x0000000088b00000, 0x0000000088b00000, 0x0000000088c00000|  0%| F|  |TAMS 0x0000000088b00000, 0x0000000088b00000| Untracked 
| 140|0x0000000088c00000, 0x0000000088c00000, 0x0000000088d00000|  0%| F|  |TAMS 0x0000000088c00000, 0x0000000088c00000| Untracked 
| 141|0x0000000088d00000, 0x0000000088d00000, 0x0000000088e00000|  0%| F|  |TAMS 0x0000000088d00000, 0x0000000088d00000| Untracked 
| 142|0x0000000088e00000, 0x0000000088e00000, 0x0000000088f00000|  0%| F|  |TAMS 0x0000000088e00000, 0x0000000088e00000| Untracked 
| 143|0x0000000088f00000, 0x0000000088f00000, 0x0000000089000000|  0%| F|  |TAMS 0x0000000088f00000, 0x0000000088f00000| Untracked 
| 144|0x0000000089000000, 0x0000000089000000, 0x0000000089100000|  0%| F|  |TAMS 0x0000000089000000, 0x0000000089000000| Untracked 
| 145|0x0000000089100000, 0x0000000089100000, 0x0000000089200000|  0%| F|  |TAMS 0x0000000089100000, 0x0000000089100000| Untracked 
| 146|0x0000000089200000, 0x0000000089200000, 0x0000000089300000|  0%| F|  |TAMS 0x0000000089200000, 0x0000000089200000| Untracked 
| 147|0x0000000089300000, 0x0000000089300000, 0x0000000089400000|  0%| F|  |TAMS 0x0000000089300000, 0x0000000089300000| Untracked 
| 148|0x0000000089400000, 0x0000000089400000, 0x0000000089500000|  0%| F|  |TAMS 0x0000000089400000, 0x0000000089400000| Untracked 
| 149|0x0000000089500000, 0x0000000089500000, 0x0000000089600000|  0%| F|  |TAMS 0x0000000089500000, 0x0000000089500000| Untracked 
| 150|0x0000000089600000, 0x0000000089600000, 0x0000000089700000|  0%| F|  |TAMS 0x0000000089600000, 0x0000000089600000| Untracked 
| 151|0x0000000089700000, 0x0000000089700000, 0x0000000089800000|  0%| F|  |TAMS 0x0000000089700000, 0x0000000089700000| Untracked 
| 152|0x0000000089800000, 0x0000000089800000, 0x0000000089900000|  0%| F|  |TAMS 0x0000000089800000, 0x0000000089800000| Untracked 
| 153|0x0000000089900000, 0x0000000089900000, 0x0000000089a00000|  0%| F|  |TAMS 0x0000000089900000, 0x0000000089900000| Untracked 
| 154|0x0000000089a00000, 0x0000000089a00000, 0x0000000089b00000|  0%| F|  |TAMS 0x0000000089a00000, 0x0000000089a00000| Untracked 
| 155|0x0000000089b00000, 0x0000000089b00000, 0x0000000089c00000|  0%| F|  |TAMS 0x0000000089b00000, 0x0000000089b00000| Untracked 
| 156|0x0000000089c00000, 0x0000000089c00000, 0x0000000089d00000|  0%| F|  |TAMS 0x0000000089c00000, 0x0000000089c00000| Untracked 
| 157|0x0000000089d00000, 0x0000000089d00000, 0x0000000089e00000|  0%| F|  |TAMS 0x0000000089d00000, 0x0000000089d00000| Untracked 
| 158|0x0000000089e00000, 0x0000000089e00000, 0x0000000089f00000|  0%| F|  |TAMS 0x0000000089e00000, 0x0000000089e00000| Untracked 
| 159|0x0000000089f00000, 0x0000000089f00000, 0x000000008a000000|  0%| F|  |TAMS 0x0000000089f00000, 0x0000000089f00000| Untracked 
| 160|0x000000008a000000, 0x000000008a000000, 0x000000008a100000|  0%| F|  |TAMS 0x000000008a000000, 0x000000008a000000| Untracked 
| 161|0x000000008a100000, 0x000000008a100000, 0x000000008a200000|  0%| F|  |TAMS 0x000000008a100000, 0x000000008a100000| Untracked 
| 162|0x000000008a200000, 0x000000008a200000, 0x000000008a300000|  0%| F|  |TAMS 0x000000008a200000, 0x000000008a200000| Untracked 
| 163|0x000000008a300000, 0x000000008a300000, 0x000000008a400000|  0%| F|  |TAMS 0x000000008a300000, 0x000000008a300000| Untracked 
| 164|0x000000008a400000, 0x000000008a400000, 0x000000008a500000|  0%| F|  |TAMS 0x000000008a400000, 0x000000008a400000| Untracked 
| 165|0x000000008a500000, 0x000000008a500000, 0x000000008a600000|  0%| F|  |TAMS 0x000000008a500000, 0x000000008a500000| Untracked 
| 166|0x000000008a600000, 0x000000008a600000, 0x000000008a700000|  0%| F|  |TAMS 0x000000008a600000, 0x000000008a600000| Untracked 
| 167|0x000000008a700000, 0x000000008a700000, 0x000000008a800000|  0%| F|  |TAMS 0x000000008a700000, 0x000000008a700000| Untracked 
| 168|0x000000008a800000, 0x000000008a800000, 0x000000008a900000|  0%| F|  |TAMS 0x000000008a800000, 0x000000008a800000| Untracked 
| 169|0x000000008a900000, 0x000000008a900000, 0x000000008aa00000|  0%| F|  |TAMS 0x000000008a900000, 0x000000008a900000| Untracked 
| 170|0x000000008aa00000, 0x000000008aa00000, 0x000000008ab00000|  0%| F|  |TAMS 0x000000008aa00000, 0x000000008aa00000| Untracked 
| 171|0x000000008ab00000, 0x000000008ab00000, 0x000000008ac00000|  0%| F|  |TAMS 0x000000008ab00000, 0x000000008ab00000| Untracked 
| 172|0x000000008ac00000, 0x000000008ac00000, 0x000000008ad00000|  0%| F|  |TAMS 0x000000008ac00000, 0x000000008ac00000| Untracked 
| 173|0x000000008ad00000, 0x000000008ad00000, 0x000000008ae00000|  0%| F|  |TAMS 0x000000008ad00000, 0x000000008ad00000| Untracked 
| 174|0x000000008ae00000, 0x000000008ae00000, 0x000000008af00000|  0%| F|  |TAMS 0x000000008ae00000, 0x000000008ae00000| Untracked 
| 175|0x000000008af00000, 0x000000008af00000, 0x000000008b000000|  0%| F|  |TAMS 0x000000008af00000, 0x000000008af00000| Untracked 
| 176|0x000000008b000000, 0x000000008b000000, 0x000000008b100000|  0%| F|  |TAMS 0x000000008b000000, 0x000000008b000000| Untracked 
| 177|0x000000008b100000, 0x000000008b100000, 0x000000008b200000|  0%| F|  |TAMS 0x000000008b100000, 0x000000008b100000| Untracked 
| 178|0x000000008b200000, 0x000000008b200000, 0x000000008b300000|  0%| F|  |TAMS 0x000000008b200000, 0x000000008b200000| Untracked 
| 179|0x000000008b300000, 0x000000008b300000, 0x000000008b400000|  0%| F|  |TAMS 0x000000008b300000, 0x000000008b300000| Untracked 
| 180|0x000000008b400000, 0x000000008b400000, 0x000000008b500000|  0%| F|  |TAMS 0x000000008b400000, 0x000000008b400000| Untracked 
| 181|0x000000008b500000, 0x000000008b500000, 0x000000008b600000|  0%| F|  |TAMS 0x000000008b500000, 0x000000008b500000| Untracked 
| 182|0x000000008b600000, 0x000000008b600000, 0x000000008b700000|  0%| F|  |TAMS 0x000000008b600000, 0x000000008b600000| Untracked 
| 183|0x000000008b700000, 0x000000008b700000, 0x000000008b800000|  0%| F|  |TAMS 0x000000008b700000, 0x000000008b700000| Untracked 
| 184|0x000000008b800000, 0x000000008b800000, 0x000000008b900000|  0%| F|  |TAMS 0x000000008b800000, 0x000000008b800000| Untracked 
| 185|0x000000008b900000, 0x000000008b99cca8, 0x000000008ba00000| 61%| S|CS|TAMS 0x000000008b900000, 0x000000008b900000| Complete 
| 186|0x000000008ba00000, 0x000000008bb00000, 0x000000008bb00000|100%| S|CS|TAMS 0x000000008ba00000, 0x000000008ba00000| Complete 
| 187|0x000000008bb00000, 0x000000008bb00000, 0x000000008bc00000|  0%| F|  |TAMS 0x000000008bb00000, 0x000000008bb00000| Untracked 
| 188|0x000000008bc00000, 0x000000008bc00000, 0x000000008bd00000|  0%| F|  |TAMS 0x000000008bc00000, 0x000000008bc00000| Untracked 
| 189|0x000000008bd00000, 0x000000008bd00000, 0x000000008be00000|  0%| F|  |TAMS 0x000000008bd00000, 0x000000008bd00000| Untracked 
| 190|0x000000008be00000, 0x000000008be00000, 0x000000008bf00000|  0%| F|  |TAMS 0x000000008be00000, 0x000000008be00000| Untracked 
| 191|0x000000008bf00000, 0x000000008bf00000, 0x000000008c000000|  0%| F|  |TAMS 0x000000008bf00000, 0x000000008bf00000| Untracked 
| 192|0x000000008c000000, 0x000000008c000000, 0x000000008c100000|  0%| F|  |TAMS 0x000000008c000000, 0x000000008c000000| Untracked 
| 193|0x000000008c100000, 0x000000008c100000, 0x000000008c200000|  0%| F|  |TAMS 0x000000008c100000, 0x000000008c100000| Untracked 
| 194|0x000000008c200000, 0x000000008c200000, 0x000000008c300000|  0%| F|  |TAMS 0x000000008c200000, 0x000000008c200000| Untracked 
| 195|0x000000008c300000, 0x000000008c300000, 0x000000008c400000|  0%| F|  |TAMS 0x000000008c300000, 0x000000008c300000| Untracked 
| 196|0x000000008c400000, 0x000000008c400000, 0x000000008c500000|  0%| F|  |TAMS 0x000000008c400000, 0x000000008c400000| Untracked 
| 197|0x000000008c500000, 0x000000008c500000, 0x000000008c600000|  0%| F|  |TAMS 0x000000008c500000, 0x000000008c500000| Untracked 
| 198|0x000000008c600000, 0x000000008c600000, 0x000000008c700000|  0%| F|  |TAMS 0x000000008c600000, 0x000000008c600000| Untracked 
| 199|0x000000008c700000, 0x000000008c700000, 0x000000008c800000|  0%| F|  |TAMS 0x000000008c700000, 0x000000008c700000| Untracked 
| 200|0x000000008c800000, 0x000000008c8c0eb8, 0x000000008c900000| 75%| E|  |TAMS 0x000000008c800000, 0x000000008c800000| Complete 
| 201|0x000000008c900000, 0x000000008ca00000, 0x000000008ca00000|100%| E|CS|TAMS 0x000000008c900000, 0x000000008c900000| Complete 
| 202|0x000000008ca00000, 0x000000008cb00000, 0x000000008cb00000|100%| E|CS|TAMS 0x000000008ca00000, 0x000000008ca00000| Complete 
| 203|0x000000008cb00000, 0x000000008cc00000, 0x000000008cc00000|100%| E|CS|TAMS 0x000000008cb00000, 0x000000008cb00000| Complete 
| 204|0x000000008cc00000, 0x000000008cd00000, 0x000000008cd00000|100%| E|CS|TAMS 0x000000008cc00000, 0x000000008cc00000| Complete 
| 205|0x000000008cd00000, 0x000000008ce00000, 0x000000008ce00000|100%| E|CS|TAMS 0x000000008cd00000, 0x000000008cd00000| Complete 
| 206|0x000000008ce00000, 0x000000008cf00000, 0x000000008cf00000|100%| E|CS|TAMS 0x000000008ce00000, 0x000000008ce00000| Complete 
| 207|0x000000008cf00000, 0x000000008d000000, 0x000000008d000000|100%| E|CS|TAMS 0x000000008cf00000, 0x000000008cf00000| Complete 
| 208|0x000000008d000000, 0x000000008d100000, 0x000000008d100000|100%| E|CS|TAMS 0x000000008d000000, 0x000000008d000000| Complete 
| 209|0x000000008d100000, 0x000000008d200000, 0x000000008d200000|100%| E|CS|TAMS 0x000000008d100000, 0x000000008d100000| Complete 
| 210|0x000000008d200000, 0x000000008d300000, 0x000000008d300000|100%| E|CS|TAMS 0x000000008d200000, 0x000000008d200000| Complete 
| 211|0x000000008d300000, 0x000000008d400000, 0x000000008d400000|100%| E|CS|TAMS 0x000000008d300000, 0x000000008d300000| Complete 
| 212|0x000000008d400000, 0x000000008d500000, 0x000000008d500000|100%| E|CS|TAMS 0x000000008d400000, 0x000000008d400000| Complete 
| 213|0x000000008d500000, 0x000000008d600000, 0x000000008d600000|100%| E|CS|TAMS 0x000000008d500000, 0x000000008d500000| Complete 
| 214|0x000000008d600000, 0x000000008d700000, 0x000000008d700000|100%| E|CS|TAMS 0x000000008d600000, 0x000000008d600000| Complete 
| 215|0x000000008d700000, 0x000000008d800000, 0x000000008d800000|100%| E|CS|TAMS 0x000000008d700000, 0x000000008d700000| Complete 
| 216|0x000000008d800000, 0x000000008d900000, 0x000000008d900000|100%| E|CS|TAMS 0x000000008d800000, 0x000000008d800000| Complete 
| 217|0x000000008d900000, 0x000000008da00000, 0x000000008da00000|100%| E|CS|TAMS 0x000000008d900000, 0x000000008d900000| Complete 
| 218|0x000000008da00000, 0x000000008db00000, 0x000000008db00000|100%| E|CS|TAMS 0x000000008da00000, 0x000000008da00000| Complete 
| 219|0x000000008db00000, 0x000000008dc00000, 0x000000008dc00000|100%| E|CS|TAMS 0x000000008db00000, 0x000000008db00000| Complete 
| 220|0x000000008dc00000, 0x000000008dd00000, 0x000000008dd00000|100%| E|CS|TAMS 0x000000008dc00000, 0x000000008dc00000| Complete 
| 221|0x000000008dd00000, 0x000000008de00000, 0x000000008de00000|100%| E|CS|TAMS 0x000000008dd00000, 0x000000008dd00000| Complete 

Card table byte_map: [0x00000182d2a20000,0x00000182d2e20000] _byte_map_base: 0x00000182d2620000

Marking Bits (Prev, Next): (CMBitMap*) 0x00000182bf3cc400, (CMBitMap*) 0x00000182bf3cc3c8
 Prev Bits: [0x00000182d5220000, 0x00000182d7220000)
 Next Bits: [0x00000182d3220000, 0x00000182d5220000)

Polling page: 0x00000182bdd40000

Metaspace:

Usage:
  Non-class:     86.59 MB capacity,    85.06 MB ( 98%) used,     1.23 MB (  1%) free+waste,   301.81 KB ( <1%) overhead. 
      Class:     13.51 MB capacity,    12.55 MB ( 93%) used,   846.16 KB (  6%) free+waste,   138.06 KB ( <1%) overhead. 
       Both:    100.09 MB capacity,    97.60 MB ( 98%) used,     2.06 MB (  2%) free+waste,   439.88 KB ( <1%) overhead. 

Virtual space:
  Non-class space:       88.00 MB reserved,      86.83 MB ( 99%) committed 
      Class space:        1.00 GB reserved,      13.63 MB (  1%) committed 
             Both:        1.09 GB reserved,     100.45 MB (  9%) committed 

Chunk freelists:
   Non-Class:  56.00 KB
       Class:  25.00 KB
        Both:  81.00 KB

MaxMetaspaceSize: 17179869184.00 GB
CompressedClassSpaceSize: 1.00 GB
Initial GC threshold: 20.80 MB
Current GC threshold: 160.55 MB
CDS: off

CodeHeap 'non-profiled nmethods': size=120064Kb used=8192Kb max_used=8192Kb free=111871Kb
 bounds [0x00000182caab0000, 0x00000182cb2c0000, 0x00000182d1ff0000]
CodeHeap 'profiled nmethods': size=120000Kb used=30851Kb max_used=30851Kb free=89148Kb
 bounds [0x00000182c3580000, 0x00000182c53b0000, 0x00000182caab0000]
CodeHeap 'non-nmethods': size=5696Kb used=2386Kb max_used=2446Kb free=3309Kb
 bounds [0x00000182c2ff0000, 0x00000182c3260000, 0x00000182c3580000]
 total_blobs=14104 nmethods=13195 adapters=820
 compilation: enabled
              stopped_count=0, restarted_count=0
 full_count=0

Compilation events (20 events):
Event: 90.151 Thread 0x00000182da081800 13274       2       com.android.tools.r8.internal.l4::b (87 bytes)
Event: 90.152 Thread 0x00000182da081800 nmethod 13274 0x00000182c536c610 code [0x00000182c536c840, 0x00000182c536ce98]
Event: 90.152 Thread 0x00000182da081800 13275       2       com.android.tools.r8.internal.mh::h (35 bytes)
Event: 90.152 Thread 0x00000182da081800 nmethod 13275 0x00000182c536d190 code [0x00000182c536d340, 0x00000182c536d4b8]
Event: 90.152 Thread 0x00000182da081800 13276       2       java.util.Collections$SingletonSet::iterator (8 bytes)
Event: 90.153 Thread 0x00000182da081800 nmethod 13276 0x00000182c536d590 code [0x00000182c536d740, 0x00000182c536d8d8]
Event: 90.154 Thread 0x00000182da081800 13277       2       com.android.tools.r8.internal.E7$b::a (26 bytes)
Event: 90.155 Thread 0x00000182da081800 nmethod 13277 0x00000182c536d990 code [0x00000182c536db80, 0x00000182c536dd58]
Event: 90.155 Thread 0x00000182da081800 13278       1       com.android.tools.r8.internal.C2::g1 (2 bytes)
Event: 90.155 Thread 0x00000182da081800 nmethod 13278 0x00000182cb2af110 code [0x00000182cb2af2c0, 0x00000182cb2af378]
Event: 90.156 Thread 0x00000182da081800 13279       2       com.android.tools.r8.internal.E7$b::a (151 bytes)
Event: 90.158 Thread 0x00000182da081800 nmethod 13279 0x00000182c536de90 code [0x00000182c536e200, 0x00000182c536ebc8]
Event: 90.158 Thread 0x00000182da081800 13281       2       com.android.tools.r8.internal.h2::a (63 bytes)
Event: 90.158 Thread 0x00000182da081800 nmethod 13281 0x00000182c536f210 code [0x00000182c536f3e0, 0x00000182c536f618]
Event: 90.165 Thread 0x00000182da081800 13284       2       com.android.tools.r8.internal.pf::c (6 bytes)
Event: 90.166 Thread 0x00000182da081800 nmethod 13284 0x00000182c536f790 code [0x00000182c536f940, 0x00000182c536fa68]
Event: 90.166 Thread 0x00000182da081800 13285       2       com.android.tools.r8.internal.xA::g (13 bytes)
Event: 90.166 Thread 0x00000182da081800 nmethod 13285 0x00000182c536fb10 code [0x00000182c536fcc0, 0x00000182c536fde8]
Event: 90.169 Thread 0x00000182da081800 13287       2       com.android.tools.r8.internal.UC$$Lambda$1365/0x0000000100c29040::apply (12 bytes)
Event: 90.169 Thread 0x00000182da081800 nmethod 13287 0x00000182c536fe90 code [0x00000182c5370060, 0x00000182c5370208]

GC Heap History (20 events):
Event: 47.655 GC heap before
{Heap before GC invocations=59 (full 0):
 garbage-first heap   total 146432K, used 112718K [0x0000000080000000, 0x0000000100000000)
  region size 1024K, 47 young (48128K), 6 survivors (6144K)
 Metaspace       used 82847K, capacity 84860K, committed 84944K, reserved 1122304K
  class space    used 10630K, capacity 11355K, committed 11392K, reserved 1048576K
}
Event: 47.821 GC heap after
{Heap after GC invocations=60 (full 0):
 garbage-first heap   total 146432K, used 74727K [0x0000000080000000, 0x0000000100000000)
  region size 1024K, 3 young (3072K), 3 survivors (3072K)
 Metaspace       used 82847K, capacity 84860K, committed 84944K, reserved 1122304K
  class space    used 10630K, capacity 11355K, committed 11392K, reserved 1048576K
}
Event: 53.207 GC heap before
{Heap before GC invocations=61 (full 0):
 garbage-first heap   total 146432K, used 114663K [0x0000000080000000, 0x0000000100000000)
  region size 1024K, 43 young (44032K), 3 survivors (3072K)
 Metaspace       used 84590K, capacity 86656K, committed 86992K, reserved 1124352K
  class space    used 10787K, capacity 11546K, committed 11648K, reserved 1048576K
}
Event: 53.268 GC heap after
{Heap after GC invocations=62 (full 0):
 garbage-first heap   total 189440K, used 81378K [0x0000000080000000, 0x0000000100000000)
  region size 1024K, 6 young (6144K), 6 survivors (6144K)
 Metaspace       used 84590K, capacity 86656K, committed 86992K, reserved 1124352K
  class space    used 10787K, capacity 11546K, committed 11648K, reserved 1048576K
}
Event: 59.904 GC heap before
{Heap before GC invocations=62 (full 0):
 garbage-first heap   total 189440K, used 134626K [0x0000000080000000, 0x0000000100000000)
  region size 1024K, 56 young (57344K), 6 survivors (6144K)
 Metaspace       used 85455K, capacity 87558K, committed 87888K, reserved 1126400K
  class space    used 10880K, capacity 11666K, committed 11776K, reserved 1048576K
}
Event: 59.981 GC heap after
{Heap after GC invocations=63 (full 0):
 garbage-first heap   total 189440K, used 82501K [0x0000000080000000, 0x0000000100000000)
  region size 1024K, 5 young (5120K), 5 survivors (5120K)
 Metaspace       used 85455K, capacity 87558K, committed 87888K, reserved 1126400K
  class space    used 10880K, capacity 11666K, committed 11776K, reserved 1048576K
}
Event: 64.397 GC heap before
{Heap before GC invocations=63 (full 0):
 garbage-first heap   total 189440K, used 137797K [0x0000000080000000, 0x0000000100000000)
  region size 1024K, 60 young (61440K), 5 survivors (5120K)
 Metaspace       used 88789K, capacity 90879K, committed 91088K, reserved 1128448K
  class space    used 11289K, capacity 12060K, committed 12160K, reserved 1048576K
}
Event: 64.517 GC heap after
{Heap after GC invocations=64 (full 0):
 garbage-first heap   total 189440K, used 85847K [0x0000000080000000, 0x0000000100000000)
  region size 1024K, 5 young (5120K), 5 survivors (5120K)
 Metaspace       used 88789K, capacity 90879K, committed 91088K, reserved 1128448K
  class space    used 11289K, capacity 12060K, committed 12160K, reserved 1048576K
}
Event: 69.855 GC heap before
{Heap before GC invocations=64 (full 0):
 garbage-first heap   total 189440K, used 146263K [0x0000000080000000, 0x0000000100000000)
  region size 1024K, 65 young (66560K), 5 survivors (5120K)
 Metaspace       used 90250K, capacity 92446K, committed 92624K, reserved 1130496K
  class space    used 11477K, capacity 12299K, committed 12416K, reserved 1048576K
}
Event: 69.991 GC heap after
{Heap after GC invocations=65 (full 0):
 garbage-first heap   total 189440K, used 95964K [0x0000000080000000, 0x0000000100000000)
  region size 1024K, 9 young (9216K), 9 survivors (9216K)
 Metaspace       used 90250K, capacity 92446K, committed 92624K, reserved 1130496K
  class space    used 11477K, capacity 12299K, committed 12416K, reserved 1048576K
}
Event: 72.866 GC heap before
{Heap before GC invocations=65 (full 0):
 garbage-first heap   total 189440K, used 149212K [0x0000000080000000, 0x0000000100000000)
  region size 1024K, 62 young (63488K), 9 survivors (9216K)
 Metaspace       used 92982K, capacity 95266K, committed 95568K, reserved 1132544K
  class space    used 11857K, capacity 12713K, committed 12800K, reserved 1048576K
}
Event: 73.069 GC heap after
{Heap after GC invocations=66 (full 0):
 garbage-first heap   total 227328K, used 103636K [0x0000000080000000, 0x0000000100000000)
  region size 1024K, 8 young (8192K), 8 survivors (8192K)
 Metaspace       used 92982K, capacity 95266K, committed 95568K, reserved 1132544K
  class space    used 11857K, capacity 12713K, committed 12800K, reserved 1048576K
}
Event: 73.789 GC heap before
{Heap before GC invocations=66 (full 0):
 garbage-first heap   total 227328K, used 121044K [0x0000000080000000, 0x0000000100000000)
  region size 1024K, 25 young (25600K), 8 survivors (8192K)
 Metaspace       used 93106K, capacity 95356K, committed 95568K, reserved 1132544K
  class space    used 11872K, capacity 12722K, committed 12800K, reserved 1048576K
}
Event: 73.838 GC heap after
{Heap after GC invocations=67 (full 0):
 garbage-first heap   total 227328K, used 107223K [0x0000000080000000, 0x0000000100000000)
  region size 1024K, 4 young (4096K), 4 survivors (4096K)
 Metaspace       used 93106K, capacity 95356K, committed 95568K, reserved 1132544K
  class space    used 11872K, capacity 12722K, committed 12800K, reserved 1048576K
}
Event: 80.099 GC heap before
{Heap before GC invocations=68 (full 0):
 garbage-first heap   total 227328K, used 168663K [0x0000000080000000, 0x0000000100000000)
  region size 1024K, 66 young (67584K), 4 survivors (4096K)
 Metaspace       used 94840K, capacity 97119K, committed 97360K, reserved 1134592K
  class space    used 12110K, capacity 12966K, committed 13056K, reserved 1048576K
}
Event: 80.473 GC heap after
{Heap after GC invocations=69 (full 0):
 garbage-first heap   total 227328K, used 116051K [0x0000000080000000, 0x0000000100000000)
  region size 1024K, 9 young (9216K), 9 survivors (9216K)
 Metaspace       used 94840K, capacity 97119K, committed 97360K, reserved 1134592K
  class space    used 12110K, capacity 12966K, committed 13056K, reserved 1048576K
}
Event: 80.874 GC heap before
{Heap before GC invocations=69 (full 0):
 garbage-first heap   total 227328K, used 133459K [0x0000000080000000, 0x0000000100000000)
  region size 1024K, 26 young (26624K), 9 survivors (9216K)
 Metaspace       used 95162K, capacity 97510K, committed 97744K, reserved 1134592K
  class space    used 12160K, capacity 13074K, committed 13184K, reserved 1048576K
}
Event: 80.959 GC heap after
{Heap after GC invocations=70 (full 0):
 garbage-first heap   total 227328K, used 120214K [0x0000000080000000, 0x0000000100000000)
  region size 1024K, 4 young (4096K), 4 survivors (4096K)
 Metaspace       used 95162K, capacity 97510K, committed 97744K, reserved 1134592K
  class space    used 12160K, capacity 13074K, committed 13184K, reserved 1048576K
}
Event: 89.151 GC heap before
{Heap before GC invocations=71 (full 0):
 garbage-first heap   total 227328K, used 150934K [0x0000000080000000, 0x0000000100000000)
  region size 1024K, 35 young (35840K), 4 survivors (4096K)
 Metaspace       used 99135K, capacity 101638K, committed 101712K, reserved 1136640K
  class space    used 12785K, capacity 13765K, committed 13824K, reserved 1048576K
}
Event: 89.372 GC heap after
{Heap after GC invocations=72 (full 0):
 garbage-first heap   total 227328K, used 121873K [0x0000000080000000, 0x0000000100000000)
  region size 1024K, 2 young (2048K), 2 survivors (2048K)
 Metaspace       used 99135K, capacity 101638K, committed 101712K, reserved 1136640K
  class space    used 12785K, capacity 13765K, committed 13824K, reserved 1048576K
}

Deoptimization events (20 events):
Event: 89.641 Thread 0x00000182dced5800 Uncommon trap: trap_request=0xffffffde fr.pc=0x00000182cb278c70 relative=0x00000000000000b0
Event: 89.641 Thread 0x00000182dced5800 Uncommon trap: reason=class_check action=maybe_recompile pc=0x00000182cb278c70 method=com.android.tools.r8.internal.UG.a(Lcom/android/tools/r8/internal/aG;)Lcom/android/tools/r8/internal/UG; @ 34 c2
Event: 89.641 Thread 0x00000182dced5800 DEOPT PACKING pc=0x00000182cb278c70 sp=0x000000289ccf9490
Event: 89.641 Thread 0x00000182dced5800 DEOPT UNPACKING pc=0x00000182c303a1af sp=0x000000289ccf93c8 mode 2
Event: 89.641 Thread 0x00000182dced5800 Uncommon trap: trap_request=0xffffffde fr.pc=0x00000182cb278c70 relative=0x00000000000000b0
Event: 89.641 Thread 0x00000182dced5800 Uncommon trap: reason=class_check action=maybe_recompile pc=0x00000182cb278c70 method=com.android.tools.r8.internal.UG.a(Lcom/android/tools/r8/internal/aG;)Lcom/android/tools/r8/internal/UG; @ 34 c2
Event: 89.643 Thread 0x00000182dced5800 DEOPT PACKING pc=0x00000182cb278c70 sp=0x000000289ccf91c0
Event: 89.649 Thread 0x00000182dced5800 DEOPT UNPACKING pc=0x00000182c303a1af sp=0x000000289ccf90f8 mode 2
Event: 89.649 Thread 0x00000182dced5800 Uncommon trap: trap_request=0xffffffde fr.pc=0x00000182cb278c70 relative=0x00000000000000b0
Event: 89.649 Thread 0x00000182dced5800 Uncommon trap: reason=class_check action=maybe_recompile pc=0x00000182cb278c70 method=com.android.tools.r8.internal.UG.a(Lcom/android/tools/r8/internal/aG;)Lcom/android/tools/r8/internal/UG; @ 34 c2
Event: 89.649 Thread 0x00000182dced5800 DEOPT PACKING pc=0x00000182cb278c70 sp=0x000000289ccf9490
Event: 89.649 Thread 0x00000182dced5800 DEOPT UNPACKING pc=0x00000182c303a1af sp=0x000000289ccf93c8 mode 2
Event: 89.649 Thread 0x00000182dced5800 Uncommon trap: trap_request=0xffffffde fr.pc=0x00000182cb278c70 relative=0x00000000000000b0
Event: 89.649 Thread 0x00000182dced5800 Uncommon trap: reason=class_check action=maybe_recompile pc=0x00000182cb278c70 method=com.android.tools.r8.internal.UG.a(Lcom/android/tools/r8/internal/aG;)Lcom/android/tools/r8/internal/UG; @ 34 c2
Event: 89.649 Thread 0x00000182dced5800 DEOPT PACKING pc=0x00000182cb278c70 sp=0x000000289ccf93f0
Event: 89.649 Thread 0x00000182dced5800 DEOPT UNPACKING pc=0x00000182c303a1af sp=0x000000289ccf9328 mode 2
Event: 89.649 Thread 0x00000182dced5800 Uncommon trap: trap_request=0xffffffde fr.pc=0x00000182cb278fcc relative=0x000000000000008c
Event: 89.649 Thread 0x00000182dced5800 Uncommon trap: reason=class_check action=maybe_recompile pc=0x00000182cb278fcc method=com.android.tools.r8.internal.UG.a(Lcom/android/tools/r8/internal/aG;)Lcom/android/tools/r8/internal/UG; @ 34 c2
Event: 89.649 Thread 0x00000182dced5800 DEOPT PACKING pc=0x00000182cb278fcc sp=0x000000289ccf9420
Event: 89.650 Thread 0x00000182dced5800 DEOPT UNPACKING pc=0x00000182c303a1af sp=0x000000289ccf93c0 mode 2

Classes redefined (0 events):
No events

Internal exceptions (20 events):
Event: 80.851 Thread 0x00000182dced5800 Exception <a 'java/lang/NoSuchMethodError'{0x000000008cd566c0}: 'java.lang.Object java.lang.invoke.DirectMethodHandle$Holder.invokeStatic(java.lang.Object, int, java.lang.Object, java.lang.Object)'> (0x000000008cd566c0) thrown at [./src/hotspot/share/interpreter/linkResolver.cpp, line 773]
Event: 80.963 Thread 0x00000182dced3000 Implicit null exception at 0x00000182caf881a9 to 0x00000182caf8cc5c
Event: 81.315 Thread 0x00000182dced3000 Exception <a 'java/lang/NoSuchMethodError'{0x000000008dc3f268}: 'java.lang.Object java.lang.invoke.Invokers$Holder.linkToTargetMethod(java.lang.Object, java.lang.Object, java.lang.Object, java.lang.Object, java.lang.Object, java.lang.Object, java.lang.Object)'> (0x000000008dc3f268) thrown at [./src/hotspot/share/interpreter/linkResolver.cpp, line 773]
Event: 81.315 Thread 0x00000182dced6800 Exception <a 'java/lang/NoSuchMethodError'{0x000000008dcb9ec0}: 'java.lang.Object java.lang.invoke.Invokers$Holder.linkToTargetMethod(java.lang.Object, java.lang.Object, java.lang.Object, java.lang.Object, java.lang.Object, java.lang.Object, java.lang.Object)'> (0x000000008dcb9ec0) thrown at [./src/hotspot/share/interpreter/linkResolver.cpp, line 773]
Event: 81.315 Thread 0x00000182dced5800 Exception <a 'java/lang/NoSuchMethodError'{0x000000008dc786a0}: 'java.lang.Object java.lang.invoke.Invokers$Holder.linkToTargetMethod(java.lang.Object, java.lang.Object, java.lang.Object, java.lang.Object, java.lang.Object, java.lang.Object, java.lang.Object)'> (0x000000008dc786a0) thrown at [./src/hotspot/share/interpreter/linkResolver.cpp, line 773]
Event: 81.315 Thread 0x00000182dced4000 Exception <a 'java/lang/NoSuchMethodError'{0x000000008dca7a50}: 'java.lang.Object java.lang.invoke.Invokers$Holder.linkToTargetMethod(java.lang.Object, java.lang.Object, java.lang.Object, java.lang.Object, java.lang.Object, java.lang.Object, java.lang.Object)'> (0x000000008dca7a50) thrown at [./src/hotspot/share/interpreter/linkResolver.cpp, line 773]
Event: 81.422 Thread 0x00000182dced3000 Exception <a 'java/lang/NoSuchMethodError'{0x000000008dbbf4c8}: 'int java.lang.invoke.DirectMethodHandle$Holder.invokeSpecial(java.lang.Object, java.lang.Object, java.lang.Object, java.lang.Object, java.lang.Object)'> (0x000000008dbbf4c8) thrown at [./src/hotspot/share/interpreter/linkResolver.cpp, line 773]
Event: 81.422 Thread 0x00000182dced6800 Exception <a 'java/lang/NoSuchMethodError'{0x000000008dccaef0}: 'int java.lang.invoke.DirectMethodHandle$Holder.invokeSpecial(java.lang.Object, java.lang.Object, java.lang.Object, java.lang.Object, java.lang.Object)'> (0x000000008dccaef0) thrown at [./src/hotspot/share/interpreter/linkResolver.cpp, line 773]
Event: 81.422 Thread 0x00000182dced4000 Exception <a 'java/lang/NoSuchMethodError'{0x000000008db7cb30}: 'int java.lang.invoke.DirectMethodHandle$Holder.invokeSpecial(java.lang.Object, java.lang.Object, java.lang.Object, java.lang.Object, java.lang.Object)'> (0x000000008db7cb30) thrown at [./src/hotspot/share/interpreter/linkResolver.cpp, line 773]
Event: 81.422 Thread 0x00000182dced5800 Exception <a 'java/lang/NoSuchMethodError'{0x000000008db04580}: 'int java.lang.invoke.DirectMethodHandle$Holder.invokeSpecial(java.lang.Object, java.lang.Object, java.lang.Object, java.lang.Object, java.lang.Object)'> (0x000000008db04580) thrown at [./src/hotspot/share/interpreter/linkResolver.cpp, line 773]
Event: 84.775 Thread 0x00000182dced3000 Exception <a 'java/lang/NoSuchMethodError'{0x000000008d9bade0}: 'java.lang.Object java.lang.invoke.DirectMethodHandle$Holder.invokeVirtual(java.lang.Object, java.lang.Object, int, java.lang.Object)'> (0x000000008d9bade0) thrown at [./src/hotspot/share/interpreter/linkResolver.cpp, line 773]
Event: 84.796 Thread 0x00000182dced5800 Exception <a 'java/lang/NoSuchMethodError'{0x000000008d893ba0}: 'java.lang.Object java.lang.invoke.DirectMethodHandle$Holder.invokeVirtual(java.lang.Object, java.lang.Object, int, java.lang.Object)'> (0x000000008d893ba0) thrown at [./src/hotspot/share/interpreter/linkResolver.cpp, line 773]
Event: 84.796 Thread 0x00000182dced4000 Exception <a 'java/lang/NoSuchMethodError'{0x000000008d816ff0}: 'java.lang.Object java.lang.invoke.DirectMethodHandle$Holder.invokeVirtual(java.lang.Object, java.lang.Object, int, java.lang.Object)'> (0x000000008d816ff0) thrown at [./src/hotspot/share/interpreter/linkResolver.cpp, line 773]
Event: 84.796 Thread 0x00000182dced6800 Exception <a 'java/lang/NoSuchMethodError'{0x000000008d83a348}: 'java.lang.Object java.lang.invoke.DirectMethodHandle$Holder.invokeVirtual(java.lang.Object, java.lang.Object, int, java.lang.Object)'> (0x000000008d83a348) thrown at [./src/hotspot/share/interpreter/linkResolver.cpp, line 773]
Event: 85.152 Thread 0x00000182dced5800 Exception <a 'java/lang/IncompatibleClassChangeError'{0x000000008d8d7988}: Found class java.lang.Object, but interface was expected> (0x000000008d8d7988) thrown at [./src/hotspot/share/interpreter/linkResolver.cpp, line 839]
Event: 85.250 Thread 0x00000182dced5800 Exception <a 'java/lang/IncompatibleClassChangeError'{0x000000008d8e2730}: Found class java.lang.Object, but interface was expected> (0x000000008d8e2730) thrown at [./src/hotspot/share/interpreter/linkResolver.cpp, line 839]
Event: 85.970 Thread 0x00000182dced6800 Exception <a 'java/lang/NoSuchMethodError'{0x000000008d632b98}: 'void java.lang.invoke.DirectMethodHandle$Holder.invokeVirtual(java.lang.Object, java.lang.Object, int, java.lang.Object)'> (0x000000008d632b98) thrown at [./src/hotspot/share/interpreter/linkResolver.cpp, line 773]
Event: 85.994 Thread 0x00000182dced4000 Exception <a 'java/lang/NoSuchMethodError'{0x000000008d7f1b98}: 'void java.lang.invoke.DirectMethodHandle$Holder.invokeVirtual(java.lang.Object, java.lang.Object, int, java.lang.Object)'> (0x000000008d7f1b98) thrown at [./src/hotspot/share/interpreter/linkResolver.cpp, line 773]
Event: 87.523 Thread 0x00000182dced5800 Exception <a 'java/lang/NoSuchMethodError'{0x000000008d270928}: 'java.lang.Object java.lang.invoke.DirectMethodHandle$Holder.newInvokeSpecial(java.lang.Object, int)'> (0x000000008d270928) thrown at [./src/hotspot/share/interpreter/linkResolver.cpp, line 773]
Event: 88.142 Thread 0x00000182dced4000 Exception <a 'java/lang/NoSuchMethodError'{0x000000008c6b6f38}: 'java.lang.Object java.lang.invoke.DirectMethodHandle$Holder.invokeInterface(java.lang.Object, java.lang.Object, int)'> (0x000000008c6b6f38) thrown at [./src/hotspot/share/interpreter/linkResolver.cpp, line 773]

Events (20 events):
Event: 90.032 loading class com/android/tools/r8/code/D2
Event: 90.032 loading class com/android/tools/r8/code/D2 done
Event: 90.033 loading class com/android/tools/r8/code/F2
Event: 90.033 loading class com/android/tools/r8/code/F2 done
Event: 90.034 loading class com/android/tools/r8/code/E2
Event: 90.034 loading class com/android/tools/r8/code/E2 done
Event: 90.038 Executing VM operation: ICBufferFull
Event: 90.039 Executing VM operation: ICBufferFull done
Event: 90.040 loading class com/android/tools/r8/code/S2
Event: 90.040 loading class com/android/tools/r8/code/S2 done
Event: 90.042 loading class com/android/tools/r8/code/S3
Event: 90.042 loading class com/android/tools/r8/code/S3 done
Event: 90.059 loading class com/android/tools/r8/code/C3
Event: 90.059 loading class com/android/tools/r8/code/C3 done
Event: 90.074 loading class com/android/tools/r8/internal/ha
Event: 90.074 loading class com/android/tools/r8/internal/ha done
Event: 90.088 loading class com/android/tools/r8/internal/l4
Event: 90.088 loading class com/android/tools/r8/internal/l4 done
Event: 90.170 loading class com/android/tools/r8/internal/Ze$a
Event: 90.170 loading class com/android/tools/r8/internal/Ze$a done


Dynamic libraries:
0x00007ff62a6b0000 - 0x00007ff62a6ba000 	C:\Program Files\JetBrains\IntelliJ IDEA Community Edition 2021.3.2\jbr\bin\java.exe
0x00007ffd9ec10000 - 0x00007ffd9ee08000 	C:\Windows\SYSTEM32\ntdll.dll
0x00007ffd9cec0000 - 0x00007ffd9cf7d000 	C:\Windows\System32\KERNEL32.DLL
0x00007ffd9c990000 - 0x00007ffd9cc62000 	C:\Windows\System32\KERNELBASE.dll
0x00007ffd9c840000 - 0x00007ffd9c940000 	C:\Windows\System32\ucrtbase.dll
0x00007ffd967b0000 - 0x00007ffd967c9000 	C:\Program Files\JetBrains\IntelliJ IDEA Community Edition 2021.3.2\jbr\bin\jli.dll
0x00007ffd967f0000 - 0x00007ffd96807000 	C:\Program Files\JetBrains\IntelliJ IDEA Community Edition 2021.3.2\jbr\bin\VCRUNTIME140.dll
0x00007ffd9e800000 - 0x00007ffd9e99d000 	C:\Windows\System32\USER32.dll
0x00007ffd9c7e0000 - 0x00007ffd9c802000 	C:\Windows\System32\win32u.dll
0x00007ffd84f10000 - 0x00007ffd851aa000 	C:\Windows\WinSxS\amd64_microsoft.windows.common-controls_6595b64144ccf1df_6.0.19041.1110_none_60b5254171f9507e\COMCTL32.dll
0x00007ffd9e6b0000 - 0x00007ffd9e74e000 	C:\Windows\System32\msvcrt.dll
0x00007ffd9eab0000 - 0x00007ffd9eadb000 	C:\Windows\System32\GDI32.dll
0x00007ffd9c6d0000 - 0x00007ffd9c7df000 	C:\Windows\System32\gdi32full.dll
0x00007ffd9c580000 - 0x00007ffd9c61d000 	C:\Windows\System32\msvcp_win.dll
0x00007ffd9e4d0000 - 0x00007ffd9e500000 	C:\Windows\System32\IMM32.DLL
0x00007ffd89e70000 - 0x00007ffd89f0d000 	C:\Program Files\JetBrains\IntelliJ IDEA Community Edition 2021.3.2\jbr\bin\msvcp140.dll
0x00007ffd458b0000 - 0x00007ffd46426000 	C:\Program Files\JetBrains\IntelliJ IDEA Community Edition 2021.3.2\jbr\bin\server\jvm.dll
0x00007ffd9e750000 - 0x00007ffd9e7fe000 	C:\Windows\System32\ADVAPI32.dll
0x00007ffd9e430000 - 0x00007ffd9e4cc000 	C:\Windows\System32\sechost.dll
0x00007ffd9e300000 - 0x00007ffd9e425000 	C:\Windows\System32\RPCRT4.dll
0x00007ffd9eae0000 - 0x00007ffd9eae8000 	C:\Windows\System32\PSAPI.DLL
0x00007ffd87a60000 - 0x00007ffd87a69000 	C:\Windows\SYSTEM32\WSOCK32.dll
0x00007ffd9eb00000 - 0x00007ffd9eb6b000 	C:\Windows\System32\WS2_32.dll
0x00007ffd93e70000 - 0x00007ffd93e97000 	C:\Windows\SYSTEM32\WINMM.dll
0x00007ffd93fb0000 - 0x00007ffd93fba000 	C:\Windows\SYSTEM32\VERSION.dll
0x00007ffd9a1e0000 - 0x00007ffd9a1f2000 	C:\Windows\SYSTEM32\kernel.appcore.dll
0x00007ffd8a090000 - 0x00007ffd8a0a1000 	C:\Program Files\JetBrains\IntelliJ IDEA Community Edition 2021.3.2\jbr\bin\verify.dll
0x00007ffd89a40000 - 0x00007ffd89c24000 	C:\Windows\SYSTEM32\DBGHELP.DLL
0x00007ffd85690000 - 0x00007ffd856bc000 	C:\Windows\SYSTEM32\dbgcore.DLL
0x00007ffd9c320000 - 0x00007ffd9c3a2000 	C:\Windows\System32\bcryptPrimitives.dll
0x00007ffd8a060000 - 0x00007ffd8a089000 	C:\Program Files\JetBrains\IntelliJ IDEA Community Edition 2021.3.2\jbr\bin\java.dll
0x00007ffd96e80000 - 0x00007ffd96e8b000 	C:\Program Files\JetBrains\IntelliJ IDEA Community Edition 2021.3.2\jbr\bin\jimage.dll
0x00007ffd8a040000 - 0x00007ffd8a058000 	C:\Program Files\JetBrains\IntelliJ IDEA Community Edition 2021.3.2\jbr\bin\zip.dll
0x00007ffd9d610000 - 0x00007ffd9dd53000 	C:\Windows\System32\SHELL32.dll
0x00007ffd9a3e0000 - 0x00007ffd9ab71000 	C:\Windows\SYSTEM32\windows.storage.dll
0x00007ffd9dd60000 - 0x00007ffd9e0b4000 	C:\Windows\System32\combase.dll
0x00007ffd9bca0000 - 0x00007ffd9bcd0000 	C:\Windows\SYSTEM32\Wldp.dll
0x00007ffd9d560000 - 0x00007ffd9d60d000 	C:\Windows\System32\SHCORE.dll
0x00007ffd9e9a0000 - 0x00007ffd9e9f5000 	C:\Windows\System32\shlwapi.dll
0x00007ffd9c260000 - 0x00007ffd9c27f000 	C:\Windows\SYSTEM32\profapi.dll
0x00007ffd8a020000 - 0x00007ffd8a03a000 	C:\Program Files\JetBrains\IntelliJ IDEA Community Edition 2021.3.2\jbr\bin\net.dll
0x00007ffd87a80000 - 0x00007ffd87b8d000 	C:\Windows\SYSTEM32\WINHTTP.dll
0x00007ffd9ba00000 - 0x00007ffd9ba6a000 	C:\Windows\system32\mswsock.dll
0x00007ffd89fb0000 - 0x00007ffd89fc4000 	C:\Program Files\JetBrains\IntelliJ IDEA Community Edition 2021.3.2\jbr\bin\nio.dll
0x00007ffd83530000 - 0x00007ffd83557000 	C:\Users\trust\.gradle\native\8bec1ad78214c89d9ad589b4d07fe93259594b29d510b10fafb7a158f7737e5d\windows-amd64\native-platform.dll
0x00007ffd65a20000 - 0x00007ffd65b5d000 	C:\Users\trust\.gradle\native\53dbd7edfb1c66fb8903c78663c9afc45aea4f116125fa6feffd364cf09443e8\windows-amd64\native-platform-file-events.dll
0x00007ffd95bc0000 - 0x00007ffd95bca000 	C:\Program Files\JetBrains\IntelliJ IDEA Community Edition 2021.3.2\jbr\bin\management.dll
0x00007ffd94f60000 - 0x00007ffd94f6d000 	C:\Program Files\JetBrains\IntelliJ IDEA Community Edition 2021.3.2\jbr\bin\management_ext.dll
0x00007ffd9bc00000 - 0x00007ffd9bc18000 	C:\Windows\SYSTEM32\CRYPTSP.dll
0x00007ffd9b320000 - 0x00007ffd9b354000 	C:\Windows\system32\rsaenh.dll
0x00007ffd9c810000 - 0x00007ffd9c837000 	C:\Windows\System32\bcrypt.dll
0x00007ffd9c1e0000 - 0x00007ffd9c20e000 	C:\Windows\SYSTEM32\USERENV.dll
0x00007ffd9bbf0000 - 0x00007ffd9bbfc000 	C:\Windows\SYSTEM32\CRYPTBASE.dll
0x00007ffd9b6f0000 - 0x00007ffd9b72b000 	C:\Windows\SYSTEM32\IPHLPAPI.DLL
0x00007ffd9eaf0000 - 0x00007ffd9eaf8000 	C:\Windows\System32\NSI.dll
0x00007ffd91c20000 - 0x00007ffd91c37000 	C:\Windows\SYSTEM32\dhcpcsvc6.DLL
0x00007ffd93950000 - 0x00007ffd9396d000 	C:\Windows\SYSTEM32\dhcpcsvc.DLL
0x00007ffd9b730000 - 0x00007ffd9b7fa000 	C:\Windows\SYSTEM32\DNSAPI.dll

dbghelp: loaded successfully - version: 4.0.5 - missing functions: none
symbol engine: initialized successfully - sym options: 0x614 - pdb path: .;C:\Program Files\JetBrains\IntelliJ IDEA Community Edition 2021.3.2\jbr\bin;C:\Windows\SYSTEM32;C:\Windows\WinSxS\amd64_microsoft.windows.common-controls_6595b64144ccf1df_6.0.19041.1110_none_60b5254171f9507e;C:\Program Files\JetBrains\IntelliJ IDEA Community Edition 2021.3.2\jbr\bin\server;C:\Users\trust\.gradle\native\8bec1ad78214c89d9ad589b4d07fe93259594b29d510b10fafb7a158f7737e5d\windows-amd64;C:\Users\trust\.gradle\native\53dbd7edfb1c66fb8903c78663c9afc45aea4f116125fa6feffd364cf09443e8\windows-amd64

VM Arguments:
jvm_args: --add-opens=java.base/java.util=ALL-UNNAMED --add-opens=java.base/java.lang=ALL-UNNAMED --add-opens=java.base/java.lang.invoke=ALL-UNNAMED --add-opens=java.base/java.util=ALL-UNNAMED --add-opens=java.prefs/java.util.prefs=ALL-UNNAMED --add-opens=java.prefs/java.util.prefs=ALL-UNNAMED --add-opens=java.base/java.nio.charset=ALL-UNNAMED --add-opens=java.base/java.net=ALL-UNNAMED --add-opens=java.base/java.util.concurrent.atomic=ALL-UNNAMED -Xmx2048m -Dfile.encoding=UTF-8 -Duser.country=RU -Duser.language=ru -Duser.variant 
java_command: org.gradle.launcher.daemon.bootstrap.GradleDaemon 7.0.2
java_class_path (initial): C:\Users\trust\.gradle\wrapper\dists\gradle-7.0.2-bin\857tjihv64xamwrf0h14cai3r\gradle-7.0.2\lib\gradle-launcher-7.0.2.jar
Launcher Type: SUN_STANDARD

[Global flags]
     intx CICompilerCount                          = 3                                         {product} {ergonomic}
     uint ConcGCThreads                            = 1                                         {product} {ergonomic}
     uint G1ConcRefinementThreads                  = 4                                         {product} {ergonomic}
   size_t G1HeapRegionSize                         = 1048576                                   {product} {ergonomic}
    uintx GCDrainStackTargetSize                   = 64                                        {product} {ergonomic}
   size_t InitialHeapSize                          = 58720256                                  {product} {ergonomic}
   size_t MarkStackSize                            = 4194304                                   {product} {ergonomic}
   size_t MaxHeapSize                              = 2147483648                                {product} {command line}
   size_t MaxNewSize                               = 1287651328                                {product} {ergonomic}
   size_t MinHeapDeltaBytes                        = 1048576                                   {product} {ergonomic}
    uintx NonNMethodCodeHeapSize                   = 5830732                                {pd product} {ergonomic}
    uintx NonProfiledCodeHeapSize                  = 122913754                              {pd product} {ergonomic}
    uintx ProfiledCodeHeapSize                     = 122913754                              {pd product} {ergonomic}
    uintx ReservedCodeCacheSize                    = 251658240                              {pd product} {ergonomic}
     bool SegmentedCodeCache                       = true                                      {product} {ergonomic}
     bool UseCompressedClassPointers               = true                                 {lp64_product} {ergonomic}
     bool UseCompressedOops                        = true                                 {lp64_product} {ergonomic}
     bool UseG1GC                                  = true                                      {product} {ergonomic}
     bool UseLargePagesIndividualAllocation        = false                                  {pd product} {ergonomic}

Logging:
Log output configuration:
 #0: stdout all=warning uptime,level,tags
 #1: stderr all=off uptime,level,tags

Environment Variables:
PATH=C:\Windows\system32;C:\Windows;C:\Windows\System32\Wbem;C:\Windows\System32\WindowsPowerShell\v1.0\;C:\Windows\System32\OpenSSH\;C:\Program Files\Git\cmd;C:\Users\trust\AppData\Local\Microsoft\WindowsApps;C:\Gradle\gradle-6.9.3\bin;
USERNAME=trust
OS=Windows_NT
PROCESSOR_IDENTIFIER=AMD64 Family 23 Model 24 Stepping 1, AuthenticAMD



---------------  S Y S T E M  ---------------

OS: Windows 10 , 64 bit Build 19041 (10.0.19041.1889)
OS uptime: 4 days 22:30 hours

CPU:total 4 (initial active 4) (4 cores per cpu, 2 threads per core) family 23 model 24 stepping 1 microcode 0x0, cmov, cx8, fxsr, mmx, sse, sse2, sse3, ssse3, sse4.1, sse4.2, popcnt, avx, avx2, aes, clmul, mmxext, 3dnowpref, lzcnt, sse4a, ht, tsc, tscinvbit, tscinv, bmi1, bmi2, adx, sha, fma

Memory: 4k page, system-wide physical 3500M (160M free)
TotalPageFile size 14252M (AvailPageFile size 9M)
current process WorkingSet (physical memory assigned to process): 173M, peak: 269M
current process commit charge ("private bytes"): 554M, peak: 559M

vm_info: OpenJDK 64-Bit Server VM (11.0.13+7-b1751.25) for windows-amd64 JRE (11.0.13+7-b1751.25), built on Jan 13 2022 20:47:27 by "" with MS VC++ 14.0 (VS2015)

END.
