#
# There is insufficient memory for the Java Runtime Environment to continue.
# Native memory allocation (mmap) failed to map 70254592 bytes for Failed to commit area from 0x0000000097f00000 to 0x000000009c200000 of length 70254592.
# Possible reasons:
#   The system is out of physical RAM or swap space
#   The process is running with CompressedOops enabled, and the Java Heap may be blocking the growth of the native heap
# Possible solutions:
#   Reduce memory load on the system
#   Increase physical memory or swap space
#   Check if swap backing store is full
#   Decrease Java heap size (-Xmx/-Xms)
#   Decrease number of Java threads
#   Decrease Java thread stack sizes (-Xss)
#   Set larger code cache with -XX:ReservedCodeCacheSize=
#   JVM is running with Unscaled Compressed Oops mode in which the Java heap is
#     placed in the first 4GB address space. The Java Heap base address is the
#     maximum limit for the native heap growth. Please use -XX:HeapBaseMinAddress
#     to set the Java Heap base and to place the Java Heap above 4GB virtual address.
# This output file may be truncated or incomplete.
#
#  Out of Memory Error (./src/hotspot/os/windows/os_windows.cpp:3619), pid=7648, tid=3868
#
# JRE version: OpenJDK Runtime Environment JBR-11.0.13.7-1751.25-jcef (11.0.13+7) (build 11.0.13+7-b1751.25)
# Java VM: OpenJDK 64-Bit Server VM JBR-11.0.13.7-1751.25-jcef (11.0.13+7-b1751.25, mixed mode, tiered, compressed oops, g1 gc, windows-amd64)
# No core dump will be written. Minidumps are not enabled by default on client versions of Windows
#

---------------  S U M M A R Y ------------

Command Line: --add-opens=java.base/java.util=ALL-UNNAMED --add-opens=java.base/java.lang=ALL-UNNAMED --add-opens=java.base/java.lang.invoke=ALL-UNNAMED --add-opens=java.base/java.util=ALL-UNNAMED --add-opens=java.prefs/java.util.prefs=ALL-UNNAMED --add-opens=java.prefs/java.util.prefs=ALL-UNNAMED --add-opens=java.base/java.nio.charset=ALL-UNNAMED --add-opens=java.base/java.net=ALL-UNNAMED --add-opens=java.base/java.util.concurrent.atomic=ALL-UNNAMED -Xmx2048m -Dfile.encoding=UTF-8 -Duser.country=RU -Duser.language=ru -Duser.variant org.gradle.launcher.daemon.bootstrap.GradleDaemon 7.0.2

Host: AMD Athlon 300U with Radeon Vega Mobile Gfx    , 4 cores, 3G,  Windows 10 , 64 bit Build 19041 (10.0.19041.1889)
Time: Sun Oct 30 15:39:19 2022 RTZ 2 (зима) elapsed time: 2259.389675 seconds (0d 0h 37m 39s)

---------------  T H R E A D  ---------------

Current thread (0x00000256d28b6800):  VMThread "VM Thread" [stack: 0x0000006754700000,0x0000006754800000] [id=3868]

Stack: [0x0000006754700000,0x0000006754800000]
[error occurred during error reporting (printing stack bounds), id 0xc0000005, EXCEPTION_ACCESS_VIOLATION (0xc0000005) at pc=0x00000256bb88112d]

Native frames: (J=compiled Java code, j=interpreted, Vv=VM code, C=native code)
V  [jvm.dll+0x613daa]
V  [jvm.dll+0x799b30]
V  [jvm.dll+0x79b14d]
V  [jvm.dll+0x79b785]
V  [jvm.dll+0x79b73b]
V  [jvm.dll+0x612ed4]
V  [jvm.dll+0x613668]
C  [ntdll.dll+0xa241f]
C  [ntdll.dll+0x514a4]
C  [ntdll.dll+0xa0f4e]
C  0x00000256bb88112d

VM_Operation (0x00000067570f8cc0): G1CollectForAllocation, mode: safepoint, requested by thread 0x00000256d4ced000


---------------  P R O C E S S  ---------------

Threads class SMR info:
_java_thread_list=0x00000256d9586950, length=51, elements={
0x00000256b7c09800, 0x00000256d28ba000, 0x00000256d28bd800, 0x00000256d28da000,
0x00000256d28dc000, 0x00000256d28dd000, 0x00000256d2923000, 0x00000256d292d000,
0x00000256d293c000, 0x00000256d2bf2000, 0x00000256d4365800, 0x00000256d3cf4800,
0x00000256d3d81800, 0x00000256d4fed800, 0x00000256d4ff4000, 0x00000256d4ff2000,
0x00000256d4fef800, 0x00000256d4fee000, 0x00000256d4ff0800, 0x00000256d4fef000,
0x00000256d4ff1800, 0x00000256d6a39000, 0x00000256d6a36800, 0x00000256d6a33000,
0x00000256d6a41000, 0x00000256d6a37000, 0x00000256d6a34000, 0x00000256d6a3a800,
0x00000256d6a35800, 0x00000256d6a35000, 0x00000256d6a38000, 0x00000256d6a3d000,
0x00000256d6a3c000, 0x00000256d6a3e000, 0x00000256d6a42000, 0x00000256d6a3e800,
0x00000256d6a3f800, 0x00000256d6a40000, 0x00000256d4ce6800, 0x00000256d4ce7000,
0x00000256d4ceb000, 0x00000256d4ced000, 0x00000256d4ce8800, 0x00000256d4ce8000,
0x00000256d4ce9800, 0x00000256d4cea800, 0x00000256d4cec000, 0x00000256dac02000,
0x00000256dac05000, 0x00000256dac03800, 0x00000256dac01000
}

Java Threads: ( => current thread )
  0x00000256b7c09800 JavaThread "main" [_thread_blocked, id=7384, stack(0x0000006754100000,0x0000006754200000)]
  0x00000256d28ba000 JavaThread "Reference Handler" daemon [_thread_blocked, id=7192, stack(0x0000006754800000,0x0000006754900000)]
  0x00000256d28bd800 JavaThread "Finalizer" daemon [_thread_blocked, id=10000, stack(0x0000006754900000,0x0000006754a00000)]
  0x00000256d28da000 JavaThread "Signal Dispatcher" daemon [_thread_blocked, id=12020, stack(0x0000006754a00000,0x0000006754b00000)]
  0x00000256d28dc000 JavaThread "Attach Listener" daemon [_thread_blocked, id=7716, stack(0x0000006754b00000,0x0000006754c00000)]
  0x00000256d28dd000 JavaThread "Service Thread" daemon [_thread_blocked, id=10112, stack(0x0000006754c00000,0x0000006754d00000)]
  0x00000256d2923000 JavaThread "C2 CompilerThread0" daemon [_thread_in_native, id=5212, stack(0x0000006754d00000,0x0000006754e00000)]
  0x00000256d292d000 JavaThread "C1 CompilerThread0" daemon [_thread_blocked, id=12076, stack(0x0000006754e00000,0x0000006754f00000)]
  0x00000256d293c000 JavaThread "Sweeper thread" daemon [_thread_blocked, id=7404, stack(0x0000006754f00000,0x0000006755000000)]
  0x00000256d2bf2000 JavaThread "Common-Cleaner" daemon [_thread_blocked, id=11812, stack(0x0000006755000000,0x0000006755100000)]
  0x00000256d4365800 JavaThread "Daemon health stats" [_thread_blocked, id=11312, stack(0x0000006755300000,0x0000006755400000)]
  0x00000256d3cf4800 JavaThread "Incoming local TCP Connector on port 52399" [_thread_in_native, id=8548, stack(0x0000006755400000,0x0000006755500000)]
  0x00000256d3d81800 JavaThread "Daemon periodic checks" [_thread_blocked, id=10676, stack(0x0000006755500000,0x0000006755600000)]
  0x00000256d4fed800 JavaThread "Cache worker for file hash cache (C:\Users\trust\.gradle\caches\7.0.2\fileHashes)" [_thread_blocked, id=2416, stack(0x0000006755f00000,0x0000006756000000)]
  0x00000256d4ff4000 JavaThread "File lock request listener" [_thread_in_native, id=3432, stack(0x0000006756000000,0x0000006756100000)]
  0x00000256d4ff2000 JavaThread "Cache worker for journal cache (C:\Users\trust\.gradle\caches\journal-1)" [_thread_blocked, id=7832, stack(0x0000006756100000,0x0000006756200000)]
  0x00000256d4fef800 JavaThread "File watcher server" daemon [_thread_blocked, id=6072, stack(0x0000006756300000,0x0000006756400000)]
  0x00000256d4fee000 JavaThread "File watcher consumer" daemon [_thread_blocked, id=11388, stack(0x0000006756400000,0x0000006756500000)]
  0x00000256d4ff0800 JavaThread "jar transforms" [_thread_blocked, id=1500, stack(0x0000006756500000,0x0000006756600000)]
  0x00000256d4fef000 JavaThread "jar transforms Thread 2" [_thread_blocked, id=5256, stack(0x0000006756600000,0x0000006756700000)]
  0x00000256d4ff1800 JavaThread "jar transforms Thread 3" [_thread_blocked, id=2276, stack(0x0000006756700000,0x0000006756800000)]
  0x00000256d6a39000 JavaThread "jar transforms Thread 4" [_thread_blocked, id=5800, stack(0x0000006756800000,0x0000006756900000)]
  0x00000256d6a36800 JavaThread "Cache worker for execution history cache (C:\Users\trust\.gradle\caches\7.0.2\executionHistory)" [_thread_blocked, id=5948, stack(0x0000006756c00000,0x0000006756d00000)]
  0x00000256d6a33000 JavaThread "Cache worker for file content cache (C:\Users\trust\.gradle\caches\7.0.2\fileContent)" [_thread_blocked, id=8304, stack(0x0000006756d00000,0x0000006756e00000)]
  0x00000256d6a41000 JavaThread "Memory manager" [_thread_blocked, id=6632, stack(0x0000006757400000,0x0000006757500000)]
  0x00000256d6a37000 JavaThread "Daemon Thread 3" [_thread_blocked, id=12080, stack(0x0000006753e00000,0x0000006753f00000)]
  0x00000256d6a34000 JavaThread "Handler for socket connection from /127.0.0.1:52399 to /127.0.0.1:52657" [_thread_in_native, id=11368, stack(0x0000006753f00000,0x0000006754000000)]
  0x00000256d6a3a800 JavaThread "Cancel handler" [_thread_blocked, id=10664, stack(0x0000006754000000,0x0000006754100000)]
  0x00000256d6a35800 JavaThread "Daemon worker Thread 3" [_thread_blocked, id=11972, stack(0x0000006755600000,0x0000006755700000)]
  0x00000256d6a35000 JavaThread "Asynchronous log dispatcher for DefaultDaemonConnection: socket connection from /127.0.0.1:52399 to /127.0.0.1:52657" [_thread_blocked, id=6092, stack(0x0000006755700000,0x0000006755800000)]
  0x00000256d6a38000 JavaThread "Stdin handler" [_thread_blocked, id=8692, stack(0x0000006755800000,0x0000006755900000)]
  0x00000256d6a3d000 JavaThread "Daemon client event forwarder" [_thread_blocked, id=7764, stack(0x0000006755900000,0x0000006755a00000)]
  0x00000256d6a3c000 JavaThread "Cache worker for file hash cache (C:\Users\trust\IdeaProjects\MyApplicationExcel1\.gradle\7.0.2\fileHashes)" [_thread_blocked, id=10536, stack(0x0000006755a00000,0x0000006755b00000)]
  0x00000256d6a3e000 JavaThread "Cache worker for checksums cache (C:\Users\trust\IdeaProjects\MyApplicationExcel1\.gradle\checksums)" [_thread_blocked, id=896, stack(0x0000006755b00000,0x0000006755c00000)]
  0x00000256d6a42000 JavaThread "Cache worker for cache directory md-supplier (C:\Users\trust\.gradle\caches\7.0.2\md-supplier)" [_thread_blocked, id=6420, stack(0x0000006755c00000,0x0000006755d00000)]
  0x00000256d6a3e800 JavaThread "Cache worker for cache directory md-rule (C:\Users\trust\.gradle\caches\7.0.2\md-rule)" [_thread_blocked, id=1656, stack(0x0000006756200000,0x0000006756300000)]
  0x00000256d6a3f800 JavaThread "Cache worker for dependencies-accessors (C:\Users\trust\IdeaProjects\MyApplicationExcel1\.gradle\7.0.2\dependencies-accessors)" [_thread_blocked, id=9112, stack(0x0000006756900000,0x0000006756a00000)]
  0x00000256d6a40000 JavaThread "Cache worker for Build Output Cleanup Cache (C:\Users\trust\IdeaProjects\MyApplicationExcel1\.gradle\buildOutputCleanup)" [_thread_blocked, id=12248, stack(0x0000006756a00000,0x0000006756b00000)]
  0x00000256d4ce6800 JavaThread "Build operations" [_thread_blocked, id=5468, stack(0x0000006756b00000,0x0000006756c00000)]
  0x00000256d4ce7000 JavaThread "Build operations Thread 2" [_thread_blocked, id=2040, stack(0x0000006756e00000,0x0000006756f00000)]
  0x00000256d4ceb000 JavaThread "Build operations Thread 3" [_thread_blocked, id=12072, stack(0x0000006756f00000,0x0000006757000000)]
  0x00000256d4ced000 JavaThread "Build operations Thread 4" [_thread_blocked, id=4464, stack(0x0000006757000000,0x0000006757100000)]
  0x00000256d4ce8800 JavaThread "build event listener" [_thread_blocked, id=10196, stack(0x0000006757100000,0x0000006757200000)]
  0x00000256d4ce8000 JavaThread "Execution worker for ':'" [_thread_blocked, id=7784, stack(0x0000006757200000,0x0000006757300000)]
  0x00000256d4ce9800 JavaThread "Execution worker for ':' Thread 2" [_thread_blocked, id=4100, stack(0x0000006757300000,0x0000006757400000)]
  0x00000256d4cea800 JavaThread "Execution worker for ':' Thread 3" [_thread_blocked, id=5988, stack(0x0000006757500000,0x0000006757600000)]
  0x00000256d4cec000 JavaThread "Cache worker for execution history cache (C:\Users\trust\IdeaProjects\MyApplicationExcel1\.gradle\7.0.2\executionHistory)" [_thread_blocked, id=3212, stack(0x0000006757600000,0x0000006757700000)]
  0x00000256dac02000 JavaThread "WorkerExecutor Queue" [_thread_blocked, id=12044, stack(0x0000006757700000,0x0000006757800000)]
  0x00000256dac05000 JavaThread "WorkerExecutor Queue Thread 2" [_thread_blocked, id=7884, stack(0x0000006757900000,0x0000006757a00000)]
  0x00000256dac03800 JavaThread "WorkerExecutor Queue Thread 3" [_thread_blocked, id=8728, stack(0x0000006757a00000,0x0000006757b00000)]
  0x00000256dac01000 JavaThread "WorkerExecutor Queue Thread 4" [_thread_blocked, id=9544, stack(0x0000006757b00000,0x0000006757c00000)]

Other Threads:
=>0x00000256d28b6800 VMThread "VM Thread" [stack: 0x0000006754700000,0x0000006754800000] [id=3868]
  0x00000256d2bf8000 WatcherThread [stack: 0x0000006755100000,0x0000006755200000] [id=4444]
  0x00000256b7c22800 GCTaskThread "GC Thread#0" [stack: 0x0000006754200000,0x0000006754300000] [id=12008]
  0x00000256d3394000 GCTaskThread "GC Thread#1" [stack: 0x0000006755200000,0x0000006755300000] [id=12192]
  0x00000256d3a6e800 GCTaskThread "GC Thread#2" [stack: 0x0000006755d00000,0x0000006755e00000] [id=10468]
  0x00000256d4289800 GCTaskThread "GC Thread#3" [stack: 0x0000006755e00000,0x0000006755f00000] [id=11792]
  0x00000256b7c56000 ConcurrentGCThread "G1 Main Marker" [stack: 0x0000006754300000,0x0000006754400000] [id=8240]
  0x00000256b7c57000 ConcurrentGCThread "G1 Conc#0" [stack: 0x0000006754400000,0x0000006754500000] [id=1504]
  0x00000256b7c9f000 ConcurrentGCThread "G1 Refine#0" [stack: 0x0000006754500000,0x0000006754600000] [id=11800]
  0x00000256b7ca0000 ConcurrentGCThread "G1 Young RemSet Sampling" [stack: 0x0000006754600000,0x0000006754700000] [id=3736]

Threads with active compile tasks:
C2 CompilerThread02259527 22656 %     4       com.android.tools.r8.ir.regalloc.a::a @ 2121 (3985 bytes)

VM state:at safepoint (normal execution)

VM Mutex/Monitor currently owned by a thread:  ([mutex/lock_event])
[0x00000256b7c066c0] Threads_lock - owner thread: 0x00000256d28b6800
[0x00000256b7c06240] Heap_lock - owner thread: 0x00000256d4ced000

Heap address: 0x0000000080000000, size: 2048 MB, Compressed Oops mode: 32-bit
Narrow klass base: 0x0000000000000000, Narrow klass shift: 3
Compressed class space size: 1073741824 Address: 0x0000000100000000

Heap:
 garbage-first heap   total 460800K, used 210089K [0x0000000080000000, 0x0000000100000000)
  region size 1024K, 8 young (8192K), 8 survivors (8192K)
 Metaspace       used 131124K, capacity 134877K, committed 135216K, reserved 1167360K
  class space    used 16370K, capacity 17729K, committed 17792K, reserved 1048576K
Heap Regions: E=young(eden), S=young(survivor), O=old, HS=humongous(starts), HC=humongous(continues), CS=collection set, F=free, A=archive, TAMS=top-at-mark-start (previous, next)
|   0|0x0000000080000000, 0x0000000080100000, 0x0000000080100000|100%| O|  |TAMS 0x0000000080100000, 0x0000000080000000| Untracked 
|   1|0x0000000080100000, 0x0000000080200000, 0x0000000080200000|100%| O|  |TAMS 0x0000000080200000, 0x0000000080100000| Untracked 
|   2|0x0000000080200000, 0x0000000080300000, 0x0000000080300000|100%| O|  |TAMS 0x0000000080300000, 0x0000000080200000| Untracked 
|   3|0x0000000080300000, 0x0000000080400000, 0x0000000080400000|100%|HS|  |TAMS 0x0000000080400000, 0x0000000080300000| Complete 
|   4|0x0000000080400000, 0x0000000080500000, 0x0000000080500000|100%|HC|  |TAMS 0x0000000080500000, 0x0000000080400000| Complete 
|   5|0x0000000080500000, 0x0000000080600000, 0x0000000080600000|100%|HC|  |TAMS 0x0000000080600000, 0x0000000080500000| Complete 
|   6|0x0000000080600000, 0x0000000080700000, 0x0000000080700000|100%| O|  |TAMS 0x0000000080700000, 0x0000000080600000| Untracked 
|   7|0x0000000080700000, 0x0000000080800000, 0x0000000080800000|100%| O|  |TAMS 0x0000000080800000, 0x0000000080700000| Untracked 
|   8|0x0000000080800000, 0x0000000080900000, 0x0000000080900000|100%| O|  |TAMS 0x0000000080900000, 0x0000000080800000| Untracked 
|   9|0x0000000080900000, 0x0000000080a00000, 0x0000000080a00000|100%| O|  |TAMS 0x0000000080a00000, 0x0000000080900000| Untracked 
|  10|0x0000000080a00000, 0x0000000080b00000, 0x0000000080b00000|100%| O|  |TAMS 0x0000000080b00000, 0x0000000080a00000| Untracked 
|  11|0x0000000080b00000, 0x0000000080c00000, 0x0000000080c00000|100%| O|  |TAMS 0x0000000080c00000, 0x0000000080b00000| Untracked 
|  12|0x0000000080c00000, 0x0000000080d00000, 0x0000000080d00000|100%| O|  |TAMS 0x0000000080d00000, 0x0000000080c00000| Untracked 
|  13|0x0000000080d00000, 0x0000000080e00000, 0x0000000080e00000|100%| O|  |TAMS 0x0000000080e00000, 0x0000000080d00000| Complete 
|  14|0x0000000080e00000, 0x0000000080f00000, 0x0000000080f00000|100%| O|  |TAMS 0x0000000080f00000, 0x0000000080e00000| Complete 
|  15|0x0000000080f00000, 0x0000000081000000, 0x0000000081000000|100%| O|  |TAMS 0x0000000081000000, 0x0000000080f00000| Complete 
|  16|0x0000000081000000, 0x0000000081100000, 0x0000000081100000|100%|HS|  |TAMS 0x0000000081100000, 0x0000000081000000| Complete 
|  17|0x0000000081100000, 0x0000000081200000, 0x0000000081200000|100%|HC|  |TAMS 0x0000000081200000, 0x0000000081100000| Complete 
|  18|0x0000000081200000, 0x0000000081300000, 0x0000000081300000|100%|HS|  |TAMS 0x0000000081300000, 0x0000000081200000| Complete 
|  19|0x0000000081300000, 0x0000000081400000, 0x0000000081400000|100%|HC|  |TAMS 0x0000000081400000, 0x0000000081300000| Complete 
|  20|0x0000000081400000, 0x0000000081500000, 0x0000000081500000|100%|HC|  |TAMS 0x0000000081500000, 0x0000000081400000| Complete 
|  21|0x0000000081500000, 0x0000000081600000, 0x0000000081600000|100%|HS|  |TAMS 0x0000000081600000, 0x0000000081500000| Complete 
|  22|0x0000000081600000, 0x0000000081700000, 0x0000000081700000|100%|HC|  |TAMS 0x0000000081700000, 0x0000000081600000| Complete 
|  23|0x0000000081700000, 0x0000000081800000, 0x0000000081800000|100%|HC|  |TAMS 0x0000000081800000, 0x0000000081700000| Complete 
|  24|0x0000000081800000, 0x0000000081900000, 0x0000000081900000|100%|HS|  |TAMS 0x0000000081900000, 0x0000000081800000| Complete 
|  25|0x0000000081900000, 0x0000000081a00000, 0x0000000081a00000|100%|HC|  |TAMS 0x0000000081a00000, 0x0000000081900000| Complete 
|  26|0x0000000081a00000, 0x0000000081b00000, 0x0000000081b00000|100%|HC|  |TAMS 0x0000000081b00000, 0x0000000081a00000| Complete 
|  27|0x0000000081b00000, 0x0000000081c00000, 0x0000000081c00000|100%|HC|  |TAMS 0x0000000081c00000, 0x0000000081b00000| Complete 
|  28|0x0000000081c00000, 0x0000000081d00000, 0x0000000081d00000|100%|HC|  |TAMS 0x0000000081d00000, 0x0000000081c00000| Complete 
|  29|0x0000000081d00000, 0x0000000081e00000, 0x0000000081e00000|100%|HS|  |TAMS 0x0000000081e00000, 0x0000000081d00000| Complete 
|  30|0x0000000081e00000, 0x0000000081f00000, 0x0000000081f00000|100%| O|  |TAMS 0x0000000081f00000, 0x0000000081e00000| Complete 
|  31|0x0000000081f00000, 0x0000000082000000, 0x0000000082000000|100%|HS|  |TAMS 0x0000000082000000, 0x0000000081f00000| Complete 
|  32|0x0000000082000000, 0x0000000082100000, 0x0000000082100000|100%| O|  |TAMS 0x0000000082100000, 0x0000000082000000| Untracked 
|  33|0x0000000082100000, 0x0000000082200000, 0x0000000082200000|100%| O|  |TAMS 0x0000000082200000, 0x0000000082100000| Untracked 
|  34|0x0000000082200000, 0x0000000082300000, 0x0000000082300000|100%| O|  |TAMS 0x0000000082300000, 0x0000000082200000| Complete 
|  35|0x0000000082300000, 0x0000000082400000, 0x0000000082400000|100%| O|  |TAMS 0x0000000082400000, 0x0000000082300000| Complete 
|  36|0x0000000082400000, 0x0000000082500000, 0x0000000082500000|100%|HS|  |TAMS 0x0000000082500000, 0x0000000082400000| Complete 
|  37|0x0000000082500000, 0x0000000082600000, 0x0000000082600000|100%|HC|  |TAMS 0x0000000082600000, 0x0000000082500000| Complete 
|  38|0x0000000082600000, 0x0000000082700000, 0x0000000082700000|100%|HC|  |TAMS 0x0000000082700000, 0x0000000082600000| Complete 
|  39|0x0000000082700000, 0x0000000082800000, 0x0000000082800000|100%|HC|  |TAMS 0x0000000082800000, 0x0000000082700000| Complete 
|  40|0x0000000082800000, 0x0000000082900000, 0x0000000082900000|100%| O|  |TAMS 0x0000000082900000, 0x0000000082800000| Untracked 
|  41|0x0000000082900000, 0x0000000082a00000, 0x0000000082a00000|100%| O|  |TAMS 0x0000000082a00000, 0x0000000082900000| Complete 
|  42|0x0000000082a00000, 0x0000000082b00000, 0x0000000082b00000|100%| O|  |TAMS 0x0000000082b00000, 0x0000000082a00000| Complete 
|  43|0x0000000082b00000, 0x0000000082c00000, 0x0000000082c00000|100%| O|  |TAMS 0x0000000082c00000, 0x0000000082b00000| Complete 
|  44|0x0000000082c00000, 0x0000000082d00000, 0x0000000082d00000|100%| O|  |TAMS 0x0000000082d00000, 0x0000000082c00000| Untracked 
|  45|0x0000000082d00000, 0x0000000082e00000, 0x0000000082e00000|100%| O|  |TAMS 0x0000000082e00000, 0x0000000082d00000| Complete 
|  46|0x0000000082e00000, 0x0000000082f00000, 0x0000000082f00000|100%| O|  |TAMS 0x0000000082f00000, 0x0000000082e00000| Complete 
|  47|0x0000000082f00000, 0x0000000083000000, 0x0000000083000000|100%| O|  |TAMS 0x0000000083000000, 0x0000000082f00000| Complete 
|  48|0x0000000083000000, 0x0000000083100000, 0x0000000083100000|100%| O|  |TAMS 0x0000000083100000, 0x0000000083000000| Untracked 
|  49|0x0000000083100000, 0x0000000083200000, 0x0000000083200000|100%| O|  |TAMS 0x0000000083200000, 0x0000000083100000| Untracked 
|  50|0x0000000083200000, 0x0000000083300000, 0x0000000083300000|100%|HS|  |TAMS 0x0000000083300000, 0x0000000083200000| Complete 
|  51|0x0000000083300000, 0x0000000083400000, 0x0000000083400000|100%|HC|  |TAMS 0x0000000083400000, 0x0000000083300000| Complete 
|  52|0x0000000083400000, 0x0000000083500000, 0x0000000083500000|100%|HC|  |TAMS 0x0000000083500000, 0x0000000083400000| Complete 
|  53|0x0000000083500000, 0x0000000083600000, 0x0000000083600000|100%|HC|  |TAMS 0x0000000083600000, 0x0000000083500000| Complete 
|  54|0x0000000083600000, 0x0000000083700000, 0x0000000083700000|100%|HS|  |TAMS 0x0000000083700000, 0x0000000083600000| Complete 
|  55|0x0000000083700000, 0x0000000083800000, 0x0000000083800000|100%|HC|  |TAMS 0x0000000083800000, 0x0000000083700000| Complete 
|  56|0x0000000083800000, 0x0000000083900000, 0x0000000083900000|100%|HC|  |TAMS 0x0000000083900000, 0x0000000083800000| Complete 
|  57|0x0000000083900000, 0x0000000083a00000, 0x0000000083a00000|100%|HS|  |TAMS 0x0000000083a00000, 0x0000000083900000| Complete 
|  58|0x0000000083a00000, 0x0000000083b00000, 0x0000000083b00000|100%|HC|  |TAMS 0x0000000083b00000, 0x0000000083a00000| Complete 
|  59|0x0000000083b00000, 0x0000000083c00000, 0x0000000083c00000|100%|HC|  |TAMS 0x0000000083c00000, 0x0000000083b00000| Complete 
|  60|0x0000000083c00000, 0x0000000083d00000, 0x0000000083d00000|100%|HS|  |TAMS 0x0000000083d00000, 0x0000000083c00000| Complete 
|  61|0x0000000083d00000, 0x0000000083e00000, 0x0000000083e00000|100%|HC|  |TAMS 0x0000000083e00000, 0x0000000083d00000| Complete 
|  62|0x0000000083e00000, 0x0000000083f00000, 0x0000000083f00000|100%| O|  |TAMS 0x0000000083f00000, 0x0000000083e00000| Complete 
|  63|0x0000000083f00000, 0x0000000084000000, 0x0000000084000000|100%| O|  |TAMS 0x0000000084000000, 0x0000000083f00000| Untracked 
|  64|0x0000000084000000, 0x0000000084100000, 0x0000000084100000|100%|HS|  |TAMS 0x0000000084100000, 0x0000000084000000| Complete 
|  65|0x0000000084100000, 0x0000000084200000, 0x0000000084200000|100%|HC|  |TAMS 0x0000000084200000, 0x0000000084100000| Complete 
|  66|0x0000000084200000, 0x0000000084300000, 0x0000000084300000|100%|HC|  |TAMS 0x0000000084300000, 0x0000000084200000| Complete 
|  67|0x0000000084300000, 0x0000000084400000, 0x0000000084400000|100%|HC|  |TAMS 0x0000000084400000, 0x0000000084300000| Complete 
|  68|0x0000000084400000, 0x0000000084500000, 0x0000000084500000|100%|HC|  |TAMS 0x0000000084500000, 0x0000000084400000| Complete 
|  69|0x0000000084500000, 0x0000000084600000, 0x0000000084600000|100%| O|  |TAMS 0x0000000084600000, 0x0000000084500000| Complete 
|  70|0x0000000084600000, 0x0000000084700000, 0x0000000084700000|100%| O|  |TAMS 0x0000000084700000, 0x0000000084600000| Complete 
|  71|0x0000000084700000, 0x0000000084800000, 0x0000000084800000|100%| O|  |TAMS 0x0000000084800000, 0x0000000084700000| Complete 
|  72|0x0000000084800000, 0x0000000084900000, 0x0000000084900000|100%| O|  |TAMS 0x0000000084900000, 0x0000000084800000| Complete 
|  73|0x0000000084900000, 0x0000000084a00000, 0x0000000084a00000|100%| O|  |TAMS 0x0000000084a00000, 0x0000000084900000| Complete 
|  74|0x0000000084a00000, 0x0000000084b00000, 0x0000000084b00000|100%|HS|  |TAMS 0x0000000084b00000, 0x0000000084a00000| Complete 
|  75|0x0000000084b00000, 0x0000000084c00000, 0x0000000084c00000|100%|HS|  |TAMS 0x0000000084c00000, 0x0000000084b00000| Complete 
|  76|0x0000000084c00000, 0x0000000084d00000, 0x0000000084d00000|100%|HS|  |TAMS 0x0000000084d00000, 0x0000000084c00000| Complete 
|  77|0x0000000084d00000, 0x0000000084e00000, 0x0000000084e00000|100%|HS|  |TAMS 0x0000000084e00000, 0x0000000084d00000| Complete 
|  78|0x0000000084e00000, 0x0000000084f00000, 0x0000000084f00000|100%|HC|  |TAMS 0x0000000084f00000, 0x0000000084e00000| Complete 
|  79|0x0000000084f00000, 0x0000000085000000, 0x0000000085000000|100%|HC|  |TAMS 0x0000000085000000, 0x0000000084f00000| Complete 
|  80|0x0000000085000000, 0x0000000085100000, 0x0000000085100000|100%|HC|  |TAMS 0x0000000085100000, 0x0000000085000000| Complete 
|  81|0x0000000085100000, 0x0000000085200000, 0x0000000085200000|100%| O|  |TAMS 0x0000000085200000, 0x0000000085100000| Complete 
|  82|0x0000000085200000, 0x0000000085300000, 0x0000000085300000|100%| O|  |TAMS 0x0000000085300000, 0x0000000085200000| Complete 
|  83|0x0000000085300000, 0x0000000085400000, 0x0000000085400000|100%| O|  |TAMS 0x0000000085400000, 0x0000000085300000| Untracked 
|  84|0x0000000085400000, 0x0000000085500000, 0x0000000085500000|100%|HS|  |TAMS 0x0000000085500000, 0x0000000085400000| Complete 
|  85|0x0000000085500000, 0x0000000085600000, 0x0000000085600000|100%|HC|  |TAMS 0x0000000085600000, 0x0000000085500000| Complete 
|  86|0x0000000085600000, 0x0000000085700000, 0x0000000085700000|100%| O|  |TAMS 0x0000000085700000, 0x0000000085600000| Untracked 
|  87|0x0000000085700000, 0x0000000085800000, 0x0000000085800000|100%| O|  |TAMS 0x0000000085800000, 0x0000000085700000| Untracked 
|  88|0x0000000085800000, 0x0000000085900000, 0x0000000085900000|100%| O|  |TAMS 0x0000000085900000, 0x0000000085800000| Untracked 
|  89|0x0000000085900000, 0x0000000085a00000, 0x0000000085a00000|100%| O|  |TAMS 0x0000000085a00000, 0x0000000085900000| Untracked 
|  90|0x0000000085a00000, 0x0000000085b00000, 0x0000000085b00000|100%| O|  |TAMS 0x0000000085b00000, 0x0000000085a00000| Untracked 
|  91|0x0000000085b00000, 0x0000000085c00000, 0x0000000085c00000|100%| O|  |TAMS 0x0000000085c00000, 0x0000000085b00000| Complete 
|  92|0x0000000085c00000, 0x0000000085d00000, 0x0000000085d00000|100%| O|  |TAMS 0x0000000085d00000, 0x0000000085c00000| Complete 
|  93|0x0000000085d00000, 0x0000000085e00000, 0x0000000085e00000|100%| O|  |TAMS 0x0000000085e00000, 0x0000000085d00000| Complete 
|  94|0x0000000085e00000, 0x0000000085f00000, 0x0000000085f00000|100%| O|  |TAMS 0x0000000085f00000, 0x0000000085e00000| Complete 
|  95|0x0000000085f00000, 0x0000000085f75600, 0x0000000086000000| 45%| O|  |TAMS 0x0000000085f75600, 0x0000000085f00000| Untracked 
|  96|0x0000000086000000, 0x0000000086100000, 0x0000000086100000|100%| O|  |TAMS 0x0000000086100000, 0x0000000086000000| Untracked 
|  97|0x0000000086100000, 0x0000000086200000, 0x0000000086200000|100%| O|  |TAMS 0x0000000086200000, 0x0000000086100000| Untracked 
|  98|0x0000000086200000, 0x0000000086300000, 0x0000000086300000|100%| O|  |TAMS 0x0000000086300000, 0x0000000086200000| Complete 
|  99|0x0000000086300000, 0x0000000086400000, 0x0000000086400000|100%| O|  |TAMS 0x0000000086400000, 0x0000000086300000| Complete 
| 100|0x0000000086400000, 0x0000000086500000, 0x0000000086500000|100%| O|  |TAMS 0x0000000086500000, 0x0000000086400000| Complete 
| 101|0x0000000086500000, 0x0000000086600000, 0x0000000086600000|100%|HS|  |TAMS 0x0000000086600000, 0x0000000086500000| Complete 
| 102|0x0000000086600000, 0x0000000086700000, 0x0000000086700000|100%|HC|  |TAMS 0x0000000086700000, 0x0000000086600000| Complete 
| 103|0x0000000086700000, 0x0000000086800000, 0x0000000086800000|100%|HS|  |TAMS 0x0000000086800000, 0x0000000086700000| Complete 
| 104|0x0000000086800000, 0x0000000086900000, 0x0000000086900000|100%|HC|  |TAMS 0x0000000086900000, 0x0000000086800000| Complete 
| 105|0x0000000086900000, 0x0000000086a00000, 0x0000000086a00000|100%|HC|  |TAMS 0x0000000086a00000, 0x0000000086900000| Complete 
| 106|0x0000000086a00000, 0x0000000086b00000, 0x0000000086b00000|100%|HS|  |TAMS 0x0000000086b00000, 0x0000000086a00000| Complete 
| 107|0x0000000086b00000, 0x0000000086c00000, 0x0000000086c00000|100%|HC|  |TAMS 0x0000000086c00000, 0x0000000086b00000| Complete 
| 108|0x0000000086c00000, 0x0000000086d00000, 0x0000000086d00000|100%|HC|  |TAMS 0x0000000086d00000, 0x0000000086c00000| Complete 
| 109|0x0000000086d00000, 0x0000000086e00000, 0x0000000086e00000|100%|HS|  |TAMS 0x0000000086e00000, 0x0000000086d00000| Complete 
| 110|0x0000000086e00000, 0x0000000086f00000, 0x0000000086f00000|100%|HC|  |TAMS 0x0000000086f00000, 0x0000000086e00000| Complete 
| 111|0x0000000086f00000, 0x0000000087000000, 0x0000000087000000|100%|HC|  |TAMS 0x0000000087000000, 0x0000000086f00000| Complete 
| 112|0x0000000087000000, 0x0000000087100000, 0x0000000087100000|100%|HC|  |TAMS 0x0000000087100000, 0x0000000087000000| Complete 
| 113|0x0000000087100000, 0x0000000087200000, 0x0000000087200000|100%|HC|  |TAMS 0x0000000087200000, 0x0000000087100000| Complete 
| 114|0x0000000087200000, 0x0000000087300000, 0x0000000087300000|100%|HS|  |TAMS 0x0000000087300000, 0x0000000087200000| Complete 
| 115|0x0000000087300000, 0x0000000087400000, 0x0000000087400000|100%|HS|  |TAMS 0x0000000087400000, 0x0000000087300000| Complete 
| 116|0x0000000087400000, 0x0000000087500000, 0x0000000087500000|100%|HS|  |TAMS 0x0000000087500000, 0x0000000087400000| Complete 
| 117|0x0000000087500000, 0x0000000087600000, 0x0000000087600000|100%|HC|  |TAMS 0x0000000087600000, 0x0000000087500000| Complete 
| 118|0x0000000087600000, 0x0000000087700000, 0x0000000087700000|100%|HC|  |TAMS 0x0000000087700000, 0x0000000087600000| Complete 
| 119|0x0000000087700000, 0x0000000087800000, 0x0000000087800000|100%|HC|  |TAMS 0x0000000087800000, 0x0000000087700000| Complete 
| 120|0x0000000087800000, 0x0000000087900000, 0x0000000087900000|100%| O|  |TAMS 0x0000000087900000, 0x0000000087800000| Complete 
| 121|0x0000000087900000, 0x0000000087a00000, 0x0000000087a00000|100%| O|  |TAMS 0x0000000087a00000, 0x0000000087900000| Complete 
| 122|0x0000000087a00000, 0x0000000087b00000, 0x0000000087b00000|100%| O|  |TAMS 0x0000000087b00000, 0x0000000087a00000| Complete 
| 123|0x0000000087b00000, 0x0000000087c00000, 0x0000000087c00000|100%| O|  |TAMS 0x0000000087c00000, 0x0000000087b00000| Complete 
| 124|0x0000000087c00000, 0x0000000087d00000, 0x0000000087d00000|100%| O|  |TAMS 0x0000000087d00000, 0x0000000087c00000| Complete 
| 125|0x0000000087d00000, 0x0000000087e00000, 0x0000000087e00000|100%| O|  |TAMS 0x0000000087e00000, 0x0000000087d00000| Untracked 
| 126|0x0000000087e00000, 0x0000000087f00000, 0x0000000087f00000|100%| O|  |TAMS 0x0000000087f00000, 0x0000000087e00000| Untracked 
| 127|0x0000000087f00000, 0x0000000088000000, 0x0000000088000000|100%| O|  |TAMS 0x0000000088000000, 0x0000000087f00000| Complete 
| 128|0x0000000088000000, 0x0000000088100000, 0x0000000088100000|100%| O|  |TAMS 0x0000000088100000, 0x0000000088000000| Complete 
| 129|0x0000000088100000, 0x0000000088200000, 0x0000000088200000|100%| O|  |TAMS 0x0000000088200000, 0x0000000088100000| Untracked 
| 130|0x0000000088200000, 0x0000000088300000, 0x0000000088300000|100%| O|  |TAMS 0x0000000088300000, 0x0000000088200000| Complete 
| 131|0x0000000088300000, 0x0000000088400000, 0x0000000088400000|100%| O|  |TAMS 0x0000000088400000, 0x0000000088300000| Complete 
| 132|0x0000000088400000, 0x0000000088500000, 0x0000000088500000|100%| O|  |TAMS 0x0000000088500000, 0x0000000088400000| Complete 
| 133|0x0000000088500000, 0x0000000088600000, 0x0000000088600000|100%| O|  |TAMS 0x0000000088600000, 0x0000000088500000| Complete 
| 134|0x0000000088600000, 0x0000000088600000, 0x0000000088700000|  0%| F|  |TAMS 0x0000000088600000, 0x0000000088600000| Untracked 
| 135|0x0000000088700000, 0x0000000088800000, 0x0000000088800000|100%| O|  |TAMS 0x0000000088800000, 0x0000000088700000| Complete 
| 136|0x0000000088800000, 0x0000000088800000, 0x0000000088900000|  0%| F|  |TAMS 0x0000000088800000, 0x0000000088800000| Untracked 
| 137|0x0000000088900000, 0x0000000088a00000, 0x0000000088a00000|100%| O|  |TAMS 0x0000000088a00000, 0x0000000088900000| Complete 
| 138|0x0000000088a00000, 0x0000000088b00000, 0x0000000088b00000|100%| O|  |TAMS 0x0000000088b00000, 0x0000000088a00000| Complete 
| 139|0x0000000088b00000, 0x0000000088c00000, 0x0000000088c00000|100%| O|  |TAMS 0x0000000088c00000, 0x0000000088b00000| Complete 
| 140|0x0000000088c00000, 0x0000000088d00000, 0x0000000088d00000|100%| O|  |TAMS 0x0000000088d00000, 0x0000000088c00000| Complete 
| 141|0x0000000088d00000, 0x0000000088e00000, 0x0000000088e00000|100%| O|  |TAMS 0x0000000088e00000, 0x0000000088d00000| Untracked 
| 142|0x0000000088e00000, 0x0000000088f00000, 0x0000000088f00000|100%| O|  |TAMS 0x0000000088f00000, 0x0000000088e00000| Complete 
| 143|0x0000000088f00000, 0x0000000089000000, 0x0000000089000000|100%| O|  |TAMS 0x0000000089000000, 0x0000000088f00000| Complete 
| 144|0x0000000089000000, 0x0000000089100000, 0x0000000089100000|100%| O|  |TAMS 0x0000000089100000, 0x0000000089000000| Complete 
| 145|0x0000000089100000, 0x0000000089200000, 0x0000000089200000|100%| O|  |TAMS 0x0000000089200000, 0x0000000089100000| Untracked 
| 146|0x0000000089200000, 0x0000000089300000, 0x0000000089300000|100%| O|  |TAMS 0x0000000089300000, 0x0000000089200000| Untracked 
| 147|0x0000000089300000, 0x0000000089400000, 0x0000000089400000|100%| O|  |TAMS 0x0000000089400000, 0x0000000089300000| Untracked 
| 148|0x0000000089400000, 0x0000000089500000, 0x0000000089500000|100%| O|  |TAMS 0x0000000089500000, 0x0000000089400000| Untracked 
| 149|0x0000000089500000, 0x0000000089600000, 0x0000000089600000|100%| O|  |TAMS 0x0000000089600000, 0x0000000089500000| Untracked 
| 150|0x0000000089600000, 0x0000000089700000, 0x0000000089700000|100%| O|  |TAMS 0x0000000089700000, 0x0000000089600000| Untracked 
| 151|0x0000000089700000, 0x0000000089800000, 0x0000000089800000|100%| O|  |TAMS 0x0000000089800000, 0x0000000089700000| Untracked 
| 152|0x0000000089800000, 0x0000000089900000, 0x0000000089900000|100%| O|  |TAMS 0x0000000089900000, 0x0000000089800000| Untracked 
| 153|0x0000000089900000, 0x0000000089a00000, 0x0000000089a00000|100%| O|  |TAMS 0x0000000089a00000, 0x0000000089900000| Complete 
| 154|0x0000000089a00000, 0x0000000089b00000, 0x0000000089b00000|100%| O|  |TAMS 0x0000000089b00000, 0x0000000089a00000| Complete 
| 155|0x0000000089b00000, 0x0000000089c00000, 0x0000000089c00000|100%| O|  |TAMS 0x0000000089c00000, 0x0000000089b00000| Complete 
| 156|0x0000000089c00000, 0x0000000089d00000, 0x0000000089d00000|100%| O|  |TAMS 0x0000000089d00000, 0x0000000089c00000| Untracked 
| 157|0x0000000089d00000, 0x0000000089e00000, 0x0000000089e00000|100%| O|  |TAMS 0x0000000089e00000, 0x0000000089d00000| Complete 
| 158|0x0000000089e00000, 0x0000000089f00000, 0x0000000089f00000|100%| O|  |TAMS 0x0000000089f00000, 0x0000000089e00000| Untracked 
| 159|0x0000000089f00000, 0x000000008a000000, 0x000000008a000000|100%| O|  |TAMS 0x000000008a000000, 0x0000000089f00000| Complete 
| 160|0x000000008a000000, 0x000000008a100000, 0x000000008a100000|100%| O|  |TAMS 0x000000008a100000, 0x000000008a000000| Complete 
| 161|0x000000008a100000, 0x000000008a200000, 0x000000008a200000|100%| O|  |TAMS 0x000000008a200000, 0x000000008a100000| Complete 
| 162|0x000000008a200000, 0x000000008a300000, 0x000000008a300000|100%| O|  |TAMS 0x000000008a300000, 0x000000008a200000| Untracked 
| 163|0x000000008a300000, 0x000000008a400000, 0x000000008a400000|100%| O|  |TAMS 0x000000008a400000, 0x000000008a300000| Untracked 
| 164|0x000000008a400000, 0x000000008a500000, 0x000000008a500000|100%| O|  |TAMS 0x000000008a500000, 0x000000008a400000| Untracked 
| 165|0x000000008a500000, 0x000000008a500000, 0x000000008a600000|  0%| F|  |TAMS 0x000000008a500000, 0x000000008a500000| Untracked 
| 166|0x000000008a600000, 0x000000008a700000, 0x000000008a700000|100%| O|  |TAMS 0x000000008a700000, 0x000000008a600000| Untracked 
| 167|0x000000008a700000, 0x000000008a800000, 0x000000008a800000|100%| O|  |TAMS 0x000000008a800000, 0x000000008a700000| Untracked 
| 168|0x000000008a800000, 0x000000008a900000, 0x000000008a900000|100%| O|  |TAMS 0x000000008a900000, 0x000000008a800000| Untracked 
| 169|0x000000008a900000, 0x000000008aa00000, 0x000000008aa00000|100%| O|  |TAMS 0x000000008aa00000, 0x000000008a900000| Untracked 
| 170|0x000000008aa00000, 0x000000008ab00000, 0x000000008ab00000|100%| O|  |TAMS 0x000000008ab00000, 0x000000008aa00000| Untracked 
| 171|0x000000008ab00000, 0x000000008ac00000, 0x000000008ac00000|100%| O|  |TAMS 0x000000008ac00000, 0x000000008ab00000| Complete 
| 172|0x000000008ac00000, 0x000000008ad00000, 0x000000008ad00000|100%| O|  |TAMS 0x000000008ad00000, 0x000000008ac00000| Untracked 
| 173|0x000000008ad00000, 0x000000008ae00000, 0x000000008ae00000|100%| O|  |TAMS 0x000000008ae00000, 0x000000008ad00000| Untracked 
| 174|0x000000008ae00000, 0x000000008af00000, 0x000000008af00000|100%| O|  |TAMS 0x000000008af00000, 0x000000008ae00000| Untracked 
| 175|0x000000008af00000, 0x000000008b000000, 0x000000008b000000|100%| O|  |TAMS 0x000000008b000000, 0x000000008af00000| Untracked 
| 176|0x000000008b000000, 0x000000008b100000, 0x000000008b100000|100%| O|  |TAMS 0x000000008b100000, 0x000000008b000000| Untracked 
| 177|0x000000008b100000, 0x000000008b200000, 0x000000008b200000|100%| O|  |TAMS 0x000000008b200000, 0x000000008b100000| Untracked 
| 178|0x000000008b200000, 0x000000008b300000, 0x000000008b300000|100%| O|  |TAMS 0x000000008b300000, 0x000000008b200000| Untracked 
| 179|0x000000008b300000, 0x000000008b300000, 0x000000008b400000|  0%| F|  |TAMS 0x000000008b300000, 0x000000008b300000| Untracked 
| 180|0x000000008b400000, 0x000000008b500000, 0x000000008b500000|100%| O|  |TAMS 0x000000008b500000, 0x000000008b400000| Untracked 
| 181|0x000000008b500000, 0x000000008b600000, 0x000000008b600000|100%| O|  |TAMS 0x000000008b600000, 0x000000008b500000| Complete 
| 182|0x000000008b600000, 0x000000008b700000, 0x000000008b700000|100%| O|  |TAMS 0x000000008b700000, 0x000000008b600000| Complete 
| 183|0x000000008b700000, 0x000000008b800000, 0x000000008b800000|100%| O|  |TAMS 0x000000008b800000, 0x000000008b700000| Complete 
| 184|0x000000008b800000, 0x000000008b900000, 0x000000008b900000|100%| O|  |TAMS 0x000000008b900000, 0x000000008b800000| Complete 
| 185|0x000000008b900000, 0x000000008ba00000, 0x000000008ba00000|100%| O|  |TAMS 0x000000008ba00000, 0x000000008b900000| Complete 
| 186|0x000000008ba00000, 0x000000008bb00000, 0x000000008bb00000|100%| O|  |TAMS 0x000000008bb00000, 0x000000008ba00000| Untracked 
| 187|0x000000008bb00000, 0x000000008bc00000, 0x000000008bc00000|100%| O|  |TAMS 0x000000008bc00000, 0x000000008bb00000| Untracked 
| 188|0x000000008bc00000, 0x000000008bd00000, 0x000000008bd00000|100%| O|  |TAMS 0x000000008bd00000, 0x000000008bc00000| Complete 
| 189|0x000000008bd00000, 0x000000008be00000, 0x000000008be00000|100%| O|  |TAMS 0x000000008be00000, 0x000000008bd00000| Complete 
| 190|0x000000008be00000, 0x000000008bf00000, 0x000000008bf00000|100%| O|  |TAMS 0x000000008bf00000, 0x000000008be00000| Untracked 
| 191|0x000000008bf00000, 0x000000008c000000, 0x000000008c000000|100%| O|  |TAMS 0x000000008c000000, 0x000000008bf00000| Complete 
| 192|0x000000008c000000, 0x000000008c100000, 0x000000008c100000|100%| O|  |TAMS 0x000000008c100000, 0x000000008c000000| Untracked 
| 193|0x000000008c100000, 0x000000008c200000, 0x000000008c200000|100%| O|  |TAMS 0x000000008c200000, 0x000000008c100000| Complete 
| 194|0x000000008c200000, 0x000000008c300000, 0x000000008c300000|100%| O|  |TAMS 0x000000008c300000, 0x000000008c200000| Untracked 
| 195|0x000000008c300000, 0x000000008c400000, 0x000000008c400000|100%| O|  |TAMS 0x000000008c400000, 0x000000008c300000| Untracked 
| 196|0x000000008c400000, 0x000000008c500000, 0x000000008c500000|100%| O|  |TAMS 0x000000008c500000, 0x000000008c400000| Untracked 
| 197|0x000000008c500000, 0x000000008c600000, 0x000000008c600000|100%| O|  |TAMS 0x000000008c600000, 0x000000008c500000| Complete 
| 198|0x000000008c600000, 0x000000008c700000, 0x000000008c700000|100%| O|  |TAMS 0x000000008c700000, 0x000000008c600000| Untracked 
| 199|0x000000008c700000, 0x000000008c800000, 0x000000008c800000|100%| O|  |TAMS 0x000000008c800000, 0x000000008c700000| Untracked 
| 200|0x000000008c800000, 0x000000008c900000, 0x000000008c900000|100%| O|  |TAMS 0x000000008c900000, 0x000000008c800000| Complete 
| 201|0x000000008c900000, 0x000000008ca00000, 0x000000008ca00000|100%| O|  |TAMS 0x000000008ca00000, 0x000000008c900000| Complete 
| 202|0x000000008ca00000, 0x000000008ca00000, 0x000000008cb00000|  0%| F|  |TAMS 0x000000008ca00000, 0x000000008ca00000| Untracked 
| 203|0x000000008cb00000, 0x000000008cb00000, 0x000000008cc00000|  0%| F|  |TAMS 0x000000008cb00000, 0x000000008cb00000| Untracked 
| 204|0x000000008cc00000, 0x000000008cc00000, 0x000000008cd00000|  0%| F|  |TAMS 0x000000008cc00000, 0x000000008cc00000| Untracked 
| 205|0x000000008cd00000, 0x000000008cd00000, 0x000000008ce00000|  0%| F|  |TAMS 0x000000008cd00000, 0x000000008cd00000| Untracked 
| 206|0x000000008ce00000, 0x000000008ce00000, 0x000000008cf00000|  0%| F|  |TAMS 0x000000008ce00000, 0x000000008ce00000| Untracked 
| 207|0x000000008cf00000, 0x000000008cf00000, 0x000000008d000000|  0%| F|  |TAMS 0x000000008cf00000, 0x000000008cf00000| Untracked 
| 208|0x000000008d000000, 0x000000008d000000, 0x000000008d100000|  0%| F|  |TAMS 0x000000008d000000, 0x000000008d000000| Untracked 
| 209|0x000000008d100000, 0x000000008d100000, 0x000000008d200000|  0%| F|  |TAMS 0x000000008d100000, 0x000000008d100000| Untracked 
| 210|0x000000008d200000, 0x000000008d200000, 0x000000008d300000|  0%| F|  |TAMS 0x000000008d200000, 0x000000008d200000| Untracked 
| 211|0x000000008d300000, 0x000000008d300000, 0x000000008d400000|  0%| F|  |TAMS 0x000000008d300000, 0x000000008d300000| Untracked 
| 212|0x000000008d400000, 0x000000008d400000, 0x000000008d500000|  0%| F|  |TAMS 0x000000008d400000, 0x000000008d400000| Untracked 
| 213|0x000000008d500000, 0x000000008d500000, 0x000000008d600000|  0%| F|  |TAMS 0x000000008d500000, 0x000000008d500000| Untracked 
| 214|0x000000008d600000, 0x000000008d600000, 0x000000008d700000|  0%| F|  |TAMS 0x000000008d600000, 0x000000008d600000| Untracked 
| 215|0x000000008d700000, 0x000000008d700000, 0x000000008d800000|  0%| F|  |TAMS 0x000000008d700000, 0x000000008d700000| Untracked 
| 216|0x000000008d800000, 0x000000008d800000, 0x000000008d900000|  0%| F|  |TAMS 0x000000008d800000, 0x000000008d800000| Untracked 
| 217|0x000000008d900000, 0x000000008d900000, 0x000000008da00000|  0%| F|  |TAMS 0x000000008d900000, 0x000000008d900000| Untracked 
| 218|0x000000008da00000, 0x000000008da00000, 0x000000008db00000|  0%| F|  |TAMS 0x000000008da00000, 0x000000008da00000| Untracked 
| 219|0x000000008db00000, 0x000000008db00000, 0x000000008dc00000|  0%| F|  |TAMS 0x000000008db00000, 0x000000008db00000| Untracked 
| 220|0x000000008dc00000, 0x000000008dc00000, 0x000000008dd00000|  0%| F|  |TAMS 0x000000008dc00000, 0x000000008dc00000| Untracked 
| 221|0x000000008dd00000, 0x000000008dd00000, 0x000000008de00000|  0%| F|  |TAMS 0x000000008dd00000, 0x000000008dd00000| Untracked 
| 222|0x000000008de00000, 0x000000008de00000, 0x000000008df00000|  0%| F|  |TAMS 0x000000008de00000, 0x000000008de00000| Untracked 
| 223|0x000000008df00000, 0x000000008df00000, 0x000000008e000000|  0%| F|  |TAMS 0x000000008df00000, 0x000000008df00000| Untracked 
| 224|0x000000008e000000, 0x000000008e000000, 0x000000008e100000|  0%| F|  |TAMS 0x000000008e000000, 0x000000008e000000| Untracked 
| 225|0x000000008e100000, 0x000000008e100000, 0x000000008e200000|  0%| F|  |TAMS 0x000000008e100000, 0x000000008e100000| Untracked 
| 226|0x000000008e200000, 0x000000008e200000, 0x000000008e300000|  0%| F|  |TAMS 0x000000008e200000, 0x000000008e200000| Untracked 
| 227|0x000000008e300000, 0x000000008e300000, 0x000000008e400000|  0%| F|  |TAMS 0x000000008e300000, 0x000000008e300000| Untracked 
| 228|0x000000008e400000, 0x000000008e400000, 0x000000008e500000|  0%| F|  |TAMS 0x000000008e400000, 0x000000008e400000| Untracked 
| 229|0x000000008e500000, 0x000000008e500000, 0x000000008e600000|  0%| F|  |TAMS 0x000000008e500000, 0x000000008e500000| Untracked 
| 230|0x000000008e600000, 0x000000008e600000, 0x000000008e700000|  0%| F|  |TAMS 0x000000008e600000, 0x000000008e600000| Untracked 
| 231|0x000000008e700000, 0x000000008e700000, 0x000000008e800000|  0%| F|  |TAMS 0x000000008e700000, 0x000000008e700000| Untracked 
| 232|0x000000008e800000, 0x000000008e800000, 0x000000008e900000|  0%| F|  |TAMS 0x000000008e800000, 0x000000008e800000| Untracked 
| 233|0x000000008e900000, 0x000000008e900000, 0x000000008ea00000|  0%| F|  |TAMS 0x000000008e900000, 0x000000008e900000| Untracked 
| 234|0x000000008ea00000, 0x000000008ea00000, 0x000000008eb00000|  0%| F|  |TAMS 0x000000008ea00000, 0x000000008ea00000| Untracked 
| 235|0x000000008eb00000, 0x000000008eb00000, 0x000000008ec00000|  0%| F|  |TAMS 0x000000008eb00000, 0x000000008eb00000| Untracked 
| 236|0x000000008ec00000, 0x000000008ec00000, 0x000000008ed00000|  0%| F|  |TAMS 0x000000008ec00000, 0x000000008ec00000| Untracked 
| 237|0x000000008ed00000, 0x000000008ed00000, 0x000000008ee00000|  0%| F|  |TAMS 0x000000008ed00000, 0x000000008ed00000| Untracked 
| 238|0x000000008ee00000, 0x000000008ee00000, 0x000000008ef00000|  0%| F|  |TAMS 0x000000008ee00000, 0x000000008ee00000| Untracked 
| 239|0x000000008ef00000, 0x000000008ef00000, 0x000000008f000000|  0%| F|  |TAMS 0x000000008ef00000, 0x000000008ef00000| Untracked 
| 240|0x000000008f000000, 0x000000008f000000, 0x000000008f100000|  0%| F|  |TAMS 0x000000008f000000, 0x000000008f000000| Untracked 
| 241|0x000000008f100000, 0x000000008f100000, 0x000000008f200000|  0%| F|  |TAMS 0x000000008f100000, 0x000000008f100000| Untracked 
| 242|0x000000008f200000, 0x000000008f200000, 0x000000008f300000|  0%| F|  |TAMS 0x000000008f200000, 0x000000008f200000| Untracked 
| 243|0x000000008f300000, 0x000000008f300000, 0x000000008f400000|  0%| F|  |TAMS 0x000000008f300000, 0x000000008f300000| Untracked 
| 244|0x000000008f400000, 0x000000008f400000, 0x000000008f500000|  0%| F|  |TAMS 0x000000008f400000, 0x000000008f400000| Untracked 
| 245|0x000000008f500000, 0x000000008f500000, 0x000000008f600000|  0%| F|  |TAMS 0x000000008f500000, 0x000000008f500000| Untracked 
| 246|0x000000008f600000, 0x000000008f600000, 0x000000008f700000|  0%| F|  |TAMS 0x000000008f600000, 0x000000008f600000| Untracked 
| 247|0x000000008f700000, 0x000000008f700000, 0x000000008f800000|  0%| F|  |TAMS 0x000000008f700000, 0x000000008f700000| Untracked 
| 248|0x000000008f800000, 0x000000008f800000, 0x000000008f900000|  0%| F|  |TAMS 0x000000008f800000, 0x000000008f800000| Untracked 
| 249|0x000000008f900000, 0x000000008f900000, 0x000000008fa00000|  0%| F|  |TAMS 0x000000008f900000, 0x000000008f900000| Untracked 
| 250|0x000000008fa00000, 0x000000008fa00000, 0x000000008fb00000|  0%| F|  |TAMS 0x000000008fa00000, 0x000000008fa00000| Untracked 
| 251|0x000000008fb00000, 0x000000008fbb4e70, 0x000000008fc00000| 70%| S|CS|TAMS 0x000000008fb00000, 0x000000008fb00000| Complete 
| 252|0x000000008fc00000, 0x000000008fd00000, 0x000000008fd00000|100%| S|CS|TAMS 0x000000008fc00000, 0x000000008fc00000| Complete 
| 253|0x000000008fd00000, 0x000000008fd00000, 0x000000008fe00000|  0%| F|  |TAMS 0x000000008fd00000, 0x000000008fd00000| Untracked 
| 254|0x000000008fe00000, 0x000000008fe00000, 0x000000008ff00000|  0%| F|  |TAMS 0x000000008fe00000, 0x000000008fe00000| Untracked 
| 255|0x000000008ff00000, 0x000000008ff00000, 0x0000000090000000|  0%| F|  |TAMS 0x000000008ff00000, 0x000000008ff00000| Untracked 
| 256|0x0000000090000000, 0x0000000090000000, 0x0000000090100000|  0%| F|  |TAMS 0x0000000090000000, 0x0000000090000000| Untracked 
| 257|0x0000000090100000, 0x0000000090100000, 0x0000000090200000|  0%| F|  |TAMS 0x0000000090100000, 0x0000000090100000| Untracked 
| 258|0x0000000090200000, 0x0000000090300000, 0x0000000090300000|100%| S|CS|TAMS 0x0000000090200000, 0x0000000090200000| Complete 
| 259|0x0000000090300000, 0x0000000090400000, 0x0000000090400000|100%| S|CS|TAMS 0x0000000090300000, 0x0000000090300000| Complete 
| 260|0x0000000090400000, 0x0000000090500000, 0x0000000090500000|100%| S|CS|TAMS 0x0000000090400000, 0x0000000090400000| Complete 
| 261|0x0000000090500000, 0x0000000090500000, 0x0000000090600000|  0%| F|  |TAMS 0x0000000090500000, 0x0000000090500000| Untracked 
| 262|0x0000000090600000, 0x0000000090600000, 0x0000000090700000|  0%| F|  |TAMS 0x0000000090600000, 0x0000000090600000| Untracked 
| 263|0x0000000090700000, 0x0000000090700000, 0x0000000090800000|  0%| F|  |TAMS 0x0000000090700000, 0x0000000090700000| Untracked 
| 264|0x0000000090800000, 0x0000000090900000, 0x0000000090900000|100%| S|CS|TAMS 0x0000000090800000, 0x0000000090800000| Complete 
| 265|0x0000000090900000, 0x0000000090a00000, 0x0000000090a00000|100%| S|CS|TAMS 0x0000000090900000, 0x0000000090900000| Complete 
| 266|0x0000000090a00000, 0x0000000090b00000, 0x0000000090b00000|100%| S|CS|TAMS 0x0000000090a00000, 0x0000000090a00000| Complete 
| 267|0x0000000090b00000, 0x0000000090b00000, 0x0000000090c00000|  0%| F|  |TAMS 0x0000000090b00000, 0x0000000090b00000| Untracked 
| 268|0x0000000090c00000, 0x0000000090c00000, 0x0000000090d00000|  0%| F|  |TAMS 0x0000000090c00000, 0x0000000090c00000| Untracked 
| 269|0x0000000090d00000, 0x0000000090d00000, 0x0000000090e00000|  0%| F|  |TAMS 0x0000000090d00000, 0x0000000090d00000| Untracked 
| 270|0x0000000090e00000, 0x0000000090e00000, 0x0000000090f00000|  0%| F|  |TAMS 0x0000000090e00000, 0x0000000090e00000| Untracked 
| 271|0x0000000090f00000, 0x0000000090f00000, 0x0000000091000000|  0%| F|  |TAMS 0x0000000090f00000, 0x0000000090f00000| Untracked 
| 272|0x0000000091000000, 0x0000000091000000, 0x0000000091100000|  0%| F|  |TAMS 0x0000000091000000, 0x0000000091000000| Untracked 
| 273|0x0000000091100000, 0x0000000091100000, 0x0000000091200000|  0%| F|  |TAMS 0x0000000091100000, 0x0000000091100000| Untracked 
| 274|0x0000000091200000, 0x0000000091200000, 0x0000000091300000|  0%| F|  |TAMS 0x0000000091200000, 0x0000000091200000| Untracked 
| 275|0x0000000091300000, 0x0000000091300000, 0x0000000091400000|  0%| F|  |TAMS 0x0000000091300000, 0x0000000091300000| Untracked 
| 276|0x0000000091400000, 0x0000000091400000, 0x0000000091500000|  0%| F|  |TAMS 0x0000000091400000, 0x0000000091400000| Untracked 
| 277|0x0000000091500000, 0x0000000091500000, 0x0000000091600000|  0%| F|  |TAMS 0x0000000091500000, 0x0000000091500000| Untracked 
| 278|0x0000000091600000, 0x0000000091600000, 0x0000000091700000|  0%| F|  |TAMS 0x0000000091600000, 0x0000000091600000| Untracked 
| 279|0x0000000091700000, 0x0000000091700000, 0x0000000091800000|  0%| F|  |TAMS 0x0000000091700000, 0x0000000091700000| Untracked 
| 280|0x0000000091800000, 0x0000000091800000, 0x0000000091900000|  0%| F|  |TAMS 0x0000000091800000, 0x0000000091800000| Untracked 
| 281|0x0000000091900000, 0x0000000091900000, 0x0000000091a00000|  0%| F|  |TAMS 0x0000000091900000, 0x0000000091900000| Untracked 
| 282|0x0000000091a00000, 0x0000000091a00000, 0x0000000091b00000|  0%| F|  |TAMS 0x0000000091a00000, 0x0000000091a00000| Untracked 
| 283|0x0000000091b00000, 0x0000000091b00000, 0x0000000091c00000|  0%| F|  |TAMS 0x0000000091b00000, 0x0000000091b00000| Untracked 
| 284|0x0000000091c00000, 0x0000000091c00000, 0x0000000091d00000|  0%| F|  |TAMS 0x0000000091c00000, 0x0000000091c00000| Untracked 
| 285|0x0000000091d00000, 0x0000000091d00000, 0x0000000091e00000|  0%| F|  |TAMS 0x0000000091d00000, 0x0000000091d00000| Untracked 
| 286|0x0000000091e00000, 0x0000000091e00000, 0x0000000091f00000|  0%| F|  |TAMS 0x0000000091e00000, 0x0000000091e00000| Untracked 
| 287|0x0000000091f00000, 0x0000000091f00000, 0x0000000092000000|  0%| F|  |TAMS 0x0000000091f00000, 0x0000000091f00000| Untracked 
| 288|0x0000000092000000, 0x0000000092000000, 0x0000000092100000|  0%| F|  |TAMS 0x0000000092000000, 0x0000000092000000| Untracked 
| 289|0x0000000092100000, 0x0000000092100000, 0x0000000092200000|  0%| F|  |TAMS 0x0000000092100000, 0x0000000092100000| Untracked 
| 290|0x0000000092200000, 0x0000000092200000, 0x0000000092300000|  0%| F|  |TAMS 0x0000000092200000, 0x0000000092200000| Untracked 
| 291|0x0000000092300000, 0x0000000092300000, 0x0000000092400000|  0%| F|  |TAMS 0x0000000092300000, 0x0000000092300000| Untracked 
| 292|0x0000000092400000, 0x0000000092400000, 0x0000000092500000|  0%| F|  |TAMS 0x0000000092400000, 0x0000000092400000| Untracked 
| 293|0x0000000092500000, 0x0000000092500000, 0x0000000092600000|  0%| F|  |TAMS 0x0000000092500000, 0x0000000092500000| Untracked 
| 294|0x0000000092600000, 0x0000000092600000, 0x0000000092700000|  0%| F|  |TAMS 0x0000000092600000, 0x0000000092600000| Untracked 
| 295|0x0000000092700000, 0x0000000092700000, 0x0000000092800000|  0%| F|  |TAMS 0x0000000092700000, 0x0000000092700000| Untracked 
| 296|0x0000000092800000, 0x0000000092800000, 0x0000000092900000|  0%| F|  |TAMS 0x0000000092800000, 0x0000000092800000| Untracked 
| 297|0x0000000092900000, 0x0000000092900000, 0x0000000092a00000|  0%| F|  |TAMS 0x0000000092900000, 0x0000000092900000| Untracked 
| 298|0x0000000092a00000, 0x0000000092a00000, 0x0000000092b00000|  0%| F|  |TAMS 0x0000000092a00000, 0x0000000092a00000| Untracked 
| 299|0x0000000092b00000, 0x0000000092b00000, 0x0000000092c00000|  0%| F|  |TAMS 0x0000000092b00000, 0x0000000092b00000| Untracked 
| 300|0x0000000092c00000, 0x0000000092c00000, 0x0000000092d00000|  0%| F|  |TAMS 0x0000000092c00000, 0x0000000092c00000| Untracked 
| 301|0x0000000092d00000, 0x0000000092d00000, 0x0000000092e00000|  0%| F|  |TAMS 0x0000000092d00000, 0x0000000092d00000| Untracked 
| 302|0x0000000092e00000, 0x0000000092e00000, 0x0000000092f00000|  0%| F|  |TAMS 0x0000000092e00000, 0x0000000092e00000| Untracked 
| 303|0x0000000092f00000, 0x0000000092f00000, 0x0000000093000000|  0%| F|  |TAMS 0x0000000092f00000, 0x0000000092f00000| Untracked 
| 304|0x0000000093000000, 0x0000000093000000, 0x0000000093100000|  0%| F|  |TAMS 0x0000000093000000, 0x0000000093000000| Untracked 
| 305|0x0000000093100000, 0x0000000093100000, 0x0000000093200000|  0%| F|  |TAMS 0x0000000093100000, 0x0000000093100000| Untracked 
| 306|0x0000000093200000, 0x0000000093200000, 0x0000000093300000|  0%| F|  |TAMS 0x0000000093200000, 0x0000000093200000| Untracked 
| 307|0x0000000093300000, 0x0000000093300000, 0x0000000093400000|  0%| F|  |TAMS 0x0000000093300000, 0x0000000093300000| Untracked 
| 308|0x0000000093400000, 0x0000000093400000, 0x0000000093500000|  0%| F|  |TAMS 0x0000000093400000, 0x0000000093400000| Untracked 
| 309|0x0000000093500000, 0x0000000093500000, 0x0000000093600000|  0%| F|  |TAMS 0x0000000093500000, 0x0000000093500000| Untracked 
| 310|0x0000000093600000, 0x0000000093600000, 0x0000000093700000|  0%| F|  |TAMS 0x0000000093600000, 0x0000000093600000| Untracked 
| 311|0x0000000093700000, 0x0000000093700000, 0x0000000093800000|  0%| F|  |TAMS 0x0000000093700000, 0x0000000093700000| Untracked 
| 312|0x0000000093800000, 0x0000000093800000, 0x0000000093900000|  0%| F|  |TAMS 0x0000000093800000, 0x0000000093800000| Untracked 
| 313|0x0000000093900000, 0x0000000093900000, 0x0000000093a00000|  0%| F|  |TAMS 0x0000000093900000, 0x0000000093900000| Untracked 
| 314|0x0000000093a00000, 0x0000000093a00000, 0x0000000093b00000|  0%| F|  |TAMS 0x0000000093a00000, 0x0000000093a00000| Untracked 
| 315|0x0000000093b00000, 0x0000000093b00000, 0x0000000093c00000|  0%| F|  |TAMS 0x0000000093b00000, 0x0000000093b00000| Untracked 
| 316|0x0000000093c00000, 0x0000000093c00000, 0x0000000093d00000|  0%| F|  |TAMS 0x0000000093c00000, 0x0000000093c00000| Untracked 
| 317|0x0000000093d00000, 0x0000000093d00000, 0x0000000093e00000|  0%| F|  |TAMS 0x0000000093d00000, 0x0000000093d00000| Untracked 
| 318|0x0000000093e00000, 0x0000000093e00000, 0x0000000093f00000|  0%| F|  |TAMS 0x0000000093e00000, 0x0000000093e00000| Untracked 
| 319|0x0000000093f00000, 0x0000000093f00000, 0x0000000094000000|  0%| F|  |TAMS 0x0000000093f00000, 0x0000000093f00000| Untracked 
| 320|0x0000000094000000, 0x0000000094000000, 0x0000000094100000|  0%| F|  |TAMS 0x0000000094000000, 0x0000000094000000| Untracked 
| 321|0x0000000094100000, 0x0000000094100000, 0x0000000094200000|  0%| F|  |TAMS 0x0000000094100000, 0x0000000094100000| Untracked 
| 322|0x0000000094200000, 0x0000000094200000, 0x0000000094300000|  0%| F|  |TAMS 0x0000000094200000, 0x0000000094200000| Untracked 
| 323|0x0000000094300000, 0x0000000094300000, 0x0000000094400000|  0%| F|  |TAMS 0x0000000094300000, 0x0000000094300000| Untracked 
| 324|0x0000000094400000, 0x0000000094400000, 0x0000000094500000|  0%| F|  |TAMS 0x0000000094400000, 0x0000000094400000| Untracked 
| 325|0x0000000094500000, 0x0000000094500000, 0x0000000094600000|  0%| F|  |TAMS 0x0000000094500000, 0x0000000094500000| Untracked 
| 326|0x0000000094600000, 0x0000000094600000, 0x0000000094700000|  0%| F|  |TAMS 0x0000000094600000, 0x0000000094600000| Untracked 
| 327|0x0000000094700000, 0x0000000094700000, 0x0000000094800000|  0%| F|  |TAMS 0x0000000094700000, 0x0000000094700000| Untracked 
| 328|0x0000000094800000, 0x0000000094800000, 0x0000000094900000|  0%| F|  |TAMS 0x0000000094800000, 0x0000000094800000| Untracked 
| 329|0x0000000094900000, 0x0000000094900000, 0x0000000094a00000|  0%| F|  |TAMS 0x0000000094900000, 0x0000000094900000| Untracked 
| 330|0x0000000094a00000, 0x0000000094a00000, 0x0000000094b00000|  0%| F|  |TAMS 0x0000000094a00000, 0x0000000094a00000| Untracked 
| 331|0x0000000094b00000, 0x0000000094b00000, 0x0000000094c00000|  0%| F|  |TAMS 0x0000000094b00000, 0x0000000094b00000| Untracked 
| 332|0x0000000094c00000, 0x0000000094c00000, 0x0000000094d00000|  0%| F|  |TAMS 0x0000000094c00000, 0x0000000094c00000| Untracked 
| 333|0x0000000094d00000, 0x0000000094d00000, 0x0000000094e00000|  0%| F|  |TAMS 0x0000000094d00000, 0x0000000094d00000| Untracked 
| 334|0x0000000094e00000, 0x0000000094e00000, 0x0000000094f00000|  0%| F|  |TAMS 0x0000000094e00000, 0x0000000094e00000| Untracked 
| 335|0x0000000094f00000, 0x0000000094f00000, 0x0000000095000000|  0%| F|  |TAMS 0x0000000094f00000, 0x0000000094f00000| Untracked 
| 336|0x0000000095000000, 0x0000000095000000, 0x0000000095100000|  0%| F|  |TAMS 0x0000000095000000, 0x0000000095000000| Untracked 
| 337|0x0000000095100000, 0x0000000095100000, 0x0000000095200000|  0%| F|  |TAMS 0x0000000095100000, 0x0000000095100000| Untracked 
| 338|0x0000000095200000, 0x0000000095200000, 0x0000000095300000|  0%| F|  |TAMS 0x0000000095200000, 0x0000000095200000| Untracked 
| 339|0x0000000095300000, 0x0000000095300000, 0x0000000095400000|  0%| F|  |TAMS 0x0000000095300000, 0x0000000095300000| Untracked 
| 340|0x0000000095400000, 0x0000000095400000, 0x0000000095500000|  0%| F|  |TAMS 0x0000000095400000, 0x0000000095400000| Untracked 
| 341|0x0000000095500000, 0x0000000095500000, 0x0000000095600000|  0%| F|  |TAMS 0x0000000095500000, 0x0000000095500000| Untracked 
| 342|0x0000000095600000, 0x0000000095600000, 0x0000000095700000|  0%| F|  |TAMS 0x0000000095600000, 0x0000000095600000| Untracked 
| 343|0x0000000095700000, 0x0000000095700000, 0x0000000095800000|  0%| F|  |TAMS 0x0000000095700000, 0x0000000095700000| Untracked 
| 344|0x0000000095800000, 0x0000000095800000, 0x0000000095900000|  0%| F|  |TAMS 0x0000000095800000, 0x0000000095800000| Untracked 
| 345|0x0000000095900000, 0x0000000095900000, 0x0000000095a00000|  0%| F|  |TAMS 0x0000000095900000, 0x0000000095900000| Untracked 
| 346|0x0000000095a00000, 0x0000000095a00000, 0x0000000095b00000|  0%| F|  |TAMS 0x0000000095a00000, 0x0000000095a00000| Untracked 
| 347|0x0000000095b00000, 0x0000000095b00000, 0x0000000095c00000|  0%| F|  |TAMS 0x0000000095b00000, 0x0000000095b00000| Untracked 
| 348|0x0000000095c00000, 0x0000000095c00000, 0x0000000095d00000|  0%| F|  |TAMS 0x0000000095c00000, 0x0000000095c00000| Untracked 
| 349|0x0000000095d00000, 0x0000000095d00000, 0x0000000095e00000|  0%| F|  |TAMS 0x0000000095d00000, 0x0000000095d00000| Untracked 
| 350|0x0000000095e00000, 0x0000000095e00000, 0x0000000095f00000|  0%| F|  |TAMS 0x0000000095e00000, 0x0000000095e00000| Untracked 
| 351|0x0000000095f00000, 0x0000000095f00000, 0x0000000096000000|  0%| F|  |TAMS 0x0000000095f00000, 0x0000000095f00000| Untracked 
| 352|0x0000000096000000, 0x0000000096000000, 0x0000000096100000|  0%| F|  |TAMS 0x0000000096000000, 0x0000000096000000| Untracked 
| 353|0x0000000096100000, 0x0000000096100000, 0x0000000096200000|  0%| F|  |TAMS 0x0000000096100000, 0x0000000096100000| Untracked 
| 354|0x0000000096200000, 0x0000000096200000, 0x0000000096300000|  0%| F|  |TAMS 0x0000000096200000, 0x0000000096200000| Untracked 
| 355|0x0000000096300000, 0x0000000096300000, 0x0000000096400000|  0%| F|  |TAMS 0x0000000096300000, 0x0000000096300000| Untracked 
| 356|0x0000000096400000, 0x0000000096400000, 0x0000000096500000|  0%| F|  |TAMS 0x0000000096400000, 0x0000000096400000| Untracked 
| 357|0x0000000096500000, 0x0000000096500000, 0x0000000096600000|  0%| F|  |TAMS 0x0000000096500000, 0x0000000096500000| Untracked 
| 358|0x0000000096600000, 0x0000000096600000, 0x0000000096700000|  0%| F|  |TAMS 0x0000000096600000, 0x0000000096600000| Untracked 
| 359|0x0000000096700000, 0x0000000096700000, 0x0000000096800000|  0%| F|  |TAMS 0x0000000096700000, 0x0000000096700000| Untracked 
| 360|0x0000000096800000, 0x0000000096800000, 0x0000000096900000|  0%| F|  |TAMS 0x0000000096800000, 0x0000000096800000| Untracked 
| 361|0x0000000096900000, 0x0000000096900000, 0x0000000096a00000|  0%| F|  |TAMS 0x0000000096900000, 0x0000000096900000| Untracked 
| 362|0x0000000096a00000, 0x0000000096a00000, 0x0000000096b00000|  0%| F|  |TAMS 0x0000000096a00000, 0x0000000096a00000| Untracked 
| 363|0x0000000096b00000, 0x0000000096b00000, 0x0000000096c00000|  0%| F|  |TAMS 0x0000000096b00000, 0x0000000096b00000| Untracked 
| 364|0x0000000096c00000, 0x0000000096c00000, 0x0000000096d00000|  0%| F|  |TAMS 0x0000000096c00000, 0x0000000096c00000| Untracked 
| 365|0x0000000096d00000, 0x0000000096d00000, 0x0000000096e00000|  0%| F|  |TAMS 0x0000000096d00000, 0x0000000096d00000| Untracked 
| 366|0x0000000096e00000, 0x0000000096e00000, 0x0000000096f00000|  0%| F|  |TAMS 0x0000000096e00000, 0x0000000096e00000| Untracked 
| 367|0x0000000096f00000, 0x0000000096f00000, 0x0000000097000000|  0%| F|  |TAMS 0x0000000096f00000, 0x0000000096f00000| Untracked 
| 368|0x0000000097000000, 0x0000000097000000, 0x0000000097100000|  0%| F|  |TAMS 0x0000000097000000, 0x0000000097000000| Untracked 
| 369|0x0000000097100000, 0x0000000097100000, 0x0000000097200000|  0%| F|  |TAMS 0x0000000097100000, 0x0000000097100000| Untracked 
| 370|0x0000000097200000, 0x0000000097200000, 0x0000000097300000|  0%| F|  |TAMS 0x0000000097200000, 0x0000000097200000| Untracked 
| 371|0x0000000097300000, 0x0000000097300000, 0x0000000097400000|  0%| F|  |TAMS 0x0000000097300000, 0x0000000097300000| Untracked 
| 372|0x0000000097400000, 0x0000000097400000, 0x0000000097500000|  0%| F|  |TAMS 0x0000000097400000, 0x0000000097400000| Untracked 
| 373|0x0000000097500000, 0x0000000097500000, 0x0000000097600000|  0%| F|  |TAMS 0x0000000097500000, 0x0000000097500000| Untracked 
| 374|0x0000000097600000, 0x0000000097600000, 0x0000000097700000|  0%| F|  |TAMS 0x0000000097600000, 0x0000000097600000| Untracked 
| 375|0x0000000097700000, 0x0000000097700000, 0x0000000097800000|  0%| F|  |TAMS 0x0000000097700000, 0x0000000097700000| Untracked 
| 376|0x0000000097800000, 0x0000000097800000, 0x0000000097900000|  0%| F|  |TAMS 0x0000000097800000, 0x0000000097800000| Untracked 
| 377|0x0000000097900000, 0x0000000097900000, 0x0000000097a00000|  0%| F|  |TAMS 0x0000000097900000, 0x0000000097900000| Untracked 
| 378|0x0000000097a00000, 0x0000000097a00000, 0x0000000097b00000|  0%| F|  |TAMS 0x0000000097a00000, 0x0000000097a00000| Untracked 
| 379|0x0000000097b00000, 0x0000000097b00000, 0x0000000097c00000|  0%| F|  |TAMS 0x0000000097b00000, 0x0000000097b00000| Untracked 
| 380|0x0000000097c00000, 0x0000000097c00000, 0x0000000097d00000|  0%| F|  |TAMS 0x0000000097c00000, 0x0000000097c00000| Untracked 
| 381|0x0000000097d00000, 0x0000000097d00000, 0x0000000097e00000|  0%| F|  |TAMS 0x0000000097d00000, 0x0000000097d00000| Untracked 
| 382|0x0000000097e00000, 0x0000000097e00000, 0x0000000097f00000|  0%| F|  |TAMS 0x0000000097e00000, 0x0000000097e00000| Untracked 

Card table byte_map: [0x00000256cb2b0000,0x00000256cb6b0000] _byte_map_base: 0x00000256caeb0000

Marking Bits (Prev, Next): (CMBitMap*) 0x00000256b7c4c3d8, (CMBitMap*) 0x00000256b7c4c410
 Prev Bits: [0x00000256cbab0000, 0x00000256cdab0000)
 Next Bits: [0x00000256cdab0000, 0x00000256cfab0000)

Polling page: 0x00000256bb860000

Metaspace:

Usage:
  Non-class:    114.40 MB capacity,   112.06 MB ( 98%) used,     1.92 MB (  2%) free+waste,   430.19 KB ( <1%) overhead. 
      Class:     17.31 MB capacity,    15.99 MB ( 92%) used,     1.14 MB (  7%) free+waste,   189.00 KB (  1%) overhead. 
       Both:    131.72 MB capacity,   128.05 MB ( 97%) used,     3.06 MB (  2%) free+waste,   619.19 KB ( <1%) overhead. 

Virtual space:
  Non-class space:      116.00 MB reserved,     114.67 MB ( 99%) committed 
      Class space:        1.00 GB reserved,      17.38 MB (  2%) committed 
             Both:        1.11 GB reserved,     132.05 MB ( 12%) committed 

Chunk freelists:
   Non-Class:  84.00 KB
       Class:  27.00 KB
        Both:  111.00 KB

MaxMetaspaceSize: 17179869184.00 GB
CompressedClassSpaceSize: 1.00 GB
Initial GC threshold: 20.80 MB
Current GC threshold: 220.08 MB
CDS: off

CodeHeap 'non-profiled nmethods': size=120064Kb used=11629Kb max_used=11629Kb free=108434Kb
 bounds [0x00000256c3340000, 0x00000256c3ec0000, 0x00000256ca880000]
CodeHeap 'profiled nmethods': size=120000Kb used=49185Kb max_used=49185Kb free=70814Kb
 bounds [0x00000256bbe10000, 0x00000256bee20000, 0x00000256c3340000]
CodeHeap 'non-nmethods': size=5696Kb used=2456Kb max_used=2524Kb free=3239Kb
 bounds [0x00000256bb880000, 0x00000256bbb10000, 0x00000256bbe10000]
 total_blobs=21695 nmethods=20702 adapters=902
 compilation: enabled
              stopped_count=0, restarted_count=0
 full_count=0

Compilation events (20 events):
Event: 2259.068 Thread 0x00000256d292d000 22737       2       com.android.tools.r8.internal.yg::b (47 bytes)
Event: 2259.069 Thread 0x00000256d292d000 nmethod 22737 0x00000256bee12290 code [0x00000256bee12460, 0x00000256bee12688]
Event: 2259.095 Thread 0x00000256d292d000 22738       1       com.android.tools.r8.internal.Pr::a2 (3 bytes)
Event: 2259.095 Thread 0x00000256d292d000 nmethod 22738 0x00000256c3655e10 code [0x00000256c3655fc0, 0x00000256c3656078]
Event: 2259.097 Thread 0x00000256d292d000 22739       1       com.android.tools.r8.internal.Pr::Y1 (4 bytes)
Event: 2259.097 Thread 0x00000256d292d000 nmethod 22739 0x00000256c3655b10 code [0x00000256c3655cc0, 0x00000256c3655d78]
Event: 2259.112 Thread 0x00000256d292d000 22740 %     3       com.android.tools.r8.internal.i2::a @ 31 (63 bytes)
Event: 2259.114 Thread 0x00000256d292d000 nmethod 22740% 0x00000256bee12810 code [0x00000256bee12aa0, 0x00000256bee139b8]
Event: 2259.114 Thread 0x00000256d292d000 22741       3       com.android.tools.r8.internal.i2::a (63 bytes)
Event: 2259.115 Thread 0x00000256d292d000 nmethod 22741 0x00000256bee13d10 code [0x00000256bee13f80, 0x00000256bee14e38]
Event: 2259.137 Thread 0x00000256d292d000 22742       2       com.android.tools.r8.internal.B1::<init> (81 bytes)
Event: 2259.138 Thread 0x00000256d292d000 nmethod 22742 0x00000256bee15190 code [0x00000256bee15380, 0x00000256bee158c8]
Event: 2259.171 Thread 0x00000256d292d000 22743       2       com.android.tools.r8.internal.W0::d (10 bytes)
Event: 2259.172 Thread 0x00000256d292d000 nmethod 22743 0x00000256bee15a90 code [0x00000256bee15c40, 0x00000256bee15dc8]
Event: 2259.259 Thread 0x00000256d292d000 22744 %     3       com.android.tools.r8.internal.W4::a @ 227 (268 bytes)
Event: 2259.262 Thread 0x00000256d292d000 nmethod 22744% 0x00000256bee15e90 code [0x00000256bee162a0, 0x00000256bee18098]
Event: 2259.262 Thread 0x00000256d292d000 22745       3       com.android.tools.r8.internal.W4::a (268 bytes)
Event: 2259.265 Thread 0x00000256d292d000 nmethod 22745 0x00000256bee18a10 code [0x00000256bee18e00, 0x00000256bee1aa98]
Event: 2259.265 Thread 0x00000256d292d000 22746       2       com.android.tools.r8.internal.Le::a (57 bytes)
Event: 2259.266 Thread 0x00000256d292d000 nmethod 22746 0x00000256bee1b390 code [0x00000256bee1b5a0, 0x00000256bee1b8c8]

GC Heap History (20 events):
Event: 2246.810 GC heap after
{Heap after GC invocations=134 (full 0):
 garbage-first heap   total 392192K, used 202751K [0x0000000080000000, 0x0000000100000000)
  region size 1024K, 2 young (2048K), 2 survivors (2048K)
 Metaspace       used 126983K, capacity 130683K, committed 130992K, reserved 1163264K
  class space    used 16011K, capacity 17353K, committed 17408K, reserved 1048576K
}
Event: 2247.641 GC heap before
{Heap before GC invocations=134 (full 0):
 garbage-first heap   total 392192K, used 278527K [0x0000000080000000, 0x0000000100000000)
  region size 1024K, 76 young (77824K), 2 survivors (2048K)
 Metaspace       used 128574K, capacity 132255K, committed 132400K, reserved 1165312K
  class space    used 16167K, capacity 17501K, committed 17536K, reserved 1048576K
}
Event: 2247.667 GC heap after
{Heap after GC invocations=135 (full 0):
 garbage-first heap   total 392192K, used 203368K [0x0000000080000000, 0x0000000100000000)
  region size 1024K, 2 young (2048K), 2 survivors (2048K)
 Metaspace       used 128574K, capacity 132255K, committed 132400K, reserved 1165312K
  class space    used 16167K, capacity 17501K, committed 17536K, reserved 1048576K
}
Event: 2250.904 GC heap before
{Heap before GC invocations=136 (full 0):
 garbage-first heap   total 392192K, used 285288K [0x0000000080000000, 0x0000000100000000)
  region size 1024K, 82 young (83968K), 2 survivors (2048K)
 Metaspace       used 129324K, capacity 132912K, committed 133168K, reserved 1165312K
  class space    used 16165K, capacity 17457K, committed 17536K, reserved 1048576K
}
Event: 2250.914 GC heap after
{Heap after GC invocations=137 (full 0):
 garbage-first heap   total 392192K, used 203060K [0x0000000080000000, 0x0000000100000000)
  region size 1024K, 2 young (2048K), 2 survivors (2048K)
 Metaspace       used 129324K, capacity 132912K, committed 133168K, reserved 1165312K
  class space    used 16165K, capacity 17457K, committed 17536K, reserved 1048576K
}
Event: 2251.762 GC heap before
{Heap before GC invocations=137 (full 0):
 garbage-first heap   total 392192K, used 291124K [0x0000000080000000, 0x0000000100000000)
  region size 1024K, 88 young (90112K), 2 survivors (2048K)
 Metaspace       used 129576K, capacity 133260K, committed 133552K, reserved 1165312K
  class space    used 16187K, capacity 17505K, committed 17664K, reserved 1048576K
}
Event: 2251.772 GC heap after
{Heap after GC invocations=138 (full 0):
 garbage-first heap   total 392192K, used 203850K [0x0000000080000000, 0x0000000100000000)
  region size 1024K, 3 young (3072K), 3 survivors (3072K)
 Metaspace       used 129576K, capacity 133260K, committed 133552K, reserved 1165312K
  class space    used 16187K, capacity 17505K, committed 17664K, reserved 1048576K
}
Event: 2252.373 GC heap before
{Heap before GC invocations=139 (full 0):
 garbage-first heap   total 392192K, used 297034K [0x0000000080000000, 0x0000000100000000)
  region size 1024K, 94 young (96256K), 3 survivors (3072K)
 Metaspace       used 130342K, capacity 134050K, committed 134320K, reserved 1165312K
  class space    used 16292K, capacity 17639K, committed 17664K, reserved 1048576K
}
Event: 2252.385 GC heap after
{Heap after GC invocations=140 (full 0):
 garbage-first heap   total 392192K, used 204786K [0x0000000080000000, 0x0000000100000000)
  region size 1024K, 4 young (4096K), 4 survivors (4096K)
 Metaspace       used 130342K, capacity 134050K, committed 134320K, reserved 1165312K
  class space    used 16292K, capacity 17639K, committed 17664K, reserved 1048576K
}
Event: 2253.638 GC heap before
{Heap before GC invocations=140 (full 0):
 garbage-first heap   total 392192K, used 303090K [0x0000000080000000, 0x0000000100000000)
  region size 1024K, 100 young (102400K), 4 survivors (4096K)
 Metaspace       used 131017K, capacity 134853K, committed 134960K, reserved 1167360K
  class space    used 16373K, capacity 17750K, committed 17792K, reserved 1048576K
}
Event: 2253.661 GC heap after
{Heap after GC invocations=141 (full 0):
 garbage-first heap   total 392192K, used 204897K [0x0000000080000000, 0x0000000100000000)
  region size 1024K, 4 young (4096K), 4 survivors (4096K)
 Metaspace       used 131017K, capacity 134853K, committed 134960K, reserved 1167360K
  class space    used 16373K, capacity 17750K, committed 17792K, reserved 1048576K
}
Event: 2255.574 GC heap before
{Heap before GC invocations=142 (full 0):
 garbage-first heap   total 392192K, used 308321K [0x0000000080000000, 0x0000000100000000)
  region size 1024K, 105 young (107520K), 4 survivors (4096K)
 Metaspace       used 131044K, capacity 134858K, committed 134960K, reserved 1167360K
  class space    used 16374K, capacity 17750K, committed 17792K, reserved 1048576K
}
Event: 2255.594 GC heap after
{Heap after GC invocations=143 (full 0):
 garbage-first heap   total 392192K, used 205650K [0x0000000080000000, 0x0000000100000000)
  region size 1024K, 5 young (5120K), 5 survivors (5120K)
 Metaspace       used 131044K, capacity 134858K, committed 134960K, reserved 1167360K
  class space    used 16374K, capacity 17750K, committed 17792K, reserved 1048576K
}
Event: 2256.415 GC heap before
{Heap before GC invocations=143 (full 0):
 garbage-first heap   total 392192K, used 316242K [0x0000000080000000, 0x0000000100000000)
  region size 1024K, 113 young (115712K), 5 survivors (5120K)
 Metaspace       used 131106K, capacity 134941K, committed 135216K, reserved 1167360K
  class space    used 16379K, capacity 17755K, committed 17792K, reserved 1048576K
}
Event: 2256.447 GC heap after
{Heap after GC invocations=144 (full 0):
 garbage-first heap   total 392192K, used 209955K [0x0000000080000000, 0x0000000100000000)
  region size 1024K, 9 young (9216K), 9 survivors (9216K)
 Metaspace       used 131106K, capacity 134941K, committed 135216K, reserved 1167360K
  class space    used 16379K, capacity 17755K, committed 17792K, reserved 1048576K
}
Event: 2257.509 GC heap before
{Heap before GC invocations=145 (full 0):
 garbage-first heap   total 392192K, used 321571K [0x0000000080000000, 0x0000000100000000)
  region size 1024K, 118 young (120832K), 9 survivors (9216K)
 Metaspace       used 131126K, capacity 134943K, committed 135216K, reserved 1167360K
  class space    used 16382K, capacity 17755K, committed 17792K, reserved 1048576K
}
Event: 2257.565 GC heap after
{Heap after GC invocations=146 (full 0):
 garbage-first heap   total 392192K, used 209365K [0x0000000080000000, 0x0000000100000000)
  region size 1024K, 7 young (7168K), 7 survivors (7168K)
 Metaspace       used 131126K, capacity 134943K, committed 135216K, reserved 1167360K
  class space    used 16382K, capacity 17755K, committed 17792K, reserved 1048576K
}
Event: 2258.116 GC heap before
{Heap before GC invocations=146 (full 0):
 garbage-first heap   total 392192K, used 327125K [0x0000000080000000, 0x0000000100000000)
  region size 1024K, 122 young (124928K), 7 survivors (7168K)
 Metaspace       used 131157K, capacity 134948K, committed 135216K, reserved 1167360K
  class space    used 16385K, capacity 17756K, committed 17792K, reserved 1048576K
}
Event: 2258.154 GC heap after
{Heap after GC invocations=147 (full 0):
 garbage-first heap   total 392192K, used 210316K [0x0000000080000000, 0x0000000100000000)
  region size 1024K, 8 young (8192K), 8 survivors (8192K)
 Metaspace       used 131157K, capacity 134948K, committed 135216K, reserved 1167360K
  class space    used 16385K, capacity 17756K, committed 17792K, reserved 1048576K
}
Event: 2259.269 GC heap before
{Heap before GC invocations=148 (full 0):
 garbage-first heap   total 392192K, used 329100K [0x0000000080000000, 0x0000000100000000)
  region size 1024K, 124 young (126976K), 8 survivors (8192K)
 Metaspace       used 131124K, capacity 134877K, committed 135216K, reserved 1167360K
  class space    used 16370K, capacity 17729K, committed 17792K, reserved 1048576K
}

Deoptimization events (20 events):
Event: 2258.819 Thread 0x00000256d4ced000 DEOPT PACKING pc=0x00000256bea34b4b sp=0x00000067570f8ba0
Event: 2258.819 Thread 0x00000256d4ced000 DEOPT UNPACKING pc=0x00000256bb8ca95e sp=0x00000067570f7fe8 mode 0
Event: 2258.850 Thread 0x00000256d4ce7000 DEOPT PACKING pc=0x00000256bc048297 sp=0x0000006756ef9420
Event: 2258.850 Thread 0x00000256d4ce7000 DEOPT UNPACKING pc=0x00000256bb8ca95e sp=0x0000006756ef8978 mode 0
Event: 2258.878 Thread 0x00000256d4ce6800 DEOPT PACKING pc=0x00000256be81751a sp=0x0000006756bf9140
Event: 2258.878 Thread 0x00000256d4ce6800 DEOPT UNPACKING pc=0x00000256bb8ca95e sp=0x0000006756bf8908 mode 0
Event: 2259.027 Thread 0x00000256d4ceb000 DEOPT PACKING pc=0x00000256be5d81b1 sp=0x0000006756ff8bb0
Event: 2259.027 Thread 0x00000256d4ceb000 DEOPT UNPACKING pc=0x00000256bb8ca95e sp=0x0000006756ff7fc0 mode 0
Event: 2259.049 Thread 0x00000256d4ce6800 Uncommon trap: trap_request=0xffffffbe fr.pc=0x00000256c3eaa910 relative=0x0000000000007330
Event: 2259.049 Thread 0x00000256d4ce6800 Uncommon trap: reason=profile_predicate action=maybe_recompile pc=0x00000256c3eaa910 method=com.android.tools.r8.ir.regalloc.a.a(Lcom/android/tools/r8/ir/regalloc/a$a;Z)Lcom/android/tools/r8/ir/regalloc/a$a; @ 987 c2
Event: 2259.049 Thread 0x00000256d4ce6800 DEOPT PACKING pc=0x00000256c3eaa910 sp=0x0000006756bf9420
Event: 2259.049 Thread 0x00000256d4ce6800 DEOPT UNPACKING pc=0x00000256bb8ca1af sp=0x0000006756bf9418 mode 2
Event: 2259.051 Thread 0x00000256d4ced000 DEOPT PACKING pc=0x00000256bc048297 sp=0x00000067570f8d00
Event: 2259.051 Thread 0x00000256d4ced000 DEOPT UNPACKING pc=0x00000256bb8ca95e sp=0x00000067570f8258 mode 0
Event: 2259.055 Thread 0x00000256d4ce6800 DEOPT PACKING pc=0x00000256be975ee9 sp=0x0000006756bf9430
Event: 2259.055 Thread 0x00000256d4ce6800 DEOPT UNPACKING pc=0x00000256bb8ca95e sp=0x0000006756bf8998 mode 0
Event: 2259.115 Thread 0x00000256d4ce7000 DEOPT PACKING pc=0x00000256be5e5ac4 sp=0x0000006756ef9740
Event: 2259.115 Thread 0x00000256d4ce7000 DEOPT UNPACKING pc=0x00000256bb8ca95e sp=0x0000006756ef8c08 mode 0
Event: 2259.263 Thread 0x00000256d4ceb000 DEOPT PACKING pc=0x00000256be53d3a8 sp=0x0000006756ff9440
Event: 2259.263 Thread 0x00000256d4ceb000 DEOPT UNPACKING pc=0x00000256bb8ca95e sp=0x0000006756ff8990 mode 0

Classes redefined (0 events):
No events

Internal exceptions (20 events):
Event: 2246.447 Thread 0x00000256d4ce6800 Exception <a 'java/lang/NoSuchMethodError'{0x000000008fd536f0}: 'void java.lang.invoke.DirectMethodHandle$Holder.invokeVirtual(java.lang.Object, java.lang.Object, int, java.lang.Object)'> (0x000000008fd536f0) thrown at [./src/hotspot/share/interpreter/linkResolver.cpp, line 773]
Event: 2246.447 Thread 0x00000256d4ced000 Exception <a 'java/lang/NoSuchMethodError'{0x000000008fe1e538}: 'void java.lang.invoke.DirectMethodHandle$Holder.invokeVirtual(java.lang.Object, java.lang.Object, int, java.lang.Object)'> (0x000000008fe1e538) thrown at [./src/hotspot/share/interpreter/linkResolver.cpp, line 773]
Event: 2246.613 Thread 0x00000256d4ced000 Exception <a 'java/lang/NoSuchMethodError'{0x0000000092a2b840}: 'java.lang.Object java.lang.invoke.DirectMethodHandle$Holder.newInvokeSpecial(java.lang.Object, int)'> (0x0000000092a2b840) thrown at [./src/hotspot/share/interpreter/linkResolver.cpp, line 773]
Event: 2246.613 Thread 0x00000256d4ce7000 Exception <a 'java/lang/NoSuchMethodError'{0x0000000092b69db0}: 'java.lang.Object java.lang.invoke.DirectMethodHandle$Holder.newInvokeSpecial(java.lang.Object, int)'> (0x0000000092b69db0) thrown at [./src/hotspot/share/interpreter/linkResolver.cpp, line 773]
Event: 2246.614 Thread 0x00000256d4ceb000 Exception <a 'java/lang/NoSuchMethodError'{0x0000000092a34100}: 'java.lang.Object java.lang.invoke.DirectMethodHandle$Holder.newInvokeSpecial(java.lang.Object, int)'> (0x0000000092a34100) thrown at [./src/hotspot/share/interpreter/linkResolver.cpp, line 773]
Event: 2246.615 Thread 0x00000256d4ce6800 Exception <a 'java/lang/NoSuchMethodError'{0x0000000092a22328}: 'java.lang.Object java.lang.invoke.DirectMethodHandle$Holder.newInvokeSpecial(java.lang.Object, int)'> (0x0000000092a22328) thrown at [./src/hotspot/share/interpreter/linkResolver.cpp, line 773]
Event: 2246.683 Thread 0x00000256d4ce6800 Exception <a 'java/lang/NoSuchMethodError'{0x00000000928eaff0}: 'java.lang.Object java.lang.invoke.DirectMethodHandle$Holder.invokeInterface(java.lang.Object, java.lang.Object, int)'> (0x00000000928eaff0) thrown at [./src/hotspot/share/interpreter/linkResolver.cpp, line 773]
Event: 2247.701 Thread 0x00000256d4ced000 Exception <a 'java/lang/NoSuchMethodError'{0x000000009795dca8}: 'int java.lang.invoke.DirectMethodHandle$Holder.invokeInterface(java.lang.Object, java.lang.Object, int)'> (0x000000009795dca8) thrown at [./src/hotspot/share/interpreter/linkResolver.cpp, line 773]
Event: 2250.333 Thread 0x00000256d4ceb000 Implicit null exception at 0x00000256c3e5e2a4 to 0x00000256c3e63b30
Event: 2250.615 Thread 0x00000256d4ce7000 Exception <a 'java/lang/NoSuchMethodError'{0x0000000095163e80}: 'java.lang.Object java.lang.invoke.DirectMethodHandle$Holder.invokeSpecial(java.lang.Object, java.lang.Object, java.lang.Object, java.lang.Object, java.lang.Object, java.lang.Object, java.lang.Object, java.lang.Object, java.lang.Object, java.lang.Object, java.lang.Object)'> (0x0000000095163e80) thrown at [./src/hotspot/share/interpreter/linkResolver.cpp, line 773]
Event: 2250.616 Thread 0x00000256d4ce7000 Exception <a 'java/lang/NoSuchMethodError'{0x000000009516f8a0}: 'java.lang.Object java.lang.invoke.Invokers$Holder.linkToTargetMethod(java.lang.Object, java.lang.Object, java.lang.Object, java.lang.Object, java.lang.Object, java.lang.Object, java.lang.Object, java.lang.Object, java.lang.Object, java.lang.Object)'> (0x000000009516f8a0) thrown at [./src/hotspot/share/interpreter/linkResolver.cpp, line 773]
Event: 2250.744 Thread 0x00000256d4ce7000 Exception <a 'java/lang/IncompatibleClassChangeError'{0x00000000937b1a90}: Found class java.lang.Object, but interface was expected> (0x00000000937b1a90) thrown at [./src/hotspot/share/interpreter/linkResolver.cpp, line 839]
Event: 2252.081 Thread 0x00000256d4ce6800 Exception <a 'java/lang/NoSuchMethodError'{0x0000000095e61098}: 'void java.lang.invoke.DirectMethodHandle$Holder.invokeSpecial(java.lang.Object, java.lang.Object, int, java.lang.Object, java.lang.Object, java.lang.Object, java.lang.Object)'> (0x0000000095e61098) thrown at [./src/hotspot/share/interpreter/linkResolver.cpp, line 773]
Event: 2252.082 Thread 0x00000256d4ce6800 Exception <a 'java/lang/NoSuchMethodError'{0x0000000095de8b90}: 'java.lang.Object java.lang.invoke.Invokers$Holder.linkToTargetMethod(java.lang.Object, int, java.lang.Object, java.lang.Object, java.lang.Object, java.lang.Object)'> (0x0000000095de8b90) thrown at [./src/hotspot/share/interpreter/linkResolver.cpp, line 773]
Event: 2252.083 Thread 0x00000256d4ce6800 Exception <a 'java/lang/NoSuchMethodError'{0x0000000095ded230}: 'void java.lang.invoke.DirectMethodHandle$Holder.invokeSpecial(java.lang.Object, java.lang.Object, java.lang.Object, java.lang.Object, java.lang.Object, java.lang.Object, java.lang.Object, java.lang.Object, java.lang.Object)'> (0x0000000095ded230) thrown at [./src/hotspot/share/interpreter/linkResolver.cpp, line 773]
Event: 2252.086 Thread 0x00000256d4ce6800 Exception <a 'java/lang/NoSuchMethodError'{0x0000000095c88858}: 'void java.lang.invoke.DirectMethodHandle$Holder.invokeStatic(java.lang.Object, java.lang.Object, java.lang.Object, java.lang.Object, java.lang.Object, java.lang.Object, java.lang.Object, java.lang.Object)'> (0x0000000095c88858) thrown at [./src/hotspot/share/interpreter/linkResolver.cpp, line 773]
Event: 2252.388 Thread 0x00000256d4ce6800 Exception <a 'java/lang/IncompatibleClassChangeError'{0x0000000097efacb0}: Found class java.lang.Object, but interface was expected> (0x0000000097efacb0) thrown at [./src/hotspot/share/interpreter/linkResolver.cpp, line 839]
Event: 2252.557 Thread 0x00000256d4ce6800 Exception <a 'java/lang/NoSuchMethodError'{0x00000000957b6e50}: 'void java.lang.invoke.DirectMethodHandle$Holder.invokeVirtual(java.lang.Object, java.lang.Object, int)'> (0x00000000957b6e50) thrown at [./src/hotspot/share/interpreter/linkResolver.cpp, line 773]
Event: 2252.918 Thread 0x00000256d4ce6800 Exception <a 'sun/nio/fs/WindowsException'{0x0000000094b56968}> (0x0000000094b56968) thrown at [./src/hotspot/share/prims/jni.cpp, line 616]
Event: 2255.685 Thread 0x00000256d4ce6800 Exception <a 'sun/nio/fs/WindowsException'{0x00000000972d0830}> (0x00000000972d0830) thrown at [./src/hotspot/share/prims/jni.cpp, line 616]

Events (20 events):
Event: 2257.565 Executing VM operation: G1CollectForAllocation done
Event: 2257.568 loading class com/android/tools/r8/code/V3
Event: 2257.568 loading class com/android/tools/r8/code/V3 done
Event: 2257.941 loading class com/android/tools/r8/internal/Rr
Event: 2257.941 loading class com/android/tools/r8/internal/Rr done
Event: 2257.941 loading class com/android/tools/r8/internal/Rr
Event: 2257.941 loading class com/android/tools/r8/internal/Rr done
Event: 2258.115 Executing VM operation: G1CollectForAllocation
Event: 2258.154 Executing VM operation: G1CollectForAllocation done
Event: 2258.545 Executing VM operation: CGC_Operation
Event: 2258.664 Executing VM operation: CGC_Operation done
Event: 2258.680 Executing VM operation: ICBufferFull
Event: 2258.681 Executing VM operation: ICBufferFull done
Event: 2258.701 Executing VM operation: ICBufferFull
Event: 2258.701 Executing VM operation: ICBufferFull done
Event: 2258.802 Executing VM operation: ICBufferFull
Event: 2258.804 Executing VM operation: ICBufferFull done
Event: 2258.838 Executing VM operation: CGC_Operation
Event: 2258.842 Executing VM operation: CGC_Operation done
Event: 2259.268 Executing VM operation: G1CollectForAllocation


Dynamic libraries:
0x00007ff7ab3d0000 - 0x00007ff7ab3da000 	C:\Program Files\JetBrains\IntelliJ IDEA Community Edition 2021.3.2\jbr\bin\java.exe
0x00007ffd9ec10000 - 0x00007ffd9ee08000 	C:\Windows\SYSTEM32\ntdll.dll
0x00007ffd9cec0000 - 0x00007ffd9cf7d000 	C:\Windows\System32\KERNEL32.DLL
0x00007ffd9c990000 - 0x00007ffd9cc62000 	C:\Windows\System32\KERNELBASE.dll
0x00007ffd9c840000 - 0x00007ffd9c940000 	C:\Windows\System32\ucrtbase.dll
0x00007ffd967f0000 - 0x00007ffd96807000 	C:\Program Files\JetBrains\IntelliJ IDEA Community Edition 2021.3.2\jbr\bin\VCRUNTIME140.dll
0x00007ffd89d90000 - 0x00007ffd89da9000 	C:\Program Files\JetBrains\IntelliJ IDEA Community Edition 2021.3.2\jbr\bin\jli.dll
0x00007ffd9e800000 - 0x00007ffd9e99d000 	C:\Windows\System32\USER32.dll
0x00007ffd84f10000 - 0x00007ffd851aa000 	C:\Windows\WinSxS\amd64_microsoft.windows.common-controls_6595b64144ccf1df_6.0.19041.1110_none_60b5254171f9507e\COMCTL32.dll
0x00007ffd9c7e0000 - 0x00007ffd9c802000 	C:\Windows\System32\win32u.dll
0x00007ffd9e6b0000 - 0x00007ffd9e74e000 	C:\Windows\System32\msvcrt.dll
0x00007ffd9eab0000 - 0x00007ffd9eadb000 	C:\Windows\System32\GDI32.dll
0x00007ffd9c6d0000 - 0x00007ffd9c7df000 	C:\Windows\System32\gdi32full.dll
0x00007ffd9c580000 - 0x00007ffd9c61d000 	C:\Windows\System32\msvcp_win.dll
0x00007ffd9e4d0000 - 0x00007ffd9e500000 	C:\Windows\System32\IMM32.DLL
0x00007ffd6da00000 - 0x00007ffd6da9d000 	C:\Program Files\JetBrains\IntelliJ IDEA Community Edition 2021.3.2\jbr\bin\msvcp140.dll
0x00007ffd458b0000 - 0x00007ffd46426000 	C:\Program Files\JetBrains\IntelliJ IDEA Community Edition 2021.3.2\jbr\bin\server\jvm.dll
0x00007ffd9e750000 - 0x00007ffd9e7fe000 	C:\Windows\System32\ADVAPI32.dll
0x00007ffd9e430000 - 0x00007ffd9e4cc000 	C:\Windows\System32\sechost.dll
0x00007ffd9e300000 - 0x00007ffd9e425000 	C:\Windows\System32\RPCRT4.dll
0x00007ffd9eae0000 - 0x00007ffd9eae8000 	C:\Windows\System32\PSAPI.DLL
0x00007ffd93e70000 - 0x00007ffd93e97000 	C:\Windows\SYSTEM32\WINMM.dll
0x00007ffd93fb0000 - 0x00007ffd93fba000 	C:\Windows\SYSTEM32\VERSION.dll
0x00007ffd87a60000 - 0x00007ffd87a69000 	C:\Windows\SYSTEM32\WSOCK32.dll
0x00007ffd9eb00000 - 0x00007ffd9eb6b000 	C:\Windows\System32\WS2_32.dll
0x00007ffd9a1e0000 - 0x00007ffd9a1f2000 	C:\Windows\SYSTEM32\kernel.appcore.dll
0x00007ffd8a090000 - 0x00007ffd8a0a1000 	C:\Program Files\JetBrains\IntelliJ IDEA Community Edition 2021.3.2\jbr\bin\verify.dll
0x00007ffd89a40000 - 0x00007ffd89c24000 	C:\Windows\SYSTEM32\DBGHELP.DLL
0x00007ffd85690000 - 0x00007ffd856bc000 	C:\Windows\SYSTEM32\dbgcore.DLL
0x00007ffd9c320000 - 0x00007ffd9c3a2000 	C:\Windows\System32\bcryptPrimitives.dll
0x00007ffd8a060000 - 0x00007ffd8a089000 	C:\Program Files\JetBrains\IntelliJ IDEA Community Edition 2021.3.2\jbr\bin\java.dll
0x00007ffd96e80000 - 0x00007ffd96e8b000 	C:\Program Files\JetBrains\IntelliJ IDEA Community Edition 2021.3.2\jbr\bin\jimage.dll
0x00007ffd8a040000 - 0x00007ffd8a058000 	C:\Program Files\JetBrains\IntelliJ IDEA Community Edition 2021.3.2\jbr\bin\zip.dll
0x00007ffd9d610000 - 0x00007ffd9dd53000 	C:\Windows\System32\SHELL32.dll
0x00007ffd9a3e0000 - 0x00007ffd9ab71000 	C:\Windows\SYSTEM32\windows.storage.dll
0x00007ffd9dd60000 - 0x00007ffd9e0b4000 	C:\Windows\System32\combase.dll
0x00007ffd9bca0000 - 0x00007ffd9bcd0000 	C:\Windows\SYSTEM32\Wldp.dll
0x00007ffd9d560000 - 0x00007ffd9d60d000 	C:\Windows\System32\SHCORE.dll
0x00007ffd9e9a0000 - 0x00007ffd9e9f5000 	C:\Windows\System32\shlwapi.dll
0x00007ffd9c260000 - 0x00007ffd9c27f000 	C:\Windows\SYSTEM32\profapi.dll
0x00007ffd8a020000 - 0x00007ffd8a03a000 	C:\Program Files\JetBrains\IntelliJ IDEA Community Edition 2021.3.2\jbr\bin\net.dll
0x00007ffd87a80000 - 0x00007ffd87b8d000 	C:\Windows\SYSTEM32\WINHTTP.dll
0x00007ffd9ba00000 - 0x00007ffd9ba6a000 	C:\Windows\system32\mswsock.dll
0x00007ffd89fb0000 - 0x00007ffd89fc4000 	C:\Program Files\JetBrains\IntelliJ IDEA Community Edition 2021.3.2\jbr\bin\nio.dll
0x00007ffd83530000 - 0x00007ffd83557000 	C:\Users\trust\.gradle\native\8bec1ad78214c89d9ad589b4d07fe93259594b29d510b10fafb7a158f7737e5d\windows-amd64\native-platform.dll
0x00007ffd65a20000 - 0x00007ffd65b5d000 	C:\Users\trust\.gradle\native\53dbd7edfb1c66fb8903c78663c9afc45aea4f116125fa6feffd364cf09443e8\windows-amd64\native-platform-file-events.dll
0x00007ffd95bc0000 - 0x00007ffd95bca000 	C:\Program Files\JetBrains\IntelliJ IDEA Community Edition 2021.3.2\jbr\bin\management.dll
0x00007ffd94f60000 - 0x00007ffd94f6d000 	C:\Program Files\JetBrains\IntelliJ IDEA Community Edition 2021.3.2\jbr\bin\management_ext.dll
0x00007ffd9bc00000 - 0x00007ffd9bc18000 	C:\Windows\SYSTEM32\CRYPTSP.dll
0x00007ffd9b320000 - 0x00007ffd9b354000 	C:\Windows\system32\rsaenh.dll
0x00007ffd9c810000 - 0x00007ffd9c837000 	C:\Windows\System32\bcrypt.dll
0x00007ffd9c1e0000 - 0x00007ffd9c20e000 	C:\Windows\SYSTEM32\USERENV.dll
0x00007ffd9bbf0000 - 0x00007ffd9bbfc000 	C:\Windows\SYSTEM32\CRYPTBASE.dll
0x00007ffd9b6f0000 - 0x00007ffd9b72b000 	C:\Windows\SYSTEM32\IPHLPAPI.DLL
0x00007ffd9eaf0000 - 0x00007ffd9eaf8000 	C:\Windows\System32\NSI.dll
0x00007ffd91c20000 - 0x00007ffd91c37000 	C:\Windows\SYSTEM32\dhcpcsvc6.DLL
0x00007ffd93950000 - 0x00007ffd9396d000 	C:\Windows\SYSTEM32\dhcpcsvc.DLL
0x00007ffd9b730000 - 0x00007ffd9b7fa000 	C:\Windows\SYSTEM32\DNSAPI.dll
0x00007ffd9b440000 - 0x00007ffd9b473000 	C:\Windows\SYSTEM32\ntmarta.dll
0x00007ffd89f10000 - 0x00007ffd89f38000 	C:\Program Files\JetBrains\IntelliJ IDEA Community Edition 2021.3.2\jbr\bin\sunec.dll
0x00007ffd87a50000 - 0x00007ffd87a5a000 	C:\Windows\System32\rasadhlp.dll
0x00007ffd87bf0000 - 0x00007ffd87c70000 	C:\Windows\System32\fwpuclnt.dll

dbghelp: loaded successfully - version: 4.0.5 - missing functions: none
symbol engine: initialized successfully - sym options: 0x614 - pdb path: .;C:\Program Files\JetBrains\IntelliJ IDEA Community Edition 2021.3.2\jbr\bin;C:\Windows\SYSTEM32;C:\Windows\WinSxS\amd64_microsoft.windows.common-controls_6595b64144ccf1df_6.0.19041.1110_none_60b5254171f9507e;C:\Program Files\JetBrains\IntelliJ IDEA Community Edition 2021.3.2\jbr\bin\server;C:\Users\trust\.gradle\native\8bec1ad78214c89d9ad589b4d07fe93259594b29d510b10fafb7a158f7737e5d\windows-amd64;C:\Users\trust\.gradle\native\53dbd7edfb1c66fb8903c78663c9afc45aea4f116125fa6feffd364cf09443e8\windows-amd64

VM Arguments:
jvm_args: --add-opens=java.base/java.util=ALL-UNNAMED --add-opens=java.base/java.lang=ALL-UNNAMED --add-opens=java.base/java.lang.invoke=ALL-UNNAMED --add-opens=java.base/java.util=ALL-UNNAMED --add-opens=java.prefs/java.util.prefs=ALL-UNNAMED --add-opens=java.prefs/java.util.prefs=ALL-UNNAMED --add-opens=java.base/java.nio.charset=ALL-UNNAMED --add-opens=java.base/java.net=ALL-UNNAMED --add-opens=java.base/java.util.concurrent.atomic=ALL-UNNAMED -Xmx2048m -Dfile.encoding=UTF-8 -Duser.country=RU -Duser.language=ru -Duser.variant 
java_command: org.gradle.launcher.daemon.bootstrap.GradleDaemon 7.0.2
java_class_path (initial): C:\Users\trust\.gradle\wrapper\dists\gradle-7.0.2-bin\857tjihv64xamwrf0h14cai3r\gradle-7.0.2\lib\gradle-launcher-7.0.2.jar
Launcher Type: SUN_STANDARD

[Global flags]
     intx CICompilerCount                          = 3                                         {product} {ergonomic}
     uint ConcGCThreads                            = 1                                         {product} {ergonomic}
     uint G1ConcRefinementThreads                  = 4                                         {product} {ergonomic}
   size_t G1HeapRegionSize                         = 1048576                                   {product} {ergonomic}
    uintx GCDrainStackTargetSize                   = 64                                        {product} {ergonomic}
   size_t InitialHeapSize                          = 58720256                                  {product} {ergonomic}
   size_t MarkStackSize                            = 4194304                                   {product} {ergonomic}
   size_t MaxHeapSize                              = 2147483648                                {product} {command line}
   size_t MaxNewSize                               = 1287651328                                {product} {ergonomic}
   size_t MinHeapDeltaBytes                        = 1048576                                   {product} {ergonomic}
    uintx NonNMethodCodeHeapSize                   = 5830732                                {pd product} {ergonomic}
    uintx NonProfiledCodeHeapSize                  = 122913754                              {pd product} {ergonomic}
    uintx ProfiledCodeHeapSize                     = 122913754                              {pd product} {ergonomic}
    uintx ReservedCodeCacheSize                    = 251658240                              {pd product} {ergonomic}
     bool SegmentedCodeCache                       = true                                      {product} {ergonomic}
     bool UseCompressedClassPointers               = true                                 {lp64_product} {ergonomic}
     bool UseCompressedOops                        = true                                 {lp64_product} {ergonomic}
     bool UseG1GC                                  = true                                      {product} {ergonomic}
     bool UseLargePagesIndividualAllocation        = false                                  {pd product} {ergonomic}

Logging:
Log output configuration:
 #0: stdout all=warning uptime,level,tags
 #1: stderr all=off uptime,level,tags

Environment Variables:
PATH=C:\Windows\system32;C:\Windows;C:\Windows\System32\Wbem;C:\Windows\System32\WindowsPowerShell\v1.0\;C:\Windows\System32\OpenSSH\;C:\Program Files\Git\cmd;C:\Users\trust\AppData\Local\Microsoft\WindowsApps;C:\Gradle\gradle-6.9.3\bin;
USERNAME=trust
OS=Windows_NT
PROCESSOR_IDENTIFIER=AMD64 Family 23 Model 24 Stepping 1, AuthenticAMD



---------------  S Y S T E M  ---------------

OS: Windows 10 , 64 bit Build 19041 (10.0.19041.1889)
OS uptime: 4 days 22:11 hours

CPU:total 4 (initial active 4) (4 cores per cpu, 2 threads per core) family 23 model 24 stepping 1 microcode 0x0, cmov, cx8, fxsr, mmx, sse, sse2, sse3, ssse3, sse4.1, sse4.2, popcnt, avx, avx2, aes, clmul, mmxext, 3dnowpref, lzcnt, sse4a, ht, tsc, tscinvbit, tscinv, bmi1, bmi2, adx, sha, fma

Memory: 4k page, system-wide physical 3500M (236M free)
TotalPageFile size 14252M (AvailPageFile size 7M)
current process WorkingSet (physical memory assigned to process): 539M, peak: 544M
current process commit charge ("private bytes"): 825M, peak: 890M

vm_info: OpenJDK 64-Bit Server VM (11.0.13+7-b1751.25) for windows-amd64 JRE (11.0.13+7-b1751.25), built on Jan 13 2022 20:47:27 by "" with MS VC++ 14.0 (VS2015)

END.
