#
# There is insufficient memory for the Java Runtime Environment to continue.
# Native memory allocation (mmap) failed to map 147849216 bytes for Failed to commit area from 0x0000000095300000 to 0x000000009e000000 of length 147849216.
# Possible reasons:
#   The system is out of physical RAM or swap space
#   The process is running with CompressedOops enabled, and the Java Heap may be blocking the growth of the native heap
# Possible solutions:
#   Reduce memory load on the system
#   Increase physical memory or swap space
#   Check if swap backing store is full
#   Decrease Java heap size (-Xmx/-Xms)
#   Decrease number of Java threads
#   Decrease Java thread stack sizes (-Xss)
#   Set larger code cache with -XX:ReservedCodeCacheSize=
#   JVM is running with Unscaled Compressed Oops mode in which the Java heap is
#     placed in the first 4GB address space. The Java Heap base address is the
#     maximum limit for the native heap growth. Please use -XX:HeapBaseMinAddress
#     to set the Java Heap base and to place the Java Heap above 4GB virtual address.
# This output file may be truncated or incomplete.
#
#  Out of Memory Error (./src/hotspot/os/windows/os_windows.cpp:3619), pid=2280, tid=1756
#
# JRE version: OpenJDK Runtime Environment JBR-11.0.13.7-1751.25-jcef (11.0.13+7) (build 11.0.13+7-b1751.25)
# Java VM: OpenJDK 64-Bit Server VM JBR-11.0.13.7-1751.25-jcef (11.0.13+7-b1751.25, mixed mode, tiered, compressed oops, g1 gc, windows-amd64)
# No core dump will be written. Minidumps are not enabled by default on client versions of Windows
#

---------------  S U M M A R Y ------------

Command Line: --add-opens=java.base/java.util=ALL-UNNAMED --add-opens=java.base/java.lang=ALL-UNNAMED --add-opens=java.base/java.lang.invoke=ALL-UNNAMED --add-opens=java.base/java.util=ALL-UNNAMED --add-opens=java.prefs/java.util.prefs=ALL-UNNAMED --add-opens=java.prefs/java.util.prefs=ALL-UNNAMED --add-opens=java.base/java.nio.charset=ALL-UNNAMED --add-opens=java.base/java.net=ALL-UNNAMED --add-opens=java.base/java.util.concurrent.atomic=ALL-UNNAMED -Xmx2048m -Dfile.encoding=UTF-8 -Duser.country=RU -Duser.language=ru -Duser.variant org.gradle.launcher.daemon.bootstrap.GradleDaemon 7.0.2

Host: AMD Athlon 300U with Radeon Vega Mobile Gfx    , 4 cores, 3G,  Windows 10 , 64 bit Build 19041 (10.0.19041.1889)
Time: Sun Oct 30 16:05:56 2022 RTZ 2 (зима) elapsed time: 124.847013 seconds (0d 0h 2m 4s)

---------------  T H R E A D  ---------------

Current thread (0x000002ed641e5000):  VMThread "VM Thread" [stack: 0x000000f97d800000,0x000000f97d900000] [id=1756]

Stack: [0x000000f97d800000,0x000000f97d900000]
[error occurred during error reporting (printing stack bounds), id 0xc0000005, EXCEPTION_ACCESS_VIOLATION (0xc0000005) at pc=0x000002ed4d1c112d]

Native frames: (J=compiled Java code, j=interpreted, Vv=VM code, C=native code)
V  [jvm.dll+0x613daa]
V  [jvm.dll+0x799b30]
V  [jvm.dll+0x79b14d]
V  [jvm.dll+0x79b785]
V  [jvm.dll+0x79b73b]
V  [jvm.dll+0x612ed4]
V  [jvm.dll+0x613668]
C  [ntdll.dll+0xa241f]
C  [ntdll.dll+0x514a4]
C  [ntdll.dll+0xa0f4e]
C  0x000002ed4d1c112d

VM_Operation (0x000000f9010f95d0): G1CollectForAllocation, mode: safepoint, requested by thread 0x000002ed6a760000


---------------  P R O C E S S  ---------------

Threads class SMR info:
_java_thread_list=0x000002ed6e0f2390, length=51, elements={
0x000002ed49569000, 0x000002ed641e7800, 0x000002ed641f1800, 0x000002ed64207800,
0x000002ed64209800, 0x000002ed6424f800, 0x000002ed64252800, 0x000002ed64258000,
0x000002ed6425c000, 0x000002ed644dc000, 0x000002ed65f33000, 0x000002ed652b3800,
0x000002ed65e76000, 0x000002ed6641b000, 0x000002ed64e75800, 0x000002ed664d3800,
0x000002ed664d0800, 0x000002ed664ce800, 0x000002ed664d4800, 0x000002ed664d3000,
0x000002ed664d5000, 0x000002ed664cf800, 0x000002ed664d1000, 0x000002ed66b24800,
0x000002ed66b2b000, 0x000002ed66b28000, 0x000002ed66b2e800, 0x000002ed66b29000,
0x000002ed66b25800, 0x000002ed66b29800, 0x000002ed66b2c000, 0x000002ed66b26800,
0x000002ed66b2d000, 0x000002ed66b27000, 0x000002ed66b31000, 0x000002ed66b2d800,
0x000002ed66b33800, 0x000002ed66b30000, 0x000002ed664d2000, 0x000002ed6a760000,
0x000002ed6a761000, 0x000002ed6a75e800, 0x000002ed6a762800, 0x000002ed6a762000,
0x000002ed6a75d000, 0x000002ed6a763800, 0x000002ed6a75f800, 0x000002ed6a75d800,
0x000002ed6a765000, 0x000002ed6a766000, 0x000002ed6a766800
}

Java Threads: ( => current thread )
  0x000002ed49569000 JavaThread "main" [_thread_blocked, id=11804, stack(0x000000f97d200000,0x000000f97d300000)]
  0x000002ed641e7800 JavaThread "Reference Handler" daemon [_thread_blocked, id=11460, stack(0x000000f97d900000,0x000000f97da00000)]
  0x000002ed641f1800 JavaThread "Finalizer" daemon [_thread_blocked, id=12148, stack(0x000000f97da00000,0x000000f97db00000)]
  0x000002ed64207800 JavaThread "Signal Dispatcher" daemon [_thread_blocked, id=7984, stack(0x000000f97db00000,0x000000f97dc00000)]
  0x000002ed64209800 JavaThread "Attach Listener" daemon [_thread_blocked, id=7024, stack(0x000000f97dc00000,0x000000f97dd00000)]
  0x000002ed6424f800 JavaThread "Service Thread" daemon [_thread_blocked, id=9396, stack(0x000000f97dd00000,0x000000f97de00000)]
  0x000002ed64252800 JavaThread "C2 CompilerThread0" daemon [_thread_blocked, id=10548, stack(0x000000f97de00000,0x000000f97df00000)]
  0x000002ed64258000 JavaThread "C1 CompilerThread0" daemon [_thread_blocked, id=6496, stack(0x000000f97df00000,0x000000f97e000000)]
  0x000002ed6425c000 JavaThread "Sweeper thread" daemon [_thread_blocked, id=5380, stack(0x000000f97e000000,0x000000f97e100000)]
  0x000002ed644dc000 JavaThread "Common-Cleaner" daemon [_thread_blocked, id=7648, stack(0x000000f97e100000,0x000000f97e200000)]
  0x000002ed65f33000 JavaThread "Daemon health stats" [_thread_blocked, id=8132, stack(0x000000f97e400000,0x000000f97e500000)]
  0x000002ed652b3800 JavaThread "Incoming local TCP Connector on port 53382" [_thread_in_native, id=904, stack(0x000000f97e500000,0x000000f97e600000)]
  0x000002ed65e76000 JavaThread "Daemon periodic checks" [_thread_blocked, id=8624, stack(0x000000f97e600000,0x000000f97e700000)]
  0x000002ed6641b000 JavaThread "Daemon" [_thread_blocked, id=9604, stack(0x000000f97e700000,0x000000f97e800000)]
  0x000002ed64e75800 JavaThread "Daemon worker" [_thread_blocked, id=9052, stack(0x000000f97ea00000,0x000000f97eb00000)]
  0x000002ed664d3800 JavaThread "Cache worker for file hash cache (C:\Users\trust\.gradle\caches\7.0.2\fileHashes)" [_thread_blocked, id=9528, stack(0x000000f97f000000,0x000000f97f100000)]
  0x000002ed664d0800 JavaThread "File lock request listener" [_thread_in_native, id=9684, stack(0x000000f97f100000,0x000000f97f200000)]
  0x000002ed664ce800 JavaThread "Cache worker for journal cache (C:\Users\trust\.gradle\caches\journal-1)" [_thread_blocked, id=7756, stack(0x000000f97f200000,0x000000f97f300000)]
  0x000002ed664d4800 JavaThread "File watcher server" daemon [_thread_blocked, id=584, stack(0x000000f97f400000,0x000000f97f500000)]
  0x000002ed664d3000 JavaThread "File watcher consumer" daemon [_thread_blocked, id=4948, stack(0x000000f97f500000,0x000000f97f600000)]
  0x000002ed664d5000 JavaThread "jar transforms" [_thread_blocked, id=9852, stack(0x000000f97f600000,0x000000f97f700000)]
  0x000002ed664cf800 JavaThread "jar transforms Thread 2" [_thread_blocked, id=4360, stack(0x000000f97f700000,0x000000f97f800000)]
  0x000002ed664d1000 JavaThread "jar transforms Thread 3" [_thread_blocked, id=11832, stack(0x000000f97f800000,0x000000f97f900000)]
  0x000002ed66b24800 JavaThread "jar transforms Thread 4" [_thread_blocked, id=10028, stack(0x000000f97f900000,0x000000f97fa00000)]
  0x000002ed66b2b000 JavaThread "Cache worker for execution history cache (C:\Users\trust\.gradle\caches\7.0.2\executionHistory)" [_thread_blocked, id=7876, stack(0x000000f97fd00000,0x000000f97fe00000)]
  0x000002ed66b28000 JavaThread "Cache worker for file content cache (C:\Users\trust\.gradle\caches\7.0.2\fileContent)" [_thread_blocked, id=8484, stack(0x000000f97fe00000,0x000000f97ff00000)]
  0x000002ed66b2e800 JavaThread "Memory manager" [_thread_blocked, id=7180, stack(0x000000f900600000,0x000000f900700000)]
  0x000002ed66b29000 JavaThread "Handler for socket connection from /127.0.0.1:53382 to /127.0.0.1:53395" [_thread_in_native, id=11948, stack(0x000000f900000000,0x000000f900100000)]
  0x000002ed66b25800 JavaThread "Cancel handler" [_thread_blocked, id=8412, stack(0x000000f900100000,0x000000f900200000)]
  0x000002ed66b29800 JavaThread "Asynchronous log dispatcher for DefaultDaemonConnection: socket connection from /127.0.0.1:53382 to /127.0.0.1:53395" [_thread_blocked, id=10892, stack(0x000000f900200000,0x000000f900300000)]
  0x000002ed66b2c000 JavaThread "Stdin handler" [_thread_blocked, id=11368, stack(0x000000f900300000,0x000000f900400000)]
  0x000002ed66b26800 JavaThread "Daemon client event forwarder" [_thread_blocked, id=3644, stack(0x000000f900400000,0x000000f900500000)]
  0x000002ed66b2d000 JavaThread "Cache worker for file hash cache (C:\Users\trust\IdeaProjects\MyApplicationExcel1\.gradle\7.0.2\fileHashes)" [_thread_blocked, id=2000, stack(0x000000f900900000,0x000000f900a00000)]
  0x000002ed66b27000 JavaThread "Cache worker for checksums cache (C:\Users\trust\IdeaProjects\MyApplicationExcel1\.gradle\checksums)" [_thread_blocked, id=2320, stack(0x000000f900a00000,0x000000f900b00000)]
  0x000002ed66b31000 JavaThread "Cache worker for cache directory md-supplier (C:\Users\trust\.gradle\caches\7.0.2\md-supplier)" [_thread_blocked, id=2272, stack(0x000000f900b00000,0x000000f900c00000)]
  0x000002ed66b2d800 JavaThread "Cache worker for cache directory md-rule (C:\Users\trust\.gradle\caches\7.0.2\md-rule)" [_thread_blocked, id=4904, stack(0x000000f900c00000,0x000000f900d00000)]
  0x000002ed66b33800 JavaThread "Cache worker for dependencies-accessors (C:\Users\trust\IdeaProjects\MyApplicationExcel1\.gradle\7.0.2\dependencies-accessors)" [_thread_blocked, id=1712, stack(0x000000f900d00000,0x000000f900e00000)]
  0x000002ed66b30000 JavaThread "Cache worker for Build Output Cleanup Cache (C:\Users\trust\IdeaProjects\MyApplicationExcel1\.gradle\buildOutputCleanup)" [_thread_blocked, id=7424, stack(0x000000f900e00000,0x000000f900f00000)]
  0x000002ed664d2000 JavaThread "Build operations" [_thread_blocked, id=10292, stack(0x000000f900f00000,0x000000f901000000)]
  0x000002ed6a760000 JavaThread "Build operations Thread 2" [_thread_blocked, id=2944, stack(0x000000f901000000,0x000000f901100000)]
  0x000002ed6a761000 JavaThread "Build operations Thread 3" [_thread_blocked, id=464, stack(0x000000f901100000,0x000000f901200000)]
  0x000002ed6a75e800 JavaThread "Build operations Thread 4" [_thread_blocked, id=1960, stack(0x000000f901200000,0x000000f901300000)]
  0x000002ed6a762800 JavaThread "build event listener" [_thread_blocked, id=9888, stack(0x000000f901300000,0x000000f901400000)]
  0x000002ed6a762000 JavaThread "Execution worker for ':'" [_thread_blocked, id=9956, stack(0x000000f901400000,0x000000f901500000)]
  0x000002ed6a75d000 JavaThread "Execution worker for ':' Thread 2" [_thread_blocked, id=10912, stack(0x000000f901500000,0x000000f901600000)]
  0x000002ed6a763800 JavaThread "Execution worker for ':' Thread 3" [_thread_blocked, id=6624, stack(0x000000f901600000,0x000000f901700000)]
  0x000002ed6a75f800 JavaThread "Cache worker for execution history cache (C:\Users\trust\IdeaProjects\MyApplicationExcel1\.gradle\7.0.2\executionHistory)" [_thread_blocked, id=2168, stack(0x000000f901700000,0x000000f901800000)]
  0x000002ed6a75d800 JavaThread "WorkerExecutor Queue" [_thread_blocked, id=544, stack(0x000000f901800000,0x000000f901900000)]
  0x000002ed6a765000 JavaThread "WorkerExecutor Queue Thread 2" [_thread_blocked, id=7764, stack(0x000000f901900000,0x000000f901a00000)]
  0x000002ed6a766000 JavaThread "WorkerExecutor Queue Thread 3" [_thread_blocked, id=5296, stack(0x000000f901a00000,0x000000f901b00000)]
  0x000002ed6a766800 JavaThread "WorkerExecutor Queue Thread 4" [_thread_blocked, id=10708, stack(0x000000f901b00000,0x000000f901c00000)]

Other Threads:
=>0x000002ed641e5000 VMThread "VM Thread" [stack: 0x000000f97d800000,0x000000f97d900000] [id=1756]
  0x000002ed644e2800 WatcherThread [stack: 0x000000f97e200000,0x000000f97e300000] [id=10736]
  0x000002ed49583000 GCTaskThread "GC Thread#0" [stack: 0x000000f97d300000,0x000000f97d400000] [id=9136]
  0x000002ed646c7800 GCTaskThread "GC Thread#1" [stack: 0x000000f97e300000,0x000000f97e400000] [id=3896]
  0x000002ed666a0000 GCTaskThread "GC Thread#2" [stack: 0x000000f97ee00000,0x000000f97ef00000] [id=1768]
  0x000002ed65834000 GCTaskThread "GC Thread#3" [stack: 0x000000f97ef00000,0x000000f97f000000] [id=5972]
  0x000002ed495b4800 ConcurrentGCThread "G1 Main Marker" [stack: 0x000000f97d400000,0x000000f97d500000] [id=12164]
  0x000002ed495b7000 ConcurrentGCThread "G1 Conc#0" [stack: 0x000000f97d500000,0x000000f97d600000] [id=12204]
  0x000002ed495ff000 ConcurrentGCThread "G1 Refine#0" [stack: 0x000000f97d600000,0x000000f97d700000] [id=6656]
  0x000002ed49600000 ConcurrentGCThread "G1 Young RemSet Sampling" [stack: 0x000000f97d700000,0x000000f97d800000] [id=1472]

Threads with active compile tasks:
C1 CompilerThread0 124943 19962       3       com.android.tools.r8.graph.a0$$Lambda$1710/0x00000001011b2c40::a (5 bytes)

VM state:at safepoint (normal execution)

VM Mutex/Monitor currently owned by a thread:  ([mutex/lock_event])
[0x000002ed495664d0] Threads_lock - owner thread: 0x000002ed641e5000
[0x000002ed49565b40] Heap_lock - owner thread: 0x000002ed6a760000

Heap address: 0x0000000080000000, size: 2048 MB, Compressed Oops mode: 32-bit
Narrow klass base: 0x0000000000000000, Narrow klass shift: 3
Compressed class space size: 1073741824 Address: 0x0000000100000000

Heap:
 garbage-first heap   total 491520K, used 227211K [0x0000000080000000, 0x0000000100000000)
  region size 1024K, 8 young (8192K), 8 survivors (8192K)
 Metaspace       used 136739K, capacity 140466K, committed 140720K, reserved 1171456K
  class space    used 17184K, capacity 18583K, committed 18688K, reserved 1048576K
Heap Regions: E=young(eden), S=young(survivor), O=old, HS=humongous(starts), HC=humongous(continues), CS=collection set, F=free, A=archive, TAMS=top-at-mark-start (previous, next)
|   0|0x0000000080000000, 0x0000000080100000, 0x0000000080100000|100%| O|  |TAMS 0x0000000080100000, 0x0000000080000000| Untracked 
|   1|0x0000000080100000, 0x0000000080200000, 0x0000000080200000|100%| O|  |TAMS 0x0000000080200000, 0x0000000080100000| Untracked 
|   2|0x0000000080200000, 0x0000000080300000, 0x0000000080300000|100%| O|  |TAMS 0x0000000080300000, 0x0000000080200000| Untracked 
|   3|0x0000000080300000, 0x0000000080400000, 0x0000000080400000|100%|HS|  |TAMS 0x0000000080400000, 0x0000000080300000| Complete 
|   4|0x0000000080400000, 0x0000000080500000, 0x0000000080500000|100%|HC|  |TAMS 0x0000000080500000, 0x0000000080400000| Complete 
|   5|0x0000000080500000, 0x0000000080600000, 0x0000000080600000|100%|HC|  |TAMS 0x0000000080600000, 0x0000000080500000| Complete 
|   6|0x0000000080600000, 0x0000000080700000, 0x0000000080700000|100%| O|  |TAMS 0x0000000080700000, 0x0000000080600000| Untracked 
|   7|0x0000000080700000, 0x0000000080800000, 0x0000000080800000|100%| O|  |TAMS 0x0000000080800000, 0x0000000080700000| Untracked 
|   8|0x0000000080800000, 0x0000000080900000, 0x0000000080900000|100%| O|  |TAMS 0x0000000080900000, 0x0000000080800000| Untracked 
|   9|0x0000000080900000, 0x0000000080a00000, 0x0000000080a00000|100%| O|  |TAMS 0x0000000080a00000, 0x0000000080900000| Untracked 
|  10|0x0000000080a00000, 0x0000000080b00000, 0x0000000080b00000|100%| O|  |TAMS 0x0000000080b00000, 0x0000000080a00000| Untracked 
|  11|0x0000000080b00000, 0x0000000080c00000, 0x0000000080c00000|100%| O|  |TAMS 0x0000000080c00000, 0x0000000080b00000| Untracked 
|  12|0x0000000080c00000, 0x0000000080d00000, 0x0000000080d00000|100%| O|  |TAMS 0x0000000080d00000, 0x0000000080c00000| Untracked 
|  13|0x0000000080d00000, 0x0000000080e00000, 0x0000000080e00000|100%| O|  |TAMS 0x0000000080e00000, 0x0000000080d00000| Untracked 
|  14|0x0000000080e00000, 0x0000000080f00000, 0x0000000080f00000|100%| O|  |TAMS 0x0000000080f00000, 0x0000000080e00000| Untracked 
|  15|0x0000000080f00000, 0x0000000081000000, 0x0000000081000000|100%| O|  |TAMS 0x0000000081000000, 0x0000000080f00000| Untracked 
|  16|0x0000000081000000, 0x0000000081100000, 0x0000000081100000|100%| O|  |TAMS 0x0000000081100000, 0x0000000081000000| Untracked 
|  17|0x0000000081100000, 0x0000000081200000, 0x0000000081200000|100%|HS|  |TAMS 0x0000000081200000, 0x0000000081100000| Complete 
|  18|0x0000000081200000, 0x0000000081300000, 0x0000000081300000|100%|HC|  |TAMS 0x0000000081300000, 0x0000000081200000| Complete 
|  19|0x0000000081300000, 0x0000000081400000, 0x0000000081400000|100%|HS|  |TAMS 0x0000000081400000, 0x0000000081300000| Complete 
|  20|0x0000000081400000, 0x0000000081500000, 0x0000000081500000|100%|HC|  |TAMS 0x0000000081500000, 0x0000000081400000| Complete 
|  21|0x0000000081500000, 0x0000000081600000, 0x0000000081600000|100%|HC|  |TAMS 0x0000000081600000, 0x0000000081500000| Complete 
|  22|0x0000000081600000, 0x0000000081700000, 0x0000000081700000|100%|HS|  |TAMS 0x0000000081700000, 0x0000000081600000| Complete 
|  23|0x0000000081700000, 0x0000000081800000, 0x0000000081800000|100%|HC|  |TAMS 0x0000000081800000, 0x0000000081700000| Complete 
|  24|0x0000000081800000, 0x0000000081900000, 0x0000000081900000|100%|HC|  |TAMS 0x0000000081900000, 0x0000000081800000| Complete 
|  25|0x0000000081900000, 0x0000000081a00000, 0x0000000081a00000|100%| O|  |TAMS 0x0000000081a00000, 0x0000000081900000| Untracked 
|  26|0x0000000081a00000, 0x0000000081b00000, 0x0000000081b00000|100%|HS|  |TAMS 0x0000000081b00000, 0x0000000081a00000| Complete 
|  27|0x0000000081b00000, 0x0000000081c00000, 0x0000000081c00000|100%|HC|  |TAMS 0x0000000081c00000, 0x0000000081b00000| Complete 
|  28|0x0000000081c00000, 0x0000000081d00000, 0x0000000081d00000|100%|HC|  |TAMS 0x0000000081d00000, 0x0000000081c00000| Complete 
|  29|0x0000000081d00000, 0x0000000081e00000, 0x0000000081e00000|100%|HC|  |TAMS 0x0000000081e00000, 0x0000000081d00000| Complete 
|  30|0x0000000081e00000, 0x0000000081f00000, 0x0000000081f00000|100%|HC|  |TAMS 0x0000000081f00000, 0x0000000081e00000| Complete 
|  31|0x0000000081f00000, 0x0000000082000000, 0x0000000082000000|100%| O|  |TAMS 0x0000000082000000, 0x0000000081f00000| Untracked 
|  32|0x0000000082000000, 0x0000000082100000, 0x0000000082100000|100%| O|  |TAMS 0x0000000082100000, 0x0000000082000000| Untracked 
|  33|0x0000000082100000, 0x0000000082200000, 0x0000000082200000|100%|HS|  |TAMS 0x0000000082200000, 0x0000000082100000| Complete 
|  34|0x0000000082200000, 0x0000000082300000, 0x0000000082300000|100%| O|  |TAMS 0x0000000082300000, 0x0000000082200000| Untracked 
|  35|0x0000000082300000, 0x0000000082400000, 0x0000000082400000|100%|HS|  |TAMS 0x0000000082400000, 0x0000000082300000| Complete 
|  36|0x0000000082400000, 0x0000000082500000, 0x0000000082500000|100%|HS|  |TAMS 0x0000000082500000, 0x0000000082400000| Complete 
|  37|0x0000000082500000, 0x0000000082600000, 0x0000000082600000|100%|HC|  |TAMS 0x0000000082600000, 0x0000000082500000| Complete 
|  38|0x0000000082600000, 0x0000000082700000, 0x0000000082700000|100%|HC|  |TAMS 0x0000000082700000, 0x0000000082600000| Complete 
|  39|0x0000000082700000, 0x0000000082800000, 0x0000000082800000|100%|HC|  |TAMS 0x0000000082800000, 0x0000000082700000| Complete 
|  40|0x0000000082800000, 0x0000000082900000, 0x0000000082900000|100%| O|  |TAMS 0x0000000082900000, 0x0000000082800000| Untracked 
|  41|0x0000000082900000, 0x0000000082a00000, 0x0000000082a00000|100%| O|  |TAMS 0x0000000082a00000, 0x0000000082900000| Untracked 
|  42|0x0000000082a00000, 0x0000000082b00000, 0x0000000082b00000|100%| O|  |TAMS 0x0000000082b00000, 0x0000000082a00000| Untracked 
|  43|0x0000000082b00000, 0x0000000082c00000, 0x0000000082c00000|100%| O|  |TAMS 0x0000000082c00000, 0x0000000082b00000| Untracked 
|  44|0x0000000082c00000, 0x0000000082d00000, 0x0000000082d00000|100%| O|  |TAMS 0x0000000082d00000, 0x0000000082c00000| Untracked 
|  45|0x0000000082d00000, 0x0000000082e00000, 0x0000000082e00000|100%| O|  |TAMS 0x0000000082e00000, 0x0000000082d00000| Untracked 
|  46|0x0000000082e00000, 0x0000000082f00000, 0x0000000082f00000|100%| O|  |TAMS 0x0000000082f00000, 0x0000000082e00000| Untracked 
|  47|0x0000000082f00000, 0x0000000083000000, 0x0000000083000000|100%| O|  |TAMS 0x0000000083000000, 0x0000000082f00000| Untracked 
|  48|0x0000000083000000, 0x0000000083100000, 0x0000000083100000|100%| O|  |TAMS 0x0000000083100000, 0x0000000083000000| Untracked 
|  49|0x0000000083100000, 0x0000000083200000, 0x0000000083200000|100%| O|  |TAMS 0x0000000083200000, 0x0000000083100000| Untracked 
|  50|0x0000000083200000, 0x0000000083300000, 0x0000000083300000|100%|HS|  |TAMS 0x0000000083300000, 0x0000000083200000| Complete 
|  51|0x0000000083300000, 0x0000000083400000, 0x0000000083400000|100%|HC|  |TAMS 0x0000000083400000, 0x0000000083300000| Complete 
|  52|0x0000000083400000, 0x0000000083500000, 0x0000000083500000|100%|HC|  |TAMS 0x0000000083500000, 0x0000000083400000| Complete 
|  53|0x0000000083500000, 0x0000000083600000, 0x0000000083600000|100%|HC|  |TAMS 0x0000000083600000, 0x0000000083500000| Complete 
|  54|0x0000000083600000, 0x0000000083700000, 0x0000000083700000|100%|HS|  |TAMS 0x0000000083700000, 0x0000000083600000| Complete 
|  55|0x0000000083700000, 0x0000000083800000, 0x0000000083800000|100%|HC|  |TAMS 0x0000000083800000, 0x0000000083700000| Complete 
|  56|0x0000000083800000, 0x0000000083900000, 0x0000000083900000|100%|HC|  |TAMS 0x0000000083900000, 0x0000000083800000| Complete 
|  57|0x0000000083900000, 0x0000000083a00000, 0x0000000083a00000|100%|HS|  |TAMS 0x0000000083a00000, 0x0000000083900000| Complete 
|  58|0x0000000083a00000, 0x0000000083b00000, 0x0000000083b00000|100%|HC|  |TAMS 0x0000000083b00000, 0x0000000083a00000| Complete 
|  59|0x0000000083b00000, 0x0000000083c00000, 0x0000000083c00000|100%|HC|  |TAMS 0x0000000083c00000, 0x0000000083b00000| Complete 
|  60|0x0000000083c00000, 0x0000000083d00000, 0x0000000083d00000|100%|HS|  |TAMS 0x0000000083d00000, 0x0000000083c00000| Complete 
|  61|0x0000000083d00000, 0x0000000083e00000, 0x0000000083e00000|100%|HC|  |TAMS 0x0000000083e00000, 0x0000000083d00000| Complete 
|  62|0x0000000083e00000, 0x0000000083f00000, 0x0000000083f00000|100%| O|  |TAMS 0x0000000083f00000, 0x0000000083e00000| Untracked 
|  63|0x0000000083f00000, 0x0000000084000000, 0x0000000084000000|100%| O|  |TAMS 0x0000000084000000, 0x0000000083f00000| Untracked 
|  64|0x0000000084000000, 0x0000000084100000, 0x0000000084100000|100%| O|  |TAMS 0x0000000084100000, 0x0000000084000000| Untracked 
|  65|0x0000000084100000, 0x0000000084200000, 0x0000000084200000|100%| O|  |TAMS 0x0000000084200000, 0x0000000084100000| Untracked 
|  66|0x0000000084200000, 0x0000000084300000, 0x0000000084300000|100%| O|  |TAMS 0x0000000084300000, 0x0000000084200000| Untracked 
|  67|0x0000000084300000, 0x0000000084400000, 0x0000000084400000|100%| O|  |TAMS 0x0000000084400000, 0x0000000084300000| Untracked 
|  68|0x0000000084400000, 0x0000000084500000, 0x0000000084500000|100%|HS|  |TAMS 0x0000000084500000, 0x0000000084400000| Complete 
|  69|0x0000000084500000, 0x0000000084600000, 0x0000000084600000|100%|HC|  |TAMS 0x0000000084600000, 0x0000000084500000| Complete 
|  70|0x0000000084600000, 0x0000000084700000, 0x0000000084700000|100%|HC|  |TAMS 0x0000000084700000, 0x0000000084600000| Complete 
|  71|0x0000000084700000, 0x0000000084800000, 0x0000000084800000|100%|HC|  |TAMS 0x0000000084800000, 0x0000000084700000| Complete 
|  72|0x0000000084800000, 0x0000000084900000, 0x0000000084900000|100%|HC|  |TAMS 0x0000000084900000, 0x0000000084800000| Complete 
|  73|0x0000000084900000, 0x0000000084a00000, 0x0000000084a00000|100%| O|  |TAMS 0x0000000084a00000, 0x0000000084900000| Untracked 
|  74|0x0000000084a00000, 0x0000000084b00000, 0x0000000084b00000|100%| O|  |TAMS 0x0000000084b00000, 0x0000000084a00000| Untracked 
|  75|0x0000000084b00000, 0x0000000084c00000, 0x0000000084c00000|100%| O|  |TAMS 0x0000000084c00000, 0x0000000084b00000| Untracked 
|  76|0x0000000084c00000, 0x0000000084d00000, 0x0000000084d00000|100%|HS|  |TAMS 0x0000000084d00000, 0x0000000084c00000| Complete 
|  77|0x0000000084d00000, 0x0000000084e00000, 0x0000000084e00000|100%|HS|  |TAMS 0x0000000084e00000, 0x0000000084d00000| Complete 
|  78|0x0000000084e00000, 0x0000000084f00000, 0x0000000084f00000|100%|HS|  |TAMS 0x0000000084f00000, 0x0000000084e00000| Complete 
|  79|0x0000000084f00000, 0x0000000085000000, 0x0000000085000000|100%|HS|  |TAMS 0x0000000085000000, 0x0000000084f00000| Complete 
|  80|0x0000000085000000, 0x0000000085100000, 0x0000000085100000|100%|HC|  |TAMS 0x0000000085100000, 0x0000000085000000| Complete 
|  81|0x0000000085100000, 0x0000000085200000, 0x0000000085200000|100%|HC|  |TAMS 0x0000000085200000, 0x0000000085100000| Complete 
|  82|0x0000000085200000, 0x0000000085300000, 0x0000000085300000|100%|HC|  |TAMS 0x0000000085300000, 0x0000000085200000| Complete 
|  83|0x0000000085300000, 0x0000000085400000, 0x0000000085400000|100%| O|  |TAMS 0x0000000085400000, 0x0000000085300000| Untracked 
|  84|0x0000000085400000, 0x0000000085500000, 0x0000000085500000|100%| O|  |TAMS 0x0000000085500000, 0x0000000085400000| Untracked 
|  85|0x0000000085500000, 0x0000000085600000, 0x0000000085600000|100%|HS|  |TAMS 0x0000000085600000, 0x0000000085500000| Complete 
|  86|0x0000000085600000, 0x0000000085700000, 0x0000000085700000|100%|HC|  |TAMS 0x0000000085700000, 0x0000000085600000| Complete 
|  87|0x0000000085700000, 0x0000000085800000, 0x0000000085800000|100%| O|  |TAMS 0x0000000085800000, 0x0000000085700000| Untracked 
|  88|0x0000000085800000, 0x0000000085900000, 0x0000000085900000|100%| O|  |TAMS 0x0000000085900000, 0x0000000085800000| Untracked 
|  89|0x0000000085900000, 0x0000000085a00000, 0x0000000085a00000|100%| O|  |TAMS 0x0000000085a00000, 0x0000000085900000| Untracked 
|  90|0x0000000085a00000, 0x0000000085b00000, 0x0000000085b00000|100%| O|  |TAMS 0x0000000085b00000, 0x0000000085a00000| Untracked 
|  91|0x0000000085b00000, 0x0000000085c00000, 0x0000000085c00000|100%| O|  |TAMS 0x0000000085c00000, 0x0000000085b00000| Untracked 
|  92|0x0000000085c00000, 0x0000000085d00000, 0x0000000085d00000|100%| O|  |TAMS 0x0000000085d00000, 0x0000000085c00000| Untracked 
|  93|0x0000000085d00000, 0x0000000085e00000, 0x0000000085e00000|100%| O|  |TAMS 0x0000000085e00000, 0x0000000085d00000| Untracked 
|  94|0x0000000085e00000, 0x0000000085f00000, 0x0000000085f00000|100%| O|  |TAMS 0x0000000085f00000, 0x0000000085e00000| Untracked 
|  95|0x0000000085f00000, 0x0000000086000000, 0x0000000086000000|100%| O|  |TAMS 0x0000000086000000, 0x0000000085f00000| Untracked 
|  96|0x0000000086000000, 0x0000000086100000, 0x0000000086100000|100%| O|  |TAMS 0x0000000086100000, 0x0000000086000000| Untracked 
|  97|0x0000000086100000, 0x0000000086200000, 0x0000000086200000|100%| O|  |TAMS 0x0000000086200000, 0x0000000086100000| Untracked 
|  98|0x0000000086200000, 0x0000000086300000, 0x0000000086300000|100%| O|  |TAMS 0x0000000086300000, 0x0000000086200000| Untracked 
|  99|0x0000000086300000, 0x0000000086400000, 0x0000000086400000|100%| O|  |TAMS 0x0000000086400000, 0x0000000086300000| Untracked 
| 100|0x0000000086400000, 0x0000000086500000, 0x0000000086500000|100%| O|  |TAMS 0x0000000086500000, 0x0000000086400000| Untracked 
| 101|0x0000000086500000, 0x0000000086600000, 0x0000000086600000|100%| O|  |TAMS 0x0000000086600000, 0x0000000086500000| Untracked 
| 102|0x0000000086600000, 0x0000000086700000, 0x0000000086700000|100%| O|  |TAMS 0x0000000086700000, 0x0000000086600000| Untracked 
| 103|0x0000000086700000, 0x0000000086800000, 0x0000000086800000|100%| O|  |TAMS 0x0000000086800000, 0x0000000086700000| Untracked 
| 104|0x0000000086800000, 0x0000000086900000, 0x0000000086900000|100%|HS|  |TAMS 0x0000000086900000, 0x0000000086800000| Complete 
| 105|0x0000000086900000, 0x0000000086a00000, 0x0000000086a00000|100%|HC|  |TAMS 0x0000000086a00000, 0x0000000086900000| Complete 
| 106|0x0000000086a00000, 0x0000000086b00000, 0x0000000086b00000|100%|HS|  |TAMS 0x0000000086b00000, 0x0000000086a00000| Complete 
| 107|0x0000000086b00000, 0x0000000086c00000, 0x0000000086c00000|100%|HC|  |TAMS 0x0000000086c00000, 0x0000000086b00000| Complete 
| 108|0x0000000086c00000, 0x0000000086d00000, 0x0000000086d00000|100%|HC|  |TAMS 0x0000000086d00000, 0x0000000086c00000| Complete 
| 109|0x0000000086d00000, 0x0000000086e00000, 0x0000000086e00000|100%|HS|  |TAMS 0x0000000086e00000, 0x0000000086d00000| Complete 
| 110|0x0000000086e00000, 0x0000000086f00000, 0x0000000086f00000|100%|HC|  |TAMS 0x0000000086f00000, 0x0000000086e00000| Complete 
| 111|0x0000000086f00000, 0x0000000087000000, 0x0000000087000000|100%|HC|  |TAMS 0x0000000087000000, 0x0000000086f00000| Complete 
| 112|0x0000000087000000, 0x0000000087100000, 0x0000000087100000|100%|HS|  |TAMS 0x0000000087100000, 0x0000000087000000| Complete 
| 113|0x0000000087100000, 0x0000000087200000, 0x0000000087200000|100%|HC|  |TAMS 0x0000000087200000, 0x0000000087100000| Complete 
| 114|0x0000000087200000, 0x0000000087300000, 0x0000000087300000|100%|HC|  |TAMS 0x0000000087300000, 0x0000000087200000| Complete 
| 115|0x0000000087300000, 0x0000000087400000, 0x0000000087400000|100%|HC|  |TAMS 0x0000000087400000, 0x0000000087300000| Complete 
| 116|0x0000000087400000, 0x0000000087500000, 0x0000000087500000|100%|HC|  |TAMS 0x0000000087500000, 0x0000000087400000| Complete 
| 117|0x0000000087500000, 0x0000000087600000, 0x0000000087600000|100%|HS|  |TAMS 0x0000000087600000, 0x0000000087500000| Complete 
| 118|0x0000000087600000, 0x0000000087700000, 0x0000000087700000|100%|HS|  |TAMS 0x0000000087700000, 0x0000000087600000| Complete 
| 119|0x0000000087700000, 0x0000000087800000, 0x0000000087800000|100%|HS|  |TAMS 0x0000000087800000, 0x0000000087700000| Complete 
| 120|0x0000000087800000, 0x0000000087900000, 0x0000000087900000|100%|HC|  |TAMS 0x0000000087900000, 0x0000000087800000| Complete 
| 121|0x0000000087900000, 0x0000000087a00000, 0x0000000087a00000|100%|HC|  |TAMS 0x0000000087a00000, 0x0000000087900000| Complete 
| 122|0x0000000087a00000, 0x0000000087b00000, 0x0000000087b00000|100%|HC|  |TAMS 0x0000000087b00000, 0x0000000087a00000| Complete 
| 123|0x0000000087b00000, 0x0000000087c00000, 0x0000000087c00000|100%| O|  |TAMS 0x0000000087c00000, 0x0000000087b00000| Untracked 
| 124|0x0000000087c00000, 0x0000000087d00000, 0x0000000087d00000|100%| O|  |TAMS 0x0000000087d00000, 0x0000000087c00000| Untracked 
| 125|0x0000000087d00000, 0x0000000087e00000, 0x0000000087e00000|100%| O|  |TAMS 0x0000000087e00000, 0x0000000087d00000| Untracked 
| 126|0x0000000087e00000, 0x0000000087f00000, 0x0000000087f00000|100%| O|  |TAMS 0x0000000087f00000, 0x0000000087e00000| Untracked 
| 127|0x0000000087f00000, 0x0000000088000000, 0x0000000088000000|100%| O|  |TAMS 0x0000000088000000, 0x0000000087f00000| Untracked 
| 128|0x0000000088000000, 0x0000000088100000, 0x0000000088100000|100%| O|  |TAMS 0x0000000088100000, 0x0000000088000000| Untracked 
| 129|0x0000000088100000, 0x0000000088200000, 0x0000000088200000|100%| O|  |TAMS 0x0000000088100000, 0x0000000088100000| Untracked 
| 130|0x0000000088200000, 0x0000000088300000, 0x0000000088300000|100%| O|  |TAMS 0x0000000088300000, 0x0000000088200000| Untracked 
| 131|0x0000000088300000, 0x0000000088400000, 0x0000000088400000|100%| O|  |TAMS 0x0000000088400000, 0x0000000088300000| Untracked 
| 132|0x0000000088400000, 0x0000000088500000, 0x0000000088500000|100%| O|  |TAMS 0x0000000088500000, 0x0000000088400000| Untracked 
| 133|0x0000000088500000, 0x0000000088600000, 0x0000000088600000|100%| O|  |TAMS 0x0000000088600000, 0x0000000088500000| Untracked 
| 134|0x0000000088600000, 0x0000000088700000, 0x0000000088700000|100%| O|  |TAMS 0x0000000088600000, 0x0000000088600000| Untracked 
| 135|0x0000000088700000, 0x0000000088800000, 0x0000000088800000|100%| O|  |TAMS 0x0000000088800000, 0x0000000088700000| Untracked 
| 136|0x0000000088800000, 0x0000000088900000, 0x0000000088900000|100%| O|  |TAMS 0x0000000088900000, 0x0000000088800000| Untracked 
| 137|0x0000000088900000, 0x0000000088a00000, 0x0000000088a00000|100%| O|  |TAMS 0x0000000088a00000, 0x0000000088900000| Untracked 
| 138|0x0000000088a00000, 0x0000000088b00000, 0x0000000088b00000|100%| O|  |TAMS 0x0000000088b00000, 0x0000000088a00000| Untracked 
| 139|0x0000000088b00000, 0x0000000088c00000, 0x0000000088c00000|100%| O|  |TAMS 0x0000000088c00000, 0x0000000088b00000| Untracked 
| 140|0x0000000088c00000, 0x0000000088d00000, 0x0000000088d00000|100%| O|  |TAMS 0x0000000088c00000, 0x0000000088c00000| Untracked 
| 141|0x0000000088d00000, 0x0000000088e00000, 0x0000000088e00000|100%| O|  |TAMS 0x0000000088e00000, 0x0000000088d00000| Untracked 
| 142|0x0000000088e00000, 0x0000000088f00000, 0x0000000088f00000|100%| O|  |TAMS 0x0000000088f00000, 0x0000000088e00000| Untracked 
| 143|0x0000000088f00000, 0x0000000089000000, 0x0000000089000000|100%| O|  |TAMS 0x0000000089000000, 0x0000000088f00000| Untracked 
| 144|0x0000000089000000, 0x0000000089100000, 0x0000000089100000|100%| O|  |TAMS 0x0000000089100000, 0x0000000089000000| Untracked 
| 145|0x0000000089100000, 0x0000000089200000, 0x0000000089200000|100%| O|  |TAMS 0x0000000089200000, 0x0000000089100000| Untracked 
| 146|0x0000000089200000, 0x0000000089300000, 0x0000000089300000|100%| O|  |TAMS 0x0000000089300000, 0x0000000089200000| Untracked 
| 147|0x0000000089300000, 0x0000000089400000, 0x0000000089400000|100%| O|  |TAMS 0x0000000089400000, 0x0000000089300000| Untracked 
| 148|0x0000000089400000, 0x0000000089500000, 0x0000000089500000|100%| O|  |TAMS 0x0000000089400000, 0x0000000089400000| Untracked 
| 149|0x0000000089500000, 0x0000000089600000, 0x0000000089600000|100%| O|  |TAMS 0x0000000089600000, 0x0000000089500000| Untracked 
| 150|0x0000000089600000, 0x0000000089700000, 0x0000000089700000|100%| O|  |TAMS 0x0000000089700000, 0x0000000089600000| Untracked 
| 151|0x0000000089700000, 0x0000000089800000, 0x0000000089800000|100%| O|  |TAMS 0x0000000089800000, 0x0000000089700000| Untracked 
| 152|0x0000000089800000, 0x0000000089900000, 0x0000000089900000|100%| O|  |TAMS 0x0000000089900000, 0x0000000089800000| Untracked 
| 153|0x0000000089900000, 0x0000000089a00000, 0x0000000089a00000|100%| O|  |TAMS 0x0000000089a00000, 0x0000000089900000| Untracked 
| 154|0x0000000089a00000, 0x0000000089b00000, 0x0000000089b00000|100%| O|  |TAMS 0x0000000089b00000, 0x0000000089a00000| Untracked 
| 155|0x0000000089b00000, 0x0000000089c00000, 0x0000000089c00000|100%| O|  |TAMS 0x0000000089c00000, 0x0000000089b00000| Untracked 
| 156|0x0000000089c00000, 0x0000000089d00000, 0x0000000089d00000|100%| O|  |TAMS 0x0000000089d00000, 0x0000000089c00000| Untracked 
| 157|0x0000000089d00000, 0x0000000089e00000, 0x0000000089e00000|100%| O|  |TAMS 0x0000000089e00000, 0x0000000089d00000| Untracked 
| 158|0x0000000089e00000, 0x0000000089f00000, 0x0000000089f00000|100%| O|  |TAMS 0x0000000089f00000, 0x0000000089e00000| Untracked 
| 159|0x0000000089f00000, 0x000000008a000000, 0x000000008a000000|100%| O|  |TAMS 0x000000008a000000, 0x0000000089f00000| Untracked 
| 160|0x000000008a000000, 0x000000008a100000, 0x000000008a100000|100%| O|  |TAMS 0x000000008a000000, 0x000000008a000000| Untracked 
| 161|0x000000008a100000, 0x000000008a200000, 0x000000008a200000|100%| O|  |TAMS 0x000000008a200000, 0x000000008a100000| Untracked 
| 162|0x000000008a200000, 0x000000008a300000, 0x000000008a300000|100%| O|  |TAMS 0x000000008a300000, 0x000000008a200000| Untracked 
| 163|0x000000008a300000, 0x000000008a400000, 0x000000008a400000|100%| O|  |TAMS 0x000000008a400000, 0x000000008a300000| Untracked 
| 164|0x000000008a400000, 0x000000008a500000, 0x000000008a500000|100%| O|  |TAMS 0x000000008a500000, 0x000000008a400000| Untracked 
| 165|0x000000008a500000, 0x000000008a600000, 0x000000008a600000|100%| O|  |TAMS 0x000000008a600000, 0x000000008a500000| Untracked 
| 166|0x000000008a600000, 0x000000008a700000, 0x000000008a700000|100%| O|  |TAMS 0x000000008a700000, 0x000000008a600000| Untracked 
| 167|0x000000008a700000, 0x000000008a800000, 0x000000008a800000|100%| O|  |TAMS 0x000000008a800000, 0x000000008a700000| Untracked 
| 168|0x000000008a800000, 0x000000008a900000, 0x000000008a900000|100%| O|  |TAMS 0x000000008a900000, 0x000000008a800000| Untracked 
| 169|0x000000008a900000, 0x000000008aa00000, 0x000000008aa00000|100%| O|  |TAMS 0x000000008aa00000, 0x000000008a900000| Untracked 
| 170|0x000000008aa00000, 0x000000008ab00000, 0x000000008ab00000|100%| O|  |TAMS 0x000000008aa00000, 0x000000008aa00000| Untracked 
| 171|0x000000008ab00000, 0x000000008ac00000, 0x000000008ac00000|100%| O|  |TAMS 0x000000008ab00000, 0x000000008ab00000| Untracked 
| 172|0x000000008ac00000, 0x000000008ad00000, 0x000000008ad00000|100%| O|  |TAMS 0x000000008ac00000, 0x000000008ac00000| Untracked 
| 173|0x000000008ad00000, 0x000000008ae00000, 0x000000008ae00000|100%| O|  |TAMS 0x000000008ad00000, 0x000000008ad00000| Untracked 
| 174|0x000000008ae00000, 0x000000008af00000, 0x000000008af00000|100%| O|  |TAMS 0x000000008ae00000, 0x000000008ae00000| Untracked 
| 175|0x000000008af00000, 0x000000008b000000, 0x000000008b000000|100%| O|  |TAMS 0x000000008af00000, 0x000000008af00000| Untracked 
| 176|0x000000008b000000, 0x000000008b100000, 0x000000008b100000|100%| O|  |TAMS 0x000000008b000000, 0x000000008b000000| Untracked 
| 177|0x000000008b100000, 0x000000008b200000, 0x000000008b200000|100%| O|  |TAMS 0x000000008b100000, 0x000000008b100000| Untracked 
| 178|0x000000008b200000, 0x000000008b300000, 0x000000008b300000|100%| O|  |TAMS 0x000000008b200000, 0x000000008b200000| Untracked 
| 179|0x000000008b300000, 0x000000008b400000, 0x000000008b400000|100%| O|  |TAMS 0x000000008b300000, 0x000000008b300000| Untracked 
| 180|0x000000008b400000, 0x000000008b500000, 0x000000008b500000|100%| O|  |TAMS 0x000000008b400000, 0x000000008b400000| Untracked 
| 181|0x000000008b500000, 0x000000008b600000, 0x000000008b600000|100%| O|  |TAMS 0x000000008b600000, 0x000000008b500000| Untracked 
| 182|0x000000008b600000, 0x000000008b700000, 0x000000008b700000|100%| O|  |TAMS 0x000000008b700000, 0x000000008b600000| Untracked 
| 183|0x000000008b700000, 0x000000008b800000, 0x000000008b800000|100%| O|  |TAMS 0x000000008b800000, 0x000000008b700000| Untracked 
| 184|0x000000008b800000, 0x000000008b900000, 0x000000008b900000|100%| O|  |TAMS 0x000000008b900000, 0x000000008b800000| Untracked 
| 185|0x000000008b900000, 0x000000008ba00000, 0x000000008ba00000|100%| O|  |TAMS 0x000000008ba00000, 0x000000008b900000| Untracked 
| 186|0x000000008ba00000, 0x000000008bb00000, 0x000000008bb00000|100%| O|  |TAMS 0x000000008bb00000, 0x000000008ba00000| Untracked 
| 187|0x000000008bb00000, 0x000000008bc00000, 0x000000008bc00000|100%| O|  |TAMS 0x000000008bc00000, 0x000000008bb00000| Untracked 
| 188|0x000000008bc00000, 0x000000008bd00000, 0x000000008bd00000|100%| O|  |TAMS 0x000000008bc00000, 0x000000008bc00000| Untracked 
| 189|0x000000008bd00000, 0x000000008be00000, 0x000000008be00000|100%| O|  |TAMS 0x000000008be00000, 0x000000008bd00000| Untracked 
| 190|0x000000008be00000, 0x000000008bf00000, 0x000000008bf00000|100%| O|  |TAMS 0x000000008bf00000, 0x000000008be00000| Untracked 
| 191|0x000000008bf00000, 0x000000008c000000, 0x000000008c000000|100%| O|  |TAMS 0x000000008c000000, 0x000000008bf00000| Untracked 
| 192|0x000000008c000000, 0x000000008c100000, 0x000000008c100000|100%| O|  |TAMS 0x000000008c100000, 0x000000008c000000| Untracked 
| 193|0x000000008c100000, 0x000000008c200000, 0x000000008c200000|100%| O|  |TAMS 0x000000008c200000, 0x000000008c100000| Untracked 
| 194|0x000000008c200000, 0x000000008c300000, 0x000000008c300000|100%| O|  |TAMS 0x000000008c200000, 0x000000008c200000| Untracked 
| 195|0x000000008c300000, 0x000000008c400000, 0x000000008c400000|100%| O|  |TAMS 0x000000008c300000, 0x000000008c300000| Untracked 
| 196|0x000000008c400000, 0x000000008c500000, 0x000000008c500000|100%| O|  |TAMS 0x000000008c400000, 0x000000008c400000| Untracked 
| 197|0x000000008c500000, 0x000000008c600000, 0x000000008c600000|100%| O|  |TAMS 0x000000008c500000, 0x000000008c500000| Untracked 
| 198|0x000000008c600000, 0x000000008c700000, 0x000000008c700000|100%| O|  |TAMS 0x000000008c600000, 0x000000008c600000| Untracked 
| 199|0x000000008c700000, 0x000000008c800000, 0x000000008c800000|100%| O|  |TAMS 0x000000008c763200, 0x000000008c700000| Untracked 
| 200|0x000000008c800000, 0x000000008c900000, 0x000000008c900000|100%| O|  |TAMS 0x000000008c800000, 0x000000008c800000| Untracked 
| 201|0x000000008c900000, 0x000000008ca00000, 0x000000008ca00000|100%| O|  |TAMS 0x000000008c900000, 0x000000008c900000| Untracked 
| 202|0x000000008ca00000, 0x000000008cb00000, 0x000000008cb00000|100%| O|  |TAMS 0x000000008ca00000, 0x000000008ca00000| Untracked 
| 203|0x000000008cb00000, 0x000000008cc00000, 0x000000008cc00000|100%| O|  |TAMS 0x000000008cb00000, 0x000000008cb00000| Untracked 
| 204|0x000000008cc00000, 0x000000008cd00000, 0x000000008cd00000|100%| O|  |TAMS 0x000000008cc00000, 0x000000008cc00000| Untracked 
| 205|0x000000008cd00000, 0x000000008ce00000, 0x000000008ce00000|100%| O|  |TAMS 0x000000008cd00000, 0x000000008cd00000| Untracked 
| 206|0x000000008ce00000, 0x000000008cf00000, 0x000000008cf00000|100%| O|  |TAMS 0x000000008ce00000, 0x000000008ce00000| Untracked 
| 207|0x000000008cf00000, 0x000000008d000000, 0x000000008d000000|100%| O|  |TAMS 0x000000008cf00000, 0x000000008cf00000| Untracked 
| 208|0x000000008d000000, 0x000000008d100000, 0x000000008d100000|100%| O|  |TAMS 0x000000008d000000, 0x000000008d000000| Untracked 
| 209|0x000000008d100000, 0x000000008d200000, 0x000000008d200000|100%| O|  |TAMS 0x000000008d100000, 0x000000008d100000| Untracked 
| 210|0x000000008d200000, 0x000000008d300000, 0x000000008d300000|100%| O|  |TAMS 0x000000008d200000, 0x000000008d200000| Untracked 
| 211|0x000000008d300000, 0x000000008d400000, 0x000000008d400000|100%| O|  |TAMS 0x000000008d300000, 0x000000008d300000| Untracked 
| 212|0x000000008d400000, 0x000000008d500000, 0x000000008d500000|100%| O|  |TAMS 0x000000008d400000, 0x000000008d400000| Untracked 
| 213|0x000000008d500000, 0x000000008d5e2c00, 0x000000008d600000| 88%| O|  |TAMS 0x000000008d500000, 0x000000008d500000| Untracked 
| 214|0x000000008d600000, 0x000000008d600000, 0x000000008d700000|  0%| F|  |TAMS 0x000000008d600000, 0x000000008d600000| Untracked 
| 215|0x000000008d700000, 0x000000008d700000, 0x000000008d800000|  0%| F|  |TAMS 0x000000008d700000, 0x000000008d700000| Untracked 
| 216|0x000000008d800000, 0x000000008d800000, 0x000000008d900000|  0%| F|  |TAMS 0x000000008d800000, 0x000000008d800000| Untracked 
| 217|0x000000008d900000, 0x000000008d900000, 0x000000008da00000|  0%| F|  |TAMS 0x000000008d900000, 0x000000008d900000| Untracked 
| 218|0x000000008da00000, 0x000000008da00000, 0x000000008db00000|  0%| F|  |TAMS 0x000000008da00000, 0x000000008da00000| Untracked 
| 219|0x000000008db00000, 0x000000008db00000, 0x000000008dc00000|  0%| F|  |TAMS 0x000000008db00000, 0x000000008db00000| Untracked 
| 220|0x000000008dc00000, 0x000000008dc00000, 0x000000008dd00000|  0%| F|  |TAMS 0x000000008dc00000, 0x000000008dc00000| Untracked 
| 221|0x000000008dd00000, 0x000000008dd00000, 0x000000008de00000|  0%| F|  |TAMS 0x000000008dd00000, 0x000000008dd00000| Untracked 
| 222|0x000000008de00000, 0x000000008de00000, 0x000000008df00000|  0%| F|  |TAMS 0x000000008de00000, 0x000000008de00000| Untracked 
| 223|0x000000008df00000, 0x000000008df00000, 0x000000008e000000|  0%| F|  |TAMS 0x000000008df00000, 0x000000008df00000| Untracked 
| 224|0x000000008e000000, 0x000000008e000000, 0x000000008e100000|  0%| F|  |TAMS 0x000000008e000000, 0x000000008e000000| Untracked 
| 225|0x000000008e100000, 0x000000008e100000, 0x000000008e200000|  0%| F|  |TAMS 0x000000008e100000, 0x000000008e100000| Untracked 
| 226|0x000000008e200000, 0x000000008e200000, 0x000000008e300000|  0%| F|  |TAMS 0x000000008e200000, 0x000000008e200000| Untracked 
| 227|0x000000008e300000, 0x000000008e300000, 0x000000008e400000|  0%| F|  |TAMS 0x000000008e300000, 0x000000008e300000| Untracked 
| 228|0x000000008e400000, 0x000000008e400000, 0x000000008e500000|  0%| F|  |TAMS 0x000000008e400000, 0x000000008e400000| Untracked 
| 229|0x000000008e500000, 0x000000008e500000, 0x000000008e600000|  0%| F|  |TAMS 0x000000008e500000, 0x000000008e500000| Untracked 
| 230|0x000000008e600000, 0x000000008e600000, 0x000000008e700000|  0%| F|  |TAMS 0x000000008e600000, 0x000000008e600000| Untracked 
| 231|0x000000008e700000, 0x000000008e700000, 0x000000008e800000|  0%| F|  |TAMS 0x000000008e700000, 0x000000008e700000| Untracked 
| 232|0x000000008e800000, 0x000000008e800000, 0x000000008e900000|  0%| F|  |TAMS 0x000000008e800000, 0x000000008e800000| Untracked 
| 233|0x000000008e900000, 0x000000008e900000, 0x000000008ea00000|  0%| F|  |TAMS 0x000000008e900000, 0x000000008e900000| Untracked 
| 234|0x000000008ea00000, 0x000000008ea00000, 0x000000008eb00000|  0%| F|  |TAMS 0x000000008ea00000, 0x000000008ea00000| Untracked 
| 235|0x000000008eb00000, 0x000000008eb00000, 0x000000008ec00000|  0%| F|  |TAMS 0x000000008eb00000, 0x000000008eb00000| Untracked 
| 236|0x000000008ec00000, 0x000000008ec00000, 0x000000008ed00000|  0%| F|  |TAMS 0x000000008ec00000, 0x000000008ec00000| Untracked 
| 237|0x000000008ed00000, 0x000000008ed00000, 0x000000008ee00000|  0%| F|  |TAMS 0x000000008ed00000, 0x000000008ed00000| Untracked 
| 238|0x000000008ee00000, 0x000000008ee00000, 0x000000008ef00000|  0%| F|  |TAMS 0x000000008ee00000, 0x000000008ee00000| Untracked 
| 239|0x000000008ef00000, 0x000000008ef00000, 0x000000008f000000|  0%| F|  |TAMS 0x000000008ef00000, 0x000000008ef00000| Untracked 
| 240|0x000000008f000000, 0x000000008f000000, 0x000000008f100000|  0%| F|  |TAMS 0x000000008f000000, 0x000000008f000000| Untracked 
| 241|0x000000008f100000, 0x000000008f100000, 0x000000008f200000|  0%| F|  |TAMS 0x000000008f100000, 0x000000008f100000| Untracked 
| 242|0x000000008f200000, 0x000000008f200000, 0x000000008f300000|  0%| F|  |TAMS 0x000000008f200000, 0x000000008f200000| Untracked 
| 243|0x000000008f300000, 0x000000008f300000, 0x000000008f400000|  0%| F|  |TAMS 0x000000008f300000, 0x000000008f300000| Untracked 
| 244|0x000000008f400000, 0x000000008f400000, 0x000000008f500000|  0%| F|  |TAMS 0x000000008f400000, 0x000000008f400000| Untracked 
| 245|0x000000008f500000, 0x000000008f500000, 0x000000008f600000|  0%| F|  |TAMS 0x000000008f500000, 0x000000008f500000| Untracked 
| 246|0x000000008f600000, 0x000000008f600000, 0x000000008f700000|  0%| F|  |TAMS 0x000000008f600000, 0x000000008f600000| Untracked 
| 247|0x000000008f700000, 0x000000008f700000, 0x000000008f800000|  0%| F|  |TAMS 0x000000008f700000, 0x000000008f700000| Untracked 
| 248|0x000000008f800000, 0x000000008f800000, 0x000000008f900000|  0%| F|  |TAMS 0x000000008f800000, 0x000000008f800000| Untracked 
| 249|0x000000008f900000, 0x000000008f900000, 0x000000008fa00000|  0%| F|  |TAMS 0x000000008f900000, 0x000000008f900000| Untracked 
| 250|0x000000008fa00000, 0x000000008fa00000, 0x000000008fb00000|  0%| F|  |TAMS 0x000000008fa00000, 0x000000008fa00000| Untracked 
| 251|0x000000008fb00000, 0x000000008fb00000, 0x000000008fc00000|  0%| F|  |TAMS 0x000000008fb00000, 0x000000008fb00000| Untracked 
| 252|0x000000008fc00000, 0x000000008fc00000, 0x000000008fd00000|  0%| F|  |TAMS 0x000000008fc00000, 0x000000008fc00000| Untracked 
| 253|0x000000008fd00000, 0x000000008fd00000, 0x000000008fe00000|  0%| F|  |TAMS 0x000000008fd00000, 0x000000008fd00000| Untracked 
| 254|0x000000008fe00000, 0x000000008fe00000, 0x000000008ff00000|  0%| F|  |TAMS 0x000000008fe00000, 0x000000008fe00000| Untracked 
| 255|0x000000008ff00000, 0x000000008ff00000, 0x0000000090000000|  0%| F|  |TAMS 0x000000008ff00000, 0x000000008ff00000| Untracked 
| 256|0x0000000090000000, 0x0000000090000000, 0x0000000090100000|  0%| F|  |TAMS 0x0000000090000000, 0x0000000090000000| Untracked 
| 257|0x0000000090100000, 0x0000000090100000, 0x0000000090200000|  0%| F|  |TAMS 0x0000000090100000, 0x0000000090100000| Untracked 
| 258|0x0000000090200000, 0x0000000090200000, 0x0000000090300000|  0%| F|  |TAMS 0x0000000090200000, 0x0000000090200000| Untracked 
| 259|0x0000000090300000, 0x0000000090300000, 0x0000000090400000|  0%| F|  |TAMS 0x0000000090300000, 0x0000000090300000| Untracked 
| 260|0x0000000090400000, 0x0000000090400000, 0x0000000090500000|  0%| F|  |TAMS 0x0000000090400000, 0x0000000090400000| Untracked 
| 261|0x0000000090500000, 0x0000000090500000, 0x0000000090600000|  0%| F|  |TAMS 0x0000000090500000, 0x0000000090500000| Untracked 
| 262|0x0000000090600000, 0x0000000090600000, 0x0000000090700000|  0%| F|  |TAMS 0x0000000090600000, 0x0000000090600000| Untracked 
| 263|0x0000000090700000, 0x0000000090700000, 0x0000000090800000|  0%| F|  |TAMS 0x0000000090700000, 0x0000000090700000| Untracked 
| 264|0x0000000090800000, 0x0000000090800000, 0x0000000090900000|  0%| F|  |TAMS 0x0000000090800000, 0x0000000090800000| Untracked 
| 265|0x0000000090900000, 0x0000000090a00000, 0x0000000090a00000|100%| S|CS|TAMS 0x0000000090900000, 0x0000000090900000| Complete 
| 266|0x0000000090a00000, 0x0000000090b00000, 0x0000000090b00000|100%| S|CS|TAMS 0x0000000090a00000, 0x0000000090a00000| Complete 
| 267|0x0000000090b00000, 0x0000000090c00000, 0x0000000090c00000|100%| S|CS|TAMS 0x0000000090b00000, 0x0000000090b00000| Complete 
| 268|0x0000000090c00000, 0x0000000090d00000, 0x0000000090d00000|100%| S|CS|TAMS 0x0000000090c00000, 0x0000000090c00000| Complete 
| 269|0x0000000090d00000, 0x0000000090d00000, 0x0000000090e00000|  0%| F|  |TAMS 0x0000000090d00000, 0x0000000090d00000| Untracked 
| 270|0x0000000090e00000, 0x0000000090e00000, 0x0000000090f00000|  0%| F|  |TAMS 0x0000000090e00000, 0x0000000090e00000| Untracked 
| 271|0x0000000090f00000, 0x0000000090f00000, 0x0000000091000000|  0%| F|  |TAMS 0x0000000090f00000, 0x0000000090f00000| Untracked 
| 272|0x0000000091000000, 0x0000000091000000, 0x0000000091100000|  0%| F|  |TAMS 0x0000000091000000, 0x0000000091000000| Untracked 
| 273|0x0000000091100000, 0x0000000091100000, 0x0000000091200000|  0%| F|  |TAMS 0x0000000091100000, 0x0000000091100000| Untracked 
| 274|0x0000000091200000, 0x0000000091200000, 0x0000000091300000|  0%| F|  |TAMS 0x0000000091200000, 0x0000000091200000| Untracked 
| 275|0x0000000091300000, 0x0000000091300000, 0x0000000091400000|  0%| F|  |TAMS 0x0000000091300000, 0x0000000091300000| Untracked 
| 276|0x0000000091400000, 0x0000000091400000, 0x0000000091500000|  0%| F|  |TAMS 0x0000000091400000, 0x0000000091400000| Untracked 
| 277|0x0000000091500000, 0x0000000091500000, 0x0000000091600000|  0%| F|  |TAMS 0x0000000091500000, 0x0000000091500000| Untracked 
| 278|0x0000000091600000, 0x0000000091700000, 0x0000000091700000|100%| S|CS|TAMS 0x0000000091600000, 0x0000000091600000| Complete 
| 279|0x0000000091700000, 0x0000000091800000, 0x0000000091800000|100%| S|CS|TAMS 0x0000000091700000, 0x0000000091700000| Complete 
| 280|0x0000000091800000, 0x0000000091900000, 0x0000000091900000|100%| S|CS|TAMS 0x0000000091800000, 0x0000000091800000| Complete 
| 281|0x0000000091900000, 0x0000000091a00000, 0x0000000091a00000|100%| S|CS|TAMS 0x0000000091900000, 0x0000000091900000| Complete 
| 282|0x0000000091a00000, 0x0000000091a00000, 0x0000000091b00000|  0%| F|  |TAMS 0x0000000091a00000, 0x0000000091a00000| Untracked 
| 283|0x0000000091b00000, 0x0000000091b00000, 0x0000000091c00000|  0%| F|  |TAMS 0x0000000091b00000, 0x0000000091b00000| Untracked 
| 284|0x0000000091c00000, 0x0000000091c00000, 0x0000000091d00000|  0%| F|  |TAMS 0x0000000091c00000, 0x0000000091c00000| Untracked 
| 285|0x0000000091d00000, 0x0000000091d00000, 0x0000000091e00000|  0%| F|  |TAMS 0x0000000091d00000, 0x0000000091d00000| Untracked 
| 286|0x0000000091e00000, 0x0000000091e00000, 0x0000000091f00000|  0%| F|  |TAMS 0x0000000091e00000, 0x0000000091e00000| Untracked 
| 287|0x0000000091f00000, 0x0000000091f00000, 0x0000000092000000|  0%| F|  |TAMS 0x0000000091f00000, 0x0000000091f00000| Untracked 
| 288|0x0000000092000000, 0x0000000092000000, 0x0000000092100000|  0%| F|  |TAMS 0x0000000092000000, 0x0000000092000000| Untracked 
| 289|0x0000000092100000, 0x0000000092100000, 0x0000000092200000|  0%| F|  |TAMS 0x0000000092100000, 0x0000000092100000| Untracked 
| 290|0x0000000092200000, 0x0000000092200000, 0x0000000092300000|  0%| F|  |TAMS 0x0000000092200000, 0x0000000092200000| Untracked 
| 291|0x0000000092300000, 0x0000000092300000, 0x0000000092400000|  0%| F|  |TAMS 0x0000000092300000, 0x0000000092300000| Untracked 
| 292|0x0000000092400000, 0x0000000092400000, 0x0000000092500000|  0%| F|  |TAMS 0x0000000092400000, 0x0000000092400000| Untracked 
| 293|0x0000000092500000, 0x0000000092500000, 0x0000000092600000|  0%| F|  |TAMS 0x0000000092500000, 0x0000000092500000| Untracked 
| 294|0x0000000092600000, 0x0000000092600000, 0x0000000092700000|  0%| F|  |TAMS 0x0000000092600000, 0x0000000092600000| Untracked 
| 295|0x0000000092700000, 0x0000000092700000, 0x0000000092800000|  0%| F|  |TAMS 0x0000000092700000, 0x0000000092700000| Untracked 
| 296|0x0000000092800000, 0x0000000092800000, 0x0000000092900000|  0%| F|  |TAMS 0x0000000092800000, 0x0000000092800000| Untracked 
| 297|0x0000000092900000, 0x0000000092900000, 0x0000000092a00000|  0%| F|  |TAMS 0x0000000092900000, 0x0000000092900000| Untracked 
| 298|0x0000000092a00000, 0x0000000092a00000, 0x0000000092b00000|  0%| F|  |TAMS 0x0000000092a00000, 0x0000000092a00000| Untracked 
| 299|0x0000000092b00000, 0x0000000092b00000, 0x0000000092c00000|  0%| F|  |TAMS 0x0000000092b00000, 0x0000000092b00000| Untracked 
| 300|0x0000000092c00000, 0x0000000092c00000, 0x0000000092d00000|  0%| F|  |TAMS 0x0000000092c00000, 0x0000000092c00000| Untracked 
| 301|0x0000000092d00000, 0x0000000092d00000, 0x0000000092e00000|  0%| F|  |TAMS 0x0000000092d00000, 0x0000000092d00000| Untracked 
| 302|0x0000000092e00000, 0x0000000092e00000, 0x0000000092f00000|  0%| F|  |TAMS 0x0000000092e00000, 0x0000000092e00000| Untracked 
| 303|0x0000000092f00000, 0x0000000092f00000, 0x0000000093000000|  0%| F|  |TAMS 0x0000000092f00000, 0x0000000092f00000| Untracked 
| 304|0x0000000093000000, 0x0000000093000000, 0x0000000093100000|  0%| F|  |TAMS 0x0000000093000000, 0x0000000093000000| Untracked 
| 305|0x0000000093100000, 0x0000000093100000, 0x0000000093200000|  0%| F|  |TAMS 0x0000000093100000, 0x0000000093100000| Untracked 
| 306|0x0000000093200000, 0x0000000093200000, 0x0000000093300000|  0%| F|  |TAMS 0x0000000093200000, 0x0000000093200000| Untracked 
| 307|0x0000000093300000, 0x0000000093300000, 0x0000000093400000|  0%| F|  |TAMS 0x0000000093300000, 0x0000000093300000| Untracked 
| 308|0x0000000093400000, 0x0000000093400000, 0x0000000093500000|  0%| F|  |TAMS 0x0000000093400000, 0x0000000093400000| Untracked 
| 309|0x0000000093500000, 0x0000000093500000, 0x0000000093600000|  0%| F|  |TAMS 0x0000000093500000, 0x0000000093500000| Untracked 
| 310|0x0000000093600000, 0x0000000093600000, 0x0000000093700000|  0%| F|  |TAMS 0x0000000093600000, 0x0000000093600000| Untracked 
| 311|0x0000000093700000, 0x0000000093700000, 0x0000000093800000|  0%| F|  |TAMS 0x0000000093700000, 0x0000000093700000| Untracked 
| 312|0x0000000093800000, 0x0000000093800000, 0x0000000093900000|  0%| F|  |TAMS 0x0000000093800000, 0x0000000093800000| Untracked 
| 313|0x0000000093900000, 0x0000000093900000, 0x0000000093a00000|  0%| F|  |TAMS 0x0000000093900000, 0x0000000093900000| Untracked 
| 314|0x0000000093a00000, 0x0000000093a00000, 0x0000000093b00000|  0%| F|  |TAMS 0x0000000093a00000, 0x0000000093a00000| Untracked 
| 315|0x0000000093b00000, 0x0000000093b00000, 0x0000000093c00000|  0%| F|  |TAMS 0x0000000093b00000, 0x0000000093b00000| Untracked 
| 316|0x0000000093c00000, 0x0000000093c00000, 0x0000000093d00000|  0%| F|  |TAMS 0x0000000093c00000, 0x0000000093c00000| Untracked 
| 317|0x0000000093d00000, 0x0000000093d00000, 0x0000000093e00000|  0%| F|  |TAMS 0x0000000093d00000, 0x0000000093d00000| Untracked 
| 318|0x0000000093e00000, 0x0000000093e00000, 0x0000000093f00000|  0%| F|  |TAMS 0x0000000093e00000, 0x0000000093e00000| Untracked 
| 319|0x0000000093f00000, 0x0000000093f00000, 0x0000000094000000|  0%| F|  |TAMS 0x0000000093f00000, 0x0000000093f00000| Untracked 
| 320|0x0000000094000000, 0x0000000094000000, 0x0000000094100000|  0%| F|  |TAMS 0x0000000094000000, 0x0000000094000000| Untracked 
| 321|0x0000000094100000, 0x0000000094100000, 0x0000000094200000|  0%| F|  |TAMS 0x0000000094100000, 0x0000000094100000| Untracked 
| 322|0x0000000094200000, 0x0000000094200000, 0x0000000094300000|  0%| F|  |TAMS 0x0000000094200000, 0x0000000094200000| Untracked 
| 323|0x0000000094300000, 0x0000000094300000, 0x0000000094400000|  0%| F|  |TAMS 0x0000000094300000, 0x0000000094300000| Untracked 
| 324|0x0000000094400000, 0x0000000094400000, 0x0000000094500000|  0%| F|  |TAMS 0x0000000094400000, 0x0000000094400000| Untracked 
| 325|0x0000000094500000, 0x0000000094500000, 0x0000000094600000|  0%| F|  |TAMS 0x0000000094500000, 0x0000000094500000| Untracked 
| 326|0x0000000094600000, 0x0000000094600000, 0x0000000094700000|  0%| F|  |TAMS 0x0000000094600000, 0x0000000094600000| Untracked 
| 327|0x0000000094700000, 0x0000000094700000, 0x0000000094800000|  0%| F|  |TAMS 0x0000000094700000, 0x0000000094700000| Untracked 
| 328|0x0000000094800000, 0x0000000094800000, 0x0000000094900000|  0%| F|  |TAMS 0x0000000094800000, 0x0000000094800000| Untracked 
| 329|0x0000000094900000, 0x0000000094900000, 0x0000000094a00000|  0%| F|  |TAMS 0x0000000094900000, 0x0000000094900000| Untracked 
| 330|0x0000000094a00000, 0x0000000094a00000, 0x0000000094b00000|  0%| F|  |TAMS 0x0000000094a00000, 0x0000000094a00000| Untracked 
| 331|0x0000000094b00000, 0x0000000094b00000, 0x0000000094c00000|  0%| F|  |TAMS 0x0000000094b00000, 0x0000000094b00000| Untracked 
| 332|0x0000000094c00000, 0x0000000094c00000, 0x0000000094d00000|  0%| F|  |TAMS 0x0000000094c00000, 0x0000000094c00000| Untracked 
| 333|0x0000000094d00000, 0x0000000094d00000, 0x0000000094e00000|  0%| F|  |TAMS 0x0000000094d00000, 0x0000000094d00000| Untracked 
| 334|0x0000000094e00000, 0x0000000094e00000, 0x0000000094f00000|  0%| F|  |TAMS 0x0000000094e00000, 0x0000000094e00000| Untracked 
| 335|0x0000000094f00000, 0x0000000094f00000, 0x0000000095000000|  0%| F|  |TAMS 0x0000000094f00000, 0x0000000094f00000| Untracked 
| 336|0x0000000095000000, 0x0000000095000000, 0x0000000095100000|  0%| F|  |TAMS 0x0000000095000000, 0x0000000095000000| Untracked 
| 337|0x0000000095100000, 0x0000000095100000, 0x0000000095200000|  0%| F|  |TAMS 0x0000000095100000, 0x0000000095100000| Untracked 
| 338|0x0000000095200000, 0x0000000095200000, 0x0000000095300000|  0%| F|  |TAMS 0x0000000095200000, 0x0000000095200000| Untracked 

Card table byte_map: [0x000002ed5cbf0000,0x000002ed5cff0000] _byte_map_base: 0x000002ed5c7f0000

Marking Bits (Prev, Next): (CMBitMap*) 0x000002ed495abe28, (CMBitMap*) 0x000002ed495abe60
 Prev Bits: [0x000002ed5d3f0000, 0x000002ed5f3f0000)
 Next Bits: [0x000002ed5f3f0000, 0x000002ed613f0000)

Polling page: 0x000002ed47f00000

Metaspace:

Usage:
  Non-class:    119.03 MB capacity,   116.75 MB ( 98%) used,     1.86 MB (  2%) free+waste,   421.88 KB ( <1%) overhead. 
      Class:     18.15 MB capacity,    16.78 MB ( 92%) used,     1.18 MB (  6%) free+waste,   192.00 KB (  1%) overhead. 
       Both:    137.17 MB capacity,   133.53 MB ( 97%) used,     3.04 MB (  2%) free+waste,   613.88 KB ( <1%) overhead. 

Virtual space:
  Non-class space:      120.00 MB reserved,     119.17 MB (>99%) committed 
      Class space:        1.00 GB reserved,      18.25 MB (  2%) committed 
             Both:        1.12 GB reserved,     137.42 MB ( 12%) committed 

Chunk freelists:
   Non-Class:  21.00 KB
       Class:  9.00 KB
        Both:  30.00 KB

MaxMetaspaceSize: 17179869184.00 GB
CompressedClassSpaceSize: 1.00 GB
Initial GC threshold: 20.80 MB
Current GC threshold: 213.62 MB
CDS: off

CodeHeap 'non-profiled nmethods': size=120064Kb used=11998Kb max_used=12413Kb free=108065Kb
 bounds [0x000002ed54c80000, 0x000002ed558a0000, 0x000002ed5c1c0000]
CodeHeap 'profiled nmethods': size=120000Kb used=41111Kb max_used=42554Kb free=78888Kb
 bounds [0x000002ed4d750000, 0x000002ed500e0000, 0x000002ed54c80000]
CodeHeap 'non-nmethods': size=5696Kb used=2473Kb max_used=2522Kb free=3222Kb
 bounds [0x000002ed4d1c0000, 0x000002ed4d450000, 0x000002ed4d750000]
 total_blobs=19266 nmethods=18253 adapters=924
 compilation: enabled
              stopped_count=0, restarted_count=0
 full_count=0

Compilation events (20 events):
Event: 124.653 Thread 0x000002ed64258000 nmethod 19952 0x000002ed4e222910 code [0x000002ed4e222ae0, 0x000002ed4e222df8]
Event: 124.653 Thread 0x000002ed64258000 19950       3       com.android.tools.r8.internal.Ft::a (13 bytes)
Event: 124.653 Thread 0x000002ed64258000 nmethod 19950 0x000002ed4e1e2b90 code [0x000002ed4e1e2d40, 0x000002ed4e1e2e58]
Event: 124.653 Thread 0x000002ed64258000 19953       3       com.android.tools.r8.internal.Kv::a (44 bytes)
Event: 124.653 Thread 0x000002ed64252800 19954       4       com.android.tools.r8.internal.fk::a0 (2 bytes)
Event: 124.654 Thread 0x000002ed64252800 nmethod 19954 0x000002ed5512a890 code [0x000002ed5512aa20, 0x000002ed5512aa78]
Event: 124.654 Thread 0x000002ed64252800 19956       4       com.android.tools.r8.internal.h8::a (24 bytes)
Event: 124.654 Thread 0x000002ed64258000 nmethod 19953 0x000002ed4e370b90 code [0x000002ed4e370e00, 0x000002ed4e371928]
Event: 124.654 Thread 0x000002ed64258000 19955       1       com.android.tools.r8.internal.z8::O1 (2 bytes)
Event: 124.654 Thread 0x000002ed64258000 nmethod 19955 0x000002ed5512a590 code [0x000002ed5512a740, 0x000002ed5512a7f8]
Event: 124.655 Thread 0x000002ed64258000 19957       3       com.android.tools.r8.internal.Le::a (308 bytes)
Event: 124.656 Thread 0x000002ed64252800 nmethod 19956 0x000002ed5512a190 code [0x000002ed5512a340, 0x000002ed5512a488]
Event: 124.657 Thread 0x000002ed64258000 nmethod 19957 0x000002ed4deea210 code [0x000002ed4deea500, 0x000002ed4deeb758]
Event: 124.657 Thread 0x000002ed64258000 19958       3       com.android.tools.r8.internal.x::entrySet (5 bytes)
Event: 124.657 Thread 0x000002ed64258000 nmethod 19958 0x000002ed4e082710 code [0x000002ed4e0828c0, 0x000002ed4e082a68]
Event: 124.657 Thread 0x000002ed64258000 19959       3       com.android.tools.r8.internal.t0::iterator (5 bytes)
Event: 124.657 Thread 0x000002ed64258000 nmethod 19959 0x000002ed4e082310 code [0x000002ed4e0824c0, 0x000002ed4e082668]
Event: 124.657 Thread 0x000002ed64258000 19960       3       com.android.tools.r8.internal.zh::<init> (89 bytes)
Event: 124.658 Thread 0x000002ed64258000 nmethod 19960 0x000002ed4de72190 code [0x000002ed4de72420, 0x000002ed4de72d98]
Event: 124.658 Thread 0x000002ed64258000 19962       3       com.android.tools.r8.graph.a0$$Lambda$1710/0x00000001011b2c40::a (5 bytes)

GC Heap History (20 events):
Event: 97.883 GC heap after
{Heap after GC invocations=94 (full 0):
 garbage-first heap   total 262144K, used 197981K [0x0000000080000000, 0x0000000100000000)
  region size 1024K, 1 young (1024K), 1 survivors (1024K)
 Metaspace       used 123711K, capacity 126973K, committed 127152K, reserved 1159168K
  class space    used 15593K, capacity 16802K, committed 16896K, reserved 1048576K
}
Event: 98.005 GC heap before
{Heap before GC invocations=94 (full 0):
 garbage-first heap   total 262144K, used 222557K [0x0000000080000000, 0x0000000100000000)
  region size 1024K, 25 young (25600K), 1 survivors (1024K)
 Metaspace       used 123713K, capacity 126973K, committed 127152K, reserved 1159168K
  class space    used 15593K, capacity 16802K, committed 16896K, reserved 1048576K
}
Event: 98.008 GC heap after
{Heap after GC invocations=95 (full 0):
 garbage-first heap   total 262144K, used 197879K [0x0000000080000000, 0x0000000100000000)
  region size 1024K, 1 young (1024K), 1 survivors (1024K)
 Metaspace       used 123713K, capacity 126973K, committed 127152K, reserved 1159168K
  class space    used 15593K, capacity 16802K, committed 16896K, reserved 1048576K
}
Event: 102.461 GC heap before
{Heap before GC invocations=96 (full 0):
 garbage-first heap   total 262144K, used 237815K [0x0000000080000000, 0x0000000100000000)
  region size 1024K, 26 young (26624K), 1 survivors (1024K)
 Metaspace       used 124036K, capacity 127305K, committed 127408K, reserved 1159168K
  class space    used 15615K, capacity 16816K, committed 16896K, reserved 1048576K
}
Event: 102.503 GC heap after
{Heap after GC invocations=97 (full 0):
 garbage-first heap   total 347136K, used 199399K [0x0000000080000000, 0x0000000100000000)
  region size 1024K, 3 young (3072K), 3 survivors (3072K)
 Metaspace       used 124036K, capacity 127305K, committed 127408K, reserved 1159168K
  class space    used 15615K, capacity 16816K, committed 16896K, reserved 1048576K
}
Event: 103.878 GC heap before
{Heap before GC invocations=97 (full 0):
 garbage-first heap   total 347136K, used 211687K [0x0000000080000000, 0x0000000100000000)
  region size 1024K, 16 young (16384K), 3 survivors (3072K)
 Metaspace       used 124935K, capacity 128307K, committed 128432K, reserved 1161216K
  class space    used 15675K, capacity 16885K, committed 16896K, reserved 1048576K
}
Event: 103.898 GC heap after
{Heap after GC invocations=98 (full 0):
 garbage-first heap   total 347136K, used 201543K [0x0000000080000000, 0x0000000100000000)
  region size 1024K, 2 young (2048K), 2 survivors (2048K)
 Metaspace       used 124935K, capacity 128307K, committed 128432K, reserved 1161216K
  class space    used 15675K, capacity 16885K, committed 16896K, reserved 1048576K
}
Event: 106.451 GC heap before
{Heap before GC invocations=98 (full 0):
 garbage-first heap   total 347136K, used 256839K [0x0000000080000000, 0x0000000100000000)
  region size 1024K, 56 young (57344K), 2 survivors (2048K)
 Metaspace       used 127850K, capacity 131155K, committed 131248K, reserved 1163264K
  class space    used 15892K, capacity 17109K, committed 17152K, reserved 1048576K
}
Event: 106.532 GC heap after
{Heap after GC invocations=99 (full 0):
 garbage-first heap   total 347136K, used 211340K [0x0000000080000000, 0x0000000100000000)
  region size 1024K, 7 young (7168K), 7 survivors (7168K)
 Metaspace       used 127850K, capacity 131155K, committed 131248K, reserved 1163264K
  class space    used 15892K, capacity 17109K, committed 17152K, reserved 1048576K
}
Event: 113.550 GC heap before
{Heap before GC invocations=100 (full 0):
 garbage-first heap   total 347136K, used 254348K [0x0000000080000000, 0x0000000100000000)
  region size 1024K, 59 young (60416K), 7 survivors (7168K)
 Metaspace       used 128803K, capacity 132132K, committed 132400K, reserved 1165312K
  class space    used 15975K, capacity 17177K, committed 17280K, reserved 1048576K
}
Event: 113.649 GC heap after
{Heap after GC invocations=101 (full 0):
 garbage-first heap   total 347136K, used 199962K [0x0000000080000000, 0x0000000100000000)
  region size 1024K, 2 young (2048K), 2 survivors (2048K)
 Metaspace       used 128803K, capacity 132132K, committed 132400K, reserved 1165312K
  class space    used 15975K, capacity 17177K, committed 17280K, reserved 1048576K
}
Event: 115.191 GC heap before
{Heap before GC invocations=101 (full 0):
 garbage-first heap   total 347136K, used 213274K [0x0000000080000000, 0x0000000100000000)
  region size 1024K, 16 young (16384K), 2 survivors (2048K)
 Metaspace       used 129373K, capacity 132685K, committed 132912K, reserved 1165312K
  class space    used 16040K, capacity 17254K, committed 17280K, reserved 1048576K
}
Event: 115.239 GC heap after
{Heap after GC invocations=102 (full 0):
 garbage-first heap   total 347136K, used 187440K [0x0000000080000000, 0x0000000100000000)
  region size 1024K, 1 young (1024K), 1 survivors (1024K)
 Metaspace       used 129373K, capacity 132685K, committed 132912K, reserved 1165312K
  class space    used 16040K, capacity 17254K, committed 17280K, reserved 1048576K
}
Event: 117.724 GC heap before
{Heap before GC invocations=102 (full 0):
 garbage-first heap   total 347136K, used 254000K [0x0000000080000000, 0x0000000100000000)
  region size 1024K, 67 young (68608K), 1 survivors (1024K)
 Metaspace       used 130006K, capacity 133358K, committed 133552K, reserved 1165312K
  class space    used 16116K, capacity 17305K, committed 17408K, reserved 1048576K
}
Event: 117.755 GC heap after
{Heap after GC invocations=103 (full 0):
 garbage-first heap   total 347136K, used 190937K [0x0000000080000000, 0x0000000100000000)
  region size 1024K, 5 young (5120K), 5 survivors (5120K)
 Metaspace       used 130006K, capacity 133358K, committed 133552K, reserved 1165312K
  class space    used 16116K, capacity 17305K, committed 17408K, reserved 1048576K
}
Event: 119.540 GC heap before
{Heap before GC invocations=103 (full 0):
 garbage-first heap   total 347136K, used 259545K [0x0000000080000000, 0x0000000100000000)
  region size 1024K, 73 young (74752K), 5 survivors (5120K)
 Metaspace       used 131978K, capacity 135409K, committed 135600K, reserved 1167360K
  class space    used 16387K, capacity 17632K, committed 17664K, reserved 1048576K
}
Event: 119.732 GC heap after
{Heap after GC invocations=104 (full 0):
 garbage-first heap   total 347136K, used 208114K [0x0000000080000000, 0x0000000100000000)
  region size 1024K, 10 young (10240K), 10 survivors (10240K)
 Metaspace       used 131978K, capacity 135409K, committed 135600K, reserved 1167360K
  class space    used 16387K, capacity 17632K, committed 17664K, reserved 1048576K
}
Event: 121.190 GC heap before
{Heap before GC invocations=104 (full 0):
 garbage-first heap   total 347136K, used 270578K [0x0000000080000000, 0x0000000100000000)
  region size 1024K, 71 young (72704K), 10 survivors (10240K)
 Metaspace       used 132655K, capacity 136076K, committed 136240K, reserved 1167360K
  class space    used 16465K, capacity 17699K, committed 17792K, reserved 1048576K
}
Event: 121.344 GC heap after
{Heap after GC invocations=105 (full 0):
 garbage-first heap   total 347136K, used 218112K [0x0000000080000000, 0x0000000100000000)
  region size 1024K, 9 young (9216K), 9 survivors (9216K)
 Metaspace       used 132655K, capacity 136076K, committed 136240K, reserved 1167360K
  class space    used 16465K, capacity 17699K, committed 17792K, reserved 1048576K
}
Event: 124.662 GC heap before
{Heap before GC invocations=105 (full 0):
 garbage-first heap   total 347136K, used 276480K [0x0000000080000000, 0x0000000100000000)
  region size 1024K, 66 young (67584K), 9 survivors (9216K)
 Metaspace       used 136739K, capacity 140466K, committed 140720K, reserved 1171456K
  class space    used 17184K, capacity 18583K, committed 18688K, reserved 1048576K
}

Deoptimization events (20 events):
Event: 124.122 Thread 0x000002ed664d2000 DEOPT PACKING pc=0x000002ed5589a414 sp=0x000000f900ff9370
Event: 124.122 Thread 0x000002ed664d2000 DEOPT UNPACKING pc=0x000002ed4d20a1af sp=0x000000f900ff9388 mode 2
Event: 124.123 Thread 0x000002ed6a75e800 DEOPT PACKING pc=0x000002ed5589a414 sp=0x000000f9012f9ad0
Event: 124.123 Thread 0x000002ed6a75e800 DEOPT UNPACKING pc=0x000002ed4d20a1af sp=0x000000f9012f9ae8 mode 2
Event: 124.123 Thread 0x000002ed6a761000 Uncommon trap: trap_request=0xffffffde fr.pc=0x000002ed5589a414 relative=0x0000000000000cd4
Event: 124.123 Thread 0x000002ed6a761000 Uncommon trap: reason=class_check action=maybe_recompile pc=0x000002ed5589a414 method=java.util.Map.computeIfAbsent(Ljava/lang/Object;Ljava/util/function/Function;)Ljava/lang/Object; @ 7 c2
Event: 124.123 Thread 0x000002ed6a761000 DEOPT PACKING pc=0x000002ed5589a414 sp=0x000000f9011f9680
Event: 124.124 Thread 0x000002ed6a761000 DEOPT UNPACKING pc=0x000002ed4d20a1af sp=0x000000f9011f9698 mode 2
Event: 124.205 Thread 0x000002ed6a75e800 Uncommon trap: trap_request=0xffffff4d fr.pc=0x000002ed54d1e67c relative=0x000000000000005c
Event: 124.205 Thread 0x000002ed6a75e800 Uncommon trap: reason=unstable_if action=reinterpret pc=0x000002ed54d1e67c method=com.android.tools.r8.internal.D9.a(C)Z @ 3 c2
Event: 124.205 Thread 0x000002ed6a75e800 DEOPT PACKING pc=0x000002ed54d1e67c sp=0x000000f9012f9bc0
Event: 124.205 Thread 0x000002ed6a75e800 DEOPT UNPACKING pc=0x000002ed4d20a1af sp=0x000000f9012f9b50 mode 2
Event: 124.217 Thread 0x000002ed6a75e800 Uncommon trap: trap_request=0xffffff4d fr.pc=0x000002ed55882ff0 relative=0x0000000000000e90
Event: 124.217 Thread 0x000002ed6a75e800 Uncommon trap: reason=unstable_if action=reinterpret pc=0x000002ed55882ff0 method=com.android.tools.r8.internal.nh.a(ILjava/lang/Object;)Ljava/lang/Object; @ 141 c2
Event: 124.217 Thread 0x000002ed6a75e800 DEOPT PACKING pc=0x000002ed55882ff0 sp=0x000000f9012f9a40
Event: 124.217 Thread 0x000002ed6a75e800 DEOPT UNPACKING pc=0x000002ed4d20a1af sp=0x000000f9012f9a18 mode 2
Event: 124.370 Thread 0x000002ed6a761000 Uncommon trap: trap_request=0xffffff4d fr.pc=0x000002ed55846ae0 relative=0x0000000000000040
Event: 124.370 Thread 0x000002ed6a761000 Uncommon trap: reason=unstable_if action=reinterpret pc=0x000002ed55846ae0 method=com.android.tools.r8.internal.AA.a(Ljava/lang/Object;[Lcom/android/tools/r8/internal/yf;I)Ljava/lang/Object; @ 5 c2
Event: 124.370 Thread 0x000002ed6a761000 DEOPT PACKING pc=0x000002ed55846ae0 sp=0x000000f9011f9870
Event: 124.371 Thread 0x000002ed6a761000 DEOPT UNPACKING pc=0x000002ed4d20a1af sp=0x000000f9011f9820 mode 2

Classes redefined (0 events):
No events

Internal exceptions (20 events):
Event: 119.004 Thread 0x000002ed664d2000 Exception <a 'java/lang/NoSuchMethodError'{0x00000000922fe640}: 'java.lang.Object java.lang.invoke.DirectMethodHandle$Holder.invokeStatic(java.lang.Object, long)'> (0x00000000922fe640) thrown at [./src/hotspot/share/interpreter/linkResolver.cpp, line 773]
Event: 119.008 Thread 0x000002ed6a760000 Exception <a 'java/lang/NoSuchMethodError'{0x00000000922f3f08}: 'java.lang.Object java.lang.invoke.DirectMethodHandle$Holder.invokeSpecial(java.lang.Object, java.lang.Object, long)'> (0x00000000922f3f08) thrown at [./src/hotspot/share/interpreter/linkResolver.cpp, line 773]
Event: 119.009 Thread 0x000002ed6a760000 Exception <a 'java/lang/NoSuchMethodError'{0x00000000922f76c0}: 'java.lang.Object java.lang.invoke.Invokers$Holder.linkToTargetMethod(long, java.lang.Object)'> (0x00000000922f76c0) thrown at [./src/hotspot/share/interpreter/linkResolver.cpp, line 773]
Event: 119.299 Thread 0x000002ed6a760000 Exception <a 'java/lang/NoSuchMethodError'{0x0000000091adbf98}: 'void java.lang.invoke.DirectMethodHandle$Holder.invokeStatic(java.lang.Object, java.lang.Object, java.lang.Object, int)'> (0x0000000091adbf98) thrown at [./src/hotspot/share/interpreter/linkResolver.cpp, line 773]
Event: 119.326 Thread 0x000002ed6a760000 Exception <a 'java/lang/IncompatibleClassChangeError'{0x0000000091898538}: Found class java.lang.Object, but interface was expected> (0x0000000091898538) thrown at [./src/hotspot/share/interpreter/linkResolver.cpp, line 839]
Event: 122.517 Thread 0x000002ed664d2000 Exception <a 'java/lang/NoSuchMethodError'{0x00000000928a2f30}: 'int java.lang.invoke.DirectMethodHandle$Holder.invokeSpecial(java.lang.Object, java.lang.Object, java.lang.Object, java.lang.Object, java.lang.Object)'> (0x00000000928a2f30) thrown at [./src/hotspot/share/interpreter/linkResolver.cpp, line 773]
Event: 122.517 Thread 0x000002ed6a760000 Exception <a 'java/lang/NoSuchMethodError'{0x00000000928c5178}: 'int java.lang.invoke.DirectMethodHandle$Holder.invokeSpecial(java.lang.Object, java.lang.Object, java.lang.Object, java.lang.Object, java.lang.Object)'> (0x00000000928c5178) thrown at [./src/hotspot/share/interpreter/linkResolver.cpp, line 773]
Event: 122.517 Thread 0x000002ed6a75e800 Exception <a 'java/lang/NoSuchMethodError'{0x00000000929be568}: 'int java.lang.invoke.DirectMethodHandle$Holder.invokeSpecial(java.lang.Object, java.lang.Object, java.lang.Object, java.lang.Object, java.lang.Object)'> (0x00000000929be568) thrown at [./src/hotspot/share/interpreter/linkResolver.cpp, line 773]
Event: 122.517 Thread 0x000002ed6a761000 Exception <a 'java/lang/NoSuchMethodError'{0x0000000092864400}: 'int java.lang.invoke.DirectMethodHandle$Holder.invokeSpecial(java.lang.Object, java.lang.Object, java.lang.Object, java.lang.Object, java.lang.Object)'> (0x0000000092864400) thrown at [./src/hotspot/share/interpreter/linkResolver.cpp, line 773]
Event: 123.131 Thread 0x000002ed6a75e800 Exception <a 'java/lang/NoSuchMethodError'{0x000000009279de00}: 'java.lang.Object java.lang.invoke.DirectMethodHandle$Holder.invokeVirtual(java.lang.Object, java.lang.Object, int, java.lang.Object)'> (0x000000009279de00) thrown at [./src/hotspot/share/interpreter/linkResolver.cpp, line 773]
Event: 123.131 Thread 0x000002ed6a761000 Exception <a 'java/lang/NoSuchMethodError'{0x00000000925743d0}: 'java.lang.Object java.lang.invoke.DirectMethodHandle$Holder.invokeVirtual(java.lang.Object, java.lang.Object, int, java.lang.Object)'> (0x00000000925743d0) thrown at [./src/hotspot/share/interpreter/linkResolver.cpp, line 773]
Event: 123.131 Thread 0x000002ed664d2000 Exception <a 'java/lang/NoSuchMethodError'{0x00000000925b8f70}: 'java.lang.Object java.lang.invoke.DirectMethodHandle$Holder.invokeVirtual(java.lang.Object, java.lang.Object, int, java.lang.Object)'> (0x00000000925b8f70) thrown at [./src/hotspot/share/interpreter/linkResolver.cpp, line 773]
Event: 123.131 Thread 0x000002ed6a760000 Exception <a 'java/lang/NoSuchMethodError'{0x00000000925de488}: 'java.lang.Object java.lang.invoke.DirectMethodHandle$Holder.invokeVirtual(java.lang.Object, java.lang.Object, int, java.lang.Object)'> (0x00000000925de488) thrown at [./src/hotspot/share/interpreter/linkResolver.cpp, line 773]
Event: 123.199 Thread 0x000002ed6a760000 Exception <a 'java/lang/IncompatibleClassChangeError'{0x00000000925fca00}: Found class java.lang.Object, but interface was expected> (0x00000000925fca00) thrown at [./src/hotspot/share/interpreter/linkResolver.cpp, line 839]
Event: 123.293 Thread 0x000002ed6a760000 Exception <a 'java/lang/IncompatibleClassChangeError'{0x0000000092408338}: Found class java.lang.Object, but interface was expected> (0x0000000092408338) thrown at [./src/hotspot/share/interpreter/linkResolver.cpp, line 839]
Event: 123.472 Thread 0x000002ed6a761000 Exception <a 'java/lang/NoSuchMethodError'{0x00000000924b87d0}: 'void java.lang.invoke.DirectMethodHandle$Holder.invokeVirtual(java.lang.Object, java.lang.Object, int, java.lang.Object)'> (0x00000000924b87d0) thrown at [./src/hotspot/share/interpreter/linkResolver.cpp, line 773]
Event: 123.477 Thread 0x000002ed664d2000 Exception <a 'java/lang/NoSuchMethodError'{0x000000009235dcf8}: 'void java.lang.invoke.DirectMethodHandle$Holder.invokeVirtual(java.lang.Object, java.lang.Object, int, java.lang.Object)'> (0x000000009235dcf8) thrown at [./src/hotspot/share/interpreter/linkResolver.cpp, line 773]
Event: 124.111 Thread 0x000002ed6a75e800 Exception <a 'java/lang/NoSuchMethodError'{0x00000000921ccea0}: 'java.lang.Object java.lang.invoke.DirectMethodHandle$Holder.newInvokeSpecial(java.lang.Object, int)'> (0x00000000921ccea0) thrown at [./src/hotspot/share/interpreter/linkResolver.cpp, line 773]
Event: 124.112 Thread 0x000002ed6a761000 Exception <a 'java/lang/NoSuchMethodError'{0x000000009217ed00}: 'java.lang.Object java.lang.invoke.DirectMethodHandle$Holder.newInvokeSpecial(java.lang.Object, int)'> (0x000000009217ed00) thrown at [./src/hotspot/share/interpreter/linkResolver.cpp, line 773]
Event: 124.114 Thread 0x000002ed6a760000 Exception <a 'java/lang/NoSuchMethodError'{0x0000000091f31230}: 'java.lang.Object java.lang.invoke.DirectMethodHandle$Holder.newInvokeSpecial(java.lang.Object, int)'> (0x0000000091f31230) thrown at [./src/hotspot/share/interpreter/linkResolver.cpp, line 773]

Events (20 events):
Event: 124.580 loading class com/android/tools/r8/code/Y0 done
Event: 124.581 loading class com/android/tools/r8/code/Q0
Event: 124.581 loading class com/android/tools/r8/code/Q0 done
Event: 124.581 loading class com/android/tools/r8/code/Q
Event: 124.581 loading class com/android/tools/r8/code/Q done
Event: 124.582 loading class com/android/tools/r8/graph/G$d
Event: 124.582 loading class com/android/tools/r8/graph/G$d done
Event: 124.584 loading class com/android/tools/r8/code/X0
Event: 124.584 loading class com/android/tools/r8/code/X0 done
Event: 124.585 loading class com/android/tools/r8/graph/G$d
Event: 124.585 loading class com/android/tools/r8/graph/G$d done
Event: 124.585 loading class com/android/tools/r8/code/N
Event: 124.585 loading class com/android/tools/r8/code/N done
Event: 124.587 loading class com/android/tools/r8/code/P
Event: 124.587 loading class com/android/tools/r8/code/P done
Event: 124.587 Executing VM operation: ICBufferFull
Event: 124.587 Executing VM operation: ICBufferFull done
Event: 124.617 loading class com/android/tools/r8/internal/B7
Event: 124.617 loading class com/android/tools/r8/internal/B7 done
Event: 124.658 Executing VM operation: G1CollectForAllocation


Dynamic libraries:
0x00007ff62aa40000 - 0x00007ff62aa4a000 	C:\Program Files\JetBrains\IntelliJ IDEA Community Edition 2021.3.2\jbr\bin\java.exe
0x00007ffd9ec10000 - 0x00007ffd9ee08000 	C:\Windows\SYSTEM32\ntdll.dll
0x00007ffd9cec0000 - 0x00007ffd9cf7d000 	C:\Windows\System32\KERNEL32.DLL
0x00007ffd9c990000 - 0x00007ffd9cc62000 	C:\Windows\System32\KERNELBASE.dll
0x00007ffd9c840000 - 0x00007ffd9c940000 	C:\Windows\System32\ucrtbase.dll
0x00007ffd967f0000 - 0x00007ffd96807000 	C:\Program Files\JetBrains\IntelliJ IDEA Community Edition 2021.3.2\jbr\bin\VCRUNTIME140.dll
0x00007ffd967b0000 - 0x00007ffd967c9000 	C:\Program Files\JetBrains\IntelliJ IDEA Community Edition 2021.3.2\jbr\bin\jli.dll
0x00007ffd9e800000 - 0x00007ffd9e99d000 	C:\Windows\System32\USER32.dll
0x00007ffd9c7e0000 - 0x00007ffd9c802000 	C:\Windows\System32\win32u.dll
0x00007ffd9eab0000 - 0x00007ffd9eadb000 	C:\Windows\System32\GDI32.dll
0x00007ffd9c6d0000 - 0x00007ffd9c7df000 	C:\Windows\System32\gdi32full.dll
0x00007ffd9c580000 - 0x00007ffd9c61d000 	C:\Windows\System32\msvcp_win.dll
0x00007ffd84f10000 - 0x00007ffd851aa000 	C:\Windows\WinSxS\amd64_microsoft.windows.common-controls_6595b64144ccf1df_6.0.19041.1110_none_60b5254171f9507e\COMCTL32.dll
0x00007ffd9e6b0000 - 0x00007ffd9e74e000 	C:\Windows\System32\msvcrt.dll
0x00007ffd9e4d0000 - 0x00007ffd9e500000 	C:\Windows\System32\IMM32.DLL
0x00007ffd6da00000 - 0x00007ffd6da9d000 	C:\Program Files\JetBrains\IntelliJ IDEA Community Edition 2021.3.2\jbr\bin\msvcp140.dll
0x00007ffd458b0000 - 0x00007ffd46426000 	C:\Program Files\JetBrains\IntelliJ IDEA Community Edition 2021.3.2\jbr\bin\server\jvm.dll
0x00007ffd9e750000 - 0x00007ffd9e7fe000 	C:\Windows\System32\ADVAPI32.dll
0x00007ffd9e430000 - 0x00007ffd9e4cc000 	C:\Windows\System32\sechost.dll
0x00007ffd9e300000 - 0x00007ffd9e425000 	C:\Windows\System32\RPCRT4.dll
0x00007ffd9eae0000 - 0x00007ffd9eae8000 	C:\Windows\System32\PSAPI.DLL
0x00007ffd87a60000 - 0x00007ffd87a69000 	C:\Windows\SYSTEM32\WSOCK32.dll
0x00007ffd9eb00000 - 0x00007ffd9eb6b000 	C:\Windows\System32\WS2_32.dll
0x00007ffd93fb0000 - 0x00007ffd93fba000 	C:\Windows\SYSTEM32\VERSION.dll
0x00007ffd93e70000 - 0x00007ffd93e97000 	C:\Windows\SYSTEM32\WINMM.dll
0x00007ffd9a1e0000 - 0x00007ffd9a1f2000 	C:\Windows\SYSTEM32\kernel.appcore.dll
0x00007ffd8a090000 - 0x00007ffd8a0a1000 	C:\Program Files\JetBrains\IntelliJ IDEA Community Edition 2021.3.2\jbr\bin\verify.dll
0x00007ffd89a40000 - 0x00007ffd89c24000 	C:\Windows\SYSTEM32\DBGHELP.DLL
0x00007ffd85690000 - 0x00007ffd856bc000 	C:\Windows\SYSTEM32\dbgcore.DLL
0x00007ffd9c320000 - 0x00007ffd9c3a2000 	C:\Windows\System32\bcryptPrimitives.dll
0x00007ffd8a060000 - 0x00007ffd8a089000 	C:\Program Files\JetBrains\IntelliJ IDEA Community Edition 2021.3.2\jbr\bin\java.dll
0x00007ffd96e80000 - 0x00007ffd96e8b000 	C:\Program Files\JetBrains\IntelliJ IDEA Community Edition 2021.3.2\jbr\bin\jimage.dll
0x00007ffd8a040000 - 0x00007ffd8a058000 	C:\Program Files\JetBrains\IntelliJ IDEA Community Edition 2021.3.2\jbr\bin\zip.dll
0x00007ffd9d610000 - 0x00007ffd9dd53000 	C:\Windows\System32\SHELL32.dll
0x00007ffd9a3e0000 - 0x00007ffd9ab71000 	C:\Windows\SYSTEM32\windows.storage.dll
0x00007ffd9dd60000 - 0x00007ffd9e0b4000 	C:\Windows\System32\combase.dll
0x00007ffd9bca0000 - 0x00007ffd9bcd0000 	C:\Windows\SYSTEM32\Wldp.dll
0x00007ffd9d560000 - 0x00007ffd9d60d000 	C:\Windows\System32\SHCORE.dll
0x00007ffd9e9a0000 - 0x00007ffd9e9f5000 	C:\Windows\System32\shlwapi.dll
0x00007ffd9c260000 - 0x00007ffd9c27f000 	C:\Windows\SYSTEM32\profapi.dll
0x00007ffd8a020000 - 0x00007ffd8a03a000 	C:\Program Files\JetBrains\IntelliJ IDEA Community Edition 2021.3.2\jbr\bin\net.dll
0x00007ffd87a80000 - 0x00007ffd87b8d000 	C:\Windows\SYSTEM32\WINHTTP.dll
0x00007ffd9ba00000 - 0x00007ffd9ba6a000 	C:\Windows\system32\mswsock.dll
0x00007ffd89fb0000 - 0x00007ffd89fc4000 	C:\Program Files\JetBrains\IntelliJ IDEA Community Edition 2021.3.2\jbr\bin\nio.dll
0x00007ffd83530000 - 0x00007ffd83557000 	C:\Users\trust\.gradle\native\8bec1ad78214c89d9ad589b4d07fe93259594b29d510b10fafb7a158f7737e5d\windows-amd64\native-platform.dll
0x00007ffd65a20000 - 0x00007ffd65b5d000 	C:\Users\trust\.gradle\native\53dbd7edfb1c66fb8903c78663c9afc45aea4f116125fa6feffd364cf09443e8\windows-amd64\native-platform-file-events.dll
0x00007ffd95bc0000 - 0x00007ffd95bca000 	C:\Program Files\JetBrains\IntelliJ IDEA Community Edition 2021.3.2\jbr\bin\management.dll
0x00007ffd94f60000 - 0x00007ffd94f6d000 	C:\Program Files\JetBrains\IntelliJ IDEA Community Edition 2021.3.2\jbr\bin\management_ext.dll
0x00007ffd9bc00000 - 0x00007ffd9bc18000 	C:\Windows\SYSTEM32\CRYPTSP.dll
0x00007ffd9b320000 - 0x00007ffd9b354000 	C:\Windows\system32\rsaenh.dll
0x00007ffd9c810000 - 0x00007ffd9c837000 	C:\Windows\System32\bcrypt.dll
0x00007ffd9c1e0000 - 0x00007ffd9c20e000 	C:\Windows\SYSTEM32\USERENV.dll
0x00007ffd9bbf0000 - 0x00007ffd9bbfc000 	C:\Windows\SYSTEM32\CRYPTBASE.dll
0x00007ffd9b6f0000 - 0x00007ffd9b72b000 	C:\Windows\SYSTEM32\IPHLPAPI.DLL
0x00007ffd9eaf0000 - 0x00007ffd9eaf8000 	C:\Windows\System32\NSI.dll
0x00007ffd91c20000 - 0x00007ffd91c37000 	C:\Windows\SYSTEM32\dhcpcsvc6.DLL
0x00007ffd93950000 - 0x00007ffd9396d000 	C:\Windows\SYSTEM32\dhcpcsvc.DLL
0x00007ffd9b730000 - 0x00007ffd9b7fa000 	C:\Windows\SYSTEM32\DNSAPI.dll
0x00007ffd89f10000 - 0x00007ffd89f38000 	C:\Program Files\JetBrains\IntelliJ IDEA Community Edition 2021.3.2\jbr\bin\sunec.dll
0x00007ffd87a50000 - 0x00007ffd87a5a000 	C:\Windows\System32\rasadhlp.dll
0x00007ffd87bf0000 - 0x00007ffd87c70000 	C:\Windows\System32\fwpuclnt.dll

dbghelp: loaded successfully - version: 4.0.5 - missing functions: none
symbol engine: initialized successfully - sym options: 0x614 - pdb path: .;C:\Program Files\JetBrains\IntelliJ IDEA Community Edition 2021.3.2\jbr\bin;C:\Windows\SYSTEM32;C:\Windows\WinSxS\amd64_microsoft.windows.common-controls_6595b64144ccf1df_6.0.19041.1110_none_60b5254171f9507e;C:\Program Files\JetBrains\IntelliJ IDEA Community Edition 2021.3.2\jbr\bin\server;C:\Users\trust\.gradle\native\8bec1ad78214c89d9ad589b4d07fe93259594b29d510b10fafb7a158f7737e5d\windows-amd64;C:\Users\trust\.gradle\native\53dbd7edfb1c66fb8903c78663c9afc45aea4f116125fa6feffd364cf09443e8\windows-amd64

VM Arguments:
jvm_args: --add-opens=java.base/java.util=ALL-UNNAMED --add-opens=java.base/java.lang=ALL-UNNAMED --add-opens=java.base/java.lang.invoke=ALL-UNNAMED --add-opens=java.base/java.util=ALL-UNNAMED --add-opens=java.prefs/java.util.prefs=ALL-UNNAMED --add-opens=java.prefs/java.util.prefs=ALL-UNNAMED --add-opens=java.base/java.nio.charset=ALL-UNNAMED --add-opens=java.base/java.net=ALL-UNNAMED --add-opens=java.base/java.util.concurrent.atomic=ALL-UNNAMED -Xmx2048m -Dfile.encoding=UTF-8 -Duser.country=RU -Duser.language=ru -Duser.variant 
java_command: org.gradle.launcher.daemon.bootstrap.GradleDaemon 7.0.2
java_class_path (initial): C:\Users\trust\.gradle\wrapper\dists\gradle-7.0.2-bin\857tjihv64xamwrf0h14cai3r\gradle-7.0.2\lib\gradle-launcher-7.0.2.jar
Launcher Type: SUN_STANDARD

[Global flags]
     intx CICompilerCount                          = 3                                         {product} {ergonomic}
     uint ConcGCThreads                            = 1                                         {product} {ergonomic}
     uint G1ConcRefinementThreads                  = 4                                         {product} {ergonomic}
   size_t G1HeapRegionSize                         = 1048576                                   {product} {ergonomic}
    uintx GCDrainStackTargetSize                   = 64                                        {product} {ergonomic}
   size_t InitialHeapSize                          = 58720256                                  {product} {ergonomic}
   size_t MarkStackSize                            = 4194304                                   {product} {ergonomic}
   size_t MaxHeapSize                              = 2147483648                                {product} {command line}
   size_t MaxNewSize                               = 1287651328                                {product} {ergonomic}
   size_t MinHeapDeltaBytes                        = 1048576                                   {product} {ergonomic}
    uintx NonNMethodCodeHeapSize                   = 5830732                                {pd product} {ergonomic}
    uintx NonProfiledCodeHeapSize                  = 122913754                              {pd product} {ergonomic}
    uintx ProfiledCodeHeapSize                     = 122913754                              {pd product} {ergonomic}
    uintx ReservedCodeCacheSize                    = 251658240                              {pd product} {ergonomic}
     bool SegmentedCodeCache                       = true                                      {product} {ergonomic}
     bool UseCompressedClassPointers               = true                                 {lp64_product} {ergonomic}
     bool UseCompressedOops                        = true                                 {lp64_product} {ergonomic}
     bool UseG1GC                                  = true                                      {product} {ergonomic}
     bool UseLargePagesIndividualAllocation        = false                                  {pd product} {ergonomic}

Logging:
Log output configuration:
 #0: stdout all=warning uptime,level,tags
 #1: stderr all=off uptime,level,tags

Environment Variables:
PATH=C:\Windows\system32;C:\Windows;C:\Windows\System32\Wbem;C:\Windows\System32\WindowsPowerShell\v1.0\;C:\Windows\System32\OpenSSH\;C:\Program Files\Git\cmd;C:\Users\trust\AppData\Local\Microsoft\WindowsApps;C:\Gradle\gradle-6.9.3\bin;
USERNAME=trust
OS=Windows_NT
PROCESSOR_IDENTIFIER=AMD64 Family 23 Model 24 Stepping 1, AuthenticAMD



---------------  S Y S T E M  ---------------

OS: Windows 10 , 64 bit Build 19041 (10.0.19041.1889)
OS uptime: 4 days 22:37 hours

CPU:total 4 (initial active 4) (4 cores per cpu, 2 threads per core) family 23 model 24 stepping 1 microcode 0x0, cmov, cx8, fxsr, mmx, sse, sse2, sse3, ssse3, sse4.1, sse4.2, popcnt, avx, avx2, aes, clmul, mmxext, 3dnowpref, lzcnt, sse4a, ht, tsc, tscinvbit, tscinv, bmi1, bmi2, adx, sha, fma

Memory: 4k page, system-wide physical 3500M (44M free)
TotalPageFile size 14252M (AvailPageFile size 120M)
current process WorkingSet (physical memory assigned to process): 204M, peak: 581M
current process commit charge ("private bytes"): 770M, peak: 911M

vm_info: OpenJDK 64-Bit Server VM (11.0.13+7-b1751.25) for windows-amd64 JRE (11.0.13+7-b1751.25), built on Jan 13 2022 20:47:27 by "" with MS VC++ 14.0 (VS2015)

END.
