#
# There is insufficient memory for the Java Runtime Environment to continue.
# Native memory allocation (mmap) failed to map 85983232 bytes for Failed to commit area from 0x000000008e200000 to 0x0000000093400000 of length 85983232.
# Possible reasons:
#   The system is out of physical RAM or swap space
#   The process is running with CompressedOops enabled, and the Java Heap may be blocking the growth of the native heap
# Possible solutions:
#   Reduce memory load on the system
#   Increase physical memory or swap space
#   Check if swap backing store is full
#   Decrease Java heap size (-Xmx/-Xms)
#   Decrease number of Java threads
#   Decrease Java thread stack sizes (-Xss)
#   Set larger code cache with -XX:ReservedCodeCacheSize=
#   JVM is running with Unscaled Compressed Oops mode in which the Java heap is
#     placed in the first 4GB address space. The Java Heap base address is the
#     maximum limit for the native heap growth. Please use -XX:HeapBaseMinAddress
#     to set the Java Heap base and to place the Java Heap above 4GB virtual address.
# This output file may be truncated or incomplete.
#
#  Out of Memory Error (./src/hotspot/os/windows/os_windows.cpp:3619), pid=1448, tid=8260
#
# JRE version: OpenJDK Runtime Environment JBR-11.0.13.7-1751.25-jcef (11.0.13+7) (build 11.0.13+7-b1751.25)
# Java VM: OpenJDK 64-Bit Server VM JBR-11.0.13.7-1751.25-jcef (11.0.13+7-b1751.25, mixed mode, tiered, compressed oops, g1 gc, windows-amd64)
# No core dump will be written. Minidumps are not enabled by default on client versions of Windows
#

---------------  S U M M A R Y ------------

Command Line: --add-opens=java.base/java.util=ALL-UNNAMED --add-opens=java.base/java.lang=ALL-UNNAMED --add-opens=java.base/java.lang.invoke=ALL-UNNAMED --add-opens=java.base/java.util=ALL-UNNAMED --add-opens=java.prefs/java.util.prefs=ALL-UNNAMED --add-opens=java.prefs/java.util.prefs=ALL-UNNAMED --add-opens=java.base/java.nio.charset=ALL-UNNAMED --add-opens=java.base/java.net=ALL-UNNAMED --add-opens=java.base/java.util.concurrent.atomic=ALL-UNNAMED -Xmx2048m -Dfile.encoding=UTF-8 -Duser.country=RU -Duser.language=ru -Duser.variant org.gradle.launcher.daemon.bootstrap.GradleDaemon 7.0.2

Host: AMD Athlon 300U with Radeon Vega Mobile Gfx    , 4 cores, 3G,  Windows 10 , 64 bit Build 19041 (10.0.19041.1889)
Time: Sun Oct 30 15:45:01 2022 RTZ 2 (зима) elapsed time: 105.860077 seconds (0d 0h 1m 45s)

---------------  T H R E A D  ---------------

Current thread (0x00000129c3dc3000):  VMThread "VM Thread" [stack: 0x0000002618600000,0x0000002618700000] [id=8260]

Stack: [0x0000002618600000,0x0000002618700000]
[error occurred during error reporting (printing stack bounds), id 0xc0000005, EXCEPTION_ACCESS_VIOLATION (0xc0000005) at pc=0x00000129acd9112d]

Native frames: (J=compiled Java code, j=interpreted, Vv=VM code, C=native code)
V  [jvm.dll+0x613daa]
V  [jvm.dll+0x799b30]
V  [jvm.dll+0x79b14d]
V  [jvm.dll+0x79b785]
V  [jvm.dll+0x79b73b]
V  [jvm.dll+0x612ed4]
V  [jvm.dll+0x613668]
C  [ntdll.dll+0xa241f]
C  [ntdll.dll+0x514a4]
C  [ntdll.dll+0xa0f4e]
C  0x00000129acd9112d

VM_Operation (0x000000261aff8860): G1CollectForAllocation, mode: safepoint, requested by thread 0x00000129c6a47800


---------------  P R O C E S S  ---------------

Threads class SMR info:
_java_thread_list=0x00000129ca437190, length=47, elements={
0x00000129a7979000, 0x00000129c3dc5800, 0x00000129c3dc7800, 0x00000129c3de7000,
0x00000129c3de9000, 0x00000129c3e2e800, 0x00000129c3e32000, 0x00000129c3e37000,
0x00000129c3e38000, 0x00000129c4111800, 0x00000129c59a9800, 0x00000129c40a9800,
0x00000129c5b48800, 0x00000129c41ac800, 0x00000129c5116800, 0x00000129c4f70800,
0x00000129c4abf800, 0x00000129c428d000, 0x00000129c54d9000, 0x00000129c4573800,
0x00000129c4573000, 0x00000129c456e000, 0x00000129c456f000, 0x00000129c456f800,
0x00000129c4574800, 0x00000129c4570800, 0x00000129c4571800, 0x00000129c4572000,
0x00000129c6a40000, 0x00000129c6a44000, 0x00000129c6a3f800, 0x00000129c6a42800,
0x00000129c6a43800, 0x00000129c6a45000, 0x00000129c6a46000, 0x00000129c6a41000,
0x00000129c6a47800, 0x00000129c6a42000, 0x00000129c6a4d000, 0x00000129c6a4b800,
0x00000129c6a49000, 0x00000129c6a4a000, 0x00000129c6a4a800, 0x00000129c6a4e000,
0x00000129c6a48800, 0x00000129c689a000, 0x00000129c6897800
}

Java Threads: ( => current thread )
  0x00000129a7979000 JavaThread "main" [_thread_blocked, id=236, stack(0x0000002618000000,0x0000002618100000)]
  0x00000129c3dc5800 JavaThread "Reference Handler" daemon [_thread_blocked, id=10140, stack(0x0000002618700000,0x0000002618800000)]
  0x00000129c3dc7800 JavaThread "Finalizer" daemon [_thread_blocked, id=4384, stack(0x0000002618800000,0x0000002618900000)]
  0x00000129c3de7000 JavaThread "Signal Dispatcher" daemon [_thread_blocked, id=11208, stack(0x0000002618900000,0x0000002618a00000)]
  0x00000129c3de9000 JavaThread "Attach Listener" daemon [_thread_blocked, id=5416, stack(0x0000002618a00000,0x0000002618b00000)]
  0x00000129c3e2e800 JavaThread "Service Thread" daemon [_thread_blocked, id=1676, stack(0x0000002618b00000,0x0000002618c00000)]
  0x00000129c3e32000 JavaThread "C2 CompilerThread0" daemon [_thread_blocked, id=12000, stack(0x0000002618c00000,0x0000002618d00000)]
  0x00000129c3e37000 JavaThread "C1 CompilerThread0" daemon [_thread_blocked, id=9496, stack(0x0000002618d00000,0x0000002618e00000)]
  0x00000129c3e38000 JavaThread "Sweeper thread" daemon [_thread_blocked, id=3504, stack(0x0000002618e00000,0x0000002618f00000)]
  0x00000129c4111800 JavaThread "Common-Cleaner" daemon [_thread_blocked, id=7132, stack(0x0000002618f00000,0x0000002619000000)]
  0x00000129c59a9800 JavaThread "Daemon health stats" [_thread_blocked, id=4060, stack(0x0000002619100000,0x0000002619200000)]
  0x00000129c40a9800 JavaThread "Incoming local TCP Connector on port 52750" [_thread_in_native, id=9096, stack(0x0000002619300000,0x0000002619400000)]
  0x00000129c5b48800 JavaThread "Daemon periodic checks" [_thread_blocked, id=4080, stack(0x0000002619400000,0x0000002619500000)]
  0x00000129c41ac800 JavaThread "Daemon" [_thread_blocked, id=12040, stack(0x0000002619500000,0x0000002619600000)]
  0x00000129c5116800 JavaThread "Handler for socket connection from /127.0.0.1:52750 to /127.0.0.1:52753" [_thread_in_native, id=7068, stack(0x0000002619600000,0x0000002619700000)]
  0x00000129c4f70800 JavaThread "Cancel handler" [_thread_blocked, id=3408, stack(0x0000002619700000,0x0000002619800000)]
  0x00000129c4abf800 JavaThread "Daemon worker" [_thread_blocked, id=9544, stack(0x0000002619800000,0x0000002619900000)]
  0x00000129c428d000 JavaThread "Asynchronous log dispatcher for DefaultDaemonConnection: socket connection from /127.0.0.1:52750 to /127.0.0.1:52753" [_thread_blocked, id=11076, stack(0x0000002619900000,0x0000002619a00000)]
  0x00000129c54d9000 JavaThread "Daemon client event forwarder" [_thread_blocked, id=9632, stack(0x0000002619b00000,0x0000002619c00000)]
  0x00000129c4573800 JavaThread "Cache worker for file hash cache (C:\Users\trust\.gradle\caches\7.0.2\fileHashes)" [_thread_blocked, id=1972, stack(0x0000002619e00000,0x0000002619f00000)]
  0x00000129c4573000 JavaThread "File lock request listener" [_thread_in_native, id=4872, stack(0x0000002619f00000,0x000000261a000000)]
  0x00000129c456e000 JavaThread "Cache worker for journal cache (C:\Users\trust\.gradle\caches\journal-1)" [_thread_blocked, id=10456, stack(0x000000261a000000,0x000000261a100000)]
  0x00000129c456f000 JavaThread "Cache worker for file hash cache (C:\Users\trust\IdeaProjects\MyApplicationExcel1\.gradle\7.0.2\fileHashes)" [_thread_blocked, id=4356, stack(0x000000261a100000,0x000000261a200000)]
  0x00000129c456f800 JavaThread "File watcher server" daemon [_thread_blocked, id=2800, stack(0x000000261a200000,0x000000261a300000)]
  0x00000129c4574800 JavaThread "File watcher consumer" daemon [_thread_blocked, id=5664, stack(0x000000261a300000,0x000000261a400000)]
  0x00000129c4570800 JavaThread "Cache worker for checksums cache (C:\Users\trust\IdeaProjects\MyApplicationExcel1\.gradle\checksums)" [_thread_blocked, id=7476, stack(0x000000261a400000,0x000000261a500000)]
  0x00000129c4571800 JavaThread "Cache worker for cache directory md-supplier (C:\Users\trust\.gradle\caches\7.0.2\md-supplier)" [_thread_blocked, id=11828, stack(0x000000261a500000,0x000000261a600000)]
  0x00000129c4572000 JavaThread "Cache worker for cache directory md-rule (C:\Users\trust\.gradle\caches\7.0.2\md-rule)" [_thread_blocked, id=5548, stack(0x000000261a600000,0x000000261a700000)]
  0x00000129c6a40000 JavaThread "Cache worker for execution history cache (C:\Users\trust\.gradle\caches\7.0.2\executionHistory)" [_thread_blocked, id=11292, stack(0x000000261a700000,0x000000261a800000)]
  0x00000129c6a44000 JavaThread "jar transforms" [_thread_blocked, id=9380, stack(0x000000261a800000,0x000000261a900000)]
  0x00000129c6a3f800 JavaThread "jar transforms Thread 2" [_thread_blocked, id=2268, stack(0x000000261a900000,0x000000261aa00000)]
  0x00000129c6a42800 JavaThread "Cache worker for file content cache (C:\Users\trust\.gradle\caches\7.0.2\fileContent)" [_thread_blocked, id=6684, stack(0x000000261aa00000,0x000000261ab00000)]
  0x00000129c6a43800 JavaThread "Cache worker for dependencies-accessors (C:\Users\trust\IdeaProjects\MyApplicationExcel1\.gradle\7.0.2\dependencies-accessors)" [_thread_blocked, id=5980, stack(0x000000261ab00000,0x000000261ac00000)]
  0x00000129c6a45000 JavaThread "jar transforms Thread 3" [_thread_blocked, id=7464, stack(0x000000261ac00000,0x000000261ad00000)]
  0x00000129c6a46000 JavaThread "Cache worker for Build Output Cleanup Cache (C:\Users\trust\IdeaProjects\MyApplicationExcel1\.gradle\buildOutputCleanup)" [_thread_blocked, id=11860, stack(0x000000261ad00000,0x000000261ae00000)]
  0x00000129c6a41000 JavaThread "Build operations" [_thread_blocked, id=3572, stack(0x000000261ae00000,0x000000261af00000)]
  0x00000129c6a47800 JavaThread "Build operations Thread 2" [_thread_blocked, id=11668, stack(0x000000261af00000,0x000000261b000000)]
  0x00000129c6a42000 JavaThread "Build operations Thread 3" [_thread_blocked, id=3680, stack(0x000000261b000000,0x000000261b100000)]
  0x00000129c6a4d000 JavaThread "Build operations Thread 4" [_thread_blocked, id=8436, stack(0x000000261b100000,0x000000261b200000)]
  0x00000129c6a4b800 JavaThread "jar transforms Thread 4" [_thread_blocked, id=3644, stack(0x000000261b200000,0x000000261b300000)]
  0x00000129c6a49000 JavaThread "Memory manager" [_thread_blocked, id=3392, stack(0x000000261b300000,0x000000261b400000)]
  0x00000129c6a4a000 JavaThread "build event listener" [_thread_blocked, id=8936, stack(0x000000261b600000,0x000000261b700000)]
  0x00000129c6a4a800 JavaThread "Execution worker for ':'" [_thread_blocked, id=11064, stack(0x000000261b700000,0x000000261b800000)]
  0x00000129c6a4e000 JavaThread "Execution worker for ':' Thread 2" [_thread_blocked, id=5500, stack(0x000000261b800000,0x000000261b900000)]
  0x00000129c6a48800 JavaThread "Execution worker for ':' Thread 3" [_thread_blocked, id=6156, stack(0x000000261b900000,0x000000261ba00000)]
  0x00000129c689a000 JavaThread "Cache worker for execution history cache (C:\Users\trust\IdeaProjects\MyApplicationExcel1\.gradle\7.0.2\executionHistory)" [_thread_blocked, id=8480, stack(0x000000261ba00000,0x000000261bb00000)]
  0x00000129c6897800 JavaThread "WorkerExecutor Queue" [_thread_blocked, id=5008, stack(0x0000002617d00000,0x0000002617e00000)]

Other Threads:
=>0x00000129c3dc3000 VMThread "VM Thread" [stack: 0x0000002618600000,0x0000002618700000] [id=8260]
  0x00000129c4114800 WatcherThread [stack: 0x0000002619000000,0x0000002619100000] [id=7576]
  0x00000129a7992800 GCTaskThread "GC Thread#0" [stack: 0x0000002618100000,0x0000002618200000] [id=4484]
  0x00000129c4201000 GCTaskThread "GC Thread#1" [stack: 0x0000002619200000,0x0000002619300000] [id=5380]
  0x00000129c53a0000 GCTaskThread "GC Thread#2" [stack: 0x0000002619c00000,0x0000002619d00000] [id=2488]
  0x00000129c4018800 GCTaskThread "GC Thread#3" [stack: 0x0000002619d00000,0x0000002619e00000] [id=6596]
  0x00000129a79c3000 ConcurrentGCThread "G1 Main Marker" [stack: 0x0000002618200000,0x0000002618300000] [id=9560]
  0x00000129a79c6000 ConcurrentGCThread "G1 Conc#0" [stack: 0x0000002618300000,0x0000002618400000] [id=11380]
  0x00000129a7a0e000 ConcurrentGCThread "G1 Refine#0" [stack: 0x0000002618400000,0x0000002618500000] [id=12216]
  0x00000129a7a0f000 ConcurrentGCThread "G1 Young RemSet Sampling" [stack: 0x0000002618500000,0x0000002618600000] [id=12160]

Threads with active compile tasks:
C2 CompilerThread0 105994 14538       4       com.android.tools.r8.internal.W4::a (1165 bytes)
C1 CompilerThread0 105995 14570       2       com.android.tools.r8.internal.C7::a (437 bytes)

VM state:at safepoint (normal execution)

VM Mutex/Monitor currently owned by a thread:  ([mutex/lock_event])
[0x00000129a7974910] Threads_lock - owner thread: 0x00000129c3dc3000
[0x00000129a7975720] Heap_lock - owner thread: 0x00000129c6a47800

Heap address: 0x0000000080000000, size: 2048 MB, Compressed Oops mode: 32-bit
Narrow klass base: 0x0000000000000000, Narrow klass shift: 3
Compressed class space size: 1073741824 Address: 0x0000000100000000

Heap:
 garbage-first heap   total 315392K, used 130209K [0x0000000080000000, 0x0000000100000000)
  region size 1024K, 4 young (4096K), 4 survivors (4096K)
 Metaspace       used 101350K, capacity 103921K, committed 104272K, reserved 1140736K
  class space    used 12975K, capacity 13969K, committed 14080K, reserved 1048576K
Heap Regions: E=young(eden), S=young(survivor), O=old, HS=humongous(starts), HC=humongous(continues), CS=collection set, F=free, A=archive, TAMS=top-at-mark-start (previous, next)
|   0|0x0000000080000000, 0x0000000080100000, 0x0000000080100000|100%| O|  |TAMS 0x0000000080100000, 0x0000000080000000| Untracked 
|   1|0x0000000080100000, 0x0000000080200000, 0x0000000080200000|100%| O|  |TAMS 0x0000000080200000, 0x0000000080100000| Untracked 
|   2|0x0000000080200000, 0x0000000080300000, 0x0000000080300000|100%| O|  |TAMS 0x0000000080300000, 0x0000000080200000| Untracked 
|   3|0x0000000080300000, 0x0000000080400000, 0x0000000080400000|100%|HS|  |TAMS 0x0000000080400000, 0x0000000080300000| Complete 
|   4|0x0000000080400000, 0x0000000080500000, 0x0000000080500000|100%|HC|  |TAMS 0x0000000080500000, 0x0000000080400000| Complete 
|   5|0x0000000080500000, 0x0000000080600000, 0x0000000080600000|100%|HC|  |TAMS 0x0000000080600000, 0x0000000080500000| Complete 
|   6|0x0000000080600000, 0x0000000080700000, 0x0000000080700000|100%| O|  |TAMS 0x0000000080700000, 0x0000000080600000| Untracked 
|   7|0x0000000080700000, 0x0000000080800000, 0x0000000080800000|100%| O|  |TAMS 0x0000000080800000, 0x0000000080700000| Untracked 
|   8|0x0000000080800000, 0x0000000080900000, 0x0000000080900000|100%| O|  |TAMS 0x0000000080900000, 0x0000000080800000| Untracked 
|   9|0x0000000080900000, 0x0000000080a00000, 0x0000000080a00000|100%| O|  |TAMS 0x0000000080a00000, 0x0000000080900000| Untracked 
|  10|0x0000000080a00000, 0x0000000080b00000, 0x0000000080b00000|100%| O|  |TAMS 0x0000000080b00000, 0x0000000080a00000| Untracked 
|  11|0x0000000080b00000, 0x0000000080c00000, 0x0000000080c00000|100%| O|  |TAMS 0x0000000080c00000, 0x0000000080b00000| Untracked 
|  12|0x0000000080c00000, 0x0000000080d00000, 0x0000000080d00000|100%| O|  |TAMS 0x0000000080d00000, 0x0000000080c00000| Untracked 
|  13|0x0000000080d00000, 0x0000000080e00000, 0x0000000080e00000|100%| O|  |TAMS 0x0000000080e00000, 0x0000000080d00000| Untracked 
|  14|0x0000000080e00000, 0x0000000080f00000, 0x0000000080f00000|100%| O|  |TAMS 0x0000000080f00000, 0x0000000080e00000| Untracked 
|  15|0x0000000080f00000, 0x0000000081000000, 0x0000000081000000|100%| O|  |TAMS 0x0000000081000000, 0x0000000080f00000| Untracked 
|  16|0x0000000081000000, 0x0000000081100000, 0x0000000081100000|100%| O|  |TAMS 0x0000000081100000, 0x0000000081000000| Untracked 
|  17|0x0000000081100000, 0x0000000081200000, 0x0000000081200000|100%| O|  |TAMS 0x0000000081200000, 0x0000000081100000| Untracked 
|  18|0x0000000081200000, 0x0000000081300000, 0x0000000081300000|100%| O|  |TAMS 0x0000000081300000, 0x0000000081200000| Untracked 
|  19|0x0000000081300000, 0x0000000081400000, 0x0000000081400000|100%| O|  |TAMS 0x0000000081400000, 0x0000000081300000| Untracked 
|  20|0x0000000081400000, 0x0000000081500000, 0x0000000081500000|100%| O|  |TAMS 0x0000000081500000, 0x0000000081400000| Untracked 
|  21|0x0000000081500000, 0x0000000081600000, 0x0000000081600000|100%| O|  |TAMS 0x0000000081600000, 0x0000000081500000| Untracked 
|  22|0x0000000081600000, 0x0000000081700000, 0x0000000081700000|100%| O|  |TAMS 0x0000000081700000, 0x0000000081600000| Untracked 
|  23|0x0000000081700000, 0x0000000081800000, 0x0000000081800000|100%| O|  |TAMS 0x0000000081800000, 0x0000000081700000| Untracked 
|  24|0x0000000081800000, 0x0000000081900000, 0x0000000081900000|100%| O|  |TAMS 0x0000000081900000, 0x0000000081800000| Untracked 
|  25|0x0000000081900000, 0x0000000081a00000, 0x0000000081a00000|100%| O|  |TAMS 0x0000000081a00000, 0x0000000081900000| Untracked 
|  26|0x0000000081a00000, 0x0000000081b00000, 0x0000000081b00000|100%| O|  |TAMS 0x0000000081b00000, 0x0000000081a00000| Untracked 
|  27|0x0000000081b00000, 0x0000000081c00000, 0x0000000081c00000|100%| O|  |TAMS 0x0000000081c00000, 0x0000000081b00000| Untracked 
|  28|0x0000000081c00000, 0x0000000081d00000, 0x0000000081d00000|100%| O|  |TAMS 0x0000000081d00000, 0x0000000081c00000| Untracked 
|  29|0x0000000081d00000, 0x0000000081e00000, 0x0000000081e00000|100%| O|  |TAMS 0x0000000081e00000, 0x0000000081d00000| Untracked 
|  30|0x0000000081e00000, 0x0000000081f00000, 0x0000000081f00000|100%| O|  |TAMS 0x0000000081f00000, 0x0000000081e00000| Untracked 
|  31|0x0000000081f00000, 0x0000000082000000, 0x0000000082000000|100%|HS|  |TAMS 0x0000000082000000, 0x0000000081f00000| Complete 
|  32|0x0000000082000000, 0x0000000082100000, 0x0000000082100000|100%|HS|  |TAMS 0x0000000082100000, 0x0000000082000000| Complete 
|  33|0x0000000082100000, 0x0000000082200000, 0x0000000082200000|100%|HS|  |TAMS 0x0000000082200000, 0x0000000082100000| Complete 
|  34|0x0000000082200000, 0x0000000082300000, 0x0000000082300000|100%| O|  |TAMS 0x0000000082300000, 0x0000000082200000| Untracked 
|  35|0x0000000082300000, 0x0000000082400000, 0x0000000082400000|100%|HS|  |TAMS 0x0000000082400000, 0x0000000082300000| Complete 
|  36|0x0000000082400000, 0x0000000082500000, 0x0000000082500000|100%|HC|  |TAMS 0x0000000082500000, 0x0000000082400000| Complete 
|  37|0x0000000082500000, 0x0000000082600000, 0x0000000082600000|100%|HC|  |TAMS 0x0000000082600000, 0x0000000082500000| Complete 
|  38|0x0000000082600000, 0x0000000082700000, 0x0000000082700000|100%|HC|  |TAMS 0x0000000082700000, 0x0000000082600000| Complete 
|  39|0x0000000082700000, 0x0000000082800000, 0x0000000082800000|100%| O|  |TAMS 0x0000000082800000, 0x0000000082700000| Untracked 
|  40|0x0000000082800000, 0x0000000082900000, 0x0000000082900000|100%| O|  |TAMS 0x0000000082900000, 0x0000000082800000| Untracked 
|  41|0x0000000082900000, 0x0000000082a00000, 0x0000000082a00000|100%| O|  |TAMS 0x0000000082a00000, 0x0000000082900000| Untracked 
|  42|0x0000000082a00000, 0x0000000082b00000, 0x0000000082b00000|100%|HS|  |TAMS 0x0000000082b00000, 0x0000000082a00000| Complete 
|  43|0x0000000082b00000, 0x0000000082c00000, 0x0000000082c00000|100%|HC|  |TAMS 0x0000000082c00000, 0x0000000082b00000| Complete 
|  44|0x0000000082c00000, 0x0000000082d00000, 0x0000000082d00000|100%| O|  |TAMS 0x0000000082d00000, 0x0000000082c00000| Untracked 
|  45|0x0000000082d00000, 0x0000000082e00000, 0x0000000082e00000|100%| O|  |TAMS 0x0000000082e00000, 0x0000000082d00000| Untracked 
|  46|0x0000000082e00000, 0x0000000082f00000, 0x0000000082f00000|100%| O|  |TAMS 0x0000000082f00000, 0x0000000082e00000| Untracked 
|  47|0x0000000082f00000, 0x0000000083000000, 0x0000000083000000|100%| O|  |TAMS 0x0000000083000000, 0x0000000082f00000| Untracked 
|  48|0x0000000083000000, 0x0000000083100000, 0x0000000083100000|100%| O|  |TAMS 0x0000000083100000, 0x0000000083000000| Untracked 
|  49|0x0000000083100000, 0x0000000083200000, 0x0000000083200000|100%| O|  |TAMS 0x0000000083200000, 0x0000000083100000| Untracked 
|  50|0x0000000083200000, 0x0000000083300000, 0x0000000083300000|100%| O|  |TAMS 0x0000000083300000, 0x0000000083200000| Untracked 
|  51|0x0000000083300000, 0x0000000083400000, 0x0000000083400000|100%| O|  |TAMS 0x0000000083400000, 0x0000000083300000| Untracked 
|  52|0x0000000083400000, 0x0000000083500000, 0x0000000083500000|100%| O|  |TAMS 0x0000000083500000, 0x0000000083400000| Untracked 
|  53|0x0000000083500000, 0x0000000083600000, 0x0000000083600000|100%| O|  |TAMS 0x0000000083600000, 0x0000000083500000| Untracked 
|  54|0x0000000083600000, 0x0000000083700000, 0x0000000083700000|100%| O|  |TAMS 0x0000000083700000, 0x0000000083600000| Untracked 
|  55|0x0000000083700000, 0x0000000083800000, 0x0000000083800000|100%| O|  |TAMS 0x0000000083800000, 0x0000000083700000| Untracked 
|  56|0x0000000083800000, 0x0000000083900000, 0x0000000083900000|100%| O|  |TAMS 0x0000000083900000, 0x0000000083800000| Untracked 
|  57|0x0000000083900000, 0x0000000083a00000, 0x0000000083a00000|100%| O|  |TAMS 0x0000000083a00000, 0x0000000083900000| Untracked 
|  58|0x0000000083a00000, 0x0000000083b00000, 0x0000000083b00000|100%| O|  |TAMS 0x0000000083b00000, 0x0000000083a00000| Untracked 
|  59|0x0000000083b00000, 0x0000000083c00000, 0x0000000083c00000|100%| O|  |TAMS 0x0000000083c00000, 0x0000000083b00000| Untracked 
|  60|0x0000000083c00000, 0x0000000083d00000, 0x0000000083d00000|100%| O|  |TAMS 0x0000000083d00000, 0x0000000083c00000| Untracked 
|  61|0x0000000083d00000, 0x0000000083e00000, 0x0000000083e00000|100%| O|  |TAMS 0x0000000083e00000, 0x0000000083d00000| Untracked 
|  62|0x0000000083e00000, 0x0000000083f00000, 0x0000000083f00000|100%| O|  |TAMS 0x0000000083f00000, 0x0000000083e00000| Untracked 
|  63|0x0000000083f00000, 0x0000000084000000, 0x0000000084000000|100%| O|  |TAMS 0x0000000084000000, 0x0000000083f00000| Untracked 
|  64|0x0000000084000000, 0x0000000084100000, 0x0000000084100000|100%| O|  |TAMS 0x0000000084100000, 0x0000000084000000| Untracked 
|  65|0x0000000084100000, 0x0000000084200000, 0x0000000084200000|100%| O|  |TAMS 0x0000000084200000, 0x0000000084100000| Untracked 
|  66|0x0000000084200000, 0x0000000084300000, 0x0000000084300000|100%| O|  |TAMS 0x0000000084300000, 0x0000000084200000| Untracked 
|  67|0x0000000084300000, 0x0000000084400000, 0x0000000084400000|100%| O|  |TAMS 0x0000000084400000, 0x0000000084300000| Untracked 
|  68|0x0000000084400000, 0x0000000084500000, 0x0000000084500000|100%| O|  |TAMS 0x0000000084500000, 0x0000000084400000| Untracked 
|  69|0x0000000084500000, 0x0000000084600000, 0x0000000084600000|100%| O|  |TAMS 0x0000000084600000, 0x0000000084500000| Untracked 
|  70|0x0000000084600000, 0x0000000084700000, 0x0000000084700000|100%| O|  |TAMS 0x0000000084700000, 0x0000000084600000| Untracked 
|  71|0x0000000084700000, 0x0000000084800000, 0x0000000084800000|100%| O|  |TAMS 0x0000000084800000, 0x0000000084700000| Untracked 
|  72|0x0000000084800000, 0x0000000084900000, 0x0000000084900000|100%| O|  |TAMS 0x0000000084900000, 0x0000000084800000| Untracked 
|  73|0x0000000084900000, 0x0000000084a00000, 0x0000000084a00000|100%| O|  |TAMS 0x0000000084a00000, 0x0000000084900000| Untracked 
|  74|0x0000000084a00000, 0x0000000084b00000, 0x0000000084b00000|100%| O|  |TAMS 0x0000000084b00000, 0x0000000084a00000| Untracked 
|  75|0x0000000084b00000, 0x0000000084c00000, 0x0000000084c00000|100%| O|  |TAMS 0x0000000084c00000, 0x0000000084b00000| Untracked 
|  76|0x0000000084c00000, 0x0000000084d00000, 0x0000000084d00000|100%| O|  |TAMS 0x0000000084d00000, 0x0000000084c00000| Untracked 
|  77|0x0000000084d00000, 0x0000000084e00000, 0x0000000084e00000|100%| O|  |TAMS 0x0000000084e00000, 0x0000000084d00000| Untracked 
|  78|0x0000000084e00000, 0x0000000084f00000, 0x0000000084f00000|100%| O|  |TAMS 0x0000000084f00000, 0x0000000084e00000| Untracked 
|  79|0x0000000084f00000, 0x0000000085000000, 0x0000000085000000|100%| O|  |TAMS 0x0000000085000000, 0x0000000084f00000| Untracked 
|  80|0x0000000085000000, 0x0000000085100000, 0x0000000085100000|100%| O|  |TAMS 0x0000000085100000, 0x0000000085000000| Untracked 
|  81|0x0000000085100000, 0x0000000085200000, 0x0000000085200000|100%| O|  |TAMS 0x0000000085200000, 0x0000000085100000| Untracked 
|  82|0x0000000085200000, 0x0000000085300000, 0x0000000085300000|100%| O|  |TAMS 0x0000000085200000, 0x0000000085200000| Untracked 
|  83|0x0000000085300000, 0x0000000085400000, 0x0000000085400000|100%| O|  |TAMS 0x0000000085400000, 0x0000000085300000| Untracked 
|  84|0x0000000085400000, 0x0000000085500000, 0x0000000085500000|100%| O|  |TAMS 0x0000000085500000, 0x0000000085400000| Untracked 
|  85|0x0000000085500000, 0x0000000085600000, 0x0000000085600000|100%| O|  |TAMS 0x0000000085600000, 0x0000000085500000| Untracked 
|  86|0x0000000085600000, 0x0000000085700000, 0x0000000085700000|100%| O|  |TAMS 0x0000000085700000, 0x0000000085600000| Untracked 
|  87|0x0000000085700000, 0x0000000085800000, 0x0000000085800000|100%| O|  |TAMS 0x0000000085800000, 0x0000000085700000| Untracked 
|  88|0x0000000085800000, 0x0000000085900000, 0x0000000085900000|100%| O|  |TAMS 0x0000000085900000, 0x0000000085800000| Untracked 
|  89|0x0000000085900000, 0x0000000085a00000, 0x0000000085a00000|100%| O|  |TAMS 0x0000000085a00000, 0x0000000085900000| Untracked 
|  90|0x0000000085a00000, 0x0000000085b00000, 0x0000000085b00000|100%| O|  |TAMS 0x0000000085b00000, 0x0000000085a00000| Untracked 
|  91|0x0000000085b00000, 0x0000000085c00000, 0x0000000085c00000|100%| O|  |TAMS 0x0000000085c00000, 0x0000000085b00000| Untracked 
|  92|0x0000000085c00000, 0x0000000085d00000, 0x0000000085d00000|100%| O|  |TAMS 0x0000000085d00000, 0x0000000085c00000| Untracked 
|  93|0x0000000085d00000, 0x0000000085e00000, 0x0000000085e00000|100%| O|  |TAMS 0x0000000085e00000, 0x0000000085d00000| Untracked 
|  94|0x0000000085e00000, 0x0000000085f00000, 0x0000000085f00000|100%| O|  |TAMS 0x0000000085f00000, 0x0000000085e00000| Untracked 
|  95|0x0000000085f00000, 0x0000000086000000, 0x0000000086000000|100%| O|  |TAMS 0x0000000085f9be00, 0x0000000085f00000| Untracked 
|  96|0x0000000086000000, 0x0000000086100000, 0x0000000086100000|100%| O|  |TAMS 0x0000000086000000, 0x0000000086000000| Untracked 
|  97|0x0000000086100000, 0x0000000086200000, 0x0000000086200000|100%| O|  |TAMS 0x0000000086100000, 0x0000000086100000| Untracked 
|  98|0x0000000086200000, 0x0000000086300000, 0x0000000086300000|100%| O|  |TAMS 0x0000000086200000, 0x0000000086200000| Untracked 
|  99|0x0000000086300000, 0x0000000086400000, 0x0000000086400000|100%| O|  |TAMS 0x0000000086300000, 0x0000000086300000| Untracked 
| 100|0x0000000086400000, 0x0000000086500000, 0x0000000086500000|100%| O|  |TAMS 0x0000000086400000, 0x0000000086400000| Untracked 
| 101|0x0000000086500000, 0x0000000086600000, 0x0000000086600000|100%| O|  |TAMS 0x0000000086500000, 0x0000000086500000| Untracked 
| 102|0x0000000086600000, 0x0000000086700000, 0x0000000086700000|100%| O|  |TAMS 0x0000000086600000, 0x0000000086600000| Untracked 
| 103|0x0000000086700000, 0x0000000086800000, 0x0000000086800000|100%| O|  |TAMS 0x0000000086700000, 0x0000000086700000| Untracked 
| 104|0x0000000086800000, 0x0000000086900000, 0x0000000086900000|100%| O|  |TAMS 0x0000000086800000, 0x0000000086800000| Untracked 
| 105|0x0000000086900000, 0x0000000086a00000, 0x0000000086a00000|100%| O|  |TAMS 0x0000000086900000, 0x0000000086900000| Untracked 
| 106|0x0000000086a00000, 0x0000000086b00000, 0x0000000086b00000|100%| O|  |TAMS 0x0000000086a00000, 0x0000000086a00000| Untracked 
| 107|0x0000000086b00000, 0x0000000086c00000, 0x0000000086c00000|100%| O|  |TAMS 0x0000000086b00000, 0x0000000086b00000| Untracked 
| 108|0x0000000086c00000, 0x0000000086d00000, 0x0000000086d00000|100%| O|  |TAMS 0x0000000086c00000, 0x0000000086c00000| Untracked 
| 109|0x0000000086d00000, 0x0000000086e00000, 0x0000000086e00000|100%| O|  |TAMS 0x0000000086d00000, 0x0000000086d00000| Untracked 
| 110|0x0000000086e00000, 0x0000000086f00000, 0x0000000086f00000|100%| O|  |TAMS 0x0000000086e00000, 0x0000000086e00000| Untracked 
| 111|0x0000000086f00000, 0x0000000087000000, 0x0000000087000000|100%| O|  |TAMS 0x0000000086f00000, 0x0000000086f00000| Untracked 
| 112|0x0000000087000000, 0x0000000087100000, 0x0000000087100000|100%| O|  |TAMS 0x0000000087000000, 0x0000000087000000| Untracked 
| 113|0x0000000087100000, 0x0000000087200000, 0x0000000087200000|100%| O|  |TAMS 0x0000000087100000, 0x0000000087100000| Untracked 
| 114|0x0000000087200000, 0x0000000087300000, 0x0000000087300000|100%| O|  |TAMS 0x0000000087200000, 0x0000000087200000| Untracked 
| 115|0x0000000087300000, 0x0000000087400000, 0x0000000087400000|100%| O|  |TAMS 0x0000000087300000, 0x0000000087300000| Untracked 
| 116|0x0000000087400000, 0x0000000087500000, 0x0000000087500000|100%| O|  |TAMS 0x0000000087400000, 0x0000000087400000| Untracked 
| 117|0x0000000087500000, 0x0000000087600000, 0x0000000087600000|100%| O|  |TAMS 0x0000000087500000, 0x0000000087500000| Untracked 
| 118|0x0000000087600000, 0x0000000087700000, 0x0000000087700000|100%| O|  |TAMS 0x0000000087600000, 0x0000000087600000| Untracked 
| 119|0x0000000087700000, 0x0000000087800000, 0x0000000087800000|100%| O|  |TAMS 0x0000000087700000, 0x0000000087700000| Untracked 
| 120|0x0000000087800000, 0x0000000087900000, 0x0000000087900000|100%| O|  |TAMS 0x0000000087800000, 0x0000000087800000| Untracked 
| 121|0x0000000087900000, 0x0000000087a00000, 0x0000000087a00000|100%| O|  |TAMS 0x0000000087900000, 0x0000000087900000| Untracked 
| 122|0x0000000087a00000, 0x0000000087b00000, 0x0000000087b00000|100%| O|  |TAMS 0x0000000087a00000, 0x0000000087a00000| Untracked 
| 123|0x0000000087b00000, 0x0000000087b28400, 0x0000000087c00000| 15%| O|  |TAMS 0x0000000087b00000, 0x0000000087b00000| Untracked 
| 124|0x0000000087c00000, 0x0000000087c00000, 0x0000000087d00000|  0%| F|  |TAMS 0x0000000087c00000, 0x0000000087c00000| Untracked 
| 125|0x0000000087d00000, 0x0000000087d00000, 0x0000000087e00000|  0%| F|  |TAMS 0x0000000087d00000, 0x0000000087d00000| Untracked 
| 126|0x0000000087e00000, 0x0000000087e00000, 0x0000000087f00000|  0%| F|  |TAMS 0x0000000087e00000, 0x0000000087e00000| Untracked 
| 127|0x0000000087f00000, 0x0000000087f00000, 0x0000000088000000|  0%| F|  |TAMS 0x0000000087f00000, 0x0000000087f00000| Untracked 
| 128|0x0000000088000000, 0x0000000088000000, 0x0000000088100000|  0%| F|  |TAMS 0x0000000088000000, 0x0000000088000000| Untracked 
| 129|0x0000000088100000, 0x0000000088100000, 0x0000000088200000|  0%| F|  |TAMS 0x0000000088100000, 0x0000000088100000| Untracked 
| 130|0x0000000088200000, 0x0000000088200000, 0x0000000088300000|  0%| F|  |TAMS 0x0000000088200000, 0x0000000088200000| Untracked 
| 131|0x0000000088300000, 0x0000000088300000, 0x0000000088400000|  0%| F|  |TAMS 0x0000000088300000, 0x0000000088300000| Untracked 
| 132|0x0000000088400000, 0x0000000088400000, 0x0000000088500000|  0%| F|  |TAMS 0x0000000088400000, 0x0000000088400000| Untracked 
| 133|0x0000000088500000, 0x0000000088500000, 0x0000000088600000|  0%| F|  |TAMS 0x0000000088500000, 0x0000000088500000| Untracked 
| 134|0x0000000088600000, 0x0000000088600000, 0x0000000088700000|  0%| F|  |TAMS 0x0000000088600000, 0x0000000088600000| Untracked 
| 135|0x0000000088700000, 0x0000000088700000, 0x0000000088800000|  0%| F|  |TAMS 0x0000000088700000, 0x0000000088700000| Untracked 
| 136|0x0000000088800000, 0x0000000088800000, 0x0000000088900000|  0%| F|  |TAMS 0x0000000088800000, 0x0000000088800000| Untracked 
| 137|0x0000000088900000, 0x0000000088900000, 0x0000000088a00000|  0%| F|  |TAMS 0x0000000088900000, 0x0000000088900000| Untracked 
| 138|0x0000000088a00000, 0x0000000088a00000, 0x0000000088b00000|  0%| F|  |TAMS 0x0000000088a00000, 0x0000000088a00000| Untracked 
| 139|0x0000000088b00000, 0x0000000088b00000, 0x0000000088c00000|  0%| F|  |TAMS 0x0000000088b00000, 0x0000000088b00000| Untracked 
| 140|0x0000000088c00000, 0x0000000088c00000, 0x0000000088d00000|  0%| F|  |TAMS 0x0000000088c00000, 0x0000000088c00000| Untracked 
| 141|0x0000000088d00000, 0x0000000088d00000, 0x0000000088e00000|  0%| F|  |TAMS 0x0000000088d00000, 0x0000000088d00000| Untracked 
| 142|0x0000000088e00000, 0x0000000088e00000, 0x0000000088f00000|  0%| F|  |TAMS 0x0000000088e00000, 0x0000000088e00000| Untracked 
| 143|0x0000000088f00000, 0x0000000088f00000, 0x0000000089000000|  0%| F|  |TAMS 0x0000000088f00000, 0x0000000088f00000| Untracked 
| 144|0x0000000089000000, 0x0000000089000000, 0x0000000089100000|  0%| F|  |TAMS 0x0000000089000000, 0x0000000089000000| Untracked 
| 145|0x0000000089100000, 0x0000000089100000, 0x0000000089200000|  0%| F|  |TAMS 0x0000000089100000, 0x0000000089100000| Untracked 
| 146|0x0000000089200000, 0x0000000089200000, 0x0000000089300000|  0%| F|  |TAMS 0x0000000089200000, 0x0000000089200000| Untracked 
| 147|0x0000000089300000, 0x0000000089300000, 0x0000000089400000|  0%| F|  |TAMS 0x0000000089300000, 0x0000000089300000| Untracked 
| 148|0x0000000089400000, 0x0000000089400000, 0x0000000089500000|  0%| F|  |TAMS 0x0000000089400000, 0x0000000089400000| Untracked 
| 149|0x0000000089500000, 0x0000000089500000, 0x0000000089600000|  0%| F|  |TAMS 0x0000000089500000, 0x0000000089500000| Untracked 
| 150|0x0000000089600000, 0x0000000089600000, 0x0000000089700000|  0%| F|  |TAMS 0x0000000089600000, 0x0000000089600000| Untracked 
| 151|0x0000000089700000, 0x0000000089700000, 0x0000000089800000|  0%| F|  |TAMS 0x0000000089700000, 0x0000000089700000| Untracked 
| 152|0x0000000089800000, 0x0000000089800000, 0x0000000089900000|  0%| F|  |TAMS 0x0000000089800000, 0x0000000089800000| Untracked 
| 153|0x0000000089900000, 0x0000000089900000, 0x0000000089a00000|  0%| F|  |TAMS 0x0000000089900000, 0x0000000089900000| Untracked 
| 154|0x0000000089a00000, 0x0000000089a00000, 0x0000000089b00000|  0%| F|  |TAMS 0x0000000089a00000, 0x0000000089a00000| Untracked 
| 155|0x0000000089b00000, 0x0000000089c00000, 0x0000000089c00000|100%| S|CS|TAMS 0x0000000089b00000, 0x0000000089b00000| Complete 
| 156|0x0000000089c00000, 0x0000000089d00000, 0x0000000089d00000|100%| S|CS|TAMS 0x0000000089c00000, 0x0000000089c00000| Complete 
| 157|0x0000000089d00000, 0x0000000089d00000, 0x0000000089e00000|  0%| F|  |TAMS 0x0000000089d00000, 0x0000000089d00000| Untracked 
| 158|0x0000000089e00000, 0x0000000089e00000, 0x0000000089f00000|  0%| F|  |TAMS 0x0000000089e00000, 0x0000000089e00000| Untracked 
| 159|0x0000000089f00000, 0x0000000089f00000, 0x000000008a000000|  0%| F|  |TAMS 0x0000000089f00000, 0x0000000089f00000| Untracked 
| 160|0x000000008a000000, 0x000000008a100000, 0x000000008a100000|100%| S|CS|TAMS 0x000000008a000000, 0x000000008a000000| Complete 
| 161|0x000000008a100000, 0x000000008a200000, 0x000000008a200000|100%| S|CS|TAMS 0x000000008a100000, 0x000000008a100000| Complete 
| 162|0x000000008a200000, 0x000000008a200000, 0x000000008a300000|  0%| F|  |TAMS 0x000000008a200000, 0x000000008a200000| Untracked 
| 163|0x000000008a300000, 0x000000008a300000, 0x000000008a400000|  0%| F|  |TAMS 0x000000008a300000, 0x000000008a300000| Untracked 
| 164|0x000000008a400000, 0x000000008a400000, 0x000000008a500000|  0%| F|  |TAMS 0x000000008a400000, 0x000000008a400000| Untracked 
| 165|0x000000008a500000, 0x000000008a500000, 0x000000008a600000|  0%| F|  |TAMS 0x000000008a500000, 0x000000008a500000| Untracked 
| 166|0x000000008a600000, 0x000000008a600000, 0x000000008a700000|  0%| F|  |TAMS 0x000000008a600000, 0x000000008a600000| Untracked 
| 167|0x000000008a700000, 0x000000008a700000, 0x000000008a800000|  0%| F|  |TAMS 0x000000008a700000, 0x000000008a700000| Untracked 
| 168|0x000000008a800000, 0x000000008a800000, 0x000000008a900000|  0%| F|  |TAMS 0x000000008a800000, 0x000000008a800000| Untracked 
| 169|0x000000008a900000, 0x000000008a900000, 0x000000008aa00000|  0%| F|  |TAMS 0x000000008a900000, 0x000000008a900000| Untracked 
| 170|0x000000008aa00000, 0x000000008aa00000, 0x000000008ab00000|  0%| F|  |TAMS 0x000000008aa00000, 0x000000008aa00000| Untracked 
| 171|0x000000008ab00000, 0x000000008ab00000, 0x000000008ac00000|  0%| F|  |TAMS 0x000000008ab00000, 0x000000008ab00000| Untracked 
| 172|0x000000008ac00000, 0x000000008ac00000, 0x000000008ad00000|  0%| F|  |TAMS 0x000000008ac00000, 0x000000008ac00000| Untracked 
| 173|0x000000008ad00000, 0x000000008ad00000, 0x000000008ae00000|  0%| F|  |TAMS 0x000000008ad00000, 0x000000008ad00000| Untracked 
| 174|0x000000008ae00000, 0x000000008ae00000, 0x000000008af00000|  0%| F|  |TAMS 0x000000008ae00000, 0x000000008ae00000| Untracked 
| 175|0x000000008af00000, 0x000000008af00000, 0x000000008b000000|  0%| F|  |TAMS 0x000000008af00000, 0x000000008af00000| Untracked 
| 176|0x000000008b000000, 0x000000008b000000, 0x000000008b100000|  0%| F|  |TAMS 0x000000008b000000, 0x000000008b000000| Untracked 
| 177|0x000000008b100000, 0x000000008b100000, 0x000000008b200000|  0%| F|  |TAMS 0x000000008b100000, 0x000000008b100000| Untracked 
| 178|0x000000008b200000, 0x000000008b200000, 0x000000008b300000|  0%| F|  |TAMS 0x000000008b200000, 0x000000008b200000| Untracked 
| 179|0x000000008b300000, 0x000000008b300000, 0x000000008b400000|  0%| F|  |TAMS 0x000000008b300000, 0x000000008b300000| Untracked 
| 180|0x000000008b400000, 0x000000008b400000, 0x000000008b500000|  0%| F|  |TAMS 0x000000008b400000, 0x000000008b400000| Untracked 
| 181|0x000000008b500000, 0x000000008b500000, 0x000000008b600000|  0%| F|  |TAMS 0x000000008b500000, 0x000000008b500000| Untracked 
| 182|0x000000008b600000, 0x000000008b600000, 0x000000008b700000|  0%| F|  |TAMS 0x000000008b600000, 0x000000008b600000| Untracked 
| 183|0x000000008b700000, 0x000000008b700000, 0x000000008b800000|  0%| F|  |TAMS 0x000000008b700000, 0x000000008b700000| Untracked 
| 184|0x000000008b800000, 0x000000008b800000, 0x000000008b900000|  0%| F|  |TAMS 0x000000008b800000, 0x000000008b800000| Untracked 
| 185|0x000000008b900000, 0x000000008b900000, 0x000000008ba00000|  0%| F|  |TAMS 0x000000008b900000, 0x000000008b900000| Untracked 
| 186|0x000000008ba00000, 0x000000008ba00000, 0x000000008bb00000|  0%| F|  |TAMS 0x000000008ba00000, 0x000000008ba00000| Untracked 
| 187|0x000000008bb00000, 0x000000008bb00000, 0x000000008bc00000|  0%| F|  |TAMS 0x000000008bb00000, 0x000000008bb00000| Untracked 
| 188|0x000000008bc00000, 0x000000008bc00000, 0x000000008bd00000|  0%| F|  |TAMS 0x000000008bc00000, 0x000000008bc00000| Untracked 
| 189|0x000000008bd00000, 0x000000008bd00000, 0x000000008be00000|  0%| F|  |TAMS 0x000000008bd00000, 0x000000008bd00000| Untracked 
| 190|0x000000008be00000, 0x000000008be00000, 0x000000008bf00000|  0%| F|  |TAMS 0x000000008be00000, 0x000000008be00000| Untracked 
| 191|0x000000008bf00000, 0x000000008bf00000, 0x000000008c000000|  0%| F|  |TAMS 0x000000008bf00000, 0x000000008bf00000| Untracked 
| 192|0x000000008c000000, 0x000000008c000000, 0x000000008c100000|  0%| F|  |TAMS 0x000000008c000000, 0x000000008c000000| Untracked 
| 193|0x000000008c100000, 0x000000008c100000, 0x000000008c200000|  0%| F|  |TAMS 0x000000008c100000, 0x000000008c100000| Untracked 
| 194|0x000000008c200000, 0x000000008c200000, 0x000000008c300000|  0%| F|  |TAMS 0x000000008c200000, 0x000000008c200000| Untracked 
| 195|0x000000008c300000, 0x000000008c300000, 0x000000008c400000|  0%| F|  |TAMS 0x000000008c300000, 0x000000008c300000| Untracked 
| 196|0x000000008c400000, 0x000000008c400000, 0x000000008c500000|  0%| F|  |TAMS 0x000000008c400000, 0x000000008c400000| Untracked 
| 197|0x000000008c500000, 0x000000008c500000, 0x000000008c600000|  0%| F|  |TAMS 0x000000008c500000, 0x000000008c500000| Untracked 
| 198|0x000000008c600000, 0x000000008c600000, 0x000000008c700000|  0%| F|  |TAMS 0x000000008c600000, 0x000000008c600000| Untracked 
| 199|0x000000008c700000, 0x000000008c700000, 0x000000008c800000|  0%| F|  |TAMS 0x000000008c700000, 0x000000008c700000| Untracked 
| 200|0x000000008c800000, 0x000000008c800000, 0x000000008c900000|  0%| F|  |TAMS 0x000000008c800000, 0x000000008c800000| Untracked 
| 201|0x000000008c900000, 0x000000008c900000, 0x000000008ca00000|  0%| F|  |TAMS 0x000000008c900000, 0x000000008c900000| Untracked 
| 202|0x000000008ca00000, 0x000000008ca00000, 0x000000008cb00000|  0%| F|  |TAMS 0x000000008ca00000, 0x000000008ca00000| Untracked 
| 203|0x000000008cb00000, 0x000000008cb00000, 0x000000008cc00000|  0%| F|  |TAMS 0x000000008cb00000, 0x000000008cb00000| Untracked 
| 204|0x000000008cc00000, 0x000000008cc00000, 0x000000008cd00000|  0%| F|  |TAMS 0x000000008cc00000, 0x000000008cc00000| Untracked 
| 205|0x000000008cd00000, 0x000000008cd00000, 0x000000008ce00000|  0%| F|  |TAMS 0x000000008cd00000, 0x000000008cd00000| Untracked 
| 206|0x000000008ce00000, 0x000000008ce00000, 0x000000008cf00000|  0%| F|  |TAMS 0x000000008ce00000, 0x000000008ce00000| Untracked 
| 207|0x000000008cf00000, 0x000000008cf00000, 0x000000008d000000|  0%| F|  |TAMS 0x000000008cf00000, 0x000000008cf00000| Untracked 
| 208|0x000000008d000000, 0x000000008d000000, 0x000000008d100000|  0%| F|  |TAMS 0x000000008d000000, 0x000000008d000000| Untracked 
| 209|0x000000008d100000, 0x000000008d100000, 0x000000008d200000|  0%| F|  |TAMS 0x000000008d100000, 0x000000008d100000| Untracked 
| 210|0x000000008d200000, 0x000000008d200000, 0x000000008d300000|  0%| F|  |TAMS 0x000000008d200000, 0x000000008d200000| Untracked 
| 211|0x000000008d300000, 0x000000008d300000, 0x000000008d400000|  0%| F|  |TAMS 0x000000008d300000, 0x000000008d300000| Untracked 
| 212|0x000000008d400000, 0x000000008d400000, 0x000000008d500000|  0%| F|  |TAMS 0x000000008d400000, 0x000000008d400000| Untracked 
| 213|0x000000008d500000, 0x000000008d500000, 0x000000008d600000|  0%| F|  |TAMS 0x000000008d500000, 0x000000008d500000| Untracked 
| 214|0x000000008d600000, 0x000000008d600000, 0x000000008d700000|  0%| F|  |TAMS 0x000000008d600000, 0x000000008d600000| Untracked 
| 215|0x000000008d700000, 0x000000008d700000, 0x000000008d800000|  0%| F|  |TAMS 0x000000008d700000, 0x000000008d700000| Untracked 
| 216|0x000000008d800000, 0x000000008d800000, 0x000000008d900000|  0%| F|  |TAMS 0x000000008d800000, 0x000000008d800000| Untracked 
| 217|0x000000008d900000, 0x000000008d900000, 0x000000008da00000|  0%| F|  |TAMS 0x000000008d900000, 0x000000008d900000| Untracked 
| 218|0x000000008da00000, 0x000000008da00000, 0x000000008db00000|  0%| F|  |TAMS 0x000000008da00000, 0x000000008da00000| Untracked 
| 219|0x000000008db00000, 0x000000008db00000, 0x000000008dc00000|  0%| F|  |TAMS 0x000000008db00000, 0x000000008db00000| Untracked 
| 220|0x000000008dc00000, 0x000000008dc00000, 0x000000008dd00000|  0%| F|  |TAMS 0x000000008dc00000, 0x000000008dc00000| Untracked 
| 221|0x000000008dd00000, 0x000000008dd00000, 0x000000008de00000|  0%| F|  |TAMS 0x000000008dd00000, 0x000000008dd00000| Untracked 
| 222|0x000000008de00000, 0x000000008de00000, 0x000000008df00000|  0%| F|  |TAMS 0x000000008de00000, 0x000000008de00000| Untracked 
| 223|0x000000008df00000, 0x000000008df00000, 0x000000008e000000|  0%| F|  |TAMS 0x000000008df00000, 0x000000008df00000| Untracked 
| 224|0x000000008e000000, 0x000000008e000000, 0x000000008e100000|  0%| F|  |TAMS 0x000000008e000000, 0x000000008e000000| Untracked 
| 225|0x000000008e100000, 0x000000008e100000, 0x000000008e200000|  0%| F|  |TAMS 0x000000008e100000, 0x000000008e100000| Untracked 

Card table byte_map: [0x00000129bc7d0000,0x00000129bcbd0000] _byte_map_base: 0x00000129bc3d0000

Marking Bits (Prev, Next): (CMBitMap*) 0x00000129a79ba218, (CMBitMap*) 0x00000129a79ba250
 Prev Bits: [0x00000129bcfd0000, 0x00000129befd0000)
 Next Bits: [0x00000129befd0000, 0x00000129c0fd0000)

Polling page: 0x00000129a7850000

Metaspace:

Usage:
  Non-class:     87.84 MB capacity,    86.30 MB ( 98%) used,     1.23 MB (  1%) free+waste,   315.00 KB ( <1%) overhead. 
      Class:     13.64 MB capacity,    12.67 MB ( 93%) used,   850.28 KB (  6%) free+waste,   142.81 KB (  1%) overhead. 
       Both:    101.49 MB capacity,    98.98 MB ( 98%) used,     2.06 MB (  2%) free+waste,   457.81 KB ( <1%) overhead. 

Virtual space:
  Non-class space:       90.00 MB reserved,      88.08 MB ( 98%) committed 
      Class space:        1.00 GB reserved,      13.75 MB (  1%) committed 
             Both:        1.09 GB reserved,     101.83 MB (  9%) committed 

Chunk freelists:
   Non-Class:  48.00 KB
       Class:  0 bytes
        Both:  48.00 KB

MaxMetaspaceSize: 17179869184.00 GB
CompressedClassSpaceSize: 1.00 GB
Initial GC threshold: 20.80 MB
Current GC threshold: 156.38 MB
CDS: off

CodeHeap 'non-profiled nmethods': size=120064Kb used=8638Kb max_used=8638Kb free=111425Kb
 bounds [0x00000129b4850000, 0x00000129b50c0000, 0x00000129bbd90000]
CodeHeap 'profiled nmethods': size=120000Kb used=36768Kb max_used=36768Kb free=83231Kb
 bounds [0x00000129ad320000, 0x00000129af710000, 0x00000129b4850000]
CodeHeap 'non-nmethods': size=5696Kb used=2388Kb max_used=2456Kb free=3307Kb
 bounds [0x00000129acd90000, 0x00000129ad010000, 0x00000129ad320000]
 total_blobs=15197 nmethods=14286 adapters=822
 compilation: enabled
              stopped_count=0, restarted_count=0
 full_count=0

Compilation events (20 events):
Event: 105.558 Thread 0x00000129c3e37000 nmethod 14562% 0x00000129af703990 code [0x00000129af703c80, 0x00000129af704d58]
Event: 105.558 Thread 0x00000129c3e37000 14560       2       java.util.Spliterators$ArraySpliterator::tryAdvance (58 bytes)
Event: 105.566 Thread 0x00000129c3e37000 nmethod 14560 0x00000129af705310 code [0x00000129af7054e0, 0x00000129af705718]
Event: 105.566 Thread 0x00000129c3e37000 14563 %     3       com.android.tools.r8.internal.Oh::h @ 5 (27 bytes)
Event: 105.567 Thread 0x00000129c3e37000 nmethod 14563% 0x00000129af705890 code [0x00000129af705a60, 0x00000129af705cf8]
Event: 105.567 Thread 0x00000129c3e37000 14567       2       com.android.tools.r8.internal.G3::a (46 bytes)
Event: 105.567 Thread 0x00000129c3e37000 nmethod 14567 0x00000129af705e10 code [0x00000129af706000, 0x00000129af706278]
Event: 105.567 Thread 0x00000129c3e37000 14568       2       com.android.tools.r8.internal.h2::a (104 bytes)
Event: 105.568 Thread 0x00000129c3e37000 nmethod 14568 0x00000129af706410 code [0x00000129af706680, 0x00000129af706da8]
Event: 105.568 Thread 0x00000129c3e37000 14565       2       com.android.tools.r8.internal.Le$$Lambda$1410/0x0000000100d56040::get$Lambda (11 bytes)
Event: 105.568 Thread 0x00000129c3e37000 nmethod 14565 0x00000129af707210 code [0x00000129af7073c0, 0x00000129af707618]
Event: 105.568 Thread 0x00000129c3e37000 14566       2       com.android.tools.r8.internal.Le$$Lambda$1410/0x0000000100d56040::<init> (20 bytes)
Event: 105.569 Thread 0x00000129c3e37000 nmethod 14566 0x00000129af707710 code [0x00000129af7078c0, 0x00000129af707ad8]
Event: 105.569 Thread 0x00000129c3e37000 14564       2       com.android.tools.r8.internal.eA::add (124 bytes)
Event: 105.569 Thread 0x00000129c3e37000 nmethod 14564 0x00000129af707b90 code [0x00000129af707d80, 0x00000129af708148]
Event: 105.569 Thread 0x00000129c3e37000 14557       1       com.android.tools.r8.internal.o4::y (2 bytes)
Event: 105.569 Thread 0x00000129c3e37000 nmethod 14557 0x00000129b50bf590 code [0x00000129b50bf740, 0x00000129b50bf7f8]
Event: 105.569 Thread 0x00000129c3e37000 14559       1       com.android.tools.r8.graph.Z::W0 (5 bytes)
Event: 105.569 Thread 0x00000129c3e37000 nmethod 14559 0x00000129b50bf890 code [0x00000129b50bfa40, 0x00000129b50bfaf8]
Event: 105.572 Thread 0x00000129c3e37000 14570       2       com.android.tools.r8.internal.C7::a (437 bytes)

GC Heap History (20 events):
Event: 95.689 GC heap after
{Heap after GC invocations=99 (full 0):
 garbage-first heap   total 231424K, used 111992K [0x0000000080000000, 0x0000000100000000)
  region size 1024K, 2 young (2048K), 2 survivors (2048K)
 Metaspace       used 93848K, capacity 96083K, committed 96336K, reserved 1132544K
  class space    used 11952K, capacity 12788K, committed 12800K, reserved 1048576K
}
Event: 97.800 GC heap before
{Heap before GC invocations=99 (full 0):
 garbage-first heap   total 231424K, used 161144K [0x0000000080000000, 0x0000000100000000)
  region size 1024K, 50 young (51200K), 2 survivors (2048K)
 Metaspace       used 94204K, capacity 96471K, committed 96720K, reserved 1132544K
  class space    used 11998K, capacity 12852K, committed 12928K, reserved 1048576K
}
Event: 97.834 GC heap after
{Heap after GC invocations=100 (full 0):
 garbage-first heap   total 231424K, used 120691K [0x0000000080000000, 0x0000000100000000)
  region size 1024K, 7 young (7168K), 7 survivors (7168K)
 Metaspace       used 94204K, capacity 96471K, committed 96720K, reserved 1132544K
  class space    used 11998K, capacity 12852K, committed 12928K, reserved 1048576K
}
Event: 100.622 GC heap before
{Heap before GC invocations=100 (full 0):
 garbage-first heap   total 231424K, used 169843K [0x0000000080000000, 0x0000000100000000)
  region size 1024K, 56 young (57344K), 7 survivors (7168K)
 Metaspace       used 98952K, capacity 101539K, committed 101712K, reserved 1136640K
  class space    used 12794K, capacity 13779K, committed 13824K, reserved 1048576K
}
Event: 100.874 GC heap after
{Heap after GC invocations=101 (full 0):
 garbage-first heap   total 231424K, used 125691K [0x0000000080000000, 0x0000000100000000)
  region size 1024K, 5 young (5120K), 5 survivors (5120K)
 Metaspace       used 98952K, capacity 101539K, committed 101712K, reserved 1136640K
  class space    used 12794K, capacity 13779K, committed 13824K, reserved 1048576K
}
Event: 101.904 GC heap before
{Heap before GC invocations=101 (full 0):
 garbage-first heap   total 231424K, used 175867K [0x0000000080000000, 0x0000000100000000)
  region size 1024K, 54 young (55296K), 5 survivors (5120K)
 Metaspace       used 100023K, capacity 102580K, committed 102864K, reserved 1138688K
  class space    used 12897K, capacity 13881K, committed 13952K, reserved 1048576K
}
Event: 101.922 GC heap after
{Heap after GC invocations=102 (full 0):
 garbage-first heap   total 231424K, used 126717K [0x0000000080000000, 0x0000000100000000)
  region size 1024K, 2 young (2048K), 2 survivors (2048K)
 Metaspace       used 100023K, capacity 102580K, committed 102864K, reserved 1138688K
  class space    used 12897K, capacity 13881K, committed 13952K, reserved 1048576K
}
Event: 102.764 GC heap before
{Heap before GC invocations=102 (full 0):
 garbage-first heap   total 231424K, used 177917K [0x0000000080000000, 0x0000000100000000)
  region size 1024K, 52 young (53248K), 2 survivors (2048K)
 Metaspace       used 100264K, capacity 102814K, committed 102864K, reserved 1138688K
  class space    used 12930K, capacity 13915K, committed 13952K, reserved 1048576K
}
Event: 102.782 GC heap after
{Heap after GC invocations=103 (full 0):
 garbage-first heap   total 231424K, used 127287K [0x0000000080000000, 0x0000000100000000)
  region size 1024K, 2 young (2048K), 2 survivors (2048K)
 Metaspace       used 100264K, capacity 102814K, committed 102864K, reserved 1138688K
  class space    used 12930K, capacity 13915K, committed 13952K, reserved 1048576K
}
Event: 103.611 GC heap before
{Heap before GC invocations=103 (full 0):
 garbage-first heap   total 231424K, used 181559K [0x0000000080000000, 0x0000000100000000)
  region size 1024K, 55 young (56320K), 2 survivors (2048K)
 Metaspace       used 100769K, capacity 103402K, committed 103760K, reserved 1138688K
  class space    used 12954K, capacity 13957K, committed 14080K, reserved 1048576K
}
Event: 103.621 GC heap after
{Heap after GC invocations=104 (full 0):
 garbage-first heap   total 231424K, used 127203K [0x0000000080000000, 0x0000000100000000)
  region size 1024K, 2 young (2048K), 2 survivors (2048K)
 Metaspace       used 100769K, capacity 103402K, committed 103760K, reserved 1138688K
  class space    used 12954K, capacity 13957K, committed 14080K, reserved 1048576K
}
Event: 103.948 GC heap before
{Heap before GC invocations=104 (full 0):
 garbage-first heap   total 231424K, used 183523K [0x0000000080000000, 0x0000000100000000)
  region size 1024K, 57 young (58368K), 2 survivors (2048K)
 Metaspace       used 101052K, capacity 103692K, committed 104016K, reserved 1138688K
  class space    used 12973K, capacity 13965K, committed 14080K, reserved 1048576K
}
Event: 103.961 GC heap after
{Heap after GC invocations=105 (full 0):
 garbage-first heap   total 231424K, used 127928K [0x0000000080000000, 0x0000000100000000)
  region size 1024K, 3 young (3072K), 3 survivors (3072K)
 Metaspace       used 101052K, capacity 103692K, committed 104016K, reserved 1138688K
  class space    used 12973K, capacity 13965K, committed 14080K, reserved 1048576K
}
Event: 104.197 GC heap before
{Heap before GC invocations=105 (full 0):
 garbage-first heap   total 231424K, used 185272K [0x0000000080000000, 0x0000000100000000)
  region size 1024K, 59 young (60416K), 3 survivors (3072K)
 Metaspace       used 101144K, capacity 103758K, committed 104016K, reserved 1138688K
  class space    used 12973K, capacity 13965K, committed 14080K, reserved 1048576K
}
Event: 104.210 GC heap after
{Heap after GC invocations=106 (full 0):
 garbage-first heap   total 231424K, used 128082K [0x0000000080000000, 0x0000000100000000)
  region size 1024K, 3 young (3072K), 3 survivors (3072K)
 Metaspace       used 101144K, capacity 103758K, committed 104016K, reserved 1138688K
  class space    used 12973K, capacity 13965K, committed 14080K, reserved 1048576K
}
Event: 104.484 GC heap before
{Heap before GC invocations=106 (full 0):
 garbage-first heap   total 231424K, used 187474K [0x0000000080000000, 0x0000000100000000)
  region size 1024K, 61 young (62464K), 3 survivors (3072K)
 Metaspace       used 101246K, capacity 103833K, committed 104016K, reserved 1138688K
  class space    used 12973K, capacity 13965K, committed 14080K, reserved 1048576K
}
Event: 104.511 GC heap after
{Heap after GC invocations=107 (full 0):
 garbage-first heap   total 231424K, used 129588K [0x0000000080000000, 0x0000000100000000)
  region size 1024K, 5 young (5120K), 5 survivors (5120K)
 Metaspace       used 101246K, capacity 103833K, committed 104016K, reserved 1138688K
  class space    used 12973K, capacity 13965K, committed 14080K, reserved 1048576K
}
Event: 105.070 GC heap before
{Heap before GC invocations=107 (full 0):
 garbage-first heap   total 231424K, used 190004K [0x0000000080000000, 0x0000000100000000)
  region size 1024K, 64 young (65536K), 5 survivors (5120K)
 Metaspace       used 101307K, capacity 103918K, committed 104272K, reserved 1140736K
  class space    used 12975K, capacity 13969K, committed 14080K, reserved 1048576K
}
Event: 105.131 GC heap after
{Heap after GC invocations=108 (full 0):
 garbage-first heap   total 231424K, used 130770K [0x0000000080000000, 0x0000000100000000)
  region size 1024K, 5 young (5120K), 5 survivors (5120K)
 Metaspace       used 101307K, capacity 103918K, committed 104272K, reserved 1140736K
  class space    used 12975K, capacity 13969K, committed 14080K, reserved 1048576K
}
Event: 105.587 GC heap before
{Heap before GC invocations=108 (full 0):
 garbage-first heap   total 231424K, used 194258K [0x0000000080000000, 0x0000000100000000)
  region size 1024K, 67 young (68608K), 5 survivors (5120K)
 Metaspace       used 101350K, capacity 103921K, committed 104272K, reserved 1140736K
  class space    used 12975K, capacity 13969K, committed 14080K, reserved 1048576K
}

Deoptimization events (20 events):
Event: 104.693 Thread 0x00000129c6a4d000 DEOPT PACKING pc=0x00000129af642236 sp=0x000000261b1f9650
Event: 104.693 Thread 0x00000129c6a4d000 DEOPT UNPACKING pc=0x00000129acdda95e sp=0x000000261b1f8ac8 mode 0
Event: 104.745 Thread 0x00000129c6a42000 DEOPT PACKING pc=0x00000129af249fa5 sp=0x000000261b0f9330
Event: 104.747 Thread 0x00000129c6a42000 DEOPT UNPACKING pc=0x00000129acdda95e sp=0x000000261b0f8a28 mode 0
Event: 104.782 Thread 0x00000129c6a42000 DEOPT PACKING pc=0x00000129af1b8e64 sp=0x000000261b0f8960
Event: 104.782 Thread 0x00000129c6a42000 DEOPT UNPACKING pc=0x00000129acdda95e sp=0x000000261b0f7ef8 mode 0
Event: 104.882 Thread 0x00000129c6a47800 DEOPT PACKING pc=0x00000129af20291b sp=0x000000261aff9190
Event: 104.882 Thread 0x00000129c6a47800 DEOPT UNPACKING pc=0x00000129acdda95e sp=0x000000261aff8718 mode 0
Event: 105.037 Thread 0x00000129c6a42000 DEOPT PACKING pc=0x00000129aefa9b5e sp=0x000000261b0f8b90
Event: 105.037 Thread 0x00000129c6a42000 DEOPT UNPACKING pc=0x00000129acdda95e sp=0x000000261b0f8320 mode 0
Event: 105.143 Thread 0x00000129c6a4d000 Uncommon trap: trap_request=0xffffff76 fr.pc=0x00000129b50acd98 relative=0x0000000000001978
Event: 105.143 Thread 0x00000129c6a4d000 Uncommon trap: reason=loop_limit_check action=maybe_recompile pc=0x00000129b50acd98 method=com.android.tools.r8.internal.x.putAll(Ljava/util/Map;)V @ 31 c2
Event: 105.143 Thread 0x00000129c6a4d000 DEOPT PACKING pc=0x00000129b50acd98 sp=0x000000261b1f9590
Event: 105.143 Thread 0x00000129c6a4d000 DEOPT UNPACKING pc=0x00000129acdda1af sp=0x000000261b1f9598 mode 2
Event: 105.293 Thread 0x00000129c4abf800 Uncommon trap: trap_request=0xffffffc6 fr.pc=0x00000129b50a2790 relative=0x0000000000002470
Event: 105.293 Thread 0x00000129c4abf800 Uncommon trap: reason=bimorphic_or_optimized_type_check action=maybe_recompile pc=0x00000129b50a2790 method=com.android.tools.r8.internal.UC.b(Lcom/android/tools/r8/internal/Fg;)V @ 43 c2
Event: 105.293 Thread 0x00000129c4abf800 DEOPT PACKING pc=0x00000129b50a2790 sp=0x00000026198f3610
Event: 105.293 Thread 0x00000129c4abf800 DEOPT UNPACKING pc=0x00000129acdda1af sp=0x00000026198f3608 mode 2
Event: 105.518 Thread 0x00000129c6a4d000 DEOPT PACKING pc=0x00000129aefa9b5e sp=0x000000261b1f8e80
Event: 105.518 Thread 0x00000129c6a4d000 DEOPT UNPACKING pc=0x00000129acdda95e sp=0x000000261b1f8610 mode 0

Classes redefined (0 events):
No events

Internal exceptions (20 events):
Event: 99.330 Thread 0x00000129c6a47800 Exception <a 'java/lang/NoSuchMethodError'{0x000000008c955ee8}: 'java.lang.Object java.lang.invoke.DirectMethodHandle$Holder.invokeVirtual(java.lang.Object, java.lang.Object, int, java.lang.Object)'> (0x000000008c955ee8) thrown at [./src/hotspot/share/interpreter/linkResolver.cpp, line 773]
Event: 99.330 Thread 0x00000129c6a4d000 Exception <a 'java/lang/NoSuchMethodError'{0x000000008cb5bca0}: 'java.lang.Object java.lang.invoke.DirectMethodHandle$Holder.invokeVirtual(java.lang.Object, java.lang.Object, int, java.lang.Object)'> (0x000000008cb5bca0) thrown at [./src/hotspot/share/interpreter/linkResolver.cpp, line 773]
Event: 99.330 Thread 0x00000129c4abf800 Exception <a 'java/lang/NoSuchMethodError'{0x000000008cae5d20}: 'java.lang.Object java.lang.invoke.DirectMethodHandle$Holder.invokeVirtual(java.lang.Object, java.lang.Object, int, java.lang.Object)'> (0x000000008cae5d20) thrown at [./src/hotspot/share/interpreter/linkResolver.cpp, line 773]
Event: 99.330 Thread 0x00000129c6a42000 Exception <a 'java/lang/NoSuchMethodError'{0x000000008cb70698}: 'java.lang.Object java.lang.invoke.DirectMethodHandle$Holder.invokeVirtual(java.lang.Object, java.lang.Object, int, java.lang.Object)'> (0x000000008cb70698) thrown at [./src/hotspot/share/interpreter/linkResolver.cpp, line 773]
Event: 99.389 Thread 0x00000129c4abf800 Exception <a 'java/lang/IncompatibleClassChangeError'{0x000000008c9e93c0}: Found class java.lang.Object, but interface was expected> (0x000000008c9e93c0) thrown at [./src/hotspot/share/interpreter/linkResolver.cpp, line 839]
Event: 99.394 Thread 0x00000129c4abf800 Exception <a 'java/lang/IncompatibleClassChangeError'{0x000000008c9f7c98}: Found class java.lang.Object, but interface was expected> (0x000000008c9f7c98) thrown at [./src/hotspot/share/interpreter/linkResolver.cpp, line 839]
Event: 99.453 Thread 0x00000129c4abf800 Exception <a 'java/lang/NoSuchMethodError'{0x000000008c75d4c0}: 'void java.lang.invoke.DirectMethodHandle$Holder.invokeVirtual(java.lang.Object, java.lang.Object, int, java.lang.Object)'> (0x000000008c75d4c0) thrown at [./src/hotspot/share/interpreter/linkResolver.cpp, line 773]
Event: 99.453 Thread 0x00000129c6a42000 Exception <a 'java/lang/NoSuchMethodError'{0x000000008c8f0e58}: 'void java.lang.invoke.DirectMethodHandle$Holder.invokeVirtual(java.lang.Object, java.lang.Object, int, java.lang.Object)'> (0x000000008c8f0e58) thrown at [./src/hotspot/share/interpreter/linkResolver.cpp, line 773]
Event: 99.453 Thread 0x00000129c6a47800 Exception <a 'java/lang/NoSuchMethodError'{0x000000008c7cba40}: 'void java.lang.invoke.DirectMethodHandle$Holder.invokeVirtual(java.lang.Object, java.lang.Object, int, java.lang.Object)'> (0x000000008c7cba40) thrown at [./src/hotspot/share/interpreter/linkResolver.cpp, line 773]
Event: 99.631 Thread 0x00000129c4abf800 Exception <a 'java/lang/NoSuchMethodError'{0x000000008c380e68}: 'int java.lang.invoke.DirectMethodHandle$Holder.invokeSpecial(java.lang.Object, java.lang.Object, java.lang.Object, int, java.lang.Object)'> (0x000000008c380e68) thrown at [./src/hotspot/share/interpreter/linkResolver.cpp, line 773]
Event: 99.634 Thread 0x00000129c6a42000 Exception <a 'java/lang/NoSuchMethodError'{0x000000008c212ea0}: 'int java.lang.invoke.DirectMethodHandle$Holder.invokeSpecial(java.lang.Object, java.lang.Object, java.lang.Object, int, java.lang.Object)'> (0x000000008c212ea0) thrown at [./src/hotspot/share/interpreter/linkResolver.cpp, line 773]
Event: 99.666 Thread 0x00000129c4abf800 Exception <a 'java/lang/NoSuchMethodError'{0x000000008c29a150}: 'java.lang.Object java.lang.invoke.DirectMethodHandle$Holder.newInvokeSpecial(java.lang.Object, int)'> (0x000000008c29a150) thrown at [./src/hotspot/share/interpreter/linkResolver.cpp, line 773]
Event: 99.667 Thread 0x00000129c6a4d000 Exception <a 'java/lang/NoSuchMethodError'{0x000000008c3dffb0}: 'java.lang.Object java.lang.invoke.DirectMethodHandle$Holder.newInvokeSpecial(java.lang.Object, int)'> (0x000000008c3dffb0) thrown at [./src/hotspot/share/interpreter/linkResolver.cpp, line 773]
Event: 99.667 Thread 0x00000129c6a42000 Exception <a 'java/lang/NoSuchMethodError'{0x000000008c229778}: 'java.lang.Object java.lang.invoke.DirectMethodHandle$Holder.newInvokeSpecial(java.lang.Object, int)'> (0x000000008c229778) thrown at [./src/hotspot/share/interpreter/linkResolver.cpp, line 773]
Event: 99.671 Thread 0x00000129c6a47800 Exception <a 'java/lang/NoSuchMethodError'{0x000000008c3eeb40}: 'java.lang.Object java.lang.invoke.DirectMethodHandle$Holder.newInvokeSpecial(java.lang.Object, int)'> (0x000000008c3eeb40) thrown at [./src/hotspot/share/interpreter/linkResolver.cpp, line 773]
Event: 100.120 Thread 0x00000129c6a42000 Exception <a 'java/lang/NoSuchMethodError'{0x000000008bb0bb68}: 'java.lang.Object java.lang.invoke.DirectMethodHandle$Holder.invokeInterface(java.lang.Object, java.lang.Object, int)'> (0x000000008bb0bb68) thrown at [./src/hotspot/share/interpreter/linkResolver.cpp, line 773]
Event: 102.064 Thread 0x00000129c6a42000 Exception <a 'java/lang/NoSuchMethodError'{0x000000008cf4a0e0}: 'int java.lang.invoke.DirectMethodHandle$Holder.invokeInterface(java.lang.Object, java.lang.Object, int)'> (0x000000008cf4a0e0) thrown at [./src/hotspot/share/interpreter/linkResolver.cpp, line 773]
Event: 103.544 Thread 0x00000129c4abf800 Exception <a 'java/lang/NoSuchMethodError'{0x000000008b303f88}: 'java.lang.Object java.lang.invoke.DirectMethodHandle$Holder.invokeSpecial(java.lang.Object, java.lang.Object, java.lang.Object, java.lang.Object, java.lang.Object, java.lang.Object, java.lang.Object, java.lang.Object, java.lang.Object, java.lang.Object, java.lang.Object)'> (0x000000008b303f88) thrown at [./src/hotspot/share/interpreter/linkResolver.cpp, line 773]
Event: 103.547 Thread 0x00000129c4abf800 Exception <a 'java/lang/NoSuchMethodError'{0x000000008b310998}: 'java.lang.Object java.lang.invoke.Invokers$Holder.linkToTargetMethod(java.lang.Object, java.lang.Object, java.lang.Object, java.lang.Object, java.lang.Object, java.lang.Object, java.lang.Object, java.lang.Object, java.lang.Object, java.lang.Object)'> (0x000000008b310998) thrown at [./src/hotspot/share/interpreter/linkResolver.cpp, line 773]
Event: 103.765 Thread 0x00000129c4abf800 Exception <a 'java/lang/IncompatibleClassChangeError'{0x000000008d67e820}: Found class java.lang.Object, but interface was expected> (0x000000008d67e820) thrown at [./src/hotspot/share/interpreter/linkResolver.cpp, line 839]

Events (20 events):
Event: 103.911 loading class com/android/tools/r8/graph/d0 done
Event: 103.911 loading class com/android/tools/r8/internal/nd
Event: 103.911 loading class com/android/tools/r8/internal/nd done
Event: 103.918 Executing VM operation: ICBufferFull
Event: 103.919 Executing VM operation: ICBufferFull done
Event: 103.947 Executing VM operation: G1CollectForAllocation
Event: 103.961 Executing VM operation: G1CollectForAllocation done
Event: 104.197 Executing VM operation: G1CollectForAllocation
Event: 104.210 Executing VM operation: G1CollectForAllocation done
Event: 104.482 Executing VM operation: G1CollectForAllocation
Event: 104.511 Executing VM operation: G1CollectForAllocation done
Event: 104.587 loading class com/android/tools/r8/internal/qA
Event: 104.587 loading class com/android/tools/r8/internal/qA done
Event: 104.590 loading class com/android/tools/r8/internal/NG
Event: 104.590 loading class com/android/tools/r8/internal/NG done
Event: 104.590 loading class com/android/tools/r8/internal/qA
Event: 104.590 loading class com/android/tools/r8/internal/qA done
Event: 105.061 Executing VM operation: G1CollectForAllocation
Event: 105.131 Executing VM operation: G1CollectForAllocation done
Event: 105.572 Executing VM operation: G1CollectForAllocation


Dynamic libraries:
0x00007ff73dc90000 - 0x00007ff73dc9a000 	C:\Program Files\JetBrains\IntelliJ IDEA Community Edition 2021.3.2\jbr\bin\java.exe
0x00007ffd9ec10000 - 0x00007ffd9ee08000 	C:\Windows\SYSTEM32\ntdll.dll
0x00007ffd9cec0000 - 0x00007ffd9cf7d000 	C:\Windows\System32\KERNEL32.DLL
0x00007ffd9c990000 - 0x00007ffd9cc62000 	C:\Windows\System32\KERNELBASE.dll
0x00007ffd9c840000 - 0x00007ffd9c940000 	C:\Windows\System32\ucrtbase.dll
0x00007ffd967b0000 - 0x00007ffd967c9000 	C:\Program Files\JetBrains\IntelliJ IDEA Community Edition 2021.3.2\jbr\bin\jli.dll
0x00007ffd9e800000 - 0x00007ffd9e99d000 	C:\Windows\System32\USER32.dll
0x00007ffd967f0000 - 0x00007ffd96807000 	C:\Program Files\JetBrains\IntelliJ IDEA Community Edition 2021.3.2\jbr\bin\VCRUNTIME140.dll
0x00007ffd9c7e0000 - 0x00007ffd9c802000 	C:\Windows\System32\win32u.dll
0x00007ffd9eab0000 - 0x00007ffd9eadb000 	C:\Windows\System32\GDI32.dll
0x00007ffd9c6d0000 - 0x00007ffd9c7df000 	C:\Windows\System32\gdi32full.dll
0x00007ffd9c580000 - 0x00007ffd9c61d000 	C:\Windows\System32\msvcp_win.dll
0x00007ffd84f10000 - 0x00007ffd851aa000 	C:\Windows\WinSxS\amd64_microsoft.windows.common-controls_6595b64144ccf1df_6.0.19041.1110_none_60b5254171f9507e\COMCTL32.dll
0x00007ffd9e6b0000 - 0x00007ffd9e74e000 	C:\Windows\System32\msvcrt.dll
0x00007ffd9e4d0000 - 0x00007ffd9e500000 	C:\Windows\System32\IMM32.DLL
0x00007ffd89e70000 - 0x00007ffd89f0d000 	C:\Program Files\JetBrains\IntelliJ IDEA Community Edition 2021.3.2\jbr\bin\msvcp140.dll
0x00007ffd458b0000 - 0x00007ffd46426000 	C:\Program Files\JetBrains\IntelliJ IDEA Community Edition 2021.3.2\jbr\bin\server\jvm.dll
0x00007ffd9e750000 - 0x00007ffd9e7fe000 	C:\Windows\System32\ADVAPI32.dll
0x00007ffd9e430000 - 0x00007ffd9e4cc000 	C:\Windows\System32\sechost.dll
0x00007ffd9e300000 - 0x00007ffd9e425000 	C:\Windows\System32\RPCRT4.dll
0x00007ffd9eae0000 - 0x00007ffd9eae8000 	C:\Windows\System32\PSAPI.DLL
0x00007ffd87a60000 - 0x00007ffd87a69000 	C:\Windows\SYSTEM32\WSOCK32.dll
0x00007ffd9eb00000 - 0x00007ffd9eb6b000 	C:\Windows\System32\WS2_32.dll
0x00007ffd93e70000 - 0x00007ffd93e97000 	C:\Windows\SYSTEM32\WINMM.dll
0x00007ffd93fb0000 - 0x00007ffd93fba000 	C:\Windows\SYSTEM32\VERSION.dll
0x00007ffd9a1e0000 - 0x00007ffd9a1f2000 	C:\Windows\SYSTEM32\kernel.appcore.dll
0x00007ffd8a090000 - 0x00007ffd8a0a1000 	C:\Program Files\JetBrains\IntelliJ IDEA Community Edition 2021.3.2\jbr\bin\verify.dll
0x00007ffd89a40000 - 0x00007ffd89c24000 	C:\Windows\SYSTEM32\DBGHELP.DLL
0x00007ffd85690000 - 0x00007ffd856bc000 	C:\Windows\SYSTEM32\dbgcore.DLL
0x00007ffd9c320000 - 0x00007ffd9c3a2000 	C:\Windows\System32\bcryptPrimitives.dll
0x00007ffd8a060000 - 0x00007ffd8a089000 	C:\Program Files\JetBrains\IntelliJ IDEA Community Edition 2021.3.2\jbr\bin\java.dll
0x00007ffd96e80000 - 0x00007ffd96e8b000 	C:\Program Files\JetBrains\IntelliJ IDEA Community Edition 2021.3.2\jbr\bin\jimage.dll
0x00007ffd8a040000 - 0x00007ffd8a058000 	C:\Program Files\JetBrains\IntelliJ IDEA Community Edition 2021.3.2\jbr\bin\zip.dll
0x00007ffd9d610000 - 0x00007ffd9dd53000 	C:\Windows\System32\SHELL32.dll
0x00007ffd9a3e0000 - 0x00007ffd9ab71000 	C:\Windows\SYSTEM32\windows.storage.dll
0x00007ffd9dd60000 - 0x00007ffd9e0b4000 	C:\Windows\System32\combase.dll
0x00007ffd9bca0000 - 0x00007ffd9bcd0000 	C:\Windows\SYSTEM32\Wldp.dll
0x00007ffd9d560000 - 0x00007ffd9d60d000 	C:\Windows\System32\SHCORE.dll
0x00007ffd9e9a0000 - 0x00007ffd9e9f5000 	C:\Windows\System32\shlwapi.dll
0x00007ffd9c260000 - 0x00007ffd9c27f000 	C:\Windows\SYSTEM32\profapi.dll
0x00007ffd8a020000 - 0x00007ffd8a03a000 	C:\Program Files\JetBrains\IntelliJ IDEA Community Edition 2021.3.2\jbr\bin\net.dll
0x00007ffd87a80000 - 0x00007ffd87b8d000 	C:\Windows\SYSTEM32\WINHTTP.dll
0x00007ffd9ba00000 - 0x00007ffd9ba6a000 	C:\Windows\system32\mswsock.dll
0x00007ffd89fb0000 - 0x00007ffd89fc4000 	C:\Program Files\JetBrains\IntelliJ IDEA Community Edition 2021.3.2\jbr\bin\nio.dll
0x00007ffd83530000 - 0x00007ffd83557000 	C:\Users\trust\.gradle\native\8bec1ad78214c89d9ad589b4d07fe93259594b29d510b10fafb7a158f7737e5d\windows-amd64\native-platform.dll
0x00007ffd65a20000 - 0x00007ffd65b5d000 	C:\Users\trust\.gradle\native\53dbd7edfb1c66fb8903c78663c9afc45aea4f116125fa6feffd364cf09443e8\windows-amd64\native-platform-file-events.dll
0x00007ffd95bc0000 - 0x00007ffd95bca000 	C:\Program Files\JetBrains\IntelliJ IDEA Community Edition 2021.3.2\jbr\bin\management.dll
0x00007ffd94f60000 - 0x00007ffd94f6d000 	C:\Program Files\JetBrains\IntelliJ IDEA Community Edition 2021.3.2\jbr\bin\management_ext.dll
0x00007ffd9bc00000 - 0x00007ffd9bc18000 	C:\Windows\SYSTEM32\CRYPTSP.dll
0x00007ffd9b320000 - 0x00007ffd9b354000 	C:\Windows\system32\rsaenh.dll
0x00007ffd9c810000 - 0x00007ffd9c837000 	C:\Windows\System32\bcrypt.dll
0x00007ffd9c1e0000 - 0x00007ffd9c20e000 	C:\Windows\SYSTEM32\USERENV.dll
0x00007ffd9bbf0000 - 0x00007ffd9bbfc000 	C:\Windows\SYSTEM32\CRYPTBASE.dll
0x00007ffd9b6f0000 - 0x00007ffd9b72b000 	C:\Windows\SYSTEM32\IPHLPAPI.DLL
0x00007ffd9eaf0000 - 0x00007ffd9eaf8000 	C:\Windows\System32\NSI.dll
0x00007ffd91c20000 - 0x00007ffd91c37000 	C:\Windows\SYSTEM32\dhcpcsvc6.DLL
0x00007ffd93950000 - 0x00007ffd9396d000 	C:\Windows\SYSTEM32\dhcpcsvc.DLL
0x00007ffd9b730000 - 0x00007ffd9b7fa000 	C:\Windows\SYSTEM32\DNSAPI.dll

dbghelp: loaded successfully - version: 4.0.5 - missing functions: none
symbol engine: initialized successfully - sym options: 0x614 - pdb path: .;C:\Program Files\JetBrains\IntelliJ IDEA Community Edition 2021.3.2\jbr\bin;C:\Windows\SYSTEM32;C:\Windows\WinSxS\amd64_microsoft.windows.common-controls_6595b64144ccf1df_6.0.19041.1110_none_60b5254171f9507e;C:\Program Files\JetBrains\IntelliJ IDEA Community Edition 2021.3.2\jbr\bin\server;C:\Users\trust\.gradle\native\8bec1ad78214c89d9ad589b4d07fe93259594b29d510b10fafb7a158f7737e5d\windows-amd64;C:\Users\trust\.gradle\native\53dbd7edfb1c66fb8903c78663c9afc45aea4f116125fa6feffd364cf09443e8\windows-amd64

VM Arguments:
jvm_args: --add-opens=java.base/java.util=ALL-UNNAMED --add-opens=java.base/java.lang=ALL-UNNAMED --add-opens=java.base/java.lang.invoke=ALL-UNNAMED --add-opens=java.base/java.util=ALL-UNNAMED --add-opens=java.prefs/java.util.prefs=ALL-UNNAMED --add-opens=java.prefs/java.util.prefs=ALL-UNNAMED --add-opens=java.base/java.nio.charset=ALL-UNNAMED --add-opens=java.base/java.net=ALL-UNNAMED --add-opens=java.base/java.util.concurrent.atomic=ALL-UNNAMED -Xmx2048m -Dfile.encoding=UTF-8 -Duser.country=RU -Duser.language=ru -Duser.variant 
java_command: org.gradle.launcher.daemon.bootstrap.GradleDaemon 7.0.2
java_class_path (initial): C:\Users\trust\.gradle\wrapper\dists\gradle-7.0.2-bin\857tjihv64xamwrf0h14cai3r\gradle-7.0.2\lib\gradle-launcher-7.0.2.jar
Launcher Type: SUN_STANDARD

[Global flags]
     intx CICompilerCount                          = 3                                         {product} {ergonomic}
     uint ConcGCThreads                            = 1                                         {product} {ergonomic}
     uint G1ConcRefinementThreads                  = 4                                         {product} {ergonomic}
   size_t G1HeapRegionSize                         = 1048576                                   {product} {ergonomic}
    uintx GCDrainStackTargetSize                   = 64                                        {product} {ergonomic}
   size_t InitialHeapSize                          = 58720256                                  {product} {ergonomic}
   size_t MarkStackSize                            = 4194304                                   {product} {ergonomic}
   size_t MaxHeapSize                              = 2147483648                                {product} {command line}
   size_t MaxNewSize                               = 1287651328                                {product} {ergonomic}
   size_t MinHeapDeltaBytes                        = 1048576                                   {product} {ergonomic}
    uintx NonNMethodCodeHeapSize                   = 5830732                                {pd product} {ergonomic}
    uintx NonProfiledCodeHeapSize                  = 122913754                              {pd product} {ergonomic}
    uintx ProfiledCodeHeapSize                     = 122913754                              {pd product} {ergonomic}
    uintx ReservedCodeCacheSize                    = 251658240                              {pd product} {ergonomic}
     bool SegmentedCodeCache                       = true                                      {product} {ergonomic}
     bool UseCompressedClassPointers               = true                                 {lp64_product} {ergonomic}
     bool UseCompressedOops                        = true                                 {lp64_product} {ergonomic}
     bool UseG1GC                                  = true                                      {product} {ergonomic}
     bool UseLargePagesIndividualAllocation        = false                                  {pd product} {ergonomic}

Logging:
Log output configuration:
 #0: stdout all=warning uptime,level,tags
 #1: stderr all=off uptime,level,tags

Environment Variables:
PATH=C:\Windows\system32;C:\Windows;C:\Windows\System32\Wbem;C:\Windows\System32\WindowsPowerShell\v1.0\;C:\Windows\System32\OpenSSH\;C:\Program Files\Git\cmd;C:\Users\trust\AppData\Local\Microsoft\WindowsApps;C:\Gradle\gradle-6.9.3\bin;
USERNAME=trust
OS=Windows_NT
PROCESSOR_IDENTIFIER=AMD64 Family 23 Model 24 Stepping 1, AuthenticAMD



---------------  S Y S T E M  ---------------

OS: Windows 10 , 64 bit Build 19041 (10.0.19041.1889)
OS uptime: 4 days 22:16 hours

CPU:total 4 (initial active 4) (4 cores per cpu, 2 threads per core) family 23 model 24 stepping 1 microcode 0x0, cmov, cx8, fxsr, mmx, sse, sse2, sse3, ssse3, sse4.1, sse4.2, popcnt, avx, avx2, aes, clmul, mmxext, 3dnowpref, lzcnt, sse4a, ht, tsc, tscinvbit, tscinv, bmi1, bmi2, adx, sha, fma

Memory: 4k page, system-wide physical 3500M (190M free)
TotalPageFile size 14252M (AvailPageFile size 8M)
current process WorkingSet (physical memory assigned to process): 186M, peak: 244M
current process commit charge ("private bytes"): 594M, peak: 676M

vm_info: OpenJDK 64-Bit Server VM (11.0.13+7-b1751.25) for windows-amd64 JRE (11.0.13+7-b1751.25), built on Jan 13 2022 20:47:27 by "" with MS VC++ 14.0 (VS2015)

END.
